#! /c/Source/iverilog-install/bin/vvp
:ivl_version "12.0 (devel)" "(s20150603-1539-g2693dd32b)";
:ivl_delay_selection "TYPICAL";
:vpi_time_precision - 12;
:vpi_module "C:\iverilog\lib\ivl\system.vpi";
:vpi_module "C:\iverilog\lib\ivl\vhdl_sys.vpi";
:vpi_module "C:\iverilog\lib\ivl\vhdl_textio.vpi";
:vpi_module "C:\iverilog\lib\ivl\v2005_math.vpi";
:vpi_module "C:\iverilog\lib\ivl\va_math.vpi";
:vpi_module "C:\iverilog\lib\ivl\v2009.vpi";
S_000001ffcc860230 .scope package, "$unit" "$unit" 2 1;
 .timescale 0 0;
S_000001ffcc860a00 .scope module, "test_adder_n" "test_adder_n" 3 1;
 .timescale -9 -12;
P_000001ffcc8624d0 .param/l "N" 0 3 3, +C4<00000000000000000000000000001000>;
v000001ffcc855130_0 .var "a", 7 0;
v000001ffcc855a90_0 .var "b", 7 0;
v000001ffcc855270_0 .var "c_in", 0 0;
v000001ffcc855db0_0 .net "c_out", 0 0, L_000001ffcc8bb7b0;  1 drivers
v000001ffcc8bb490_0 .var/2s "errors", 31 0;
v000001ffcc8bbad0_0 .var "expected", 8 0;
v000001ffcc8bc390_0 .net "sum", 7 0, L_000001ffcc8bc4d0;  1 drivers
S_000001ffcc860b90 .scope begin, "$ivl_for_loop0" "$ivl_for_loop0" 3 27, 3 27 0, S_000001ffcc860a00;
 .timescale -9 -12;
v000001ffcc85bfd0_0 .var/2s "i", 31 0;
S_000001ffcc9ce9b0 .scope begin, "$ivl_for_loop1" "$ivl_for_loop1" 3 28, 3 28 0, S_000001ffcc860b90;
 .timescale -9 -12;
v000001ffcc85c2f0_0 .var/2s "j", 31 0;
S_000001ffcc9ceb40 .scope begin, "$ivl_for_loop2" "$ivl_for_loop2" 3 29, 3 29 0, S_000001ffcc9ce9b0;
 .timescale -9 -12;
v000001ffcc85c890_0 .var/2s "k", 31 0;
S_000001ffcc812b00 .scope module, "UUT" "adder_n" 3 13, 4 8 0, S_000001ffcc860a00;
 .timescale -9 -12;
    .port_info 0 /INPUT 8 "a";
    .port_info 1 /INPUT 8 "b";
    .port_info 2 /INPUT 1 "c_in";
    .port_info 3 /OUTPUT 8 "sum";
    .port_info 4 /OUTPUT 1 "c_out";
P_000001ffcc862510 .param/l "N" 0 4 10, +C4<00000000000000000000000000001000>;
L_000001ffcc842c00 .functor BUFZ 1, v000001ffcc855270_0, C4<0>, C4<0>, C4<0>;
v000001ffcc85d5b0_0 .net *"_ivl_61", 0 0, L_000001ffcc842c00;  1 drivers
v000001ffcc85d790_0 .net "a", 7 0, v000001ffcc855130_0;  1 drivers
v000001ffcc855bd0_0 .net "b", 7 0, v000001ffcc855a90_0;  1 drivers
v000001ffcc855d10_0 .net "c_in", 0 0, v000001ffcc855270_0;  1 drivers
v000001ffcc8558b0_0 .net "c_out", 0 0, L_000001ffcc8bb7b0;  alias, 1 drivers
v000001ffcc855950_0 .net "carries", 8 0, L_000001ffcc8bbf30;  1 drivers
v000001ffcc8559f0_0 .net "sum", 7 0, L_000001ffcc8bc4d0;  alias, 1 drivers
L_000001ffcc8bc7f0 .part v000001ffcc855130_0, 0, 1;
L_000001ffcc8bd290 .part v000001ffcc855a90_0, 0, 1;
L_000001ffcc8bcd90 .part L_000001ffcc8bbf30, 0, 1;
L_000001ffcc8bbdf0 .part v000001ffcc855130_0, 1, 1;
L_000001ffcc8bbd50 .part v000001ffcc855a90_0, 1, 1;
L_000001ffcc8bb8f0 .part L_000001ffcc8bbf30, 1, 1;
L_000001ffcc8bbfd0 .part v000001ffcc855130_0, 2, 1;
L_000001ffcc8bb530 .part v000001ffcc855a90_0, 2, 1;
L_000001ffcc8bc430 .part L_000001ffcc8bbf30, 2, 1;
L_000001ffcc8bd150 .part v000001ffcc855130_0, 3, 1;
L_000001ffcc8bbe90 .part v000001ffcc855a90_0, 3, 1;
L_000001ffcc8bb670 .part L_000001ffcc8bbf30, 3, 1;
L_000001ffcc8bc070 .part v000001ffcc855130_0, 4, 1;
L_000001ffcc8bc890 .part v000001ffcc855a90_0, 4, 1;
L_000001ffcc8bd1f0 .part L_000001ffcc8bbf30, 4, 1;
L_000001ffcc8bd0b0 .part v000001ffcc855130_0, 5, 1;
L_000001ffcc8bc930 .part v000001ffcc855a90_0, 5, 1;
L_000001ffcc8bb850 .part L_000001ffcc8bbf30, 5, 1;
L_000001ffcc8bb3f0 .part v000001ffcc855130_0, 6, 1;
L_000001ffcc8bc1b0 .part v000001ffcc855a90_0, 6, 1;
L_000001ffcc8bbb70 .part L_000001ffcc8bbf30, 6, 1;
L_000001ffcc8bcc50 .part v000001ffcc855130_0, 7, 1;
L_000001ffcc8bb5d0 .part v000001ffcc855a90_0, 7, 1;
L_000001ffcc8bb710 .part L_000001ffcc8bbf30, 7, 1;
LS_000001ffcc8bc4d0_0_0 .concat8 [ 1 1 1 1], v000001ffcc85cb10_0, v000001ffcc85dc90_0, v000001ffcc85c250_0, v000001ffcc85c750_0;
LS_000001ffcc8bc4d0_0_4 .concat8 [ 1 1 1 1], v000001ffcc85db50_0, v000001ffcc85d8d0_0, v000001ffcc85c610_0, v000001ffcc85c930_0;
L_000001ffcc8bc4d0 .concat8 [ 4 4 0 0], LS_000001ffcc8bc4d0_0_0, LS_000001ffcc8bc4d0_0_4;
LS_000001ffcc8bbf30_0_0 .concat8 [ 1 1 1 1], L_000001ffcc842c00, v000001ffcc85da10_0, v000001ffcc85d830_0, v000001ffcc85cd90_0;
LS_000001ffcc8bbf30_0_4 .concat8 [ 1 1 1 1], v000001ffcc85c430_0, v000001ffcc85de70_0, v000001ffcc85d010_0, v000001ffcc85d330_0;
LS_000001ffcc8bbf30_0_8 .concat8 [ 1 0 0 0], v000001ffcc85d510_0;
L_000001ffcc8bbf30 .concat8 [ 4 4 1 0], LS_000001ffcc8bbf30_0_0, LS_000001ffcc8bbf30_0_4, LS_000001ffcc8bbf30_0_8;
L_000001ffcc8bb7b0 .part L_000001ffcc8bbf30, 8, 1;
S_000001ffcc812c90 .scope generate, "ripple_carry[0]" "ripple_carry[0]" 4 22, 4 22 0, S_000001ffcc812b00;
 .timescale -9 -12;
P_000001ffcc862fd0 .param/l "i" 0 4 22, +C4<00>;
S_000001ffcc8b63d0 .scope module, "ADDER" "adder_1" 4 23, 5 6 0, S_000001ffcc812c90;
 .timescale -9 -12;
    .port_info 0 /INPUT 1 "a";
    .port_info 1 /INPUT 1 "b";
    .port_info 2 /INPUT 1 "c_in";
    .port_info 3 /OUTPUT 1 "sum";
    .port_info 4 /OUTPUT 1 "c_out";
v000001ffcc85d970_0 .net "a", 0 0, L_000001ffcc8bc7f0;  1 drivers
v000001ffcc85cbb0_0 .net "b", 0 0, L_000001ffcc8bd290;  1 drivers
v000001ffcc85dd30_0 .net "c_in", 0 0, L_000001ffcc8bcd90;  1 drivers
v000001ffcc85da10_0 .var "c_out", 0 0;
v000001ffcc85cb10_0 .var "sum", 0 0;
E_000001ffcc862990 .event anyedge, v000001ffcc85d970_0, v000001ffcc85cbb0_0, v000001ffcc85dd30_0;
S_000001ffcc8b6560 .scope begin, "adder_gates" "adder_gates" 5 12, 5 12 0, S_000001ffcc8b63d0;
 .timescale -9 -12;
S_000001ffcc8b66f0 .scope generate, "ripple_carry[1]" "ripple_carry[1]" 4 22, 4 22 0, S_000001ffcc812b00;
 .timescale -9 -12;
P_000001ffcc862d50 .param/l "i" 0 4 22, +C4<01>;
S_000001ffcc8b6880 .scope module, "ADDER" "adder_1" 4 23, 5 6 0, S_000001ffcc8b66f0;
 .timescale -9 -12;
    .port_info 0 /INPUT 1 "a";
    .port_info 1 /INPUT 1 "b";
    .port_info 2 /INPUT 1 "c_in";
    .port_info 3 /OUTPUT 1 "sum";
    .port_info 4 /OUTPUT 1 "c_out";
v000001ffcc85ce30_0 .net "a", 0 0, L_000001ffcc8bbdf0;  1 drivers
v000001ffcc85d290_0 .net "b", 0 0, L_000001ffcc8bbd50;  1 drivers
v000001ffcc85c1b0_0 .net "c_in", 0 0, L_000001ffcc8bb8f0;  1 drivers
v000001ffcc85d830_0 .var "c_out", 0 0;
v000001ffcc85dc90_0 .var "sum", 0 0;
E_000001ffcc862550 .event anyedge, v000001ffcc85ce30_0, v000001ffcc85d290_0, v000001ffcc85c1b0_0;
S_000001ffcc8b6a10 .scope begin, "adder_gates" "adder_gates" 5 12, 5 12 0, S_000001ffcc8b6880;
 .timescale -9 -12;
S_000001ffcc8b6ba0 .scope generate, "ripple_carry[2]" "ripple_carry[2]" 4 22, 4 22 0, S_000001ffcc812b00;
 .timescale -9 -12;
P_000001ffcc862a50 .param/l "i" 0 4 22, +C4<010>;
S_000001ffcc8b6d30 .scope module, "ADDER" "adder_1" 4 23, 5 6 0, S_000001ffcc8b6ba0;
 .timescale -9 -12;
    .port_info 0 /INPUT 1 "a";
    .port_info 1 /INPUT 1 "b";
    .port_info 2 /INPUT 1 "c_in";
    .port_info 3 /OUTPUT 1 "sum";
    .port_info 4 /OUTPUT 1 "c_out";
v000001ffcc85ddd0_0 .net "a", 0 0, L_000001ffcc8bbfd0;  1 drivers
v000001ffcc85d1f0_0 .net "b", 0 0, L_000001ffcc8bb530;  1 drivers
v000001ffcc85d0b0_0 .net "c_in", 0 0, L_000001ffcc8bc430;  1 drivers
v000001ffcc85cd90_0 .var "c_out", 0 0;
v000001ffcc85c250_0 .var "sum", 0 0;
E_000001ffcc8626d0 .event anyedge, v000001ffcc85ddd0_0, v000001ffcc85d1f0_0, v000001ffcc85d0b0_0;
S_000001ffcc8b6ec0 .scope begin, "adder_gates" "adder_gates" 5 12, 5 12 0, S_000001ffcc8b6d30;
 .timescale -9 -12;
S_000001ffcc8b7050 .scope generate, "ripple_carry[3]" "ripple_carry[3]" 4 22, 4 22 0, S_000001ffcc812b00;
 .timescale -9 -12;
P_000001ffcc862e90 .param/l "i" 0 4 22, +C4<011>;
S_000001ffcc8b71e0 .scope module, "ADDER" "adder_1" 4 23, 5 6 0, S_000001ffcc8b7050;
 .timescale -9 -12;
    .port_info 0 /INPUT 1 "a";
    .port_info 1 /INPUT 1 "b";
    .port_info 2 /INPUT 1 "c_in";
    .port_info 3 /OUTPUT 1 "sum";
    .port_info 4 /OUTPUT 1 "c_out";
v000001ffcc85ca70_0 .net "a", 0 0, L_000001ffcc8bd150;  1 drivers
v000001ffcc85dab0_0 .net "b", 0 0, L_000001ffcc8bbe90;  1 drivers
v000001ffcc85ced0_0 .net "c_in", 0 0, L_000001ffcc8bb670;  1 drivers
v000001ffcc85c430_0 .var "c_out", 0 0;
v000001ffcc85c750_0 .var "sum", 0 0;
E_000001ffcc862c90 .event anyedge, v000001ffcc85ca70_0, v000001ffcc85dab0_0, v000001ffcc85ced0_0;
S_000001ffcc8b83d0 .scope begin, "adder_gates" "adder_gates" 5 12, 5 12 0, S_000001ffcc8b71e0;
 .timescale -9 -12;
S_000001ffcc8b8ec0 .scope generate, "ripple_carry[4]" "ripple_carry[4]" 4 22, 4 22 0, S_000001ffcc812b00;
 .timescale -9 -12;
P_000001ffcc862410 .param/l "i" 0 4 22, +C4<0100>;
S_000001ffcc8b86f0 .scope module, "ADDER" "adder_1" 4 23, 5 6 0, S_000001ffcc8b8ec0;
 .timescale -9 -12;
    .port_info 0 /INPUT 1 "a";
    .port_info 1 /INPUT 1 "b";
    .port_info 2 /INPUT 1 "c_in";
    .port_info 3 /OUTPUT 1 "sum";
    .port_info 4 /OUTPUT 1 "c_out";
v000001ffcc85d150_0 .net "a", 0 0, L_000001ffcc8bc070;  1 drivers
v000001ffcc85cc50_0 .net "b", 0 0, L_000001ffcc8bc890;  1 drivers
v000001ffcc85cf70_0 .net "c_in", 0 0, L_000001ffcc8bd1f0;  1 drivers
v000001ffcc85de70_0 .var "c_out", 0 0;
v000001ffcc85db50_0 .var "sum", 0 0;
E_000001ffcc862f50 .event anyedge, v000001ffcc85d150_0, v000001ffcc85cc50_0, v000001ffcc85cf70_0;
S_000001ffcc8b9050 .scope begin, "adder_gates" "adder_gates" 5 12, 5 12 0, S_000001ffcc8b86f0;
 .timescale -9 -12;
S_000001ffcc8b91e0 .scope generate, "ripple_carry[5]" "ripple_carry[5]" 4 22, 4 22 0, S_000001ffcc812b00;
 .timescale -9 -12;
P_000001ffcc862a90 .param/l "i" 0 4 22, +C4<0101>;
S_000001ffcc8b8560 .scope module, "ADDER" "adder_1" 4 23, 5 6 0, S_000001ffcc8b91e0;
 .timescale -9 -12;
    .port_info 0 /INPUT 1 "a";
    .port_info 1 /INPUT 1 "b";
    .port_info 2 /INPUT 1 "c_in";
    .port_info 3 /OUTPUT 1 "sum";
    .port_info 4 /OUTPUT 1 "c_out";
v000001ffcc85c4d0_0 .net "a", 0 0, L_000001ffcc8bd0b0;  1 drivers
v000001ffcc85dbf0_0 .net "b", 0 0, L_000001ffcc8bc930;  1 drivers
v000001ffcc85c7f0_0 .net "c_in", 0 0, L_000001ffcc8bb850;  1 drivers
v000001ffcc85d010_0 .var "c_out", 0 0;
v000001ffcc85d8d0_0 .var "sum", 0 0;
E_000001ffcc863090 .event anyedge, v000001ffcc85c4d0_0, v000001ffcc85dbf0_0, v000001ffcc85c7f0_0;
S_000001ffcc8b8880 .scope begin, "adder_gates" "adder_gates" 5 12, 5 12 0, S_000001ffcc8b8560;
 .timescale -9 -12;
S_000001ffcc8b8ba0 .scope generate, "ripple_carry[6]" "ripple_carry[6]" 4 22, 4 22 0, S_000001ffcc812b00;
 .timescale -9 -12;
P_000001ffcc862890 .param/l "i" 0 4 22, +C4<0110>;
S_000001ffcc8b8a10 .scope module, "ADDER" "adder_1" 4 23, 5 6 0, S_000001ffcc8b8ba0;
 .timescale -9 -12;
    .port_info 0 /INPUT 1 "a";
    .port_info 1 /INPUT 1 "b";
    .port_info 2 /INPUT 1 "c_in";
    .port_info 3 /OUTPUT 1 "sum";
    .port_info 4 /OUTPUT 1 "c_out";
v000001ffcc85ccf0_0 .net "a", 0 0, L_000001ffcc8bb3f0;  1 drivers
v000001ffcc85d6f0_0 .net "b", 0 0, L_000001ffcc8bc1b0;  1 drivers
v000001ffcc85c070_0 .net "c_in", 0 0, L_000001ffcc8bbb70;  1 drivers
v000001ffcc85d330_0 .var "c_out", 0 0;
v000001ffcc85c610_0 .var "sum", 0 0;
E_000001ffcc862590 .event anyedge, v000001ffcc85ccf0_0, v000001ffcc85d6f0_0, v000001ffcc85c070_0;
S_000001ffcc8b8d30 .scope begin, "adder_gates" "adder_gates" 5 12, 5 12 0, S_000001ffcc8b8a10;
 .timescale -9 -12;
S_000001ffcc8ba1f0 .scope generate, "ripple_carry[7]" "ripple_carry[7]" 4 22, 4 22 0, S_000001ffcc812b00;
 .timescale -9 -12;
P_000001ffcc863010 .param/l "i" 0 4 22, +C4<0111>;
S_000001ffcc8b9d40 .scope module, "ADDER" "adder_1" 4 23, 5 6 0, S_000001ffcc8ba1f0;
 .timescale -9 -12;
    .port_info 0 /INPUT 1 "a";
    .port_info 1 /INPUT 1 "b";
    .port_info 2 /INPUT 1 "c_in";
    .port_info 3 /OUTPUT 1 "sum";
    .port_info 4 /OUTPUT 1 "c_out";
v000001ffcc85c6b0_0 .net "a", 0 0, L_000001ffcc8bcc50;  1 drivers
v000001ffcc85d470_0 .net "b", 0 0, L_000001ffcc8bb5d0;  1 drivers
v000001ffcc85c110_0 .net "c_in", 0 0, L_000001ffcc8bb710;  1 drivers
v000001ffcc85d510_0 .var "c_out", 0 0;
v000001ffcc85c930_0 .var "sum", 0 0;
E_000001ffcc862650 .event anyedge, v000001ffcc85c6b0_0, v000001ffcc85d470_0, v000001ffcc85c110_0;
S_000001ffcc8b9ed0 .scope begin, "adder_gates" "adder_gates" 5 12, 5 12 0, S_000001ffcc8b9d40;
 .timescale -9 -12;
    .scope S_000001ffcc8b63d0;
T_0 ;
Ewait_0 .event/or E_000001ffcc862990, E_0x0;
    %wait Ewait_0;
    %fork t_1, S_000001ffcc8b6560;
    %jmp t_0;
    .scope S_000001ffcc8b6560;
t_1 ;
    %load/vec4 v000001ffcc85d970_0;
    %load/vec4 v000001ffcc85cbb0_0;
    %and;
    %load/vec4 v000001ffcc85d970_0;
    %load/vec4 v000001ffcc85dd30_0;
    %and;
    %or;
    %load/vec4 v000001ffcc85cbb0_0;
    %load/vec4 v000001ffcc85dd30_0;
    %and;
    %or;
    %store/vec4 v000001ffcc85da10_0, 0, 1;
    %load/vec4 v000001ffcc85dd30_0;
    %load/vec4 v000001ffcc85d970_0;
    %xor;
    %load/vec4 v000001ffcc85cbb0_0;
    %xor;
    %store/vec4 v000001ffcc85cb10_0, 0, 1;
    %end;
    .scope S_000001ffcc8b63d0;
t_0 %join;
    %jmp T_0;
    .thread T_0, $push;
    .scope S_000001ffcc8b6880;
T_1 ;
Ewait_1 .event/or E_000001ffcc862550, E_0x0;
    %wait Ewait_1;
    %fork t_3, S_000001ffcc8b6a10;
    %jmp t_2;
    .scope S_000001ffcc8b6a10;
t_3 ;
    %load/vec4 v000001ffcc85ce30_0;
    %load/vec4 v000001ffcc85d290_0;
    %and;
    %load/vec4 v000001ffcc85ce30_0;
    %load/vec4 v000001ffcc85c1b0_0;
    %and;
    %or;
    %load/vec4 v000001ffcc85d290_0;
    %load/vec4 v000001ffcc85c1b0_0;
    %and;
    %or;
    %store/vec4 v000001ffcc85d830_0, 0, 1;
    %load/vec4 v000001ffcc85c1b0_0;
    %load/vec4 v000001ffcc85ce30_0;
    %xor;
    %load/vec4 v000001ffcc85d290_0;
    %xor;
    %store/vec4 v000001ffcc85dc90_0, 0, 1;
    %end;
    .scope S_000001ffcc8b6880;
t_2 %join;
    %jmp T_1;
    .thread T_1, $push;
    .scope S_000001ffcc8b6d30;
T_2 ;
Ewait_2 .event/or E_000001ffcc8626d0, E_0x0;
    %wait Ewait_2;
    %fork t_5, S_000001ffcc8b6ec0;
    %jmp t_4;
    .scope S_000001ffcc8b6ec0;
t_5 ;
    %load/vec4 v000001ffcc85ddd0_0;
    %load/vec4 v000001ffcc85d1f0_0;
    %and;
    %load/vec4 v000001ffcc85ddd0_0;
    %load/vec4 v000001ffcc85d0b0_0;
    %and;
    %or;
    %load/vec4 v000001ffcc85d1f0_0;
    %load/vec4 v000001ffcc85d0b0_0;
    %and;
    %or;
    %store/vec4 v000001ffcc85cd90_0, 0, 1;
    %load/vec4 v000001ffcc85d0b0_0;
    %load/vec4 v000001ffcc85ddd0_0;
    %xor;
    %load/vec4 v000001ffcc85d1f0_0;
    %xor;
    %store/vec4 v000001ffcc85c250_0, 0, 1;
    %end;
    .scope S_000001ffcc8b6d30;
t_4 %join;
    %jmp T_2;
    .thread T_2, $push;
    .scope S_000001ffcc8b71e0;
T_3 ;
Ewait_3 .event/or E_000001ffcc862c90, E_0x0;
    %wait Ewait_3;
    %fork t_7, S_000001ffcc8b83d0;
    %jmp t_6;
    .scope S_000001ffcc8b83d0;
t_7 ;
    %load/vec4 v000001ffcc85ca70_0;
    %load/vec4 v000001ffcc85dab0_0;
    %and;
    %load/vec4 v000001ffcc85ca70_0;
    %load/vec4 v000001ffcc85ced0_0;
    %and;
    %or;
    %load/vec4 v000001ffcc85dab0_0;
    %load/vec4 v000001ffcc85ced0_0;
    %and;
    %or;
    %store/vec4 v000001ffcc85c430_0, 0, 1;
    %load/vec4 v000001ffcc85ced0_0;
    %load/vec4 v000001ffcc85ca70_0;
    %xor;
    %load/vec4 v000001ffcc85dab0_0;
    %xor;
    %store/vec4 v000001ffcc85c750_0, 0, 1;
    %end;
    .scope S_000001ffcc8b71e0;
t_6 %join;
    %jmp T_3;
    .thread T_3, $push;
    .scope S_000001ffcc8b86f0;
T_4 ;
Ewait_4 .event/or E_000001ffcc862f50, E_0x0;
    %wait Ewait_4;
    %fork t_9, S_000001ffcc8b9050;
    %jmp t_8;
    .scope S_000001ffcc8b9050;
t_9 ;
    %load/vec4 v000001ffcc85d150_0;
    %load/vec4 v000001ffcc85cc50_0;
    %and;
    %load/vec4 v000001ffcc85d150_0;
    %load/vec4 v000001ffcc85cf70_0;
    %and;
    %or;
    %load/vec4 v000001ffcc85cc50_0;
    %load/vec4 v000001ffcc85cf70_0;
    %and;
    %or;
    %store/vec4 v000001ffcc85de70_0, 0, 1;
    %load/vec4 v000001ffcc85cf70_0;
    %load/vec4 v000001ffcc85d150_0;
    %xor;
    %load/vec4 v000001ffcc85cc50_0;
    %xor;
    %store/vec4 v000001ffcc85db50_0, 0, 1;
    %end;
    .scope S_000001ffcc8b86f0;
t_8 %join;
    %jmp T_4;
    .thread T_4, $push;
    .scope S_000001ffcc8b8560;
T_5 ;
Ewait_5 .event/or E_000001ffcc863090, E_0x0;
    %wait Ewait_5;
    %fork t_11, S_000001ffcc8b8880;
    %jmp t_10;
    .scope S_000001ffcc8b8880;
t_11 ;
    %load/vec4 v000001ffcc85c4d0_0;
    %load/vec4 v000001ffcc85dbf0_0;
    %and;
    %load/vec4 v000001ffcc85c4d0_0;
    %load/vec4 v000001ffcc85c7f0_0;
    %and;
    %or;
    %load/vec4 v000001ffcc85dbf0_0;
    %load/vec4 v000001ffcc85c7f0_0;
    %and;
    %or;
    %store/vec4 v000001ffcc85d010_0, 0, 1;
    %load/vec4 v000001ffcc85c7f0_0;
    %load/vec4 v000001ffcc85c4d0_0;
    %xor;
    %load/vec4 v000001ffcc85dbf0_0;
    %xor;
    %store/vec4 v000001ffcc85d8d0_0, 0, 1;
    %end;
    .scope S_000001ffcc8b8560;
t_10 %join;
    %jmp T_5;
    .thread T_5, $push;
    .scope S_000001ffcc8b8a10;
T_6 ;
Ewait_6 .event/or E_000001ffcc862590, E_0x0;
    %wait Ewait_6;
    %fork t_13, S_000001ffcc8b8d30;
    %jmp t_12;
    .scope S_000001ffcc8b8d30;
t_13 ;
    %load/vec4 v000001ffcc85ccf0_0;
    %load/vec4 v000001ffcc85d6f0_0;
    %and;
    %load/vec4 v000001ffcc85ccf0_0;
    %load/vec4 v000001ffcc85c070_0;
    %and;
    %or;
    %load/vec4 v000001ffcc85d6f0_0;
    %load/vec4 v000001ffcc85c070_0;
    %and;
    %or;
    %store/vec4 v000001ffcc85d330_0, 0, 1;
    %load/vec4 v000001ffcc85c070_0;
    %load/vec4 v000001ffcc85ccf0_0;
    %xor;
    %load/vec4 v000001ffcc85d6f0_0;
    %xor;
    %store/vec4 v000001ffcc85c610_0, 0, 1;
    %end;
    .scope S_000001ffcc8b8a10;
t_12 %join;
    %jmp T_6;
    .thread T_6, $push;
    .scope S_000001ffcc8b9d40;
T_7 ;
Ewait_7 .event/or E_000001ffcc862650, E_0x0;
    %wait Ewait_7;
    %fork t_15, S_000001ffcc8b9ed0;
    %jmp t_14;
    .scope S_000001ffcc8b9ed0;
t_15 ;
    %load/vec4 v000001ffcc85c6b0_0;
    %load/vec4 v000001ffcc85d470_0;
    %and;
    %load/vec4 v000001ffcc85c6b0_0;
    %load/vec4 v000001ffcc85c110_0;
    %and;
    %or;
    %load/vec4 v000001ffcc85d470_0;
    %load/vec4 v000001ffcc85c110_0;
    %and;
    %or;
    %store/vec4 v000001ffcc85d510_0, 0, 1;
    %load/vec4 v000001ffcc85c110_0;
    %load/vec4 v000001ffcc85c6b0_0;
    %xor;
    %load/vec4 v000001ffcc85d470_0;
    %xor;
    %store/vec4 v000001ffcc85c930_0, 0, 1;
    %end;
    .scope S_000001ffcc8b9d40;
t_14 %join;
    %jmp T_7;
    .thread T_7, $push;
    .scope S_000001ffcc860a00;
T_8 ;
    %pushi/vec4 0, 0, 32;
    %store/vec4 v000001ffcc8bb490_0, 0, 32;
    %end;
    .thread T_8, $init;
    .scope S_000001ffcc860a00;
T_9 ;
    %vpi_call/w 3 22 "$dumpfile", "wave.vcd" {0 0 0};
    %vpi_call/w 3 23 "$dumpvars", 32'sb00000000000000000000000000000000, S_000001ffcc860a00 {0 0 0};
    %vpi_call/w 3 25 "$display", "Testing %0d-bit adder_n", P_000001ffcc8624d0 {0 0 0};
    %fork t_17, S_000001ffcc860b90;
    %jmp t_16;
    .scope S_000001ffcc860b90;
t_17 ;
    %pushi/vec4 0, 0, 32;
    %store/vec4 v000001ffcc85bfd0_0, 0, 32;
T_9.0 ;
    %load/vec4 v000001ffcc85bfd0_0;
    %cmpi/s 256, 0, 32;
    %jmp/0xz T_9.1, 5;
    %fork t_19, S_000001ffcc9ce9b0;
    %jmp t_18;
    .scope S_000001ffcc9ce9b0;
t_19 ;
    %pushi/vec4 0, 0, 32;
    %store/vec4 v000001ffcc85c2f0_0, 0, 32;
T_9.2 ;
    %load/vec4 v000001ffcc85c2f0_0;
    %cmpi/s 256, 0, 32;
    %jmp/0xz T_9.3, 5;
    %fork t_21, S_000001ffcc9ceb40;
    %jmp t_20;
    .scope S_000001ffcc9ceb40;
t_21 ;
    %pushi/vec4 0, 0, 32;
    %store/vec4 v000001ffcc85c890_0, 0, 32;
T_9.4 ;
    %load/vec4 v000001ffcc85c890_0;
    %cmpi/s 2, 0, 32;
    %jmp/0xz T_9.5, 5;
    %load/vec4 v000001ffcc85bfd0_0;
    %pad/s 8;
    %store/vec4 v000001ffcc855130_0, 0, 8;
    %load/vec4 v000001ffcc85c2f0_0;
    %pad/s 8;
    %store/vec4 v000001ffcc855a90_0, 0, 8;
    %load/vec4 v000001ffcc85c890_0;
    %pad/s 1;
    %store/vec4 v000001ffcc855270_0, 0, 1;
    %delay 1000, 0;
    %load/vec4 v000001ffcc855130_0;
    %pad/u 9;
    %load/vec4 v000001ffcc855a90_0;
    %pad/u 9;
    %add;
    %load/vec4 v000001ffcc855270_0;
    %pad/u 9;
    %add;
    %store/vec4 v000001ffcc8bbad0_0, 0, 9;
    %load/vec4 v000001ffcc855db0_0;
    %load/vec4 v000001ffcc8bc390_0;
    %concat/vec4; draw_concat_vec4
    %load/vec4 v000001ffcc8bbad0_0;
    %cmp/ne;
    %jmp/0xz  T_9.6, 6;
    %vpi_call/w 3 40 "$display", "FAIL: a=%0d b=%0d cin=%0d exp=%b got=%b%b", v000001ffcc855130_0, v000001ffcc855a90_0, v000001ffcc855270_0, v000001ffcc8bbad0_0, v000001ffcc855db0_0, v000001ffcc8bc390_0 {0 0 0};
    %load/vec4 v000001ffcc8bb490_0;
    %addi 1, 0, 32;
    %cast2;
    %store/vec4 v000001ffcc8bb490_0, 0, 32;
T_9.6 ;
    %load/vec4 v000001ffcc85c890_0;
    %addi 1, 0, 32;
    %cast2;
    %store/vec4 v000001ffcc85c890_0, 0, 32;
    %jmp T_9.4;
T_9.5 ;
    %end;
    .scope S_000001ffcc9ce9b0;
t_20 %join;
    %load/vec4 v000001ffcc85c2f0_0;
    %addi 1, 0, 32;
    %cast2;
    %store/vec4 v000001ffcc85c2f0_0, 0, 32;
    %jmp T_9.2;
T_9.3 ;
    %end;
    .scope S_000001ffcc860b90;
t_18 %join;
    %load/vec4 v000001ffcc85bfd0_0;
    %addi 1, 0, 32;
    %cast2;
    %store/vec4 v000001ffcc85bfd0_0, 0, 32;
    %jmp T_9.0;
T_9.1 ;
    %end;
    .scope S_000001ffcc860a00;
t_16 %join;
    %load/vec4 v000001ffcc8bb490_0;
    %cmpi/e 0, 0, 32;
    %jmp/0xz  T_9.8, 4;
    %vpi_call/w 3 53 "$display", "PASS" {0 0 0};
    %jmp T_9.9;
T_9.8 ;
    %vpi_call/w 3 55 "$display", "FAIL %0d errors", v000001ffcc8bb490_0 {0 0 0};
T_9.9 ;
    %vpi_call/w 3 57 "$finish" {0 0 0};
    %end;
    .thread T_9;
# The file index is used to find the file name in the following table.
:file_names 6;
    "N/A";
    "<interactive>";
    "-";
    "hdl/icarcus_tests/test_adder_n.sv";
    "hdl/adder_n.sv";
    "hdl/adder_1.sv";
