#! /c/Source/iverilog-install/bin/vvp
:ivl_version "12.0 (devel)" "(s20150603-1539-g2693dd32b)";
:ivl_delay_selection "TYPICAL";
:vpi_time_precision - 12;
:vpi_module "C:\iverilog\lib\ivl\system.vpi";
:vpi_module "C:\iverilog\lib\ivl\vhdl_sys.vpi";
:vpi_module "C:\iverilog\lib\ivl\vhdl_textio.vpi";
:vpi_module "C:\iverilog\lib\ivl\v2005_math.vpi";
:vpi_module "C:\iverilog\lib\ivl\va_math.vpi";
:vpi_module "C:\iverilog\lib\ivl\v2009.vpi";
S_000001a063d24ee0 .scope package, "$unit" "$unit" 2 1;
 .timescale 0 0;
S_000001a063ceac40 .scope module, "test_adder_1" "test_adder_1" 3 1;
 .timescale -9 -12;
v000001a063d33890_0 .var "a", 0 0;
v000001a063d33930_0 .var "b", 0 0;
v000001a063d339d0_0 .var "c_in", 0 0;
v000001a063d33a70_0 .net "c_out", 0 0, v000001a063d33750_0;  1 drivers
v000001a063d33b10_0 .var/2s "errors", 31 0;
v000001a063d33bb0_0 .var "exp_cout", 0 0;
v000001a063d33c50_0 .var "exp_sum", 0 0;
v000001a063d33cf0_0 .net "sum", 0 0, v000001a063d337f0_0;  1 drivers
S_000001a063ceadd0 .scope begin, "$ivl_for_loop0" "$ivl_for_loop0" 3 23, 3 23 0, S_000001a063ceac40;
 .timescale -9 -12;
v000001a063d25070_0 .var/2s "i", 31 0;
S_000001a063d02b00 .scope module, "UUT" "adder_1" 3 9, 4 6 0, S_000001a063ceac40;
 .timescale -9 -12;
    .port_info 0 /INPUT 1 "a";
    .port_info 1 /INPUT 1 "b";
    .port_info 2 /INPUT 1 "c_in";
    .port_info 3 /OUTPUT 1 "sum";
    .port_info 4 /OUTPUT 1 "c_out";
v000001a063d02e20_0 .net "a", 0 0, v000001a063d33890_0;  1 drivers
v000001a063d02ec0_0 .net "b", 0 0, v000001a063d33930_0;  1 drivers
v000001a063d336b0_0 .net "c_in", 0 0, v000001a063d339d0_0;  1 drivers
v000001a063d33750_0 .var "c_out", 0 0;
v000001a063d337f0_0 .var "sum", 0 0;
E_000001a063ce9fc0 .event anyedge, v000001a063d02e20_0, v000001a063d02ec0_0, v000001a063d336b0_0;
S_000001a063d02c90 .scope begin, "adder_gates" "adder_gates" 4 12, 4 12 0, S_000001a063d02b00;
 .timescale -9 -12;
    .scope S_000001a063d02b00;
T_0 ;
Ewait_0 .event/or E_000001a063ce9fc0, E_0x0;
    %wait Ewait_0;
    %fork t_1, S_000001a063d02c90;
    %jmp t_0;
    .scope S_000001a063d02c90;
t_1 ;
    %load/vec4 v000001a063d02e20_0;
    %load/vec4 v000001a063d02ec0_0;
    %and;
    %load/vec4 v000001a063d02e20_0;
    %load/vec4 v000001a063d336b0_0;
    %and;
    %or;
    %load/vec4 v000001a063d02ec0_0;
    %load/vec4 v000001a063d336b0_0;
    %and;
    %or;
    %store/vec4 v000001a063d33750_0, 0, 1;
    %load/vec4 v000001a063d336b0_0;
    %load/vec4 v000001a063d02e20_0;
    %xor;
    %load/vec4 v000001a063d02ec0_0;
    %xor;
    %store/vec4 v000001a063d337f0_0, 0, 1;
    %end;
    .scope S_000001a063d02b00;
t_0 %join;
    %jmp T_0;
    .thread T_0, $push;
    .scope S_000001a063ceac40;
T_1 ;
    %pushi/vec4 0, 0, 32;
    %store/vec4 v000001a063d33b10_0, 0, 32;
    %end;
    .thread T_1, $init;
    .scope S_000001a063ceac40;
T_2 ;
    %vpi_call/w 3 20 "$dumpfile", "wave.vcd" {0 0 0};
    %vpi_call/w 3 21 "$dumpvars", 32'sb00000000000000000000000000000000, S_000001a063ceac40 {0 0 0};
    %fork t_3, S_000001a063ceadd0;
    %jmp t_2;
    .scope S_000001a063ceadd0;
t_3 ;
    %pushi/vec4 0, 0, 32;
    %store/vec4 v000001a063d25070_0, 0, 32;
T_2.0 ;
    %load/vec4 v000001a063d25070_0;
    %cmpi/s 8, 0, 32;
    %jmp/0xz T_2.1, 5;
    %load/vec4 v000001a063d25070_0;
    %parti/s 1, 2, 3;
    %store/vec4 v000001a063d339d0_0, 0, 1;
    %load/vec4 v000001a063d25070_0;
    %parti/s 1, 1, 2;
    %store/vec4 v000001a063d33930_0, 0, 1;
    %load/vec4 v000001a063d25070_0;
    %parti/s 1, 0, 2;
    %store/vec4 v000001a063d33890_0, 0, 1;
    %delay 1000, 0;
    %load/vec4 v000001a063d33890_0;
    %load/vec4 v000001a063d33930_0;
    %xor;
    %load/vec4 v000001a063d339d0_0;
    %xor;
    %store/vec4 v000001a063d33c50_0, 0, 1;
    %load/vec4 v000001a063d33890_0;
    %load/vec4 v000001a063d33930_0;
    %and;
    %load/vec4 v000001a063d33890_0;
    %load/vec4 v000001a063d339d0_0;
    %and;
    %or;
    %load/vec4 v000001a063d33930_0;
    %load/vec4 v000001a063d339d0_0;
    %and;
    %or;
    %store/vec4 v000001a063d33bb0_0, 0, 1;
    %load/vec4 v000001a063d33a70_0;
    %load/vec4 v000001a063d33cf0_0;
    %concat/vec4; draw_concat_vec4
    %load/vec4 v000001a063d33bb0_0;
    %load/vec4 v000001a063d33c50_0;
    %concat/vec4; draw_concat_vec4
    %cmp/ne;
    %jmp/0xz  T_2.2, 6;
    %vpi_call/w 3 34 "$display", "FAIL: %b%b%b expected %b%b got %b%b", v000001a063d33890_0, v000001a063d33930_0, v000001a063d339d0_0, v000001a063d33bb0_0, v000001a063d33c50_0, v000001a063d33a70_0, v000001a063d33cf0_0 {0 0 0};
    %load/vec4 v000001a063d33b10_0;
    %addi 1, 0, 32;
    %cast2;
    %store/vec4 v000001a063d33b10_0, 0, 32;
T_2.2 ;
    %load/vec4 v000001a063d25070_0;
    %addi 1, 0, 32;
    %cast2;
    %store/vec4 v000001a063d25070_0, 0, 32;
    %jmp T_2.0;
T_2.1 ;
    %end;
    .scope S_000001a063ceac40;
t_2 %join;
    %load/vec4 v000001a063d33b10_0;
    %cmpi/e 0, 0, 32;
    %jmp/0xz  T_2.4, 4;
    %vpi_call/w 3 44 "$display", "PASS" {0 0 0};
    %jmp T_2.5;
T_2.4 ;
    %vpi_call/w 3 46 "$display", "FAIL %0d errors", v000001a063d33b10_0 {0 0 0};
T_2.5 ;
    %vpi_call/w 3 48 "$finish" {0 0 0};
    %end;
    .thread T_2;
# The file index is used to find the file name in the following table.
:file_names 5;
    "N/A";
    "<interactive>";
    "-";
    "hdl/icarcus_tests/test_adder_1.sv";
    "hdl/adder_1.sv";
