#! /c/Source/iverilog-install/bin/vvp
:ivl_version "12.0 (devel)" "(s20150603-1539-g2693dd32b)";
:ivl_delay_selection "TYPICAL";
:vpi_time_precision - 12;
:vpi_module "C:\iverilog\lib\ivl\system.vpi";
:vpi_module "C:\iverilog\lib\ivl\vhdl_sys.vpi";
:vpi_module "C:\iverilog\lib\ivl\vhdl_textio.vpi";
:vpi_module "C:\iverilog\lib\ivl\v2005_math.vpi";
:vpi_module "C:\iverilog\lib\ivl\va_math.vpi";
:vpi_module "C:\iverilog\lib\ivl\v2009.vpi";
S_000002a3dde4bed0 .scope package, "$unit" "$unit" 2 1;
 .timescale 0 0;
S_000002a3dde4c2b0 .scope module, "test_comparators" "test_comparators" 3 5;
 .timescale -9 -12;
P_000002a3dde51c50 .param/l "N" 0 3 7, +C4<00000000000000000000000000100000>;
v000002a3ddeb9590_0 .var/s "a", 31 0;
v000002a3ddeb9950_0 .var/s "b", 31 0;
v000002a3ddeb99f0_0 .var "correct_equals", 0 0;
v000002a3ddeb9c70_0 .var "correct_less_than", 0 0;
v000002a3ddeb8f50_0 .net "equals", 0 0, v000002a3dde3be60_0;  1 drivers
v000002a3ddeb8870_0 .var/2s "errors", 31 0;
v000002a3ddeb9f90_0 .net "less_than", 0 0, v000002a3ddeb9bd0_0;  1 drivers
S_000002a3dde4c440 .scope begin, "$ivl_for_loop0" "$ivl_for_loop0" 3 73, 3 73 0, S_000002a3dde4c2b0;
 .timescale -9 -12;
v000002a3dde3d3a0_0 .var/2s "i", 31 0;
S_000002a3ddddde20 .scope begin, "$ivl_for_loop1" "$ivl_for_loop1" 3 74, 3 74 0, S_000002a3dde4c440;
 .timescale -9 -12;
v000002a3dde3bdc0_0 .var/2s "j", 31 0;
S_000002a3dddddfb0 .scope begin, "$ivl_for_loop2" "$ivl_for_loop2" 3 85, 3 85 0, S_000002a3dde4c2b0;
 .timescale -9 -12;
v000002a3dde3c860_0 .var/2s "k", 31 0;
S_000002a3ddb4e9b0 .scope module, "UUT_EQ" "comparator_eq" 3 15, 4 4 0, S_000002a3dde4c2b0;
 .timescale -9 -12;
    .port_info 0 /INPUT 32 "a";
    .port_info 1 /INPUT 32 "b";
    .port_info 2 /OUTPUT 1 "out";
P_000002a3dde52210 .param/l "N" 0 4 5, +C4<00000000000000000000000000100000>;
v000002a3dde3cb80_0 .net/s "a", 31 0, v000002a3ddeb9590_0;  1 drivers
v000002a3dde3d620_0 .net/s "b", 31 0, v000002a3ddeb9950_0;  1 drivers
v000002a3dde3be60_0 .var "out", 0 0;
E_000002a3dde52ad0 .event anyedge, v000002a3dde3cb80_0, v000002a3dde3d620_0;
S_000002a3ddb4eb40 .scope module, "UUT_LT" "comparator_lt" 3 21, 5 22 0, S_000002a3dde4c2b0;
 .timescale -9 -12;
    .port_info 0 /INPUT 32 "a";
    .port_info 1 /INPUT 32 "b";
    .port_info 2 /OUTPUT 1 "out";
P_000002a3dde51f50 .param/l "N" 0 5 24, +C4<00000000000000000000000000100000>;
v000002a3ddeb8cd0_0 .net/s "a", 31 0, v000002a3ddeb9590_0;  alias, 1 drivers
v000002a3ddeb98b0_0 .var "a_negative_b_positive", 0 0;
v000002a3ddeb8e10_0 .var "a_positive_b_negative", 0 0;
v000002a3ddeb9310_0 .net/s "b", 31 0, v000002a3ddeb9950_0;  alias, 1 drivers
v000002a3ddeb9450_0 .net "c_out", 0 0, L_000002a3ddebd9e0;  1 drivers
v000002a3ddeb8eb0_0 .net "difference", 31 0, L_000002a3ddebe980;  1 drivers
v000002a3ddeb94f0_0 .var "inputs_have_different_signs", 0 0;
v000002a3ddeb8730_0 .var "not_b", 31 0;
v000002a3ddeb9bd0_0 .var "out", 0 0;
E_000002a3dde52690 .event anyedge, v000002a3dde3cb80_0, v000002a3dde3d620_0, v000002a3ddeb8c30_0;
E_000002a3dde52450 .event anyedge, v000002a3dde3d620_0;
S_000002a3dddd6330 .scope module, "SUBTRACTOR" "adder_n" 5 32, 6 8 0, S_000002a3ddb4eb40;
 .timescale -9 -12;
    .port_info 0 /INPUT 32 "a";
    .port_info 1 /INPUT 32 "b";
    .port_info 2 /INPUT 1 "c_in";
    .port_info 3 /OUTPUT 32 "sum";
    .port_info 4 /OUTPUT 1 "c_out";
P_000002a3dde51e10 .param/l "N" 0 6 10, +C4<00000000000000000000000000100000>;
L_000002a3ddec0198 .functor BUFT 1, C4<1>, C4<0>, C4<0>, C4<0>;
L_000002a3ddebf780 .functor BUFZ 1, L_000002a3ddec0198, C4<0>, C4<0>, C4<0>;
v000002a3ddeb8af0_0 .net *"_ivl_229", 0 0, L_000002a3ddebf780;  1 drivers
v000002a3ddeb91d0_0 .net "a", 31 0, v000002a3ddeb9590_0;  alias, 1 drivers
v000002a3ddeb9270_0 .net "b", 31 0, v000002a3ddeb8730_0;  1 drivers
v000002a3ddeb84b0_0 .net "c_in", 0 0, L_000002a3ddec0198;  1 drivers
v000002a3ddeb9ef0_0 .net "c_out", 0 0, L_000002a3ddebd9e0;  alias, 1 drivers
v000002a3ddeb96d0_0 .net "carries", 32 0, L_000002a3ddebef20;  1 drivers
v000002a3ddeb8c30_0 .net "sum", 31 0, L_000002a3ddebe980;  alias, 1 drivers
L_000002a3ddeb8ff0 .part v000002a3ddeb9590_0, 0, 1;
L_000002a3ddeb9a90 .part v000002a3ddeb8730_0, 0, 1;
L_000002a3ddeb89b0 .part L_000002a3ddebef20, 0, 1;
L_000002a3ddeb9b30 .part v000002a3ddeb9590_0, 1, 1;
L_000002a3ddeb9d10 .part v000002a3ddeb8730_0, 1, 1;
L_000002a3ddeb9db0 .part L_000002a3ddebef20, 1, 1;
L_000002a3ddeba030 .part v000002a3ddeb9590_0, 2, 1;
L_000002a3ddeb8190 .part v000002a3ddeb8730_0, 2, 1;
L_000002a3ddeb8230 .part L_000002a3ddebef20, 2, 1;
L_000002a3ddeb9090 .part v000002a3ddeb9590_0, 3, 1;
L_000002a3ddeb8550 .part v000002a3ddeb8730_0, 3, 1;
L_000002a3ddeb82d0 .part L_000002a3ddebef20, 3, 1;
L_000002a3ddeb87d0 .part v000002a3ddeb9590_0, 4, 1;
L_000002a3ddeb8370 .part v000002a3ddeb8730_0, 4, 1;
L_000002a3ddeb8910 .part L_000002a3ddebef20, 4, 1;
L_000002a3ddeb8410 .part v000002a3ddeb9590_0, 5, 1;
L_000002a3ddeba9c0 .part v000002a3ddeb8730_0, 5, 1;
L_000002a3ddebad80 .part L_000002a3ddebef20, 5, 1;
L_000002a3ddeba920 .part v000002a3ddeb9590_0, 6, 1;
L_000002a3ddeba4c0 .part v000002a3ddeb8730_0, 6, 1;
L_000002a3ddeba1a0 .part L_000002a3ddebef20, 6, 1;
L_000002a3ddebaa60 .part v000002a3ddeb9590_0, 7, 1;
L_000002a3ddeba740 .part v000002a3ddeb8730_0, 7, 1;
L_000002a3ddeba380 .part L_000002a3ddebef20, 7, 1;
L_000002a3ddebab00 .part v000002a3ddeb9590_0, 8, 1;
L_000002a3ddebaf60 .part v000002a3ddeb8730_0, 8, 1;
L_000002a3ddeba6a0 .part L_000002a3ddebef20, 8, 1;
L_000002a3ddebaba0 .part v000002a3ddeb9590_0, 9, 1;
L_000002a3ddebb0a0 .part v000002a3ddeb8730_0, 9, 1;
L_000002a3ddebac40 .part L_000002a3ddebef20, 9, 1;
L_000002a3ddeba240 .part v000002a3ddeb9590_0, 10, 1;
L_000002a3ddebae20 .part v000002a3ddeb8730_0, 10, 1;
L_000002a3ddebaec0 .part L_000002a3ddebef20, 10, 1;
L_000002a3ddebace0 .part v000002a3ddeb9590_0, 11, 1;
L_000002a3ddeba7e0 .part v000002a3ddeb8730_0, 11, 1;
L_000002a3ddeba420 .part L_000002a3ddebef20, 11, 1;
L_000002a3ddeba880 .part v000002a3ddeb9590_0, 12, 1;
L_000002a3ddebb000 .part v000002a3ddeb8730_0, 12, 1;
L_000002a3ddeba600 .part L_000002a3ddebef20, 12, 1;
L_000002a3ddeba560 .part v000002a3ddeb9590_0, 13, 1;
L_000002a3ddeba2e0 .part v000002a3ddeb8730_0, 13, 1;
L_000002a3ddebc3d0 .part L_000002a3ddebef20, 13, 1;
L_000002a3ddebb610 .part v000002a3ddeb9590_0, 14, 1;
L_000002a3ddebc8d0 .part v000002a3ddeb8730_0, 14, 1;
L_000002a3ddebb9d0 .part L_000002a3ddebef20, 14, 1;
L_000002a3ddebc830 .part v000002a3ddeb9590_0, 15, 1;
L_000002a3ddebb6b0 .part v000002a3ddeb8730_0, 15, 1;
L_000002a3ddebc970 .part L_000002a3ddebef20, 15, 1;
L_000002a3ddebc150 .part v000002a3ddeb9590_0, 16, 1;
L_000002a3ddebca10 .part v000002a3ddeb8730_0, 16, 1;
L_000002a3ddebb930 .part L_000002a3ddebef20, 16, 1;
L_000002a3ddebbbb0 .part v000002a3ddeb9590_0, 17, 1;
L_000002a3ddebbd90 .part v000002a3ddeb8730_0, 17, 1;
L_000002a3ddebc510 .part L_000002a3ddebef20, 17, 1;
L_000002a3ddebbf70 .part v000002a3ddeb9590_0, 18, 1;
L_000002a3ddebc5b0 .part v000002a3ddeb8730_0, 18, 1;
L_000002a3ddebc0b0 .part L_000002a3ddebef20, 18, 1;
L_000002a3ddebb7f0 .part v000002a3ddeb9590_0, 19, 1;
L_000002a3ddebbe30 .part v000002a3ddeb8730_0, 19, 1;
L_000002a3ddebc010 .part L_000002a3ddebef20, 19, 1;
L_000002a3ddebcf10 .part v000002a3ddeb9590_0, 20, 1;
L_000002a3ddebc470 .part v000002a3ddeb8730_0, 20, 1;
L_000002a3ddebb890 .part L_000002a3ddebef20, 20, 1;
L_000002a3ddebbed0 .part v000002a3ddeb9590_0, 21, 1;
L_000002a3ddebc1f0 .part v000002a3ddeb8730_0, 21, 1;
L_000002a3ddebc650 .part L_000002a3ddebef20, 21, 1;
L_000002a3ddebba70 .part v000002a3ddeb9590_0, 22, 1;
L_000002a3ddebc6f0 .part v000002a3ddeb8730_0, 22, 1;
L_000002a3ddebbcf0 .part L_000002a3ddebef20, 22, 1;
L_000002a3ddebb2f0 .part v000002a3ddeb9590_0, 23, 1;
L_000002a3ddebc790 .part v000002a3ddeb8730_0, 23, 1;
L_000002a3ddebcab0 .part L_000002a3ddebef20, 23, 1;
L_000002a3ddebcdd0 .part v000002a3ddeb9590_0, 24, 1;
L_000002a3ddebce70 .part v000002a3ddeb8730_0, 24, 1;
L_000002a3ddebc290 .part L_000002a3ddebef20, 24, 1;
L_000002a3ddebc330 .part v000002a3ddeb9590_0, 25, 1;
L_000002a3ddebbb10 .part v000002a3ddeb8730_0, 25, 1;
L_000002a3ddebcb50 .part L_000002a3ddebef20, 25, 1;
L_000002a3ddebcbf0 .part v000002a3ddeb9590_0, 26, 1;
L_000002a3ddebcc90 .part v000002a3ddeb8730_0, 26, 1;
L_000002a3ddebbc50 .part L_000002a3ddebef20, 26, 1;
L_000002a3ddebcd30 .part v000002a3ddeb9590_0, 27, 1;
L_000002a3ddebcfb0 .part v000002a3ddeb8730_0, 27, 1;
L_000002a3ddebd050 .part L_000002a3ddebef20, 27, 1;
L_000002a3ddebb1b0 .part v000002a3ddeb9590_0, 28, 1;
L_000002a3ddebb250 .part v000002a3ddeb8730_0, 28, 1;
L_000002a3ddebb390 .part L_000002a3ddebef20, 28, 1;
L_000002a3ddebb430 .part v000002a3ddeb9590_0, 29, 1;
L_000002a3ddebb4d0 .part v000002a3ddeb8730_0, 29, 1;
L_000002a3ddebb570 .part L_000002a3ddebef20, 29, 1;
L_000002a3ddebb750 .part v000002a3ddeb9590_0, 30, 1;
L_000002a3ddebe8e0 .part v000002a3ddeb8730_0, 30, 1;
L_000002a3ddebde40 .part L_000002a3ddebef20, 30, 1;
L_000002a3ddebeac0 .part v000002a3ddeb9590_0, 31, 1;
L_000002a3ddebdd00 .part v000002a3ddeb8730_0, 31, 1;
L_000002a3ddebd620 .part L_000002a3ddebef20, 31, 1;
LS_000002a3ddebe980_0_0 .concat8 [ 1 1 1 1], v000002a3dde3c540_0, v000002a3dde209a0_0, v000002a3dde20400_0, v000002a3dde1f1e0_0;
LS_000002a3ddebe980_0_4 .concat8 [ 1 1 1 1], v000002a3dde2d730_0, v000002a3dde2c790_0, v000002a3dde2ce70_0, v000002a3dde2c1f0_0;
LS_000002a3ddebe980_0_8 .concat8 [ 1 1 1 1], v000002a3dde169d0_0, v000002a3ddea63b0_0, v000002a3ddea78f0_0, v000002a3ddea69f0_0;
LS_000002a3ddebe980_0_12 .concat8 [ 1 1 1 1], v000002a3ddea73f0_0, v000002a3ddea6450_0, v000002a3ddea6bd0_0, v000002a3ddea6ef0_0;
LS_000002a3ddebe980_0_16 .concat8 [ 1 1 1 1], v000002a3ddea7f30_0, v000002a3ddea70d0_0, v000002a3ddea6590_0, v000002a3ddeb5d90_0;
LS_000002a3ddebe980_0_20 .concat8 [ 1 1 1 1], v000002a3ddeb4670_0, v000002a3ddeb4850_0, v000002a3ddeb4ad0_0, v000002a3ddeb5a70_0;
LS_000002a3ddebe980_0_24 .concat8 [ 1 1 1 1], v000002a3ddeb4b70_0, v000002a3ddeb5e30_0, v000002a3ddeb5430_0, v000002a3ddeb57f0_0;
LS_000002a3ddebe980_0_28 .concat8 [ 1 1 1 1], v000002a3ddeb5070_0, v000002a3ddeb9630_0, v000002a3ddeb9810_0, v000002a3ddeb8d70_0;
LS_000002a3ddebe980_1_0 .concat8 [ 4 4 4 4], LS_000002a3ddebe980_0_0, LS_000002a3ddebe980_0_4, LS_000002a3ddebe980_0_8, LS_000002a3ddebe980_0_12;
LS_000002a3ddebe980_1_4 .concat8 [ 4 4 4 4], LS_000002a3ddebe980_0_16, LS_000002a3ddebe980_0_20, LS_000002a3ddebe980_0_24, LS_000002a3ddebe980_0_28;
L_000002a3ddebe980 .concat8 [ 16 16 0 0], LS_000002a3ddebe980_1_0, LS_000002a3ddebe980_1_4;
LS_000002a3ddebef20_0_0 .concat8 [ 1 1 1 1], L_000002a3ddebf780, v000002a3dde3c4a0_0, v000002a3dde20900_0, v000002a3dde1ffa0_0;
LS_000002a3ddebef20_0_4 .concat8 [ 1 1 1 1], v000002a3dde20a40_0, v000002a3dde1f500_0, v000002a3dde2b930_0, v000002a3dde2c0b0_0;
LS_000002a3ddebef20_0_8 .concat8 [ 1 1 1 1], v000002a3dde2d0f0_0, v000002a3dde16f70_0, v000002a3dde16a70_0, v000002a3ddea7fd0_0;
LS_000002a3ddebef20_0_12 .concat8 [ 1 1 1 1], v000002a3ddea6c70_0, v000002a3ddea6d10_0, v000002a3ddea6a90_0, v000002a3ddea7990_0;
LS_000002a3ddebef20_0_16 .concat8 [ 1 1 1 1], v000002a3ddea7170_0, v000002a3ddea66d0_0, v000002a3ddea7530_0, v000002a3ddea7c10_0;
LS_000002a3ddebef20_0_20 .concat8 [ 1 1 1 1], v000002a3ddea6b30_0, v000002a3ddeb4a30_0, v000002a3ddeb4710_0, v000002a3ddeb4990_0;
LS_000002a3ddebef20_0_24 .concat8 [ 1 1 1 1], v000002a3ddeb51b0_0, v000002a3ddeb5110_0, v000002a3ddeb45d0_0, v000002a3ddeb4df0_0;
LS_000002a3ddebef20_0_28 .concat8 [ 1 1 1 1], v000002a3ddeb4530_0, v000002a3ddeb59d0_0, v000002a3ddeb42b0_0, v000002a3ddeb93b0_0;
LS_000002a3ddebef20_0_32 .concat8 [ 1 0 0 0], v000002a3ddeb8b90_0;
LS_000002a3ddebef20_1_0 .concat8 [ 4 4 4 4], LS_000002a3ddebef20_0_0, LS_000002a3ddebef20_0_4, LS_000002a3ddebef20_0_8, LS_000002a3ddebef20_0_12;
LS_000002a3ddebef20_1_4 .concat8 [ 4 4 4 4], LS_000002a3ddebef20_0_16, LS_000002a3ddebef20_0_20, LS_000002a3ddebef20_0_24, LS_000002a3ddebef20_0_28;
LS_000002a3ddebef20_1_8 .concat8 [ 1 0 0 0], LS_000002a3ddebef20_0_32;
L_000002a3ddebef20 .concat8 [ 16 16 1 0], LS_000002a3ddebef20_1_0, LS_000002a3ddebef20_1_4, LS_000002a3ddebef20_1_8;
L_000002a3ddebd9e0 .part L_000002a3ddebef20, 32, 1;
S_000002a3dddd64c0 .scope generate, "ripple_carry[0]" "ripple_carry[0]" 6 22, 6 22 0, S_000002a3dddd6330;
 .timescale -9 -12;
P_000002a3dde51e50 .param/l "i" 0 6 22, +C4<00>;
S_000002a3ddda2ae0 .scope module, "ADDER" "adder_1" 6 23, 7 6 0, S_000002a3dddd64c0;
 .timescale -9 -12;
    .port_info 0 /INPUT 1 "a";
    .port_info 1 /INPUT 1 "b";
    .port_info 2 /INPUT 1 "c_in";
    .port_info 3 /OUTPUT 1 "sum";
    .port_info 4 /OUTPUT 1 "c_out";
v000002a3dde3bfa0_0 .net "a", 0 0, L_000002a3ddeb8ff0;  1 drivers
v000002a3dde3c0e0_0 .net "b", 0 0, L_000002a3ddeb9a90;  1 drivers
v000002a3dde3c180_0 .net "c_in", 0 0, L_000002a3ddeb89b0;  1 drivers
v000002a3dde3c4a0_0 .var "c_out", 0 0;
v000002a3dde3c540_0 .var "sum", 0 0;
E_000002a3dde526d0 .event anyedge, v000002a3dde3bfa0_0, v000002a3dde3c0e0_0, v000002a3dde3c180_0;
S_000002a3ddda2c70 .scope begin, "adder_gates" "adder_gates" 7 12, 7 12 0, S_000002a3ddda2ae0;
 .timescale -9 -12;
S_000002a3ddda2e00 .scope generate, "ripple_carry[1]" "ripple_carry[1]" 6 22, 6 22 0, S_000002a3dddd6330;
 .timescale -9 -12;
P_000002a3dde52290 .param/l "i" 0 6 22, +C4<01>;
S_000002a3dde12180 .scope module, "ADDER" "adder_1" 6 23, 7 6 0, S_000002a3ddda2e00;
 .timescale -9 -12;
    .port_info 0 /INPUT 1 "a";
    .port_info 1 /INPUT 1 "b";
    .port_info 2 /INPUT 1 "c_in";
    .port_info 3 /OUTPUT 1 "sum";
    .port_info 4 /OUTPUT 1 "c_out";
v000002a3dde3ce00_0 .net "a", 0 0, L_000002a3ddeb9b30;  1 drivers
v000002a3dde3cea0_0 .net "b", 0 0, L_000002a3ddeb9d10;  1 drivers
v000002a3dde20d60_0 .net "c_in", 0 0, L_000002a3ddeb9db0;  1 drivers
v000002a3dde20900_0 .var "c_out", 0 0;
v000002a3dde209a0_0 .var "sum", 0 0;
E_000002a3dde521d0 .event anyedge, v000002a3dde3ce00_0, v000002a3dde3cea0_0, v000002a3dde20d60_0;
S_000002a3dde12310 .scope begin, "adder_gates" "adder_gates" 7 12, 7 12 0, S_000002a3dde12180;
 .timescale -9 -12;
S_000002a3dde124a0 .scope generate, "ripple_carry[2]" "ripple_carry[2]" 6 22, 6 22 0, S_000002a3dddd6330;
 .timescale -9 -12;
P_000002a3dde52190 .param/l "i" 0 6 22, +C4<010>;
S_000002a3dde12630 .scope module, "ADDER" "adder_1" 6 23, 7 6 0, S_000002a3dde124a0;
 .timescale -9 -12;
    .port_info 0 /INPUT 1 "a";
    .port_info 1 /INPUT 1 "b";
    .port_info 2 /INPUT 1 "c_in";
    .port_info 3 /OUTPUT 1 "sum";
    .port_info 4 /OUTPUT 1 "c_out";
v000002a3dde1f6e0_0 .net "a", 0 0, L_000002a3ddeba030;  1 drivers
v000002a3dde20540_0 .net "b", 0 0, L_000002a3ddeb8190;  1 drivers
v000002a3dde1fb40_0 .net "c_in", 0 0, L_000002a3ddeb8230;  1 drivers
v000002a3dde1ffa0_0 .var "c_out", 0 0;
v000002a3dde20400_0 .var "sum", 0 0;
E_000002a3dde522d0 .event anyedge, v000002a3dde1f6e0_0, v000002a3dde20540_0, v000002a3dde1fb40_0;
S_000002a3dde127c0 .scope begin, "adder_gates" "adder_gates" 7 12, 7 12 0, S_000002a3dde12630;
 .timescale -9 -12;
S_000002a3dde8c2f0 .scope generate, "ripple_carry[3]" "ripple_carry[3]" 6 22, 6 22 0, S_000002a3dddd6330;
 .timescale -9 -12;
P_000002a3dde52490 .param/l "i" 0 6 22, +C4<011>;
S_000002a3dde8c610 .scope module, "ADDER" "adder_1" 6 23, 7 6 0, S_000002a3dde8c2f0;
 .timescale -9 -12;
    .port_info 0 /INPUT 1 "a";
    .port_info 1 /INPUT 1 "b";
    .port_info 2 /INPUT 1 "c_in";
    .port_info 3 /OUTPUT 1 "sum";
    .port_info 4 /OUTPUT 1 "c_out";
v000002a3dde200e0_0 .net "a", 0 0, L_000002a3ddeb9090;  1 drivers
v000002a3dde205e0_0 .net "b", 0 0, L_000002a3ddeb8550;  1 drivers
v000002a3dde1f460_0 .net "c_in", 0 0, L_000002a3ddeb82d0;  1 drivers
v000002a3dde20a40_0 .var "c_out", 0 0;
v000002a3dde1f1e0_0 .var "sum", 0 0;
E_000002a3dde52310 .event anyedge, v000002a3dde200e0_0, v000002a3dde205e0_0, v000002a3dde1f460_0;
S_000002a3dde8c480 .scope begin, "adder_gates" "adder_gates" 7 12, 7 12 0, S_000002a3dde8c610;
 .timescale -9 -12;
S_000002a3dde8c7a0 .scope generate, "ripple_carry[4]" "ripple_carry[4]" 6 22, 6 22 0, S_000002a3dddd6330;
 .timescale -9 -12;
P_000002a3dde52350 .param/l "i" 0 6 22, +C4<0100>;
S_000002a3dde8c930 .scope module, "ADDER" "adder_1" 6 23, 7 6 0, S_000002a3dde8c7a0;
 .timescale -9 -12;
    .port_info 0 /INPUT 1 "a";
    .port_info 1 /INPUT 1 "b";
    .port_info 2 /INPUT 1 "c_in";
    .port_info 3 /OUTPUT 1 "sum";
    .port_info 4 /OUTPUT 1 "c_out";
v000002a3dde20180_0 .net "a", 0 0, L_000002a3ddeb87d0;  1 drivers
v000002a3dde20b80_0 .net "b", 0 0, L_000002a3ddeb8370;  1 drivers
v000002a3dde20c20_0 .net "c_in", 0 0, L_000002a3ddeb8910;  1 drivers
v000002a3dde1f500_0 .var "c_out", 0 0;
v000002a3dde2d730_0 .var "sum", 0 0;
E_000002a3dde52390 .event anyedge, v000002a3dde20180_0, v000002a3dde20b80_0, v000002a3dde20c20_0;
S_000002a3dde8cac0 .scope begin, "adder_gates" "adder_gates" 7 12, 7 12 0, S_000002a3dde8c930;
 .timescale -9 -12;
S_000002a3dde8cde0 .scope generate, "ripple_carry[5]" "ripple_carry[5]" 6 22, 6 22 0, S_000002a3dddd6330;
 .timescale -9 -12;
P_000002a3dde51b90 .param/l "i" 0 6 22, +C4<0101>;
S_000002a3dde8cc50 .scope module, "ADDER" "adder_1" 6 23, 7 6 0, S_000002a3dde8cde0;
 .timescale -9 -12;
    .port_info 0 /INPUT 1 "a";
    .port_info 1 /INPUT 1 "b";
    .port_info 2 /INPUT 1 "c_in";
    .port_info 3 /OUTPUT 1 "sum";
    .port_info 4 /OUTPUT 1 "c_out";
v000002a3dde2cc90_0 .net "a", 0 0, L_000002a3ddeb8410;  1 drivers
v000002a3dde2bb10_0 .net "b", 0 0, L_000002a3ddeba9c0;  1 drivers
v000002a3dde2c650_0 .net "c_in", 0 0, L_000002a3ddebad80;  1 drivers
v000002a3dde2b930_0 .var "c_out", 0 0;
v000002a3dde2c790_0 .var "sum", 0 0;
E_000002a3dde52750 .event anyedge, v000002a3dde2cc90_0, v000002a3dde2bb10_0, v000002a3dde2c650_0;
S_000002a3dde8cf70 .scope begin, "adder_gates" "adder_gates" 7 12, 7 12 0, S_000002a3dde8cc50;
 .timescale -9 -12;
S_000002a3dde8d100 .scope generate, "ripple_carry[6]" "ripple_carry[6]" 6 22, 6 22 0, S_000002a3dddd6330;
 .timescale -9 -12;
P_000002a3dde51cd0 .param/l "i" 0 6 22, +C4<0110>;
S_000002a3ddea5bb0 .scope module, "ADDER" "adder_1" 6 23, 7 6 0, S_000002a3dde8d100;
 .timescale -9 -12;
    .port_info 0 /INPUT 1 "a";
    .port_info 1 /INPUT 1 "b";
    .port_info 2 /INPUT 1 "c_in";
    .port_info 3 /OUTPUT 1 "sum";
    .port_info 4 /OUTPUT 1 "c_out";
v000002a3dde2bbb0_0 .net "a", 0 0, L_000002a3ddeba920;  1 drivers
v000002a3dde2bf70_0 .net "b", 0 0, L_000002a3ddeba4c0;  1 drivers
v000002a3dde2cfb0_0 .net "c_in", 0 0, L_000002a3ddeba1a0;  1 drivers
v000002a3dde2c0b0_0 .var "c_out", 0 0;
v000002a3dde2ce70_0 .var "sum", 0 0;
E_000002a3dde523d0 .event anyedge, v000002a3dde2bbb0_0, v000002a3dde2bf70_0, v000002a3dde2cfb0_0;
S_000002a3ddea5890 .scope begin, "adder_gates" "adder_gates" 7 12, 7 12 0, S_000002a3ddea5bb0;
 .timescale -9 -12;
S_000002a3ddea5ed0 .scope generate, "ripple_carry[7]" "ripple_carry[7]" 6 22, 6 22 0, S_000002a3dddd6330;
 .timescale -9 -12;
P_000002a3dde52790 .param/l "i" 0 6 22, +C4<0111>;
S_000002a3ddea5d40 .scope module, "ADDER" "adder_1" 6 23, 7 6 0, S_000002a3ddea5ed0;
 .timescale -9 -12;
    .port_info 0 /INPUT 1 "a";
    .port_info 1 /INPUT 1 "b";
    .port_info 2 /INPUT 1 "c_in";
    .port_info 3 /OUTPUT 1 "sum";
    .port_info 4 /OUTPUT 1 "c_out";
v000002a3dde2cd30_0 .net "a", 0 0, L_000002a3ddebaa60;  1 drivers
v000002a3dde2cf10_0 .net "b", 0 0, L_000002a3ddeba740;  1 drivers
v000002a3dde2c150_0 .net "c_in", 0 0, L_000002a3ddeba380;  1 drivers
v000002a3dde2d0f0_0 .var "c_out", 0 0;
v000002a3dde2c1f0_0 .var "sum", 0 0;
E_000002a3dde52550 .event anyedge, v000002a3dde2cd30_0, v000002a3dde2cf10_0, v000002a3dde2c150_0;
S_000002a3ddea48f0 .scope begin, "adder_gates" "adder_gates" 7 12, 7 12 0, S_000002a3ddea5d40;
 .timescale -9 -12;
S_000002a3ddea4c10 .scope generate, "ripple_carry[8]" "ripple_carry[8]" 6 22, 6 22 0, S_000002a3dddd6330;
 .timescale -9 -12;
P_000002a3dde52710 .param/l "i" 0 6 22, +C4<01000>;
S_000002a3ddea4120 .scope module, "ADDER" "adder_1" 6 23, 7 6 0, S_000002a3ddea4c10;
 .timescale -9 -12;
    .port_info 0 /INPUT 1 "a";
    .port_info 1 /INPUT 1 "b";
    .port_info 2 /INPUT 1 "c_in";
    .port_info 3 /OUTPUT 1 "sum";
    .port_info 4 /OUTPUT 1 "c_out";
v000002a3dde16c50_0 .net "a", 0 0, L_000002a3ddebab00;  1 drivers
v000002a3dde16e30_0 .net "b", 0 0, L_000002a3ddebaf60;  1 drivers
v000002a3dde16890_0 .net "c_in", 0 0, L_000002a3ddeba6a0;  1 drivers
v000002a3dde16f70_0 .var "c_out", 0 0;
v000002a3dde169d0_0 .var "sum", 0 0;
E_000002a3dde52610 .event anyedge, v000002a3dde16c50_0, v000002a3dde16e30_0, v000002a3dde16890_0;
S_000002a3ddea4a80 .scope begin, "adder_gates" "adder_gates" 7 12, 7 12 0, S_000002a3ddea4120;
 .timescale -9 -12;
S_000002a3ddea45d0 .scope generate, "ripple_carry[9]" "ripple_carry[9]" 6 22, 6 22 0, S_000002a3dddd6330;
 .timescale -9 -12;
P_000002a3dde524d0 .param/l "i" 0 6 22, +C4<01001>;
S_000002a3ddea4da0 .scope module, "ADDER" "adder_1" 6 23, 7 6 0, S_000002a3ddea45d0;
 .timescale -9 -12;
    .port_info 0 /INPUT 1 "a";
    .port_info 1 /INPUT 1 "b";
    .port_info 2 /INPUT 1 "c_in";
    .port_info 3 /OUTPUT 1 "sum";
    .port_info 4 /OUTPUT 1 "c_out";
v000002a3dde16390_0 .net "a", 0 0, L_000002a3ddebaba0;  1 drivers
v000002a3dde164d0_0 .net "b", 0 0, L_000002a3ddebb0a0;  1 drivers
v000002a3dde166b0_0 .net "c_in", 0 0, L_000002a3ddebac40;  1 drivers
v000002a3dde16a70_0 .var "c_out", 0 0;
v000002a3ddea63b0_0 .var "sum", 0 0;
E_000002a3dde52650 .event anyedge, v000002a3dde16390_0, v000002a3dde164d0_0, v000002a3dde166b0_0;
S_000002a3ddea4f30 .scope begin, "adder_gates" "adder_gates" 7 12, 7 12 0, S_000002a3ddea4da0;
 .timescale -9 -12;
S_000002a3ddea53e0 .scope generate, "ripple_carry[10]" "ripple_carry[10]" 6 22, 6 22 0, S_000002a3dddd6330;
 .timescale -9 -12;
P_000002a3dde52990 .param/l "i" 0 6 22, +C4<01010>;
S_000002a3ddea50c0 .scope module, "ADDER" "adder_1" 6 23, 7 6 0, S_000002a3ddea53e0;
 .timescale -9 -12;
    .port_info 0 /INPUT 1 "a";
    .port_info 1 /INPUT 1 "b";
    .port_info 2 /INPUT 1 "c_in";
    .port_info 3 /OUTPUT 1 "sum";
    .port_info 4 /OUTPUT 1 "c_out";
v000002a3ddea77b0_0 .net "a", 0 0, L_000002a3ddeba240;  1 drivers
v000002a3ddea6f90_0 .net "b", 0 0, L_000002a3ddebae20;  1 drivers
v000002a3ddea75d0_0 .net "c_in", 0 0, L_000002a3ddebaec0;  1 drivers
v000002a3ddea7fd0_0 .var "c_out", 0 0;
v000002a3ddea78f0_0 .var "sum", 0 0;
E_000002a3dde52a10 .event anyedge, v000002a3ddea77b0_0, v000002a3ddea6f90_0, v000002a3ddea75d0_0;
S_000002a3ddea42b0 .scope begin, "adder_gates" "adder_gates" 7 12, 7 12 0, S_000002a3ddea50c0;
 .timescale -9 -12;
S_000002a3ddea5570 .scope generate, "ripple_carry[11]" "ripple_carry[11]" 6 22, 6 22 0, S_000002a3dddd6330;
 .timescale -9 -12;
P_000002a3dde51f90 .param/l "i" 0 6 22, +C4<01011>;
S_000002a3ddea5700 .scope module, "ADDER" "adder_1" 6 23, 7 6 0, S_000002a3ddea5570;
 .timescale -9 -12;
    .port_info 0 /INPUT 1 "a";
    .port_info 1 /INPUT 1 "b";
    .port_info 2 /INPUT 1 "c_in";
    .port_info 3 /OUTPUT 1 "sum";
    .port_info 4 /OUTPUT 1 "c_out";
v000002a3ddea7ad0_0 .net "a", 0 0, L_000002a3ddebace0;  1 drivers
v000002a3ddea7210_0 .net "b", 0 0, L_000002a3ddeba7e0;  1 drivers
v000002a3ddea7df0_0 .net "c_in", 0 0, L_000002a3ddeba420;  1 drivers
v000002a3ddea6c70_0 .var "c_out", 0 0;
v000002a3ddea69f0_0 .var "sum", 0 0;
E_000002a3dde52510 .event anyedge, v000002a3ddea7ad0_0, v000002a3ddea7210_0, v000002a3ddea7df0_0;
S_000002a3ddea4440 .scope begin, "adder_gates" "adder_gates" 7 12, 7 12 0, S_000002a3ddea5700;
 .timescale -9 -12;
S_000002a3ddea5a20 .scope generate, "ripple_carry[12]" "ripple_carry[12]" 6 22, 6 22 0, S_000002a3dddd6330;
 .timescale -9 -12;
P_000002a3dde51f10 .param/l "i" 0 6 22, +C4<01100>;
S_000002a3ddea4760 .scope module, "ADDER" "adder_1" 6 23, 7 6 0, S_000002a3ddea5a20;
 .timescale -9 -12;
    .port_info 0 /INPUT 1 "a";
    .port_info 1 /INPUT 1 "b";
    .port_info 2 /INPUT 1 "c_in";
    .port_info 3 /OUTPUT 1 "sum";
    .port_info 4 /OUTPUT 1 "c_out";
v000002a3ddea6db0_0 .net "a", 0 0, L_000002a3ddeba880;  1 drivers
v000002a3ddea7670_0 .net "b", 0 0, L_000002a3ddebb000;  1 drivers
v000002a3ddea6130_0 .net "c_in", 0 0, L_000002a3ddeba600;  1 drivers
v000002a3ddea6d10_0 .var "c_out", 0 0;
v000002a3ddea73f0_0 .var "sum", 0 0;
E_000002a3dde525d0 .event anyedge, v000002a3ddea6db0_0, v000002a3ddea7670_0, v000002a3ddea6130_0;
S_000002a3ddea5250 .scope begin, "adder_gates" "adder_gates" 7 12, 7 12 0, S_000002a3ddea4760;
 .timescale -9 -12;
S_000002a3ddeb0c40 .scope generate, "ripple_carry[13]" "ripple_carry[13]" 6 22, 6 22 0, S_000002a3dddd6330;
 .timescale -9 -12;
P_000002a3dde51d50 .param/l "i" 0 6 22, +C4<01101>;
S_000002a3ddeb1280 .scope module, "ADDER" "adder_1" 6 23, 7 6 0, S_000002a3ddeb0c40;
 .timescale -9 -12;
    .port_info 0 /INPUT 1 "a";
    .port_info 1 /INPUT 1 "b";
    .port_info 2 /INPUT 1 "c_in";
    .port_info 3 /OUTPUT 1 "sum";
    .port_info 4 /OUTPUT 1 "c_out";
v000002a3ddea7710_0 .net "a", 0 0, L_000002a3ddeba560;  1 drivers
v000002a3ddea7350_0 .net "b", 0 0, L_000002a3ddeba2e0;  1 drivers
v000002a3ddea7e90_0 .net "c_in", 0 0, L_000002a3ddebc3d0;  1 drivers
v000002a3ddea6a90_0 .var "c_out", 0 0;
v000002a3ddea6450_0 .var "sum", 0 0;
E_000002a3dde51dd0 .event anyedge, v000002a3ddea7710_0, v000002a3ddea7350_0, v000002a3ddea7e90_0;
S_000002a3ddeb15a0 .scope begin, "adder_gates" "adder_gates" 7 12, 7 12 0, S_000002a3ddeb1280;
 .timescale -9 -12;
S_000002a3ddeb1be0 .scope generate, "ripple_carry[14]" "ripple_carry[14]" 6 22, 6 22 0, S_000002a3dddd6330;
 .timescale -9 -12;
P_000002a3dde52890 .param/l "i" 0 6 22, +C4<01110>;
S_000002a3ddeb1730 .scope module, "ADDER" "adder_1" 6 23, 7 6 0, S_000002a3ddeb1be0;
 .timescale -9 -12;
    .port_info 0 /INPUT 1 "a";
    .port_info 1 /INPUT 1 "b";
    .port_info 2 /INPUT 1 "c_in";
    .port_info 3 /OUTPUT 1 "sum";
    .port_info 4 /OUTPUT 1 "c_out";
v000002a3ddea7850_0 .net "a", 0 0, L_000002a3ddebb610;  1 drivers
v000002a3ddea72b0_0 .net "b", 0 0, L_000002a3ddebc8d0;  1 drivers
v000002a3ddea68b0_0 .net "c_in", 0 0, L_000002a3ddebb9d0;  1 drivers
v000002a3ddea7990_0 .var "c_out", 0 0;
v000002a3ddea6bd0_0 .var "sum", 0 0;
E_000002a3dde527d0 .event anyedge, v000002a3ddea7850_0, v000002a3ddea72b0_0, v000002a3ddea68b0_0;
S_000002a3ddeb18c0 .scope begin, "adder_gates" "adder_gates" 7 12, 7 12 0, S_000002a3ddeb1730;
 .timescale -9 -12;
S_000002a3ddeb0ab0 .scope generate, "ripple_carry[15]" "ripple_carry[15]" 6 22, 6 22 0, S_000002a3dddd6330;
 .timescale -9 -12;
P_000002a3dde52810 .param/l "i" 0 6 22, +C4<01111>;
S_000002a3ddeb1d70 .scope module, "ADDER" "adder_1" 6 23, 7 6 0, S_000002a3ddeb0ab0;
 .timescale -9 -12;
    .port_info 0 /INPUT 1 "a";
    .port_info 1 /INPUT 1 "b";
    .port_info 2 /INPUT 1 "c_in";
    .port_info 3 /OUTPUT 1 "sum";
    .port_info 4 /OUTPUT 1 "c_out";
v000002a3ddea6770_0 .net "a", 0 0, L_000002a3ddebc830;  1 drivers
v000002a3ddea64f0_0 .net "b", 0 0, L_000002a3ddebb6b0;  1 drivers
v000002a3ddea6e50_0 .net "c_in", 0 0, L_000002a3ddebc970;  1 drivers
v000002a3ddea7170_0 .var "c_out", 0 0;
v000002a3ddea6ef0_0 .var "sum", 0 0;
E_000002a3dde528d0 .event anyedge, v000002a3ddea6770_0, v000002a3ddea64f0_0, v000002a3ddea6e50_0;
S_000002a3ddeb1a50 .scope begin, "adder_gates" "adder_gates" 7 12, 7 12 0, S_000002a3ddeb1d70;
 .timescale -9 -12;
S_000002a3ddeb0dd0 .scope generate, "ripple_carry[16]" "ripple_carry[16]" 6 22, 6 22 0, S_000002a3dddd6330;
 .timescale -9 -12;
P_000002a3dde52a50 .param/l "i" 0 6 22, +C4<010000>;
S_000002a3ddeb1f00 .scope module, "ADDER" "adder_1" 6 23, 7 6 0, S_000002a3ddeb0dd0;
 .timescale -9 -12;
    .port_info 0 /INPUT 1 "a";
    .port_info 1 /INPUT 1 "b";
    .port_info 2 /INPUT 1 "c_in";
    .port_info 3 /OUTPUT 1 "sum";
    .port_info 4 /OUTPUT 1 "c_out";
v000002a3ddea7cb0_0 .net "a", 0 0, L_000002a3ddebc150;  1 drivers
v000002a3ddea7490_0 .net "b", 0 0, L_000002a3ddebca10;  1 drivers
v000002a3ddea61d0_0 .net "c_in", 0 0, L_000002a3ddebb930;  1 drivers
v000002a3ddea66d0_0 .var "c_out", 0 0;
v000002a3ddea7f30_0 .var "sum", 0 0;
E_000002a3dde52910 .event anyedge, v000002a3ddea7cb0_0, v000002a3ddea7490_0, v000002a3ddea61d0_0;
S_000002a3ddeb0f60 .scope begin, "adder_gates" "adder_gates" 7 12, 7 12 0, S_000002a3ddeb1f00;
 .timescale -9 -12;
S_000002a3ddeb0150 .scope generate, "ripple_carry[17]" "ripple_carry[17]" 6 22, 6 22 0, S_000002a3dddd6330;
 .timescale -9 -12;
P_000002a3dde52050 .param/l "i" 0 6 22, +C4<010001>;
S_000002a3ddeb02e0 .scope module, "ADDER" "adder_1" 6 23, 7 6 0, S_000002a3ddeb0150;
 .timescale -9 -12;
    .port_info 0 /INPUT 1 "a";
    .port_info 1 /INPUT 1 "b";
    .port_info 2 /INPUT 1 "c_in";
    .port_info 3 /OUTPUT 1 "sum";
    .port_info 4 /OUTPUT 1 "c_out";
v000002a3ddea7030_0 .net "a", 0 0, L_000002a3ddebbbb0;  1 drivers
v000002a3ddea6270_0 .net "b", 0 0, L_000002a3ddebbd90;  1 drivers
v000002a3ddea6950_0 .net "c_in", 0 0, L_000002a3ddebc510;  1 drivers
v000002a3ddea7530_0 .var "c_out", 0 0;
v000002a3ddea70d0_0 .var "sum", 0 0;
E_000002a3dde520d0 .event anyedge, v000002a3ddea7030_0, v000002a3ddea6270_0, v000002a3ddea6950_0;
S_000002a3ddeb0470 .scope begin, "adder_gates" "adder_gates" 7 12, 7 12 0, S_000002a3ddeb02e0;
 .timescale -9 -12;
S_000002a3ddeb1410 .scope generate, "ripple_carry[18]" "ripple_carry[18]" 6 22, 6 22 0, S_000002a3dddd6330;
 .timescale -9 -12;
P_000002a3dde52950 .param/l "i" 0 6 22, +C4<010010>;
S_000002a3ddeb0600 .scope module, "ADDER" "adder_1" 6 23, 7 6 0, S_000002a3ddeb1410;
 .timescale -9 -12;
    .port_info 0 /INPUT 1 "a";
    .port_info 1 /INPUT 1 "b";
    .port_info 2 /INPUT 1 "c_in";
    .port_info 3 /OUTPUT 1 "sum";
    .port_info 4 /OUTPUT 1 "c_out";
v000002a3ddea6310_0 .net "a", 0 0, L_000002a3ddebbf70;  1 drivers
v000002a3ddea7a30_0 .net "b", 0 0, L_000002a3ddebc5b0;  1 drivers
v000002a3ddea7b70_0 .net "c_in", 0 0, L_000002a3ddebc0b0;  1 drivers
v000002a3ddea7c10_0 .var "c_out", 0 0;
v000002a3ddea6590_0 .var "sum", 0 0;
E_000002a3dde529d0 .event anyedge, v000002a3ddea6310_0, v000002a3ddea7a30_0, v000002a3ddea7b70_0;
S_000002a3ddeb0790 .scope begin, "adder_gates" "adder_gates" 7 12, 7 12 0, S_000002a3ddeb0600;
 .timescale -9 -12;
S_000002a3ddeb0920 .scope generate, "ripple_carry[19]" "ripple_carry[19]" 6 22, 6 22 0, S_000002a3dddd6330;
 .timescale -9 -12;
P_000002a3dde52a90 .param/l "i" 0 6 22, +C4<010011>;
S_000002a3ddeb10f0 .scope module, "ADDER" "adder_1" 6 23, 7 6 0, S_000002a3ddeb0920;
 .timescale -9 -12;
    .port_info 0 /INPUT 1 "a";
    .port_info 1 /INPUT 1 "b";
    .port_info 2 /INPUT 1 "c_in";
    .port_info 3 /OUTPUT 1 "sum";
    .port_info 4 /OUTPUT 1 "c_out";
v000002a3ddea7d50_0 .net "a", 0 0, L_000002a3ddebb7f0;  1 drivers
v000002a3ddea6630_0 .net "b", 0 0, L_000002a3ddebbe30;  1 drivers
v000002a3ddea6810_0 .net "c_in", 0 0, L_000002a3ddebc010;  1 drivers
v000002a3ddea6b30_0 .var "c_out", 0 0;
v000002a3ddeb5d90_0 .var "sum", 0 0;
E_000002a3dde51bd0 .event anyedge, v000002a3ddea7d50_0, v000002a3ddea6630_0, v000002a3ddea6810_0;
S_000002a3ddeb3f10 .scope begin, "adder_gates" "adder_gates" 7 12, 7 12 0, S_000002a3ddeb10f0;
 .timescale -9 -12;
S_000002a3ddeb2f70 .scope generate, "ripple_carry[20]" "ripple_carry[20]" 6 22, 6 22 0, S_000002a3dddd6330;
 .timescale -9 -12;
P_000002a3dde51c10 .param/l "i" 0 6 22, +C4<010100>;
S_000002a3ddeb2480 .scope module, "ADDER" "adder_1" 6 23, 7 6 0, S_000002a3ddeb2f70;
 .timescale -9 -12;
    .port_info 0 /INPUT 1 "a";
    .port_info 1 /INPUT 1 "b";
    .port_info 2 /INPUT 1 "c_in";
    .port_info 3 /OUTPUT 1 "sum";
    .port_info 4 /OUTPUT 1 "c_out";
v000002a3ddeb4cb0_0 .net "a", 0 0, L_000002a3ddebcf10;  1 drivers
v000002a3ddeb52f0_0 .net "b", 0 0, L_000002a3ddebc470;  1 drivers
v000002a3ddeb5610_0 .net "c_in", 0 0, L_000002a3ddebb890;  1 drivers
v000002a3ddeb4a30_0 .var "c_out", 0 0;
v000002a3ddeb4670_0 .var "sum", 0 0;
E_000002a3dde51c90 .event anyedge, v000002a3ddeb4cb0_0, v000002a3ddeb52f0_0, v000002a3ddeb5610_0;
S_000002a3ddeb2930 .scope begin, "adder_gates" "adder_gates" 7 12, 7 12 0, S_000002a3ddeb2480;
 .timescale -9 -12;
S_000002a3ddeb3290 .scope generate, "ripple_carry[21]" "ripple_carry[21]" 6 22, 6 22 0, S_000002a3dddd6330;
 .timescale -9 -12;
P_000002a3dde51d10 .param/l "i" 0 6 22, +C4<010101>;
S_000002a3ddeb2160 .scope module, "ADDER" "adder_1" 6 23, 7 6 0, S_000002a3ddeb3290;
 .timescale -9 -12;
    .port_info 0 /INPUT 1 "a";
    .port_info 1 /INPUT 1 "b";
    .port_info 2 /INPUT 1 "c_in";
    .port_info 3 /OUTPUT 1 "sum";
    .port_info 4 /OUTPUT 1 "c_out";
v000002a3ddeb48f0_0 .net "a", 0 0, L_000002a3ddebbed0;  1 drivers
v000002a3ddeb4fd0_0 .net "b", 0 0, L_000002a3ddebc1f0;  1 drivers
v000002a3ddeb5570_0 .net "c_in", 0 0, L_000002a3ddebc650;  1 drivers
v000002a3ddeb4710_0 .var "c_out", 0 0;
v000002a3ddeb4850_0 .var "sum", 0 0;
E_000002a3dde51e90 .event anyedge, v000002a3ddeb48f0_0, v000002a3ddeb4fd0_0, v000002a3ddeb5570_0;
S_000002a3ddeb3a60 .scope begin, "adder_gates" "adder_gates" 7 12, 7 12 0, S_000002a3ddeb2160;
 .timescale -9 -12;
S_000002a3ddeb2610 .scope generate, "ripple_carry[22]" "ripple_carry[22]" 6 22, 6 22 0, S_000002a3dddd6330;
 .timescale -9 -12;
P_000002a3dde51ed0 .param/l "i" 0 6 22, +C4<010110>;
S_000002a3ddeb27a0 .scope module, "ADDER" "adder_1" 6 23, 7 6 0, S_000002a3ddeb2610;
 .timescale -9 -12;
    .port_info 0 /INPUT 1 "a";
    .port_info 1 /INPUT 1 "b";
    .port_info 2 /INPUT 1 "c_in";
    .port_info 3 /OUTPUT 1 "sum";
    .port_info 4 /OUTPUT 1 "c_out";
v000002a3ddeb43f0_0 .net "a", 0 0, L_000002a3ddebba70;  1 drivers
v000002a3ddeb5250_0 .net "b", 0 0, L_000002a3ddebc6f0;  1 drivers
v000002a3ddeb5bb0_0 .net "c_in", 0 0, L_000002a3ddebbcf0;  1 drivers
v000002a3ddeb4990_0 .var "c_out", 0 0;
v000002a3ddeb4ad0_0 .var "sum", 0 0;
E_000002a3dde51fd0 .event anyedge, v000002a3ddeb43f0_0, v000002a3ddeb5250_0, v000002a3ddeb5bb0_0;
S_000002a3ddeb3420 .scope begin, "adder_gates" "adder_gates" 7 12, 7 12 0, S_000002a3ddeb27a0;
 .timescale -9 -12;
S_000002a3ddeb38d0 .scope generate, "ripple_carry[23]" "ripple_carry[23]" 6 22, 6 22 0, S_000002a3dddd6330;
 .timescale -9 -12;
P_000002a3dde52010 .param/l "i" 0 6 22, +C4<010111>;
S_000002a3ddeb35b0 .scope module, "ADDER" "adder_1" 6 23, 7 6 0, S_000002a3ddeb38d0;
 .timescale -9 -12;
    .port_info 0 /INPUT 1 "a";
    .port_info 1 /INPUT 1 "b";
    .port_info 2 /INPUT 1 "c_in";
    .port_info 3 /OUTPUT 1 "sum";
    .port_info 4 /OUTPUT 1 "c_out";
v000002a3ddeb5cf0_0 .net "a", 0 0, L_000002a3ddebb2f0;  1 drivers
v000002a3ddeb54d0_0 .net "b", 0 0, L_000002a3ddebc790;  1 drivers
v000002a3ddeb5b10_0 .net "c_in", 0 0, L_000002a3ddebcab0;  1 drivers
v000002a3ddeb51b0_0 .var "c_out", 0 0;
v000002a3ddeb5a70_0 .var "sum", 0 0;
E_000002a3dde52090 .event anyedge, v000002a3ddeb5cf0_0, v000002a3ddeb54d0_0, v000002a3ddeb5b10_0;
S_000002a3ddeb2ac0 .scope begin, "adder_gates" "adder_gates" 7 12, 7 12 0, S_000002a3ddeb35b0;
 .timescale -9 -12;
S_000002a3ddeb3bf0 .scope generate, "ripple_carry[24]" "ripple_carry[24]" 6 22, 6 22 0, S_000002a3dddd6330;
 .timescale -9 -12;
P_000002a3dde52110 .param/l "i" 0 6 22, +C4<011000>;
S_000002a3ddeb3d80 .scope module, "ADDER" "adder_1" 6 23, 7 6 0, S_000002a3ddeb3bf0;
 .timescale -9 -12;
    .port_info 0 /INPUT 1 "a";
    .port_info 1 /INPUT 1 "b";
    .port_info 2 /INPUT 1 "c_in";
    .port_info 3 /OUTPUT 1 "sum";
    .port_info 4 /OUTPUT 1 "c_out";
v000002a3ddeb47b0_0 .net "a", 0 0, L_000002a3ddebcdd0;  1 drivers
v000002a3ddeb4350_0 .net "b", 0 0, L_000002a3ddebce70;  1 drivers
v000002a3ddeb4c10_0 .net "c_in", 0 0, L_000002a3ddebc290;  1 drivers
v000002a3ddeb5110_0 .var "c_out", 0 0;
v000002a3ddeb4b70_0 .var "sum", 0 0;
E_000002a3dde52150 .event anyedge, v000002a3ddeb47b0_0, v000002a3ddeb4350_0, v000002a3ddeb4c10_0;
S_000002a3ddeb22f0 .scope begin, "adder_gates" "adder_gates" 7 12, 7 12 0, S_000002a3ddeb3d80;
 .timescale -9 -12;
S_000002a3ddeb2c50 .scope generate, "ripple_carry[25]" "ripple_carry[25]" 6 22, 6 22 0, S_000002a3dddd6330;
 .timescale -9 -12;
P_000002a3dde4fa90 .param/l "i" 0 6 22, +C4<011001>;
S_000002a3ddeb2de0 .scope module, "ADDER" "adder_1" 6 23, 7 6 0, S_000002a3ddeb2c50;
 .timescale -9 -12;
    .port_info 0 /INPUT 1 "a";
    .port_info 1 /INPUT 1 "b";
    .port_info 2 /INPUT 1 "c_in";
    .port_info 3 /OUTPUT 1 "sum";
    .port_info 4 /OUTPUT 1 "c_out";
v000002a3ddeb5c50_0 .net "a", 0 0, L_000002a3ddebc330;  1 drivers
v000002a3ddeb5390_0 .net "b", 0 0, L_000002a3ddebbb10;  1 drivers
v000002a3ddeb6010_0 .net "c_in", 0 0, L_000002a3ddebcb50;  1 drivers
v000002a3ddeb45d0_0 .var "c_out", 0 0;
v000002a3ddeb5e30_0 .var "sum", 0 0;
E_000002a3dde4f510 .event anyedge, v000002a3ddeb5c50_0, v000002a3ddeb5390_0, v000002a3ddeb6010_0;
S_000002a3ddeb3100 .scope begin, "adder_gates" "adder_gates" 7 12, 7 12 0, S_000002a3ddeb2de0;
 .timescale -9 -12;
S_000002a3ddeb3740 .scope generate, "ripple_carry[26]" "ripple_carry[26]" 6 22, 6 22 0, S_000002a3dddd6330;
 .timescale -9 -12;
P_000002a3dde4f010 .param/l "i" 0 6 22, +C4<011010>;
S_000002a3ddeb7760 .scope module, "ADDER" "adder_1" 6 23, 7 6 0, S_000002a3ddeb3740;
 .timescale -9 -12;
    .port_info 0 /INPUT 1 "a";
    .port_info 1 /INPUT 1 "b";
    .port_info 2 /INPUT 1 "c_in";
    .port_info 3 /OUTPUT 1 "sum";
    .port_info 4 /OUTPUT 1 "c_out";
v000002a3ddeb56b0_0 .net "a", 0 0, L_000002a3ddebcbf0;  1 drivers
v000002a3ddeb4d50_0 .net "b", 0 0, L_000002a3ddebcc90;  1 drivers
v000002a3ddeb5930_0 .net "c_in", 0 0, L_000002a3ddebbc50;  1 drivers
v000002a3ddeb4df0_0 .var "c_out", 0 0;
v000002a3ddeb5430_0 .var "sum", 0 0;
E_000002a3dde4f490 .event anyedge, v000002a3ddeb56b0_0, v000002a3ddeb4d50_0, v000002a3ddeb5930_0;
S_000002a3ddeb7440 .scope begin, "adder_gates" "adder_gates" 7 12, 7 12 0, S_000002a3ddeb7760;
 .timescale -9 -12;
S_000002a3ddeb72b0 .scope generate, "ripple_carry[27]" "ripple_carry[27]" 6 22, 6 22 0, S_000002a3dddd6330;
 .timescale -9 -12;
P_000002a3dde4ee50 .param/l "i" 0 6 22, +C4<011011>;
S_000002a3ddeb67c0 .scope module, "ADDER" "adder_1" 6 23, 7 6 0, S_000002a3ddeb72b0;
 .timescale -9 -12;
    .port_info 0 /INPUT 1 "a";
    .port_info 1 /INPUT 1 "b";
    .port_info 2 /INPUT 1 "c_in";
    .port_info 3 /OUTPUT 1 "sum";
    .port_info 4 /OUTPUT 1 "c_out";
v000002a3ddeb4e90_0 .net "a", 0 0, L_000002a3ddebcd30;  1 drivers
v000002a3ddeb5750_0 .net "b", 0 0, L_000002a3ddebcfb0;  1 drivers
v000002a3ddeb4490_0 .net "c_in", 0 0, L_000002a3ddebd050;  1 drivers
v000002a3ddeb4530_0 .var "c_out", 0 0;
v000002a3ddeb57f0_0 .var "sum", 0 0;
E_000002a3dde4f0d0 .event anyedge, v000002a3ddeb4e90_0, v000002a3ddeb5750_0, v000002a3ddeb4490_0;
S_000002a3ddeb7120 .scope begin, "adder_gates" "adder_gates" 7 12, 7 12 0, S_000002a3ddeb67c0;
 .timescale -9 -12;
S_000002a3ddeb6f90 .scope generate, "ripple_carry[28]" "ripple_carry[28]" 6 22, 6 22 0, S_000002a3dddd6330;
 .timescale -9 -12;
P_000002a3dde4f910 .param/l "i" 0 6 22, +C4<011100>;
S_000002a3ddeb6950 .scope module, "ADDER" "adder_1" 6 23, 7 6 0, S_000002a3ddeb6f90;
 .timescale -9 -12;
    .port_info 0 /INPUT 1 "a";
    .port_info 1 /INPUT 1 "b";
    .port_info 2 /INPUT 1 "c_in";
    .port_info 3 /OUTPUT 1 "sum";
    .port_info 4 /OUTPUT 1 "c_out";
v000002a3ddeb5ed0_0 .net "a", 0 0, L_000002a3ddebb1b0;  1 drivers
v000002a3ddeb4f30_0 .net "b", 0 0, L_000002a3ddebb250;  1 drivers
v000002a3ddeb5890_0 .net "c_in", 0 0, L_000002a3ddebb390;  1 drivers
v000002a3ddeb59d0_0 .var "c_out", 0 0;
v000002a3ddeb5070_0 .var "sum", 0 0;
E_000002a3dde4f290 .event anyedge, v000002a3ddeb5ed0_0, v000002a3ddeb4f30_0, v000002a3ddeb5890_0;
S_000002a3ddeb7c10 .scope begin, "adder_gates" "adder_gates" 7 12, 7 12 0, S_000002a3ddeb6950;
 .timescale -9 -12;
S_000002a3ddeb75d0 .scope generate, "ripple_carry[29]" "ripple_carry[29]" 6 22, 6 22 0, S_000002a3dddd6330;
 .timescale -9 -12;
P_000002a3dde4fb10 .param/l "i" 0 6 22, +C4<011101>;
S_000002a3ddeb7a80 .scope module, "ADDER" "adder_1" 6 23, 7 6 0, S_000002a3ddeb75d0;
 .timescale -9 -12;
    .port_info 0 /INPUT 1 "a";
    .port_info 1 /INPUT 1 "b";
    .port_info 2 /INPUT 1 "c_in";
    .port_info 3 /OUTPUT 1 "sum";
    .port_info 4 /OUTPUT 1 "c_out";
v000002a3ddeb5f70_0 .net "a", 0 0, L_000002a3ddebb430;  1 drivers
v000002a3ddeb4170_0 .net "b", 0 0, L_000002a3ddebb4d0;  1 drivers
v000002a3ddeb4210_0 .net "c_in", 0 0, L_000002a3ddebb570;  1 drivers
v000002a3ddeb42b0_0 .var "c_out", 0 0;
v000002a3ddeb9630_0 .var "sum", 0 0;
E_000002a3dde4f850 .event anyedge, v000002a3ddeb5f70_0, v000002a3ddeb4170_0, v000002a3ddeb4210_0;
S_000002a3ddeb6ae0 .scope begin, "adder_gates" "adder_gates" 7 12, 7 12 0, S_000002a3ddeb7a80;
 .timescale -9 -12;
S_000002a3ddeb6c70 .scope generate, "ripple_carry[30]" "ripple_carry[30]" 6 22, 6 22 0, S_000002a3dddd6330;
 .timescale -9 -12;
P_000002a3dde4f710 .param/l "i" 0 6 22, +C4<011110>;
S_000002a3ddeb78f0 .scope module, "ADDER" "adder_1" 6 23, 7 6 0, S_000002a3ddeb6c70;
 .timescale -9 -12;
    .port_info 0 /INPUT 1 "a";
    .port_info 1 /INPUT 1 "b";
    .port_info 2 /INPUT 1 "c_in";
    .port_info 3 /OUTPUT 1 "sum";
    .port_info 4 /OUTPUT 1 "c_out";
v000002a3ddeb9e50_0 .net "a", 0 0, L_000002a3ddebb750;  1 drivers
v000002a3ddeb8690_0 .net "b", 0 0, L_000002a3ddebe8e0;  1 drivers
v000002a3ddeb9770_0 .net "c_in", 0 0, L_000002a3ddebde40;  1 drivers
v000002a3ddeb93b0_0 .var "c_out", 0 0;
v000002a3ddeb9810_0 .var "sum", 0 0;
E_000002a3dde4f950 .event anyedge, v000002a3ddeb9e50_0, v000002a3ddeb8690_0, v000002a3ddeb9770_0;
S_000002a3ddeb6e00 .scope begin, "adder_gates" "adder_gates" 7 12, 7 12 0, S_000002a3ddeb78f0;
 .timescale -9 -12;
S_000002a3ddeb7da0 .scope generate, "ripple_carry[31]" "ripple_carry[31]" 6 22, 6 22 0, S_000002a3dddd6330;
 .timescale -9 -12;
P_000002a3dde4f550 .param/l "i" 0 6 22, +C4<011111>;
S_000002a3ddeb6630 .scope module, "ADDER" "adder_1" 6 23, 7 6 0, S_000002a3ddeb7da0;
 .timescale -9 -12;
    .port_info 0 /INPUT 1 "a";
    .port_info 1 /INPUT 1 "b";
    .port_info 2 /INPUT 1 "c_in";
    .port_info 3 /OUTPUT 1 "sum";
    .port_info 4 /OUTPUT 1 "c_out";
v000002a3ddeb8a50_0 .net "a", 0 0, L_000002a3ddebeac0;  1 drivers
v000002a3ddeb9130_0 .net "b", 0 0, L_000002a3ddebdd00;  1 drivers
v000002a3ddeb85f0_0 .net "c_in", 0 0, L_000002a3ddebd620;  1 drivers
v000002a3ddeb8b90_0 .var "c_out", 0 0;
v000002a3ddeb8d70_0 .var "sum", 0 0;
E_000002a3dde4f890 .event anyedge, v000002a3ddeb8a50_0, v000002a3ddeb9130_0, v000002a3ddeb85f0_0;
S_000002a3ddeb7f30 .scope begin, "adder_gates" "adder_gates" 7 12, 7 12 0, S_000002a3ddeb6630;
 .timescale -9 -12;
S_000002a3ddeb6180 .scope begin, "lt_all_cases" "lt_all_cases" 5 52, 5 52 0, S_000002a3ddb4eb40;
 .timescale -9 -12;
S_000002a3ddeb64a0 .scope task, "check" "check" 3 30, 3 30 0, S_000002a3dde4c2b0;
 .timescale -9 -12;
TD_test_comparators.check ;
    %load/vec4 v000002a3ddeb9590_0;
    %load/vec4 v000002a3ddeb9950_0;
    %cmp/e;
    %flag_get/vec4 4;
    %store/vec4 v000002a3ddeb99f0_0, 0, 1;
    %load/vec4 v000002a3ddeb9590_0;
    %load/vec4 v000002a3ddeb9950_0;
    %cmp/s;
    %flag_get/vec4 5;
    %store/vec4 v000002a3ddeb9c70_0, 0, 1;
    %load/vec4 v000002a3ddeb8f50_0;
    %load/vec4 v000002a3ddeb99f0_0;
    %cmp/ne;
    %jmp/0xz  T_0.0, 6;
    %vpi_call/w 3 36 "$display", "EQ FAIL: a=%0d b=%0d got=%b exp=%b", v000002a3ddeb9590_0, v000002a3ddeb9950_0, v000002a3ddeb8f50_0, v000002a3ddeb99f0_0 {0 0 0};
    ; show_stmt_assign_vector: Get l-value for compressed += operand
    %load/vec4 v000002a3ddeb8870_0;
    %pushi/vec4 1, 0, 32;
    %add;
    %cast2;
    %store/vec4 v000002a3ddeb8870_0, 0, 32;
T_0.0 ;
    %load/vec4 v000002a3ddeb9f90_0;
    %load/vec4 v000002a3ddeb9c70_0;
    %cmp/ne;
    %jmp/0xz  T_0.2, 6;
    %vpi_call/w 3 42 "$display", "LT FAIL: a=%0d b=%0d got=%b exp=%b", v000002a3ddeb9590_0, v000002a3ddeb9950_0, v000002a3ddeb9f90_0, v000002a3ddeb9c70_0 {0 0 0};
    ; show_stmt_assign_vector: Get l-value for compressed += operand
    %load/vec4 v000002a3ddeb8870_0;
    %pushi/vec4 1, 0, 32;
    %add;
    %cast2;
    %store/vec4 v000002a3ddeb8870_0, 0, 32;
T_0.2 ;
    %end;
    .scope S_000002a3ddb4e9b0;
T_1 ;
Ewait_0 .event/or E_000002a3dde52ad0, E_0x0;
    %wait Ewait_0;
    %load/vec4 v000002a3dde3cb80_0;
    %load/vec4 v000002a3dde3d620_0;
    %xnor;
    %and/r;
    %store/vec4 v000002a3dde3be60_0, 0, 1;
    %jmp T_1;
    .thread T_1, $push;
    .scope S_000002a3ddda2ae0;
T_2 ;
Ewait_1 .event/or E_000002a3dde526d0, E_0x0;
    %wait Ewait_1;
    %fork t_1, S_000002a3ddda2c70;
    %jmp t_0;
    .scope S_000002a3ddda2c70;
t_1 ;
    %load/vec4 v000002a3dde3bfa0_0;
    %load/vec4 v000002a3dde3c0e0_0;
    %and;
    %load/vec4 v000002a3dde3bfa0_0;
    %load/vec4 v000002a3dde3c180_0;
    %and;
    %or;
    %load/vec4 v000002a3dde3c0e0_0;
    %load/vec4 v000002a3dde3c180_0;
    %and;
    %or;
    %store/vec4 v000002a3dde3c4a0_0, 0, 1;
    %load/vec4 v000002a3dde3c180_0;
    %load/vec4 v000002a3dde3bfa0_0;
    %xor;
    %load/vec4 v000002a3dde3c0e0_0;
    %xor;
    %store/vec4 v000002a3dde3c540_0, 0, 1;
    %end;
    .scope S_000002a3ddda2ae0;
t_0 %join;
    %jmp T_2;
    .thread T_2, $push;
    .scope S_000002a3dde12180;
T_3 ;
Ewait_2 .event/or E_000002a3dde521d0, E_0x0;
    %wait Ewait_2;
    %fork t_3, S_000002a3dde12310;
    %jmp t_2;
    .scope S_000002a3dde12310;
t_3 ;
    %load/vec4 v000002a3dde3ce00_0;
    %load/vec4 v000002a3dde3cea0_0;
    %and;
    %load/vec4 v000002a3dde3ce00_0;
    %load/vec4 v000002a3dde20d60_0;
    %and;
    %or;
    %load/vec4 v000002a3dde3cea0_0;
    %load/vec4 v000002a3dde20d60_0;
    %and;
    %or;
    %store/vec4 v000002a3dde20900_0, 0, 1;
    %load/vec4 v000002a3dde20d60_0;
    %load/vec4 v000002a3dde3ce00_0;
    %xor;
    %load/vec4 v000002a3dde3cea0_0;
    %xor;
    %store/vec4 v000002a3dde209a0_0, 0, 1;
    %end;
    .scope S_000002a3dde12180;
t_2 %join;
    %jmp T_3;
    .thread T_3, $push;
    .scope S_000002a3dde12630;
T_4 ;
Ewait_3 .event/or E_000002a3dde522d0, E_0x0;
    %wait Ewait_3;
    %fork t_5, S_000002a3dde127c0;
    %jmp t_4;
    .scope S_000002a3dde127c0;
t_5 ;
    %load/vec4 v000002a3dde1f6e0_0;
    %load/vec4 v000002a3dde20540_0;
    %and;
    %load/vec4 v000002a3dde1f6e0_0;
    %load/vec4 v000002a3dde1fb40_0;
    %and;
    %or;
    %load/vec4 v000002a3dde20540_0;
    %load/vec4 v000002a3dde1fb40_0;
    %and;
    %or;
    %store/vec4 v000002a3dde1ffa0_0, 0, 1;
    %load/vec4 v000002a3dde1fb40_0;
    %load/vec4 v000002a3dde1f6e0_0;
    %xor;
    %load/vec4 v000002a3dde20540_0;
    %xor;
    %store/vec4 v000002a3dde20400_0, 0, 1;
    %end;
    .scope S_000002a3dde12630;
t_4 %join;
    %jmp T_4;
    .thread T_4, $push;
    .scope S_000002a3dde8c610;
T_5 ;
Ewait_4 .event/or E_000002a3dde52310, E_0x0;
    %wait Ewait_4;
    %fork t_7, S_000002a3dde8c480;
    %jmp t_6;
    .scope S_000002a3dde8c480;
t_7 ;
    %load/vec4 v000002a3dde200e0_0;
    %load/vec4 v000002a3dde205e0_0;
    %and;
    %load/vec4 v000002a3dde200e0_0;
    %load/vec4 v000002a3dde1f460_0;
    %and;
    %or;
    %load/vec4 v000002a3dde205e0_0;
    %load/vec4 v000002a3dde1f460_0;
    %and;
    %or;
    %store/vec4 v000002a3dde20a40_0, 0, 1;
    %load/vec4 v000002a3dde1f460_0;
    %load/vec4 v000002a3dde200e0_0;
    %xor;
    %load/vec4 v000002a3dde205e0_0;
    %xor;
    %store/vec4 v000002a3dde1f1e0_0, 0, 1;
    %end;
    .scope S_000002a3dde8c610;
t_6 %join;
    %jmp T_5;
    .thread T_5, $push;
    .scope S_000002a3dde8c930;
T_6 ;
Ewait_5 .event/or E_000002a3dde52390, E_0x0;
    %wait Ewait_5;
    %fork t_9, S_000002a3dde8cac0;
    %jmp t_8;
    .scope S_000002a3dde8cac0;
t_9 ;
    %load/vec4 v000002a3dde20180_0;
    %load/vec4 v000002a3dde20b80_0;
    %and;
    %load/vec4 v000002a3dde20180_0;
    %load/vec4 v000002a3dde20c20_0;
    %and;
    %or;
    %load/vec4 v000002a3dde20b80_0;
    %load/vec4 v000002a3dde20c20_0;
    %and;
    %or;
    %store/vec4 v000002a3dde1f500_0, 0, 1;
    %load/vec4 v000002a3dde20c20_0;
    %load/vec4 v000002a3dde20180_0;
    %xor;
    %load/vec4 v000002a3dde20b80_0;
    %xor;
    %store/vec4 v000002a3dde2d730_0, 0, 1;
    %end;
    .scope S_000002a3dde8c930;
t_8 %join;
    %jmp T_6;
    .thread T_6, $push;
    .scope S_000002a3dde8cc50;
T_7 ;
Ewait_6 .event/or E_000002a3dde52750, E_0x0;
    %wait Ewait_6;
    %fork t_11, S_000002a3dde8cf70;
    %jmp t_10;
    .scope S_000002a3dde8cf70;
t_11 ;
    %load/vec4 v000002a3dde2cc90_0;
    %load/vec4 v000002a3dde2bb10_0;
    %and;
    %load/vec4 v000002a3dde2cc90_0;
    %load/vec4 v000002a3dde2c650_0;
    %and;
    %or;
    %load/vec4 v000002a3dde2bb10_0;
    %load/vec4 v000002a3dde2c650_0;
    %and;
    %or;
    %store/vec4 v000002a3dde2b930_0, 0, 1;
    %load/vec4 v000002a3dde2c650_0;
    %load/vec4 v000002a3dde2cc90_0;
    %xor;
    %load/vec4 v000002a3dde2bb10_0;
    %xor;
    %store/vec4 v000002a3dde2c790_0, 0, 1;
    %end;
    .scope S_000002a3dde8cc50;
t_10 %join;
    %jmp T_7;
    .thread T_7, $push;
    .scope S_000002a3ddea5bb0;
T_8 ;
Ewait_7 .event/or E_000002a3dde523d0, E_0x0;
    %wait Ewait_7;
    %fork t_13, S_000002a3ddea5890;
    %jmp t_12;
    .scope S_000002a3ddea5890;
t_13 ;
    %load/vec4 v000002a3dde2bbb0_0;
    %load/vec4 v000002a3dde2bf70_0;
    %and;
    %load/vec4 v000002a3dde2bbb0_0;
    %load/vec4 v000002a3dde2cfb0_0;
    %and;
    %or;
    %load/vec4 v000002a3dde2bf70_0;
    %load/vec4 v000002a3dde2cfb0_0;
    %and;
    %or;
    %store/vec4 v000002a3dde2c0b0_0, 0, 1;
    %load/vec4 v000002a3dde2cfb0_0;
    %load/vec4 v000002a3dde2bbb0_0;
    %xor;
    %load/vec4 v000002a3dde2bf70_0;
    %xor;
    %store/vec4 v000002a3dde2ce70_0, 0, 1;
    %end;
    .scope S_000002a3ddea5bb0;
t_12 %join;
    %jmp T_8;
    .thread T_8, $push;
    .scope S_000002a3ddea5d40;
T_9 ;
Ewait_8 .event/or E_000002a3dde52550, E_0x0;
    %wait Ewait_8;
    %fork t_15, S_000002a3ddea48f0;
    %jmp t_14;
    .scope S_000002a3ddea48f0;
t_15 ;
    %load/vec4 v000002a3dde2cd30_0;
    %load/vec4 v000002a3dde2cf10_0;
    %and;
    %load/vec4 v000002a3dde2cd30_0;
    %load/vec4 v000002a3dde2c150_0;
    %and;
    %or;
    %load/vec4 v000002a3dde2cf10_0;
    %load/vec4 v000002a3dde2c150_0;
    %and;
    %or;
    %store/vec4 v000002a3dde2d0f0_0, 0, 1;
    %load/vec4 v000002a3dde2c150_0;
    %load/vec4 v000002a3dde2cd30_0;
    %xor;
    %load/vec4 v000002a3dde2cf10_0;
    %xor;
    %store/vec4 v000002a3dde2c1f0_0, 0, 1;
    %end;
    .scope S_000002a3ddea5d40;
t_14 %join;
    %jmp T_9;
    .thread T_9, $push;
    .scope S_000002a3ddea4120;
T_10 ;
Ewait_9 .event/or E_000002a3dde52610, E_0x0;
    %wait Ewait_9;
    %fork t_17, S_000002a3ddea4a80;
    %jmp t_16;
    .scope S_000002a3ddea4a80;
t_17 ;
    %load/vec4 v000002a3dde16c50_0;
    %load/vec4 v000002a3dde16e30_0;
    %and;
    %load/vec4 v000002a3dde16c50_0;
    %load/vec4 v000002a3dde16890_0;
    %and;
    %or;
    %load/vec4 v000002a3dde16e30_0;
    %load/vec4 v000002a3dde16890_0;
    %and;
    %or;
    %store/vec4 v000002a3dde16f70_0, 0, 1;
    %load/vec4 v000002a3dde16890_0;
    %load/vec4 v000002a3dde16c50_0;
    %xor;
    %load/vec4 v000002a3dde16e30_0;
    %xor;
    %store/vec4 v000002a3dde169d0_0, 0, 1;
    %end;
    .scope S_000002a3ddea4120;
t_16 %join;
    %jmp T_10;
    .thread T_10, $push;
    .scope S_000002a3ddea4da0;
T_11 ;
Ewait_10 .event/or E_000002a3dde52650, E_0x0;
    %wait Ewait_10;
    %fork t_19, S_000002a3ddea4f30;
    %jmp t_18;
    .scope S_000002a3ddea4f30;
t_19 ;
    %load/vec4 v000002a3dde16390_0;
    %load/vec4 v000002a3dde164d0_0;
    %and;
    %load/vec4 v000002a3dde16390_0;
    %load/vec4 v000002a3dde166b0_0;
    %and;
    %or;
    %load/vec4 v000002a3dde164d0_0;
    %load/vec4 v000002a3dde166b0_0;
    %and;
    %or;
    %store/vec4 v000002a3dde16a70_0, 0, 1;
    %load/vec4 v000002a3dde166b0_0;
    %load/vec4 v000002a3dde16390_0;
    %xor;
    %load/vec4 v000002a3dde164d0_0;
    %xor;
    %store/vec4 v000002a3ddea63b0_0, 0, 1;
    %end;
    .scope S_000002a3ddea4da0;
t_18 %join;
    %jmp T_11;
    .thread T_11, $push;
    .scope S_000002a3ddea50c0;
T_12 ;
Ewait_11 .event/or E_000002a3dde52a10, E_0x0;
    %wait Ewait_11;
    %fork t_21, S_000002a3ddea42b0;
    %jmp t_20;
    .scope S_000002a3ddea42b0;
t_21 ;
    %load/vec4 v000002a3ddea77b0_0;
    %load/vec4 v000002a3ddea6f90_0;
    %and;
    %load/vec4 v000002a3ddea77b0_0;
    %load/vec4 v000002a3ddea75d0_0;
    %and;
    %or;
    %load/vec4 v000002a3ddea6f90_0;
    %load/vec4 v000002a3ddea75d0_0;
    %and;
    %or;
    %store/vec4 v000002a3ddea7fd0_0, 0, 1;
    %load/vec4 v000002a3ddea75d0_0;
    %load/vec4 v000002a3ddea77b0_0;
    %xor;
    %load/vec4 v000002a3ddea6f90_0;
    %xor;
    %store/vec4 v000002a3ddea78f0_0, 0, 1;
    %end;
    .scope S_000002a3ddea50c0;
t_20 %join;
    %jmp T_12;
    .thread T_12, $push;
    .scope S_000002a3ddea5700;
T_13 ;
Ewait_12 .event/or E_000002a3dde52510, E_0x0;
    %wait Ewait_12;
    %fork t_23, S_000002a3ddea4440;
    %jmp t_22;
    .scope S_000002a3ddea4440;
t_23 ;
    %load/vec4 v000002a3ddea7ad0_0;
    %load/vec4 v000002a3ddea7210_0;
    %and;
    %load/vec4 v000002a3ddea7ad0_0;
    %load/vec4 v000002a3ddea7df0_0;
    %and;
    %or;
    %load/vec4 v000002a3ddea7210_0;
    %load/vec4 v000002a3ddea7df0_0;
    %and;
    %or;
    %store/vec4 v000002a3ddea6c70_0, 0, 1;
    %load/vec4 v000002a3ddea7df0_0;
    %load/vec4 v000002a3ddea7ad0_0;
    %xor;
    %load/vec4 v000002a3ddea7210_0;
    %xor;
    %store/vec4 v000002a3ddea69f0_0, 0, 1;
    %end;
    .scope S_000002a3ddea5700;
t_22 %join;
    %jmp T_13;
    .thread T_13, $push;
    .scope S_000002a3ddea4760;
T_14 ;
Ewait_13 .event/or E_000002a3dde525d0, E_0x0;
    %wait Ewait_13;
    %fork t_25, S_000002a3ddea5250;
    %jmp t_24;
    .scope S_000002a3ddea5250;
t_25 ;
    %load/vec4 v000002a3ddea6db0_0;
    %load/vec4 v000002a3ddea7670_0;
    %and;
    %load/vec4 v000002a3ddea6db0_0;
    %load/vec4 v000002a3ddea6130_0;
    %and;
    %or;
    %load/vec4 v000002a3ddea7670_0;
    %load/vec4 v000002a3ddea6130_0;
    %and;
    %or;
    %store/vec4 v000002a3ddea6d10_0, 0, 1;
    %load/vec4 v000002a3ddea6130_0;
    %load/vec4 v000002a3ddea6db0_0;
    %xor;
    %load/vec4 v000002a3ddea7670_0;
    %xor;
    %store/vec4 v000002a3ddea73f0_0, 0, 1;
    %end;
    .scope S_000002a3ddea4760;
t_24 %join;
    %jmp T_14;
    .thread T_14, $push;
    .scope S_000002a3ddeb1280;
T_15 ;
Ewait_14 .event/or E_000002a3dde51dd0, E_0x0;
    %wait Ewait_14;
    %fork t_27, S_000002a3ddeb15a0;
    %jmp t_26;
    .scope S_000002a3ddeb15a0;
t_27 ;
    %load/vec4 v000002a3ddea7710_0;
    %load/vec4 v000002a3ddea7350_0;
    %and;
    %load/vec4 v000002a3ddea7710_0;
    %load/vec4 v000002a3ddea7e90_0;
    %and;
    %or;
    %load/vec4 v000002a3ddea7350_0;
    %load/vec4 v000002a3ddea7e90_0;
    %and;
    %or;
    %store/vec4 v000002a3ddea6a90_0, 0, 1;
    %load/vec4 v000002a3ddea7e90_0;
    %load/vec4 v000002a3ddea7710_0;
    %xor;
    %load/vec4 v000002a3ddea7350_0;
    %xor;
    %store/vec4 v000002a3ddea6450_0, 0, 1;
    %end;
    .scope S_000002a3ddeb1280;
t_26 %join;
    %jmp T_15;
    .thread T_15, $push;
    .scope S_000002a3ddeb1730;
T_16 ;
Ewait_15 .event/or E_000002a3dde527d0, E_0x0;
    %wait Ewait_15;
    %fork t_29, S_000002a3ddeb18c0;
    %jmp t_28;
    .scope S_000002a3ddeb18c0;
t_29 ;
    %load/vec4 v000002a3ddea7850_0;
    %load/vec4 v000002a3ddea72b0_0;
    %and;
    %load/vec4 v000002a3ddea7850_0;
    %load/vec4 v000002a3ddea68b0_0;
    %and;
    %or;
    %load/vec4 v000002a3ddea72b0_0;
    %load/vec4 v000002a3ddea68b0_0;
    %and;
    %or;
    %store/vec4 v000002a3ddea7990_0, 0, 1;
    %load/vec4 v000002a3ddea68b0_0;
    %load/vec4 v000002a3ddea7850_0;
    %xor;
    %load/vec4 v000002a3ddea72b0_0;
    %xor;
    %store/vec4 v000002a3ddea6bd0_0, 0, 1;
    %end;
    .scope S_000002a3ddeb1730;
t_28 %join;
    %jmp T_16;
    .thread T_16, $push;
    .scope S_000002a3ddeb1d70;
T_17 ;
Ewait_16 .event/or E_000002a3dde528d0, E_0x0;
    %wait Ewait_16;
    %fork t_31, S_000002a3ddeb1a50;
    %jmp t_30;
    .scope S_000002a3ddeb1a50;
t_31 ;
    %load/vec4 v000002a3ddea6770_0;
    %load/vec4 v000002a3ddea64f0_0;
    %and;
    %load/vec4 v000002a3ddea6770_0;
    %load/vec4 v000002a3ddea6e50_0;
    %and;
    %or;
    %load/vec4 v000002a3ddea64f0_0;
    %load/vec4 v000002a3ddea6e50_0;
    %and;
    %or;
    %store/vec4 v000002a3ddea7170_0, 0, 1;
    %load/vec4 v000002a3ddea6e50_0;
    %load/vec4 v000002a3ddea6770_0;
    %xor;
    %load/vec4 v000002a3ddea64f0_0;
    %xor;
    %store/vec4 v000002a3ddea6ef0_0, 0, 1;
    %end;
    .scope S_000002a3ddeb1d70;
t_30 %join;
    %jmp T_17;
    .thread T_17, $push;
    .scope S_000002a3ddeb1f00;
T_18 ;
Ewait_17 .event/or E_000002a3dde52910, E_0x0;
    %wait Ewait_17;
    %fork t_33, S_000002a3ddeb0f60;
    %jmp t_32;
    .scope S_000002a3ddeb0f60;
t_33 ;
    %load/vec4 v000002a3ddea7cb0_0;
    %load/vec4 v000002a3ddea7490_0;
    %and;
    %load/vec4 v000002a3ddea7cb0_0;
    %load/vec4 v000002a3ddea61d0_0;
    %and;
    %or;
    %load/vec4 v000002a3ddea7490_0;
    %load/vec4 v000002a3ddea61d0_0;
    %and;
    %or;
    %store/vec4 v000002a3ddea66d0_0, 0, 1;
    %load/vec4 v000002a3ddea61d0_0;
    %load/vec4 v000002a3ddea7cb0_0;
    %xor;
    %load/vec4 v000002a3ddea7490_0;
    %xor;
    %store/vec4 v000002a3ddea7f30_0, 0, 1;
    %end;
    .scope S_000002a3ddeb1f00;
t_32 %join;
    %jmp T_18;
    .thread T_18, $push;
    .scope S_000002a3ddeb02e0;
T_19 ;
Ewait_18 .event/or E_000002a3dde520d0, E_0x0;
    %wait Ewait_18;
    %fork t_35, S_000002a3ddeb0470;
    %jmp t_34;
    .scope S_000002a3ddeb0470;
t_35 ;
    %load/vec4 v000002a3ddea7030_0;
    %load/vec4 v000002a3ddea6270_0;
    %and;
    %load/vec4 v000002a3ddea7030_0;
    %load/vec4 v000002a3ddea6950_0;
    %and;
    %or;
    %load/vec4 v000002a3ddea6270_0;
    %load/vec4 v000002a3ddea6950_0;
    %and;
    %or;
    %store/vec4 v000002a3ddea7530_0, 0, 1;
    %load/vec4 v000002a3ddea6950_0;
    %load/vec4 v000002a3ddea7030_0;
    %xor;
    %load/vec4 v000002a3ddea6270_0;
    %xor;
    %store/vec4 v000002a3ddea70d0_0, 0, 1;
    %end;
    .scope S_000002a3ddeb02e0;
t_34 %join;
    %jmp T_19;
    .thread T_19, $push;
    .scope S_000002a3ddeb0600;
T_20 ;
Ewait_19 .event/or E_000002a3dde529d0, E_0x0;
    %wait Ewait_19;
    %fork t_37, S_000002a3ddeb0790;
    %jmp t_36;
    .scope S_000002a3ddeb0790;
t_37 ;
    %load/vec4 v000002a3ddea6310_0;
    %load/vec4 v000002a3ddea7a30_0;
    %and;
    %load/vec4 v000002a3ddea6310_0;
    %load/vec4 v000002a3ddea7b70_0;
    %and;
    %or;
    %load/vec4 v000002a3ddea7a30_0;
    %load/vec4 v000002a3ddea7b70_0;
    %and;
    %or;
    %store/vec4 v000002a3ddea7c10_0, 0, 1;
    %load/vec4 v000002a3ddea7b70_0;
    %load/vec4 v000002a3ddea6310_0;
    %xor;
    %load/vec4 v000002a3ddea7a30_0;
    %xor;
    %store/vec4 v000002a3ddea6590_0, 0, 1;
    %end;
    .scope S_000002a3ddeb0600;
t_36 %join;
    %jmp T_20;
    .thread T_20, $push;
    .scope S_000002a3ddeb10f0;
T_21 ;
Ewait_20 .event/or E_000002a3dde51bd0, E_0x0;
    %wait Ewait_20;
    %fork t_39, S_000002a3ddeb3f10;
    %jmp t_38;
    .scope S_000002a3ddeb3f10;
t_39 ;
    %load/vec4 v000002a3ddea7d50_0;
    %load/vec4 v000002a3ddea6630_0;
    %and;
    %load/vec4 v000002a3ddea7d50_0;
    %load/vec4 v000002a3ddea6810_0;
    %and;
    %or;
    %load/vec4 v000002a3ddea6630_0;
    %load/vec4 v000002a3ddea6810_0;
    %and;
    %or;
    %store/vec4 v000002a3ddea6b30_0, 0, 1;
    %load/vec4 v000002a3ddea6810_0;
    %load/vec4 v000002a3ddea7d50_0;
    %xor;
    %load/vec4 v000002a3ddea6630_0;
    %xor;
    %store/vec4 v000002a3ddeb5d90_0, 0, 1;
    %end;
    .scope S_000002a3ddeb10f0;
t_38 %join;
    %jmp T_21;
    .thread T_21, $push;
    .scope S_000002a3ddeb2480;
T_22 ;
Ewait_21 .event/or E_000002a3dde51c90, E_0x0;
    %wait Ewait_21;
    %fork t_41, S_000002a3ddeb2930;
    %jmp t_40;
    .scope S_000002a3ddeb2930;
t_41 ;
    %load/vec4 v000002a3ddeb4cb0_0;
    %load/vec4 v000002a3ddeb52f0_0;
    %and;
    %load/vec4 v000002a3ddeb4cb0_0;
    %load/vec4 v000002a3ddeb5610_0;
    %and;
    %or;
    %load/vec4 v000002a3ddeb52f0_0;
    %load/vec4 v000002a3ddeb5610_0;
    %and;
    %or;
    %store/vec4 v000002a3ddeb4a30_0, 0, 1;
    %load/vec4 v000002a3ddeb5610_0;
    %load/vec4 v000002a3ddeb4cb0_0;
    %xor;
    %load/vec4 v000002a3ddeb52f0_0;
    %xor;
    %store/vec4 v000002a3ddeb4670_0, 0, 1;
    %end;
    .scope S_000002a3ddeb2480;
t_40 %join;
    %jmp T_22;
    .thread T_22, $push;
    .scope S_000002a3ddeb2160;
T_23 ;
Ewait_22 .event/or E_000002a3dde51e90, E_0x0;
    %wait Ewait_22;
    %fork t_43, S_000002a3ddeb3a60;
    %jmp t_42;
    .scope S_000002a3ddeb3a60;
t_43 ;
    %load/vec4 v000002a3ddeb48f0_0;
    %load/vec4 v000002a3ddeb4fd0_0;
    %and;
    %load/vec4 v000002a3ddeb48f0_0;
    %load/vec4 v000002a3ddeb5570_0;
    %and;
    %or;
    %load/vec4 v000002a3ddeb4fd0_0;
    %load/vec4 v000002a3ddeb5570_0;
    %and;
    %or;
    %store/vec4 v000002a3ddeb4710_0, 0, 1;
    %load/vec4 v000002a3ddeb5570_0;
    %load/vec4 v000002a3ddeb48f0_0;
    %xor;
    %load/vec4 v000002a3ddeb4fd0_0;
    %xor;
    %store/vec4 v000002a3ddeb4850_0, 0, 1;
    %end;
    .scope S_000002a3ddeb2160;
t_42 %join;
    %jmp T_23;
    .thread T_23, $push;
    .scope S_000002a3ddeb27a0;
T_24 ;
Ewait_23 .event/or E_000002a3dde51fd0, E_0x0;
    %wait Ewait_23;
    %fork t_45, S_000002a3ddeb3420;
    %jmp t_44;
    .scope S_000002a3ddeb3420;
t_45 ;
    %load/vec4 v000002a3ddeb43f0_0;
    %load/vec4 v000002a3ddeb5250_0;
    %and;
    %load/vec4 v000002a3ddeb43f0_0;
    %load/vec4 v000002a3ddeb5bb0_0;
    %and;
    %or;
    %load/vec4 v000002a3ddeb5250_0;
    %load/vec4 v000002a3ddeb5bb0_0;
    %and;
    %or;
    %store/vec4 v000002a3ddeb4990_0, 0, 1;
    %load/vec4 v000002a3ddeb5bb0_0;
    %load/vec4 v000002a3ddeb43f0_0;
    %xor;
    %load/vec4 v000002a3ddeb5250_0;
    %xor;
    %store/vec4 v000002a3ddeb4ad0_0, 0, 1;
    %end;
    .scope S_000002a3ddeb27a0;
t_44 %join;
    %jmp T_24;
    .thread T_24, $push;
    .scope S_000002a3ddeb35b0;
T_25 ;
Ewait_24 .event/or E_000002a3dde52090, E_0x0;
    %wait Ewait_24;
    %fork t_47, S_000002a3ddeb2ac0;
    %jmp t_46;
    .scope S_000002a3ddeb2ac0;
t_47 ;
    %load/vec4 v000002a3ddeb5cf0_0;
    %load/vec4 v000002a3ddeb54d0_0;
    %and;
    %load/vec4 v000002a3ddeb5cf0_0;
    %load/vec4 v000002a3ddeb5b10_0;
    %and;
    %or;
    %load/vec4 v000002a3ddeb54d0_0;
    %load/vec4 v000002a3ddeb5b10_0;
    %and;
    %or;
    %store/vec4 v000002a3ddeb51b0_0, 0, 1;
    %load/vec4 v000002a3ddeb5b10_0;
    %load/vec4 v000002a3ddeb5cf0_0;
    %xor;
    %load/vec4 v000002a3ddeb54d0_0;
    %xor;
    %store/vec4 v000002a3ddeb5a70_0, 0, 1;
    %end;
    .scope S_000002a3ddeb35b0;
t_46 %join;
    %jmp T_25;
    .thread T_25, $push;
    .scope S_000002a3ddeb3d80;
T_26 ;
Ewait_25 .event/or E_000002a3dde52150, E_0x0;
    %wait Ewait_25;
    %fork t_49, S_000002a3ddeb22f0;
    %jmp t_48;
    .scope S_000002a3ddeb22f0;
t_49 ;
    %load/vec4 v000002a3ddeb47b0_0;
    %load/vec4 v000002a3ddeb4350_0;
    %and;
    %load/vec4 v000002a3ddeb47b0_0;
    %load/vec4 v000002a3ddeb4c10_0;
    %and;
    %or;
    %load/vec4 v000002a3ddeb4350_0;
    %load/vec4 v000002a3ddeb4c10_0;
    %and;
    %or;
    %store/vec4 v000002a3ddeb5110_0, 0, 1;
    %load/vec4 v000002a3ddeb4c10_0;
    %load/vec4 v000002a3ddeb47b0_0;
    %xor;
    %load/vec4 v000002a3ddeb4350_0;
    %xor;
    %store/vec4 v000002a3ddeb4b70_0, 0, 1;
    %end;
    .scope S_000002a3ddeb3d80;
t_48 %join;
    %jmp T_26;
    .thread T_26, $push;
    .scope S_000002a3ddeb2de0;
T_27 ;
Ewait_26 .event/or E_000002a3dde4f510, E_0x0;
    %wait Ewait_26;
    %fork t_51, S_000002a3ddeb3100;
    %jmp t_50;
    .scope S_000002a3ddeb3100;
t_51 ;
    %load/vec4 v000002a3ddeb5c50_0;
    %load/vec4 v000002a3ddeb5390_0;
    %and;
    %load/vec4 v000002a3ddeb5c50_0;
    %load/vec4 v000002a3ddeb6010_0;
    %and;
    %or;
    %load/vec4 v000002a3ddeb5390_0;
    %load/vec4 v000002a3ddeb6010_0;
    %and;
    %or;
    %store/vec4 v000002a3ddeb45d0_0, 0, 1;
    %load/vec4 v000002a3ddeb6010_0;
    %load/vec4 v000002a3ddeb5c50_0;
    %xor;
    %load/vec4 v000002a3ddeb5390_0;
    %xor;
    %store/vec4 v000002a3ddeb5e30_0, 0, 1;
    %end;
    .scope S_000002a3ddeb2de0;
t_50 %join;
    %jmp T_27;
    .thread T_27, $push;
    .scope S_000002a3ddeb7760;
T_28 ;
Ewait_27 .event/or E_000002a3dde4f490, E_0x0;
    %wait Ewait_27;
    %fork t_53, S_000002a3ddeb7440;
    %jmp t_52;
    .scope S_000002a3ddeb7440;
t_53 ;
    %load/vec4 v000002a3ddeb56b0_0;
    %load/vec4 v000002a3ddeb4d50_0;
    %and;
    %load/vec4 v000002a3ddeb56b0_0;
    %load/vec4 v000002a3ddeb5930_0;
    %and;
    %or;
    %load/vec4 v000002a3ddeb4d50_0;
    %load/vec4 v000002a3ddeb5930_0;
    %and;
    %or;
    %store/vec4 v000002a3ddeb4df0_0, 0, 1;
    %load/vec4 v000002a3ddeb5930_0;
    %load/vec4 v000002a3ddeb56b0_0;
    %xor;
    %load/vec4 v000002a3ddeb4d50_0;
    %xor;
    %store/vec4 v000002a3ddeb5430_0, 0, 1;
    %end;
    .scope S_000002a3ddeb7760;
t_52 %join;
    %jmp T_28;
    .thread T_28, $push;
    .scope S_000002a3ddeb67c0;
T_29 ;
Ewait_28 .event/or E_000002a3dde4f0d0, E_0x0;
    %wait Ewait_28;
    %fork t_55, S_000002a3ddeb7120;
    %jmp t_54;
    .scope S_000002a3ddeb7120;
t_55 ;
    %load/vec4 v000002a3ddeb4e90_0;
    %load/vec4 v000002a3ddeb5750_0;
    %and;
    %load/vec4 v000002a3ddeb4e90_0;
    %load/vec4 v000002a3ddeb4490_0;
    %and;
    %or;
    %load/vec4 v000002a3ddeb5750_0;
    %load/vec4 v000002a3ddeb4490_0;
    %and;
    %or;
    %store/vec4 v000002a3ddeb4530_0, 0, 1;
    %load/vec4 v000002a3ddeb4490_0;
    %load/vec4 v000002a3ddeb4e90_0;
    %xor;
    %load/vec4 v000002a3ddeb5750_0;
    %xor;
    %store/vec4 v000002a3ddeb57f0_0, 0, 1;
    %end;
    .scope S_000002a3ddeb67c0;
t_54 %join;
    %jmp T_29;
    .thread T_29, $push;
    .scope S_000002a3ddeb6950;
T_30 ;
Ewait_29 .event/or E_000002a3dde4f290, E_0x0;
    %wait Ewait_29;
    %fork t_57, S_000002a3ddeb7c10;
    %jmp t_56;
    .scope S_000002a3ddeb7c10;
t_57 ;
    %load/vec4 v000002a3ddeb5ed0_0;
    %load/vec4 v000002a3ddeb4f30_0;
    %and;
    %load/vec4 v000002a3ddeb5ed0_0;
    %load/vec4 v000002a3ddeb5890_0;
    %and;
    %or;
    %load/vec4 v000002a3ddeb4f30_0;
    %load/vec4 v000002a3ddeb5890_0;
    %and;
    %or;
    %store/vec4 v000002a3ddeb59d0_0, 0, 1;
    %load/vec4 v000002a3ddeb5890_0;
    %load/vec4 v000002a3ddeb5ed0_0;
    %xor;
    %load/vec4 v000002a3ddeb4f30_0;
    %xor;
    %store/vec4 v000002a3ddeb5070_0, 0, 1;
    %end;
    .scope S_000002a3ddeb6950;
t_56 %join;
    %jmp T_30;
    .thread T_30, $push;
    .scope S_000002a3ddeb7a80;
T_31 ;
Ewait_30 .event/or E_000002a3dde4f850, E_0x0;
    %wait Ewait_30;
    %fork t_59, S_000002a3ddeb6ae0;
    %jmp t_58;
    .scope S_000002a3ddeb6ae0;
t_59 ;
    %load/vec4 v000002a3ddeb5f70_0;
    %load/vec4 v000002a3ddeb4170_0;
    %and;
    %load/vec4 v000002a3ddeb5f70_0;
    %load/vec4 v000002a3ddeb4210_0;
    %and;
    %or;
    %load/vec4 v000002a3ddeb4170_0;
    %load/vec4 v000002a3ddeb4210_0;
    %and;
    %or;
    %store/vec4 v000002a3ddeb42b0_0, 0, 1;
    %load/vec4 v000002a3ddeb4210_0;
    %load/vec4 v000002a3ddeb5f70_0;
    %xor;
    %load/vec4 v000002a3ddeb4170_0;
    %xor;
    %store/vec4 v000002a3ddeb9630_0, 0, 1;
    %end;
    .scope S_000002a3ddeb7a80;
t_58 %join;
    %jmp T_31;
    .thread T_31, $push;
    .scope S_000002a3ddeb78f0;
T_32 ;
Ewait_31 .event/or E_000002a3dde4f950, E_0x0;
    %wait Ewait_31;
    %fork t_61, S_000002a3ddeb6e00;
    %jmp t_60;
    .scope S_000002a3ddeb6e00;
t_61 ;
    %load/vec4 v000002a3ddeb9e50_0;
    %load/vec4 v000002a3ddeb8690_0;
    %and;
    %load/vec4 v000002a3ddeb9e50_0;
    %load/vec4 v000002a3ddeb9770_0;
    %and;
    %or;
    %load/vec4 v000002a3ddeb8690_0;
    %load/vec4 v000002a3ddeb9770_0;
    %and;
    %or;
    %store/vec4 v000002a3ddeb93b0_0, 0, 1;
    %load/vec4 v000002a3ddeb9770_0;
    %load/vec4 v000002a3ddeb9e50_0;
    %xor;
    %load/vec4 v000002a3ddeb8690_0;
    %xor;
    %store/vec4 v000002a3ddeb9810_0, 0, 1;
    %end;
    .scope S_000002a3ddeb78f0;
t_60 %join;
    %jmp T_32;
    .thread T_32, $push;
    .scope S_000002a3ddeb6630;
T_33 ;
Ewait_32 .event/or E_000002a3dde4f890, E_0x0;
    %wait Ewait_32;
    %fork t_63, S_000002a3ddeb7f30;
    %jmp t_62;
    .scope S_000002a3ddeb7f30;
t_63 ;
    %load/vec4 v000002a3ddeb8a50_0;
    %load/vec4 v000002a3ddeb9130_0;
    %and;
    %load/vec4 v000002a3ddeb8a50_0;
    %load/vec4 v000002a3ddeb85f0_0;
    %and;
    %or;
    %load/vec4 v000002a3ddeb9130_0;
    %load/vec4 v000002a3ddeb85f0_0;
    %and;
    %or;
    %store/vec4 v000002a3ddeb8b90_0, 0, 1;
    %load/vec4 v000002a3ddeb85f0_0;
    %load/vec4 v000002a3ddeb8a50_0;
    %xor;
    %load/vec4 v000002a3ddeb9130_0;
    %xor;
    %store/vec4 v000002a3ddeb8d70_0, 0, 1;
    %end;
    .scope S_000002a3ddeb6630;
t_62 %join;
    %jmp T_33;
    .thread T_33, $push;
    .scope S_000002a3ddb4eb40;
T_34 ;
Ewait_33 .event/or E_000002a3dde52450, E_0x0;
    %wait Ewait_33;
    %load/vec4 v000002a3ddeb9310_0;
    %inv;
    %store/vec4 v000002a3ddeb8730_0, 0, 32;
    %jmp T_34;
    .thread T_34, $push;
    .scope S_000002a3ddb4eb40;
T_35 ;
Ewait_34 .event/or E_000002a3dde52690, E_0x0;
    %wait Ewait_34;
    %fork t_65, S_000002a3ddeb6180;
    %jmp t_64;
    .scope S_000002a3ddeb6180;
t_65 ;
    %load/vec4 v000002a3ddeb8cd0_0;
    %parti/s 1, 31, 6;
    %load/vec4 v000002a3ddeb9310_0;
    %parti/s 1, 31, 6;
    %inv;
    %and;
    %store/vec4 v000002a3ddeb98b0_0, 0, 1;
    %load/vec4 v000002a3ddeb8cd0_0;
    %parti/s 1, 31, 6;
    %inv;
    %load/vec4 v000002a3ddeb9310_0;
    %parti/s 1, 31, 6;
    %and;
    %store/vec4 v000002a3ddeb8e10_0, 0, 1;
    %load/vec4 v000002a3ddeb8cd0_0;
    %parti/s 1, 31, 6;
    %load/vec4 v000002a3ddeb9310_0;
    %parti/s 1, 31, 6;
    %xor;
    %store/vec4 v000002a3ddeb94f0_0, 0, 1;
    %load/vec4 v000002a3ddeb8e10_0;
    %inv;
    %load/vec4 v000002a3ddeb98b0_0;
    %load/vec4 v000002a3ddeb8eb0_0;
    %parti/s 1, 31, 6;
    %or;
    %and;
    %store/vec4 v000002a3ddeb9bd0_0, 0, 1;
    %end;
    .scope S_000002a3ddb4eb40;
t_64 %join;
    %jmp T_35;
    .thread T_35, $push;
    .scope S_000002a3dde4c2b0;
T_36 ;
    %pushi/vec4 0, 0, 32;
    %store/vec4 v000002a3ddeb8870_0, 0, 32;
    %end;
    .thread T_36, $init;
    .scope S_000002a3dde4c2b0;
T_37 ;
    %vpi_call/w 3 50 "$dumpfile", "comparators.vcd" {0 0 0};
    %vpi_call/w 3 51 "$dumpvars", 32'sb00000000000000000000000000000000, S_000002a3dde4c2b0 {0 0 0};
    %vpi_call/w 3 53 "$display", "Starting comparator tests (N=%0d)", P_000002a3dde51c50 {0 0 0};
    %pushi/vec4 0, 0, 32;
    %store/vec4 v000002a3ddeb9590_0, 0, 32;
    %pushi/vec4 0, 0, 32;
    %store/vec4 v000002a3ddeb9950_0, 0, 32;
    %delay 1000, 0;
    %fork TD_test_comparators.check, S_000002a3ddeb64a0;
    %join;
    %pushi/vec4 4294967295, 0, 32;
    %store/vec4 v000002a3ddeb9590_0, 0, 32;
    %pushi/vec4 1, 0, 32;
    %store/vec4 v000002a3ddeb9950_0, 0, 32;
    %delay 1000, 0;
    %fork TD_test_comparators.check, S_000002a3ddeb64a0;
    %join;
    %pushi/vec4 1, 0, 32;
    %store/vec4 v000002a3ddeb9590_0, 0, 32;
    %pushi/vec4 4294967295, 0, 32;
    %store/vec4 v000002a3ddeb9950_0, 0, 32;
    %delay 1000, 0;
    %fork TD_test_comparators.check, S_000002a3ddeb64a0;
    %join;
    %pushi/vec4 2147483647, 0, 32;
    %store/vec4 v000002a3ddeb9590_0, 0, 32;
    %pushi/vec4 4294967295, 0, 32;
    %store/vec4 v000002a3ddeb9950_0, 0, 32;
    %delay 1000, 0;
    %fork TD_test_comparators.check, S_000002a3ddeb64a0;
    %join;
    %pushi/vec4 2147483648, 0, 32;
    %store/vec4 v000002a3ddeb9590_0, 0, 32;
    %pushi/vec4 1, 0, 32;
    %store/vec4 v000002a3ddeb9950_0, 0, 32;
    %delay 1000, 0;
    %fork TD_test_comparators.check, S_000002a3ddeb64a0;
    %join;
    %pushi/vec4 123456, 0, 32;
    %store/vec4 v000002a3ddeb9590_0, 0, 32;
    %pushi/vec4 123456, 0, 32;
    %store/vec4 v000002a3ddeb9950_0, 0, 32;
    %delay 1000, 0;
    %fork TD_test_comparators.check, S_000002a3ddeb64a0;
    %join;
    %fork t_67, S_000002a3dde4c440;
    %jmp t_66;
    .scope S_000002a3dde4c440;
t_67 ;
    %pushi/vec4 4294967286, 0, 32;
    %store/vec4 v000002a3dde3d3a0_0, 0, 32;
T_37.0 ;
    %load/vec4 v000002a3dde3d3a0_0;
    %cmpi/s 10, 0, 32;
    %flag_or 5, 4;
    %jmp/0xz T_37.1, 5;
    %fork t_69, S_000002a3ddddde20;
    %jmp t_68;
    .scope S_000002a3ddddde20;
t_69 ;
    %pushi/vec4 4294967286, 0, 32;
    %store/vec4 v000002a3dde3bdc0_0, 0, 32;
T_37.2 ;
    %load/vec4 v000002a3dde3bdc0_0;
    %cmpi/s 10, 0, 32;
    %flag_or 5, 4;
    %jmp/0xz T_37.3, 5;
    %load/vec4 v000002a3dde3d3a0_0;
    %store/vec4 v000002a3ddeb9590_0, 0, 32;
    %load/vec4 v000002a3dde3bdc0_0;
    %store/vec4 v000002a3ddeb9950_0, 0, 32;
    %delay 1000, 0;
    %fork TD_test_comparators.check, S_000002a3ddeb64a0;
    %join;
    ; show_stmt_assign_vector: Get l-value for compressed += operand
    %load/vec4 v000002a3dde3bdc0_0;
    %pushi/vec4 1, 0, 32;
    %add;
    %cast2;
    %store/vec4 v000002a3dde3bdc0_0, 0, 32;
    %jmp T_37.2;
T_37.3 ;
    %end;
    .scope S_000002a3dde4c440;
t_68 %join;
    ; show_stmt_assign_vector: Get l-value for compressed += operand
    %load/vec4 v000002a3dde3d3a0_0;
    %pushi/vec4 1, 0, 32;
    %add;
    %cast2;
    %store/vec4 v000002a3dde3d3a0_0, 0, 32;
    %jmp T_37.0;
T_37.1 ;
    %end;
    .scope S_000002a3dde4c2b0;
t_66 %join;
    %fork t_71, S_000002a3dddddfb0;
    %jmp t_70;
    .scope S_000002a3dddddfb0;
t_71 ;
    %pushi/vec4 0, 0, 32;
    %store/vec4 v000002a3dde3c860_0, 0, 32;
T_37.4 ;
    %load/vec4 v000002a3dde3c860_0;
    %cmpi/s 100, 0, 32;
    %jmp/0xz T_37.5, 5;
    %vpi_func 3 86 "$random" 32 {0 0 0};
    %store/vec4 v000002a3ddeb9590_0, 0, 32;
    %vpi_func 3 87 "$random" 32 {0 0 0};
    %store/vec4 v000002a3ddeb9950_0, 0, 32;
    %delay 1000, 0;
    %fork TD_test_comparators.check, S_000002a3ddeb64a0;
    %join;
    ; show_stmt_assign_vector: Get l-value for compressed += operand
    %load/vec4 v000002a3dde3c860_0;
    %pushi/vec4 1, 0, 32;
    %add;
    %cast2;
    %store/vec4 v000002a3dde3c860_0, 0, 32;
    %jmp T_37.4;
T_37.5 ;
    %end;
    .scope S_000002a3dde4c2b0;
t_70 %join;
    %load/vec4 v000002a3ddeb8870_0;
    %cmpi/e 0, 0, 32;
    %jmp/0xz  T_37.6, 4;
    %vpi_call/w 3 96 "$display", "PASS: all comparator tests passed" {0 0 0};
    %jmp T_37.7;
T_37.6 ;
    %vpi_call/w 3 98 "$display", "FAIL: %0d errors found", v000002a3ddeb8870_0 {0 0 0};
T_37.7 ;
    %vpi_call/w 3 100 "$finish" {0 0 0};
    %end;
    .thread T_37;
# The file index is used to find the file name in the following table.
:file_names 8;
    "N/A";
    "<interactive>";
    "-";
    "hdl/icarcus_tests/test_comparators.sv";
    "hdl/comparator_eq.sv";
    "hdl/comparator_lt.sv";
    "hdl/adder_n.sv";
    "hdl/adder_1.sv";
