#! /c/Source/iverilog-install/bin/vvp
:ivl_version "12.0 (devel)" "(s20150603-1539-g2693dd32b)";
:ivl_delay_selection "TYPICAL";
:vpi_time_precision - 12;
:vpi_module "C:\iverilog\lib\ivl\system.vpi";
:vpi_module "C:\iverilog\lib\ivl\vhdl_sys.vpi";
:vpi_module "C:\iverilog\lib\ivl\vhdl_textio.vpi";
:vpi_module "C:\iverilog\lib\ivl\v2005_math.vpi";
:vpi_module "C:\iverilog\lib\ivl\va_math.vpi";
:vpi_module "C:\iverilog\lib\ivl\v2009.vpi";
S_0000017849b16610 .scope package, "$unit" "$unit" 2 1;
 .timescale 0 0;
S_0000017849b167a0 .scope module, "test_adder_1" "test_adder_1" 3 1;
 .timescale 0 0;
v0000017849b24740_0 .var "a", 0 0;
v0000017849b247e0_0 .var "b", 0 0;
v0000017849b24880_0 .var "c_in", 0 0;
v0000017849b24920_0 .net "c_out", 0 0, v0000017849b24600_0;  1 drivers
v0000017849b249c0_0 .net "sum", 0 0, v0000017849b246a0_0;  1 drivers
S_0000017849adcda0 .scope begin, "$ivl_for_loop0" "$ivl_for_loop0" 3 13, 3 13 0, S_0000017849b167a0;
 .timescale 0 0;
v0000017849b16930_0 .var/2s "i", 31 0;
S_0000017849adcf30 .scope module, "UUT" "adder_1" 3 6, 4 6 0, S_0000017849b167a0;
 .timescale -9 -12;
    .port_info 0 /INPUT 1 "a";
    .port_info 1 /INPUT 1 "b";
    .port_info 2 /INPUT 1 "c_in";
    .port_info 3 /OUTPUT 1 "sum";
    .port_info 4 /OUTPUT 1 "c_out";
v0000017849af2f30_0 .net "a", 0 0, v0000017849b24740_0;  1 drivers
v0000017849add0c0_0 .net "b", 0 0, v0000017849b247e0_0;  1 drivers
v0000017849add160_0 .net "c_in", 0 0, v0000017849b24880_0;  1 drivers
v0000017849b24600_0 .var "c_out", 0 0;
v0000017849b246a0_0 .var "sum", 0 0;
E_0000017849ad8820 .event anyedge, v0000017849af2f30_0, v0000017849add0c0_0, v0000017849add160_0;
S_0000017849b24470 .scope begin, "adder_gates" "adder_gates" 4 12, 4 12 0, S_0000017849adcf30;
 .timescale -9 -12;
    .scope S_0000017849adcf30;
T_0 ;
Ewait_0 .event/or E_0000017849ad8820, E_0x0;
    %wait Ewait_0;
    %fork t_1, S_0000017849b24470;
    %jmp t_0;
    .scope S_0000017849b24470;
t_1 ;
    %load/vec4 v0000017849af2f30_0;
    %load/vec4 v0000017849add0c0_0;
    %and;
    %load/vec4 v0000017849af2f30_0;
    %load/vec4 v0000017849add160_0;
    %and;
    %or;
    %load/vec4 v0000017849add0c0_0;
    %load/vec4 v0000017849add160_0;
    %and;
    %or;
    %store/vec4 v0000017849b24600_0, 0, 1;
    %load/vec4 v0000017849add160_0;
    %load/vec4 v0000017849af2f30_0;
    %xor;
    %load/vec4 v0000017849add0c0_0;
    %xor;
    %store/vec4 v0000017849b246a0_0, 0, 1;
    %end;
    .scope S_0000017849adcf30;
t_0 %join;
    %jmp T_0;
    .thread T_0, $push;
    .scope S_0000017849b167a0;
T_1 ;
    %vpi_call/w 3 9 "$dumpvars", 32'sb00000000000000000000000000000000, S_0000017849adcf30 {0 0 0};
    %vpi_call/w 3 10 "$dumpfile", "adder_1.fst" {0 0 0};
    %vpi_call/w 3 12 "$display", "abc | sc" {0 0 0};
    %fork t_3, S_0000017849adcda0;
    %jmp t_2;
    .scope S_0000017849adcda0;
t_3 ;
    %pushi/vec4 0, 0, 32;
    %store/vec4 v0000017849b16930_0, 0, 32;
T_1.0 ;
    %load/vec4 v0000017849b16930_0;
    %cmpi/s 8, 0, 32;
    %jmp/0xz T_1.1, 5;
    %load/vec4 v0000017849b16930_0;
    %parti/s 1, 2, 3;
    %store/vec4 v0000017849b24880_0, 0, 1;
    %load/vec4 v0000017849b16930_0;
    %parti/s 1, 1, 2;
    %store/vec4 v0000017849b247e0_0, 0, 1;
    %load/vec4 v0000017849b16930_0;
    %parti/s 1, 0, 2;
    %store/vec4 v0000017849b24740_0, 0, 1;
    %delay 3567587328, 232;
    %vpi_call/w 3 18 "$display", "%b%b%b | %b%b", v0000017849b24740_0, v0000017849b247e0_0, v0000017849b24880_0, v0000017849b249c0_0, v0000017849b24920_0 {0 0 0};
    %load/vec4 v0000017849b16930_0;
    %addi 1, 0, 32;
    %cast2;
    %store/vec4 v0000017849b16930_0, 0, 32;
    %jmp T_1.0;
T_1.1 ;
    %end;
    .scope S_0000017849b167a0;
t_2 %join;
    %end;
    .thread T_1;
# The file index is used to find the file name in the following table.
:file_names 5;
    "N/A";
    "<interactive>";
    "-";
    "tests/test_adder_1.sv";
    "adder_1.sv";
