#! /c/Source/iverilog-install/bin/vvp
:ivl_version "12.0 (devel)" "(s20150603-1539-g2693dd32b)";
:ivl_delay_selection "TYPICAL";
:vpi_time_precision - 12;
:vpi_module "C:\iverilog\lib\ivl\system.vpi";
:vpi_module "C:\iverilog\lib\ivl\vhdl_sys.vpi";
:vpi_module "C:\iverilog\lib\ivl\vhdl_textio.vpi";
:vpi_module "C:\iverilog\lib\ivl\v2005_math.vpi";
:vpi_module "C:\iverilog\lib\ivl\va_math.vpi";
:vpi_module "C:\iverilog\lib\ivl\v2009.vpi";
S_000001dfa5deff10 .scope package, "$unit" "$unit" 2 1;
 .timescale 0 0;
S_000001dfa5e2ef10 .scope module, "test_comparators" "test_comparators" 3 3;
 .timescale -9 -12;
P_000001dfa5e2dab0 .param/l "N" 0 3 5, +C4<00000000000000000000000000100000>;
v000001dfa5e9f070_0 .var/s "a", 31 0;
v000001dfa5e9d270_0 .var/s "b", 31 0;
v000001dfa5e9d950_0 .var "correct_equals", 0 0;
v000001dfa5e9e7b0_0 .var "correct_less_than", 0 0;
v000001dfa5e9e990_0 .net "equals", 0 0, v000001dfa5e1c3d0_0;  1 drivers
v000001dfa5e9eb70_0 .var/2s "errors", 31 0;
v000001dfa5e9ed50_0 .net "less_than", 0 0, v000001dfa5e9df90_0;  1 drivers
E_000001dfa5e2d3b0 .event anyedge, v000001dfa5e1bc50_0, v000001dfa5e1b070_0;
S_000001dfa5e34cf0 .scope begin, "$ivl_for_loop0" "$ivl_for_loop0" 3 92, 3 92 0, S_000001dfa5e2ef10;
 .timescale -9 -12;
v000001dfa5e1ae90_0 .var/2s "i", 31 0;
S_000001dfa5dc3890 .scope begin, "random_testing" "random_testing" 3 92, 3 92 0, S_000001dfa5e34cf0;
 .timescale -9 -12;
S_000001dfa5e6ed10 .scope module, "UUT_EQ" "comparator_eq" 3 12, 4 4 0, S_000001dfa5e2ef10;
 .timescale -9 -12;
    .port_info 0 /INPUT 32 "a";
    .port_info 1 /INPUT 32 "b";
    .port_info 2 /OUTPUT 1 "out";
P_000001dfa5e2d0b0 .param/l "N" 0 4 5, +C4<00000000000000000000000000100000>;
v000001dfa5e1b070_0 .net/s "a", 31 0, v000001dfa5e9f070_0;  1 drivers
v000001dfa5e1bc50_0 .net/s "b", 31 0, v000001dfa5e9d270_0;  1 drivers
v000001dfa5e1c3d0_0 .var "out", 0 0;
E_000001dfa5e2db70 .event anyedge, v000001dfa5e1b070_0, v000001dfa5e1bc50_0;
S_000001dfa5dc3a20 .scope module, "UUT_LT" "comparator_lt" 3 13, 5 22 0, S_000001dfa5e2ef10;
 .timescale -9 -12;
    .port_info 0 /INPUT 32 "a";
    .port_info 1 /INPUT 32 "b";
    .port_info 2 /OUTPUT 1 "out";
P_000001dfa5e2d170 .param/l "N" 0 5 24, +C4<00000000000000000000000000100000>;
v000001dfa5e9d590_0 .net/s "a", 31 0, v000001dfa5e9f070_0;  alias, 1 drivers
v000001dfa5e9e210_0 .var "a_negative_b_positive", 0 0;
v000001dfa5e9e3f0_0 .var "a_positive_b_negative", 0 0;
v000001dfa5e9ef30_0 .net/s "b", 31 0, v000001dfa5e9d270_0;  alias, 1 drivers
v000001dfa5e9d450_0 .net "c_out", 0 0, L_000001dfa5ea29b0;  1 drivers
v000001dfa5e9efd0_0 .net "difference", 31 0, L_000001dfa5ea25f0;  1 drivers
v000001dfa5e9edf0_0 .var "inputs_have_different_signs", 0 0;
v000001dfa5e9dc70_0 .var "not_b", 31 0;
v000001dfa5e9df90_0 .var "out", 0 0;
E_000001dfa5e2d1b0 .event anyedge, v000001dfa5e1b070_0, v000001dfa5e1bc50_0, v000001dfa5e9ecb0_0;
E_000001dfa5e2cf70 .event anyedge, v000001dfa5e1bc50_0;
S_000001dfa5dc9b60 .scope module, "SUBTRACTOR" "adder_n" 5 32, 6 8 0, S_000001dfa5dc3a20;
 .timescale -9 -12;
    .port_info 0 /INPUT 32 "a";
    .port_info 1 /INPUT 32 "b";
    .port_info 2 /INPUT 1 "c_in";
    .port_info 3 /OUTPUT 32 "sum";
    .port_info 4 /OUTPUT 1 "c_out";
P_000001dfa5e2d1f0 .param/l "N" 0 6 10, +C4<00000000000000000000000000100000>;
L_000001dfa5ea31b8 .functor BUFT 1, C4<1>, C4<0>, C4<0>, C4<0>;
L_000001dfa5e25fb0 .functor BUFZ 1, L_000001dfa5ea31b8, C4<0>, C4<0>, C4<0>;
v000001dfa5e9e850_0 .net *"_ivl_229", 0 0, L_000001dfa5e25fb0;  1 drivers
v000001dfa5e9d630_0 .net "a", 31 0, v000001dfa5e9f070_0;  alias, 1 drivers
v000001dfa5e9de50_0 .net "b", 31 0, v000001dfa5e9dc70_0;  1 drivers
v000001dfa5e9e670_0 .net "c_in", 0 0, L_000001dfa5ea31b8;  1 drivers
v000001dfa5e9def0_0 .net "c_out", 0 0, L_000001dfa5ea29b0;  alias, 1 drivers
v000001dfa5e9d1d0_0 .net "carries", 32 0, L_000001dfa5ea1fb0;  1 drivers
v000001dfa5e9ecb0_0 .net "sum", 31 0, L_000001dfa5ea25f0;  alias, 1 drivers
L_000001dfa5e9e350 .part v000001dfa5e9f070_0, 0, 1;
L_000001dfa5e9e5d0 .part v000001dfa5e9dc70_0, 0, 1;
L_000001dfa5e9d770 .part L_000001dfa5ea1fb0, 0, 1;
L_000001dfa5e9d310 .part v000001dfa5e9f070_0, 1, 1;
L_000001dfa5e9d3b0 .part v000001dfa5e9dc70_0, 1, 1;
L_000001dfa5e9dd10 .part L_000001dfa5ea1fb0, 1, 1;
L_000001dfa5e9d4f0 .part v000001dfa5e9f070_0, 2, 1;
L_000001dfa5e9d9f0 .part v000001dfa5e9dc70_0, 2, 1;
L_000001dfa5e9db30 .part L_000001dfa5ea1fb0, 2, 1;
L_000001dfa5e9dbd0 .part v000001dfa5e9f070_0, 3, 1;
L_000001dfa5e9e030 .part v000001dfa5e9dc70_0, 3, 1;
L_000001dfa5e9e490 .part L_000001dfa5ea1fb0, 3, 1;
L_000001dfa5e9e710 .part v000001dfa5e9f070_0, 4, 1;
L_000001dfa5e9ddb0 .part v000001dfa5e9dc70_0, 4, 1;
L_000001dfa5e9e0d0 .part L_000001dfa5ea1fb0, 4, 1;
L_000001dfa5e9ea30 .part v000001dfa5e9f070_0, 5, 1;
L_000001dfa5ea00e0 .part v000001dfa5e9dc70_0, 5, 1;
L_000001dfa5e9fe60 .part L_000001dfa5ea1fb0, 5, 1;
L_000001dfa5e9f6e0 .part v000001dfa5e9f070_0, 6, 1;
L_000001dfa5e9f500 .part v000001dfa5e9dc70_0, 6, 1;
L_000001dfa5e9ffa0 .part L_000001dfa5ea1fb0, 6, 1;
L_000001dfa5ea0540 .part v000001dfa5e9f070_0, 7, 1;
L_000001dfa5ea09a0 .part v000001dfa5e9dc70_0, 7, 1;
L_000001dfa5e9fdc0 .part L_000001dfa5ea1fb0, 7, 1;
L_000001dfa5ea0ae0 .part v000001dfa5e9f070_0, 8, 1;
L_000001dfa5e9f780 .part v000001dfa5e9dc70_0, 8, 1;
L_000001dfa5e9fb40 .part L_000001dfa5ea1fb0, 8, 1;
L_000001dfa5e9f5a0 .part v000001dfa5e9f070_0, 9, 1;
L_000001dfa5e9fa00 .part v000001dfa5e9dc70_0, 9, 1;
L_000001dfa5e9ff00 .part L_000001dfa5ea1fb0, 9, 1;
L_000001dfa5ea0360 .part v000001dfa5e9f070_0, 10, 1;
L_000001dfa5ea0040 .part v000001dfa5e9dc70_0, 10, 1;
L_000001dfa5ea0a40 .part L_000001dfa5ea1fb0, 10, 1;
L_000001dfa5ea0180 .part v000001dfa5e9f070_0, 11, 1;
L_000001dfa5e9f640 .part v000001dfa5e9dc70_0, 11, 1;
L_000001dfa5e9f820 .part L_000001dfa5ea1fb0, 11, 1;
L_000001dfa5ea07c0 .part v000001dfa5e9f070_0, 12, 1;
L_000001dfa5ea0680 .part v000001dfa5e9dc70_0, 12, 1;
L_000001dfa5e9f8c0 .part L_000001dfa5ea1fb0, 12, 1;
L_000001dfa5ea04a0 .part v000001dfa5e9f070_0, 13, 1;
L_000001dfa5ea0d60 .part v000001dfa5e9dc70_0, 13, 1;
L_000001dfa5ea0860 .part L_000001dfa5ea1fb0, 13, 1;
L_000001dfa5e9faa0 .part v000001dfa5e9f070_0, 14, 1;
L_000001dfa5ea0220 .part v000001dfa5e9dc70_0, 14, 1;
L_000001dfa5e9f320 .part L_000001dfa5ea1fb0, 14, 1;
L_000001dfa5e9fc80 .part v000001dfa5e9f070_0, 15, 1;
L_000001dfa5e9f1e0 .part v000001dfa5e9dc70_0, 15, 1;
L_000001dfa5ea02c0 .part L_000001dfa5ea1fb0, 15, 1;
L_000001dfa5e9f960 .part v000001dfa5e9f070_0, 16, 1;
L_000001dfa5ea0b80 .part v000001dfa5e9dc70_0, 16, 1;
L_000001dfa5ea1080 .part L_000001dfa5ea1fb0, 16, 1;
L_000001dfa5e9fbe0 .part v000001dfa5e9f070_0, 17, 1;
L_000001dfa5ea0720 .part v000001dfa5e9dc70_0, 17, 1;
L_000001dfa5ea0900 .part L_000001dfa5ea1fb0, 17, 1;
L_000001dfa5e9f3c0 .part v000001dfa5e9f070_0, 18, 1;
L_000001dfa5ea0400 .part v000001dfa5e9dc70_0, 18, 1;
L_000001dfa5ea05e0 .part L_000001dfa5ea1fb0, 18, 1;
L_000001dfa5ea0e00 .part v000001dfa5e9f070_0, 19, 1;
L_000001dfa5ea0c20 .part v000001dfa5e9dc70_0, 19, 1;
L_000001dfa5e9fd20 .part L_000001dfa5ea1fb0, 19, 1;
L_000001dfa5ea0cc0 .part v000001dfa5e9f070_0, 20, 1;
L_000001dfa5ea0ea0 .part v000001dfa5e9dc70_0, 20, 1;
L_000001dfa5ea0f40 .part L_000001dfa5ea1fb0, 20, 1;
L_000001dfa5e9f460 .part v000001dfa5e9f070_0, 21, 1;
L_000001dfa5ea0fe0 .part v000001dfa5e9dc70_0, 21, 1;
L_000001dfa5e9f280 .part L_000001dfa5ea1fb0, 21, 1;
L_000001dfa5ea15b0 .part v000001dfa5e9f070_0, 22, 1;
L_000001dfa5ea1dd0 .part v000001dfa5e9dc70_0, 22, 1;
L_000001dfa5ea1f10 .part L_000001dfa5ea1fb0, 22, 1;
L_000001dfa5ea2870 .part v000001dfa5e9f070_0, 23, 1;
L_000001dfa5ea1470 .part v000001dfa5e9dc70_0, 23, 1;
L_000001dfa5ea11f0 .part L_000001dfa5ea1fb0, 23, 1;
L_000001dfa5ea2d70 .part v000001dfa5e9f070_0, 24, 1;
L_000001dfa5ea2190 .part v000001dfa5e9dc70_0, 24, 1;
L_000001dfa5ea3090 .part L_000001dfa5ea1fb0, 24, 1;
L_000001dfa5ea2690 .part v000001dfa5e9f070_0, 25, 1;
L_000001dfa5ea2cd0 .part v000001dfa5e9dc70_0, 25, 1;
L_000001dfa5ea2910 .part L_000001dfa5ea1fb0, 25, 1;
L_000001dfa5ea2f50 .part v000001dfa5e9f070_0, 26, 1;
L_000001dfa5ea2730 .part v000001dfa5e9dc70_0, 26, 1;
L_000001dfa5ea27d0 .part L_000001dfa5ea1fb0, 26, 1;
L_000001dfa5ea2230 .part v000001dfa5e9f070_0, 27, 1;
L_000001dfa5ea22d0 .part v000001dfa5e9dc70_0, 27, 1;
L_000001dfa5ea2a50 .part L_000001dfa5ea1fb0, 27, 1;
L_000001dfa5ea20f0 .part v000001dfa5e9f070_0, 28, 1;
L_000001dfa5ea1290 .part v000001dfa5e9dc70_0, 28, 1;
L_000001dfa5ea2550 .part L_000001dfa5ea1fb0, 28, 1;
L_000001dfa5ea2370 .part v000001dfa5e9f070_0, 29, 1;
L_000001dfa5ea1790 .part v000001dfa5e9dc70_0, 29, 1;
L_000001dfa5ea1650 .part L_000001dfa5ea1fb0, 29, 1;
L_000001dfa5ea2b90 .part v000001dfa5e9f070_0, 30, 1;
L_000001dfa5ea2050 .part v000001dfa5e9dc70_0, 30, 1;
L_000001dfa5ea2410 .part L_000001dfa5ea1fb0, 30, 1;
L_000001dfa5ea1b50 .part v000001dfa5e9f070_0, 31, 1;
L_000001dfa5ea24b0 .part v000001dfa5e9dc70_0, 31, 1;
L_000001dfa5ea2ff0 .part L_000001dfa5ea1fb0, 31, 1;
LS_000001dfa5ea25f0_0_0 .concat8 [ 1 1 1 1], v000001dfa5e1c1f0_0, v000001dfa5dfcf90_0, v000001dfa5dfbe10_0, v000001dfa5dfc270_0;
LS_000001dfa5ea25f0_0_4 .concat8 [ 1 1 1 1], v000001dfa5e100f0_0, v000001dfa5e11770_0, v000001dfa5e10410_0, v000001dfa5e11090_0;
LS_000001dfa5ea25f0_0_8 .concat8 [ 1 1 1 1], v000001dfa5df7970_0, v000001dfa5e8b7b0_0, v000001dfa5e8b670_0, v000001dfa5e8b5d0_0;
LS_000001dfa5ea25f0_0_12 .concat8 [ 1 1 1 1], v000001dfa5e8cb10_0, v000001dfa5e8c1b0_0, v000001dfa5e8c7f0_0, v000001dfa5e8c6b0_0;
LS_000001dfa5ea25f0_0_16 .concat8 [ 1 1 1 1], v000001dfa5e8bfd0_0, v000001dfa5e8cd90_0, v000001dfa5e8b3f0_0, v000001dfa5e97ba0_0;
LS_000001dfa5ea25f0_0_20 .concat8 [ 1 1 1 1], v000001dfa5e98140_0, v000001dfa5e981e0_0, v000001dfa5e97740_0, v000001dfa5e98b40_0;
LS_000001dfa5ea25f0_0_24 .concat8 [ 1 1 1 1], v000001dfa5e98960_0, v000001dfa5e97a60_0, v000001dfa5e98320_0, v000001dfa5e98f00_0;
LS_000001dfa5ea25f0_0_28 .concat8 [ 1 1 1 1], v000001dfa5e97e20_0, v000001dfa5e9ead0_0, v000001dfa5e9e170_0, v000001dfa5e9ec10_0;
LS_000001dfa5ea25f0_1_0 .concat8 [ 4 4 4 4], LS_000001dfa5ea25f0_0_0, LS_000001dfa5ea25f0_0_4, LS_000001dfa5ea25f0_0_8, LS_000001dfa5ea25f0_0_12;
LS_000001dfa5ea25f0_1_4 .concat8 [ 4 4 4 4], LS_000001dfa5ea25f0_0_16, LS_000001dfa5ea25f0_0_20, LS_000001dfa5ea25f0_0_24, LS_000001dfa5ea25f0_0_28;
L_000001dfa5ea25f0 .concat8 [ 16 16 0 0], LS_000001dfa5ea25f0_1_0, LS_000001dfa5ea25f0_1_4;
LS_000001dfa5ea1fb0_0_0 .concat8 [ 1 1 1 1], L_000001dfa5e25fb0, v000001dfa5e1c150_0, v000001dfa5dfbd70_0, v000001dfa5dfc590_0;
LS_000001dfa5ea1fb0_0_4 .concat8 [ 1 1 1 1], v000001dfa5dfb690_0, v000001dfa5dfc450_0, v000001dfa5e11130_0, v000001dfa5e10050_0;
LS_000001dfa5ea1fb0_0_8 .concat8 [ 1 1 1 1], v000001dfa5e0f8d0_0, v000001dfa5df80f0_0, v000001dfa5df7790_0, v000001dfa5e8c110_0;
LS_000001dfa5ea1fb0_0_12 .concat8 [ 1 1 1 1], v000001dfa5e8b530_0, v000001dfa5e8c390_0, v000001dfa5e8b710_0, v000001dfa5e8cc50_0;
LS_000001dfa5ea1fb0_0_16 .concat8 [ 1 1 1 1], v000001dfa5e8ce30_0, v000001dfa5e8ba30_0, v000001dfa5e8c9d0_0, v000001dfa5e8bf30_0;
LS_000001dfa5ea1fb0_0_20 .concat8 [ 1 1 1 1], v000001dfa5e8bc10_0, v000001dfa5e979c0_0, v000001dfa5e99040_0, v000001dfa5e97560_0;
LS_000001dfa5ea1fb0_0_24 .concat8 [ 1 1 1 1], v000001dfa5e977e0_0, v000001dfa5e971a0_0, v000001dfa5e986e0_0, v000001dfa5e98780_0;
LS_000001dfa5ea1fb0_0_28 .concat8 [ 1 1 1 1], v000001dfa5e98500_0, v000001dfa5e97ce0_0, v000001dfa5e98640_0, v000001dfa5e9e530_0;
LS_000001dfa5ea1fb0_0_32 .concat8 [ 1 0 0 0], v000001dfa5e9d8b0_0;
LS_000001dfa5ea1fb0_1_0 .concat8 [ 4 4 4 4], LS_000001dfa5ea1fb0_0_0, LS_000001dfa5ea1fb0_0_4, LS_000001dfa5ea1fb0_0_8, LS_000001dfa5ea1fb0_0_12;
LS_000001dfa5ea1fb0_1_4 .concat8 [ 4 4 4 4], LS_000001dfa5ea1fb0_0_16, LS_000001dfa5ea1fb0_0_20, LS_000001dfa5ea1fb0_0_24, LS_000001dfa5ea1fb0_0_28;
LS_000001dfa5ea1fb0_1_8 .concat8 [ 1 0 0 0], LS_000001dfa5ea1fb0_0_32;
L_000001dfa5ea1fb0 .concat8 [ 16 16 1 0], LS_000001dfa5ea1fb0_1_0, LS_000001dfa5ea1fb0_1_4, LS_000001dfa5ea1fb0_1_8;
L_000001dfa5ea29b0 .part L_000001dfa5ea1fb0, 32, 1;
S_000001dfa5dc9cf0 .scope generate, "ripple_carry[0]" "ripple_carry[0]" 6 22, 6 22 0, S_000001dfa5dc9b60;
 .timescale -9 -12;
P_000001dfa5e2d070 .param/l "i" 0 6 22, +C4<00>;
S_000001dfa5dc6b60 .scope module, "ADDER" "adder_1" 6 23, 7 6 0, S_000001dfa5dc9cf0;
 .timescale -9 -12;
    .port_info 0 /INPUT 1 "a";
    .port_info 1 /INPUT 1 "b";
    .port_info 2 /INPUT 1 "c_in";
    .port_info 3 /OUTPUT 1 "sum";
    .port_info 4 /OUTPUT 1 "c_out";
v000001dfa5e1b1b0_0 .net "a", 0 0, L_000001dfa5e9e350;  1 drivers
v000001dfa5e1b570_0 .net "b", 0 0, L_000001dfa5e9e5d0;  1 drivers
v000001dfa5e1b610_0 .net "c_in", 0 0, L_000001dfa5e9d770;  1 drivers
v000001dfa5e1c150_0 .var "c_out", 0 0;
v000001dfa5e1c1f0_0 .var "sum", 0 0;
E_000001dfa5e2def0 .event anyedge, v000001dfa5e1b1b0_0, v000001dfa5e1b570_0, v000001dfa5e1b610_0;
S_000001dfa5dc6cf0 .scope begin, "adder_gates" "adder_gates" 7 12, 7 12 0, S_000001dfa5dc6b60;
 .timescale -9 -12;
S_000001dfa5d82b30 .scope generate, "ripple_carry[1]" "ripple_carry[1]" 6 22, 6 22 0, S_000001dfa5dc9b60;
 .timescale -9 -12;
P_000001dfa5e2d0f0 .param/l "i" 0 6 22, +C4<01>;
S_000001dfa5d82cc0 .scope module, "ADDER" "adder_1" 6 23, 7 6 0, S_000001dfa5d82b30;
 .timescale -9 -12;
    .port_info 0 /INPUT 1 "a";
    .port_info 1 /INPUT 1 "b";
    .port_info 2 /INPUT 1 "c_in";
    .port_info 3 /OUTPUT 1 "sum";
    .port_info 4 /OUTPUT 1 "c_out";
v000001dfa5e1c330_0 .net "a", 0 0, L_000001dfa5e9d310;  1 drivers
v000001dfa5e1be30_0 .net "b", 0 0, L_000001dfa5e9d3b0;  1 drivers
v000001dfa5dfcef0_0 .net "c_in", 0 0, L_000001dfa5e9dd10;  1 drivers
v000001dfa5dfbd70_0 .var "c_out", 0 0;
v000001dfa5dfcf90_0 .var "sum", 0 0;
E_000001dfa5e2d570 .event anyedge, v000001dfa5e1c330_0, v000001dfa5e1be30_0, v000001dfa5dfcef0_0;
S_000001dfa5d82e50 .scope begin, "adder_gates" "adder_gates" 7 12, 7 12 0, S_000001dfa5d82cc0;
 .timescale -9 -12;
S_000001dfa5e2f9d0 .scope generate, "ripple_carry[2]" "ripple_carry[2]" 6 22, 6 22 0, S_000001dfa5dc9b60;
 .timescale -9 -12;
P_000001dfa5e2d230 .param/l "i" 0 6 22, +C4<010>;
S_000001dfa5e2fb60 .scope module, "ADDER" "adder_1" 6 23, 7 6 0, S_000001dfa5e2f9d0;
 .timescale -9 -12;
    .port_info 0 /INPUT 1 "a";
    .port_info 1 /INPUT 1 "b";
    .port_info 2 /INPUT 1 "c_in";
    .port_info 3 /OUTPUT 1 "sum";
    .port_info 4 /OUTPUT 1 "c_out";
v000001dfa5dfd0d0_0 .net "a", 0 0, L_000001dfa5e9d4f0;  1 drivers
v000001dfa5dfba50_0 .net "b", 0 0, L_000001dfa5e9d9f0;  1 drivers
v000001dfa5dfbc30_0 .net "c_in", 0 0, L_000001dfa5e9db30;  1 drivers
v000001dfa5dfc590_0 .var "c_out", 0 0;
v000001dfa5dfbe10_0 .var "sum", 0 0;
E_000001dfa5e2df30 .event anyedge, v000001dfa5dfd0d0_0, v000001dfa5dfba50_0, v000001dfa5dfbc30_0;
S_000001dfa5e2fcf0 .scope begin, "adder_gates" "adder_gates" 7 12, 7 12 0, S_000001dfa5e2fb60;
 .timescale -9 -12;
S_000001dfa5e2fe80 .scope generate, "ripple_carry[3]" "ripple_carry[3]" 6 22, 6 22 0, S_000001dfa5dc9b60;
 .timescale -9 -12;
P_000001dfa5e2dbb0 .param/l "i" 0 6 22, +C4<011>;
S_000001dfa5e88ab0 .scope module, "ADDER" "adder_1" 6 23, 7 6 0, S_000001dfa5e2fe80;
 .timescale -9 -12;
    .port_info 0 /INPUT 1 "a";
    .port_info 1 /INPUT 1 "b";
    .port_info 2 /INPUT 1 "c_in";
    .port_info 3 /OUTPUT 1 "sum";
    .port_info 4 /OUTPUT 1 "c_out";
v000001dfa5dfb5f0_0 .net "a", 0 0, L_000001dfa5e9dbd0;  1 drivers
v000001dfa5dfc630_0 .net "b", 0 0, L_000001dfa5e9e030;  1 drivers
v000001dfa5dfb7d0_0 .net "c_in", 0 0, L_000001dfa5e9e490;  1 drivers
v000001dfa5dfb690_0 .var "c_out", 0 0;
v000001dfa5dfc270_0 .var "sum", 0 0;
E_000001dfa5e2d2f0 .event anyedge, v000001dfa5dfb5f0_0, v000001dfa5dfc630_0, v000001dfa5dfb7d0_0;
S_000001dfa5e88600 .scope begin, "adder_gates" "adder_gates" 7 12, 7 12 0, S_000001dfa5e88ab0;
 .timescale -9 -12;
S_000001dfa5e88c40 .scope generate, "ripple_carry[4]" "ripple_carry[4]" 6 22, 6 22 0, S_000001dfa5dc9b60;
 .timescale -9 -12;
P_000001dfa5e2d270 .param/l "i" 0 6 22, +C4<0100>;
S_000001dfa5e882e0 .scope module, "ADDER" "adder_1" 6 23, 7 6 0, S_000001dfa5e88c40;
 .timescale -9 -12;
    .port_info 0 /INPUT 1 "a";
    .port_info 1 /INPUT 1 "b";
    .port_info 2 /INPUT 1 "c_in";
    .port_info 3 /OUTPUT 1 "sum";
    .port_info 4 /OUTPUT 1 "c_out";
v000001dfa5dfc3b0_0 .net "a", 0 0, L_000001dfa5e9e710;  1 drivers
v000001dfa5dfc770_0 .net "b", 0 0, L_000001dfa5e9ddb0;  1 drivers
v000001dfa5dfc8b0_0 .net "c_in", 0 0, L_000001dfa5e9e0d0;  1 drivers
v000001dfa5dfc450_0 .var "c_out", 0 0;
v000001dfa5e100f0_0 .var "sum", 0 0;
E_000001dfa5e2d5b0 .event anyedge, v000001dfa5dfc3b0_0, v000001dfa5dfc770_0, v000001dfa5dfc8b0_0;
S_000001dfa5e88920 .scope begin, "adder_gates" "adder_gates" 7 12, 7 12 0, S_000001dfa5e882e0;
 .timescale -9 -12;
S_000001dfa5e88790 .scope generate, "ripple_carry[5]" "ripple_carry[5]" 6 22, 6 22 0, S_000001dfa5dc9b60;
 .timescale -9 -12;
P_000001dfa5e2d8b0 .param/l "i" 0 6 22, +C4<0101>;
S_000001dfa5e88dd0 .scope module, "ADDER" "adder_1" 6 23, 7 6 0, S_000001dfa5e88790;
 .timescale -9 -12;
    .port_info 0 /INPUT 1 "a";
    .port_info 1 /INPUT 1 "b";
    .port_info 2 /INPUT 1 "c_in";
    .port_info 3 /OUTPUT 1 "sum";
    .port_info 4 /OUTPUT 1 "c_out";
v000001dfa5e10d70_0 .net "a", 0 0, L_000001dfa5e9ea30;  1 drivers
v000001dfa5e10910_0 .net "b", 0 0, L_000001dfa5ea00e0;  1 drivers
v000001dfa5e0fa10_0 .net "c_in", 0 0, L_000001dfa5e9fe60;  1 drivers
v000001dfa5e11130_0 .var "c_out", 0 0;
v000001dfa5e11770_0 .var "sum", 0 0;
E_000001dfa5e2d330 .event anyedge, v000001dfa5e10d70_0, v000001dfa5e10910_0, v000001dfa5e0fa10_0;
S_000001dfa5e88f60 .scope begin, "adder_gates" "adder_gates" 7 12, 7 12 0, S_000001dfa5e88dd0;
 .timescale -9 -12;
S_000001dfa5e88150 .scope generate, "ripple_carry[6]" "ripple_carry[6]" 6 22, 6 22 0, S_000001dfa5dc9b60;
 .timescale -9 -12;
P_000001dfa5e2d970 .param/l "i" 0 6 22, +C4<0110>;
S_000001dfa5e88470 .scope module, "ADDER" "adder_1" 6 23, 7 6 0, S_000001dfa5e88150;
 .timescale -9 -12;
    .port_info 0 /INPUT 1 "a";
    .port_info 1 /INPUT 1 "b";
    .port_info 2 /INPUT 1 "c_in";
    .port_info 3 /OUTPUT 1 "sum";
    .port_info 4 /OUTPUT 1 "c_out";
v000001dfa5e10730_0 .net "a", 0 0, L_000001dfa5e9f6e0;  1 drivers
v000001dfa5e10ff0_0 .net "b", 0 0, L_000001dfa5e9f500;  1 drivers
v000001dfa5e11310_0 .net "c_in", 0 0, L_000001dfa5e9ffa0;  1 drivers
v000001dfa5e10050_0 .var "c_out", 0 0;
v000001dfa5e10410_0 .var "sum", 0 0;
E_000001dfa5e2d4f0 .event anyedge, v000001dfa5e10730_0, v000001dfa5e10ff0_0, v000001dfa5e11310_0;
S_000001dfa5e8ad80 .scope begin, "adder_gates" "adder_gates" 7 12, 7 12 0, S_000001dfa5e88470;
 .timescale -9 -12;
S_000001dfa5e89610 .scope generate, "ripple_carry[7]" "ripple_carry[7]" 6 22, 6 22 0, S_000001dfa5dc9b60;
 .timescale -9 -12;
P_000001dfa5e2d470 .param/l "i" 0 6 22, +C4<0111>;
S_000001dfa5e8aa60 .scope module, "ADDER" "adder_1" 6 23, 7 6 0, S_000001dfa5e89610;
 .timescale -9 -12;
    .port_info 0 /INPUT 1 "a";
    .port_info 1 /INPUT 1 "b";
    .port_info 2 /INPUT 1 "c_in";
    .port_info 3 /OUTPUT 1 "sum";
    .port_info 4 /OUTPUT 1 "c_out";
v000001dfa5e0fbf0_0 .net "a", 0 0, L_000001dfa5ea0540;  1 drivers
v000001dfa5e102d0_0 .net "b", 0 0, L_000001dfa5ea09a0;  1 drivers
v000001dfa5e10550_0 .net "c_in", 0 0, L_000001dfa5e9fdc0;  1 drivers
v000001dfa5e0f8d0_0 .var "c_out", 0 0;
v000001dfa5e11090_0 .var "sum", 0 0;
E_000001dfa5e2d530 .event anyedge, v000001dfa5e0fbf0_0, v000001dfa5e102d0_0, v000001dfa5e10550_0;
S_000001dfa5e8a290 .scope begin, "adder_gates" "adder_gates" 7 12, 7 12 0, S_000001dfa5e8aa60;
 .timescale -9 -12;
S_000001dfa5e897a0 .scope generate, "ripple_carry[8]" "ripple_carry[8]" 6 22, 6 22 0, S_000001dfa5dc9b60;
 .timescale -9 -12;
P_000001dfa5e2d8f0 .param/l "i" 0 6 22, +C4<01000>;
S_000001dfa5e89c50 .scope module, "ADDER" "adder_1" 6 23, 7 6 0, S_000001dfa5e897a0;
 .timescale -9 -12;
    .port_info 0 /INPUT 1 "a";
    .port_info 1 /INPUT 1 "b";
    .port_info 2 /INPUT 1 "c_in";
    .port_info 3 /OUTPUT 1 "sum";
    .port_info 4 /OUTPUT 1 "c_out";
v000001dfa5df76f0_0 .net "a", 0 0, L_000001dfa5ea0ae0;  1 drivers
v000001dfa5df73d0_0 .net "b", 0 0, L_000001dfa5e9f780;  1 drivers
v000001dfa5df8050_0 .net "c_in", 0 0, L_000001dfa5e9fb40;  1 drivers
v000001dfa5df80f0_0 .var "c_out", 0 0;
v000001dfa5df7970_0 .var "sum", 0 0;
E_000001dfa5e2d2b0 .event anyedge, v000001dfa5df76f0_0, v000001dfa5df73d0_0, v000001dfa5df8050_0;
S_000001dfa5e89f70 .scope begin, "adder_gates" "adder_gates" 7 12, 7 12 0, S_000001dfa5e89c50;
 .timescale -9 -12;
S_000001dfa5e8a420 .scope generate, "ripple_carry[9]" "ripple_carry[9]" 6 22, 6 22 0, S_000001dfa5dc9b60;
 .timescale -9 -12;
P_000001dfa5e2d370 .param/l "i" 0 6 22, +C4<01001>;
S_000001dfa5e8af10 .scope module, "ADDER" "adder_1" 6 23, 7 6 0, S_000001dfa5e8a420;
 .timescale -9 -12;
    .port_info 0 /INPUT 1 "a";
    .port_info 1 /INPUT 1 "b";
    .port_info 2 /INPUT 1 "c_in";
    .port_info 3 /OUTPUT 1 "sum";
    .port_info 4 /OUTPUT 1 "c_out";
v000001dfa5df8190_0 .net "a", 0 0, L_000001dfa5e9f5a0;  1 drivers
v000001dfa5df7a10_0 .net "b", 0 0, L_000001dfa5e9fa00;  1 drivers
v000001dfa5df7b50_0 .net "c_in", 0 0, L_000001dfa5e9ff00;  1 drivers
v000001dfa5df7790_0 .var "c_out", 0 0;
v000001dfa5e8b7b0_0 .var "sum", 0 0;
E_000001dfa5e2db30 .event anyedge, v000001dfa5df8190_0, v000001dfa5df7a10_0, v000001dfa5df7b50_0;
S_000001dfa5e89de0 .scope begin, "adder_gates" "adder_gates" 7 12, 7 12 0, S_000001dfa5e8af10;
 .timescale -9 -12;
S_000001dfa5e8abf0 .scope generate, "ripple_carry[10]" "ripple_carry[10]" 6 22, 6 22 0, S_000001dfa5dc9b60;
 .timescale -9 -12;
P_000001dfa5e2deb0 .param/l "i" 0 6 22, +C4<01010>;
S_000001dfa5e89160 .scope module, "ADDER" "adder_1" 6 23, 7 6 0, S_000001dfa5e8abf0;
 .timescale -9 -12;
    .port_info 0 /INPUT 1 "a";
    .port_info 1 /INPUT 1 "b";
    .port_info 2 /INPUT 1 "c_in";
    .port_info 3 /OUTPUT 1 "sum";
    .port_info 4 /OUTPUT 1 "c_out";
v000001dfa5e8c570_0 .net "a", 0 0, L_000001dfa5ea0360;  1 drivers
v000001dfa5e8c070_0 .net "b", 0 0, L_000001dfa5ea0040;  1 drivers
v000001dfa5e8b170_0 .net "c_in", 0 0, L_000001dfa5ea0a40;  1 drivers
v000001dfa5e8c110_0 .var "c_out", 0 0;
v000001dfa5e8b670_0 .var "sum", 0 0;
E_000001dfa5e2dc70 .event anyedge, v000001dfa5e8c570_0, v000001dfa5e8c070_0, v000001dfa5e8b170_0;
S_000001dfa5e89480 .scope begin, "adder_gates" "adder_gates" 7 12, 7 12 0, S_000001dfa5e89160;
 .timescale -9 -12;
S_000001dfa5e8a8d0 .scope generate, "ripple_carry[11]" "ripple_carry[11]" 6 22, 6 22 0, S_000001dfa5dc9b60;
 .timescale -9 -12;
P_000001dfa5e2d5f0 .param/l "i" 0 6 22, +C4<01011>;
S_000001dfa5e892f0 .scope module, "ADDER" "adder_1" 6 23, 7 6 0, S_000001dfa5e8a8d0;
 .timescale -9 -12;
    .port_info 0 /INPUT 1 "a";
    .port_info 1 /INPUT 1 "b";
    .port_info 2 /INPUT 1 "c_in";
    .port_info 3 /OUTPUT 1 "sum";
    .port_info 4 /OUTPUT 1 "c_out";
v000001dfa5e8bcb0_0 .net "a", 0 0, L_000001dfa5ea0180;  1 drivers
v000001dfa5e8c430_0 .net "b", 0 0, L_000001dfa5e9f640;  1 drivers
v000001dfa5e8b490_0 .net "c_in", 0 0, L_000001dfa5e9f820;  1 drivers
v000001dfa5e8b530_0 .var "c_out", 0 0;
v000001dfa5e8b5d0_0 .var "sum", 0 0;
E_000001dfa5e2d3f0 .event anyedge, v000001dfa5e8bcb0_0, v000001dfa5e8c430_0, v000001dfa5e8b490_0;
S_000001dfa5e8a5b0 .scope begin, "adder_gates" "adder_gates" 7 12, 7 12 0, S_000001dfa5e892f0;
 .timescale -9 -12;
S_000001dfa5e89930 .scope generate, "ripple_carry[12]" "ripple_carry[12]" 6 22, 6 22 0, S_000001dfa5dc9b60;
 .timescale -9 -12;
P_000001dfa5e2d430 .param/l "i" 0 6 22, +C4<01100>;
S_000001dfa5e8a740 .scope module, "ADDER" "adder_1" 6 23, 7 6 0, S_000001dfa5e89930;
 .timescale -9 -12;
    .port_info 0 /INPUT 1 "a";
    .port_info 1 /INPUT 1 "b";
    .port_info 2 /INPUT 1 "c_in";
    .port_info 3 /OUTPUT 1 "sum";
    .port_info 4 /OUTPUT 1 "c_out";
v000001dfa5e8c930_0 .net "a", 0 0, L_000001dfa5ea07c0;  1 drivers
v000001dfa5e8b8f0_0 .net "b", 0 0, L_000001dfa5ea0680;  1 drivers
v000001dfa5e8ca70_0 .net "c_in", 0 0, L_000001dfa5e9f8c0;  1 drivers
v000001dfa5e8c390_0 .var "c_out", 0 0;
v000001dfa5e8cb10_0 .var "sum", 0 0;
E_000001dfa5e2d4b0 .event anyedge, v000001dfa5e8c930_0, v000001dfa5e8b8f0_0, v000001dfa5e8ca70_0;
S_000001dfa5e89ac0 .scope begin, "adder_gates" "adder_gates" 7 12, 7 12 0, S_000001dfa5e8a740;
 .timescale -9 -12;
S_000001dfa5e8a100 .scope generate, "ripple_carry[13]" "ripple_carry[13]" 6 22, 6 22 0, S_000001dfa5dc9b60;
 .timescale -9 -12;
P_000001dfa5e2dcb0 .param/l "i" 0 6 22, +C4<01101>;
S_000001dfa5e95e10 .scope module, "ADDER" "adder_1" 6 23, 7 6 0, S_000001dfa5e8a100;
 .timescale -9 -12;
    .port_info 0 /INPUT 1 "a";
    .port_info 1 /INPUT 1 "b";
    .port_info 2 /INPUT 1 "c_in";
    .port_info 3 /OUTPUT 1 "sum";
    .port_info 4 /OUTPUT 1 "c_out";
v000001dfa5e8c890_0 .net "a", 0 0, L_000001dfa5ea04a0;  1 drivers
v000001dfa5e8bdf0_0 .net "b", 0 0, L_000001dfa5ea0d60;  1 drivers
v000001dfa5e8c4d0_0 .net "c_in", 0 0, L_000001dfa5ea0860;  1 drivers
v000001dfa5e8b710_0 .var "c_out", 0 0;
v000001dfa5e8c1b0_0 .var "sum", 0 0;
E_000001dfa5e2cfb0 .event anyedge, v000001dfa5e8c890_0, v000001dfa5e8bdf0_0, v000001dfa5e8c4d0_0;
S_000001dfa5e96c20 .scope begin, "adder_gates" "adder_gates" 7 12, 7 12 0, S_000001dfa5e95e10;
 .timescale -9 -12;
S_000001dfa5e95320 .scope generate, "ripple_carry[14]" "ripple_carry[14]" 6 22, 6 22 0, S_000001dfa5dc9b60;
 .timescale -9 -12;
P_000001dfa5e2de70 .param/l "i" 0 6 22, +C4<01110>;
S_000001dfa5e96db0 .scope module, "ADDER" "adder_1" 6 23, 7 6 0, S_000001dfa5e95320;
 .timescale -9 -12;
    .port_info 0 /INPUT 1 "a";
    .port_info 1 /INPUT 1 "b";
    .port_info 2 /INPUT 1 "c_in";
    .port_info 3 /OUTPUT 1 "sum";
    .port_info 4 /OUTPUT 1 "c_out";
v000001dfa5e8c2f0_0 .net "a", 0 0, L_000001dfa5e9faa0;  1 drivers
v000001dfa5e8c610_0 .net "b", 0 0, L_000001dfa5ea0220;  1 drivers
v000001dfa5e8b850_0 .net "c_in", 0 0, L_000001dfa5e9f320;  1 drivers
v000001dfa5e8cc50_0 .var "c_out", 0 0;
v000001dfa5e8c7f0_0 .var "sum", 0 0;
E_000001dfa5e2d6f0 .event anyedge, v000001dfa5e8c2f0_0, v000001dfa5e8c610_0, v000001dfa5e8b850_0;
S_000001dfa5e954b0 .scope begin, "adder_gates" "adder_gates" 7 12, 7 12 0, S_000001dfa5e96db0;
 .timescale -9 -12;
S_000001dfa5e95fa0 .scope generate, "ripple_carry[15]" "ripple_carry[15]" 6 22, 6 22 0, S_000001dfa5dc9b60;
 .timescale -9 -12;
P_000001dfa5e2dcf0 .param/l "i" 0 6 22, +C4<01111>;
S_000001dfa5e96f40 .scope module, "ADDER" "adder_1" 6 23, 7 6 0, S_000001dfa5e95fa0;
 .timescale -9 -12;
    .port_info 0 /INPUT 1 "a";
    .port_info 1 /INPUT 1 "b";
    .port_info 2 /INPUT 1 "c_in";
    .port_info 3 /OUTPUT 1 "sum";
    .port_info 4 /OUTPUT 1 "c_out";
v000001dfa5e8b990_0 .net "a", 0 0, L_000001dfa5e9fc80;  1 drivers
v000001dfa5e8c250_0 .net "b", 0 0, L_000001dfa5e9f1e0;  1 drivers
v000001dfa5e8cf70_0 .net "c_in", 0 0, L_000001dfa5ea02c0;  1 drivers
v000001dfa5e8ce30_0 .var "c_out", 0 0;
v000001dfa5e8c6b0_0 .var "sum", 0 0;
E_000001dfa5e2da30 .event anyedge, v000001dfa5e8b990_0, v000001dfa5e8c250_0, v000001dfa5e8cf70_0;
S_000001dfa5e95640 .scope begin, "adder_gates" "adder_gates" 7 12, 7 12 0, S_000001dfa5e96f40;
 .timescale -9 -12;
S_000001dfa5e96a90 .scope generate, "ripple_carry[16]" "ripple_carry[16]" 6 22, 6 22 0, S_000001dfa5dc9b60;
 .timescale -9 -12;
P_000001dfa5e2cff0 .param/l "i" 0 6 22, +C4<010000>;
S_000001dfa5e95af0 .scope module, "ADDER" "adder_1" 6 23, 7 6 0, S_000001dfa5e96a90;
 .timescale -9 -12;
    .port_info 0 /INPUT 1 "a";
    .port_info 1 /INPUT 1 "b";
    .port_info 2 /INPUT 1 "c_in";
    .port_info 3 /OUTPUT 1 "sum";
    .port_info 4 /OUTPUT 1 "c_out";
v000001dfa5e8b2b0_0 .net "a", 0 0, L_000001dfa5e9f960;  1 drivers
v000001dfa5e8cbb0_0 .net "b", 0 0, L_000001dfa5ea0b80;  1 drivers
v000001dfa5e8bd50_0 .net "c_in", 0 0, L_000001dfa5ea1080;  1 drivers
v000001dfa5e8ba30_0 .var "c_out", 0 0;
v000001dfa5e8bfd0_0 .var "sum", 0 0;
E_000001dfa5e2da70 .event anyedge, v000001dfa5e8b2b0_0, v000001dfa5e8cbb0_0, v000001dfa5e8bd50_0;
S_000001dfa5e96130 .scope begin, "adder_gates" "adder_gates" 7 12, 7 12 0, S_000001dfa5e95af0;
 .timescale -9 -12;
S_000001dfa5e957d0 .scope generate, "ripple_carry[17]" "ripple_carry[17]" 6 22, 6 22 0, S_000001dfa5dc9b60;
 .timescale -9 -12;
P_000001dfa5e2dd30 .param/l "i" 0 6 22, +C4<010001>;
S_000001dfa5e95c80 .scope module, "ADDER" "adder_1" 6 23, 7 6 0, S_000001dfa5e957d0;
 .timescale -9 -12;
    .port_info 0 /INPUT 1 "a";
    .port_info 1 /INPUT 1 "b";
    .port_info 2 /INPUT 1 "c_in";
    .port_info 3 /OUTPUT 1 "sum";
    .port_info 4 /OUTPUT 1 "c_out";
v000001dfa5e8ccf0_0 .net "a", 0 0, L_000001dfa5e9fbe0;  1 drivers
v000001dfa5e8c750_0 .net "b", 0 0, L_000001dfa5ea0720;  1 drivers
v000001dfa5e8bad0_0 .net "c_in", 0 0, L_000001dfa5ea0900;  1 drivers
v000001dfa5e8c9d0_0 .var "c_out", 0 0;
v000001dfa5e8cd90_0 .var "sum", 0 0;
E_000001dfa5e2dd70 .event anyedge, v000001dfa5e8ccf0_0, v000001dfa5e8c750_0, v000001dfa5e8bad0_0;
S_000001dfa5e962c0 .scope begin, "adder_gates" "adder_gates" 7 12, 7 12 0, S_000001dfa5e95c80;
 .timescale -9 -12;
S_000001dfa5e95960 .scope generate, "ripple_carry[18]" "ripple_carry[18]" 6 22, 6 22 0, S_000001dfa5dc9b60;
 .timescale -9 -12;
P_000001dfa5e2d630 .param/l "i" 0 6 22, +C4<010010>;
S_000001dfa5e96450 .scope module, "ADDER" "adder_1" 6 23, 7 6 0, S_000001dfa5e95960;
 .timescale -9 -12;
    .port_info 0 /INPUT 1 "a";
    .port_info 1 /INPUT 1 "b";
    .port_info 2 /INPUT 1 "c_in";
    .port_info 3 /OUTPUT 1 "sum";
    .port_info 4 /OUTPUT 1 "c_out";
v000001dfa5e8d010_0 .net "a", 0 0, L_000001dfa5e9f3c0;  1 drivers
v000001dfa5e8ced0_0 .net "b", 0 0, L_000001dfa5ea0400;  1 drivers
v000001dfa5e8b210_0 .net "c_in", 0 0, L_000001dfa5ea05e0;  1 drivers
v000001dfa5e8bf30_0 .var "c_out", 0 0;
v000001dfa5e8b3f0_0 .var "sum", 0 0;
E_000001dfa5e2d930 .event anyedge, v000001dfa5e8d010_0, v000001dfa5e8ced0_0, v000001dfa5e8b210_0;
S_000001dfa5e965e0 .scope begin, "adder_gates" "adder_gates" 7 12, 7 12 0, S_000001dfa5e96450;
 .timescale -9 -12;
S_000001dfa5e96770 .scope generate, "ripple_carry[19]" "ripple_carry[19]" 6 22, 6 22 0, S_000001dfa5dc9b60;
 .timescale -9 -12;
P_000001dfa5e2d030 .param/l "i" 0 6 22, +C4<010011>;
S_000001dfa5e96900 .scope module, "ADDER" "adder_1" 6 23, 7 6 0, S_000001dfa5e96770;
 .timescale -9 -12;
    .port_info 0 /INPUT 1 "a";
    .port_info 1 /INPUT 1 "b";
    .port_info 2 /INPUT 1 "c_in";
    .port_info 3 /OUTPUT 1 "sum";
    .port_info 4 /OUTPUT 1 "c_out";
v000001dfa5e8b350_0 .net "a", 0 0, L_000001dfa5ea0e00;  1 drivers
v000001dfa5e8be90_0 .net "b", 0 0, L_000001dfa5ea0c20;  1 drivers
v000001dfa5e8bb70_0 .net "c_in", 0 0, L_000001dfa5e9fd20;  1 drivers
v000001dfa5e8bc10_0 .var "c_out", 0 0;
v000001dfa5e97ba0_0 .var "sum", 0 0;
E_000001dfa5e2ddf0 .event anyedge, v000001dfa5e8b350_0, v000001dfa5e8be90_0, v000001dfa5e8bb70_0;
S_000001dfa5e95190 .scope begin, "adder_gates" "adder_gates" 7 12, 7 12 0, S_000001dfa5e96900;
 .timescale -9 -12;
S_000001dfa5e99fc0 .scope generate, "ripple_carry[20]" "ripple_carry[20]" 6 22, 6 22 0, S_000001dfa5dc9b60;
 .timescale -9 -12;
P_000001dfa5e2d770 .param/l "i" 0 6 22, +C4<010100>;
S_000001dfa5e9a920 .scope module, "ADDER" "adder_1" 6 23, 7 6 0, S_000001dfa5e99fc0;
 .timescale -9 -12;
    .port_info 0 /INPUT 1 "a";
    .port_info 1 /INPUT 1 "b";
    .port_info 2 /INPUT 1 "c_in";
    .port_info 3 /OUTPUT 1 "sum";
    .port_info 4 /OUTPUT 1 "c_out";
v000001dfa5e98aa0_0 .net "a", 0 0, L_000001dfa5ea0cc0;  1 drivers
v000001dfa5e98a00_0 .net "b", 0 0, L_000001dfa5ea0ea0;  1 drivers
v000001dfa5e98fa0_0 .net "c_in", 0 0, L_000001dfa5ea0f40;  1 drivers
v000001dfa5e979c0_0 .var "c_out", 0 0;
v000001dfa5e98140_0 .var "sum", 0 0;
E_000001dfa5e2d9b0 .event anyedge, v000001dfa5e98aa0_0, v000001dfa5e98a00_0, v000001dfa5e98fa0_0;
S_000001dfa5e9a150 .scope begin, "adder_gates" "adder_gates" 7 12, 7 12 0, S_000001dfa5e9a920;
 .timescale -9 -12;
S_000001dfa5e9aab0 .scope generate, "ripple_carry[21]" "ripple_carry[21]" 6 22, 6 22 0, S_000001dfa5dc9b60;
 .timescale -9 -12;
P_000001dfa5e2de30 .param/l "i" 0 6 22, +C4<010101>;
S_000001dfa5e9af60 .scope module, "ADDER" "adder_1" 6 23, 7 6 0, S_000001dfa5e9aab0;
 .timescale -9 -12;
    .port_info 0 /INPUT 1 "a";
    .port_info 1 /INPUT 1 "b";
    .port_info 2 /INPUT 1 "c_in";
    .port_info 3 /OUTPUT 1 "sum";
    .port_info 4 /OUTPUT 1 "c_out";
v000001dfa5e97880_0 .net "a", 0 0, L_000001dfa5e9f460;  1 drivers
v000001dfa5e98c80_0 .net "b", 0 0, L_000001dfa5ea0fe0;  1 drivers
v000001dfa5e98820_0 .net "c_in", 0 0, L_000001dfa5e9f280;  1 drivers
v000001dfa5e99040_0 .var "c_out", 0 0;
v000001dfa5e981e0_0 .var "sum", 0 0;
E_000001dfa5e2d130 .event anyedge, v000001dfa5e97880_0, v000001dfa5e98c80_0, v000001dfa5e98820_0;
S_000001dfa5e99b10 .scope begin, "adder_gates" "adder_gates" 7 12, 7 12 0, S_000001dfa5e9af60;
 .timescale -9 -12;
S_000001dfa5e9a470 .scope generate, "ripple_carry[22]" "ripple_carry[22]" 6 22, 6 22 0, S_000001dfa5dc9b60;
 .timescale -9 -12;
P_000001dfa5e2d670 .param/l "i" 0 6 22, +C4<010110>;
S_000001dfa5e9ac40 .scope module, "ADDER" "adder_1" 6 23, 7 6 0, S_000001dfa5e9a470;
 .timescale -9 -12;
    .port_info 0 /INPUT 1 "a";
    .port_info 1 /INPUT 1 "b";
    .port_info 2 /INPUT 1 "c_in";
    .port_info 3 /OUTPUT 1 "sum";
    .port_info 4 /OUTPUT 1 "c_out";
v000001dfa5e97c40_0 .net "a", 0 0, L_000001dfa5ea15b0;  1 drivers
v000001dfa5e97d80_0 .net "b", 0 0, L_000001dfa5ea1dd0;  1 drivers
v000001dfa5e97380_0 .net "c_in", 0 0, L_000001dfa5ea1f10;  1 drivers
v000001dfa5e97560_0 .var "c_out", 0 0;
v000001dfa5e97740_0 .var "sum", 0 0;
E_000001dfa5e2d6b0 .event anyedge, v000001dfa5e97c40_0, v000001dfa5e97d80_0, v000001dfa5e97380_0;
S_000001dfa5e99980 .scope begin, "adder_gates" "adder_gates" 7 12, 7 12 0, S_000001dfa5e9ac40;
 .timescale -9 -12;
S_000001dfa5e991b0 .scope generate, "ripple_carry[23]" "ripple_carry[23]" 6 22, 6 22 0, S_000001dfa5dc9b60;
 .timescale -9 -12;
P_000001dfa5e2d730 .param/l "i" 0 6 22, +C4<010111>;
S_000001dfa5e9a2e0 .scope module, "ADDER" "adder_1" 6 23, 7 6 0, S_000001dfa5e991b0;
 .timescale -9 -12;
    .port_info 0 /INPUT 1 "a";
    .port_info 1 /INPUT 1 "b";
    .port_info 2 /INPUT 1 "c_in";
    .port_info 3 /OUTPUT 1 "sum";
    .port_info 4 /OUTPUT 1 "c_out";
v000001dfa5e980a0_0 .net "a", 0 0, L_000001dfa5ea2870;  1 drivers
v000001dfa5e98d20_0 .net "b", 0 0, L_000001dfa5ea1470;  1 drivers
v000001dfa5e97420_0 .net "c_in", 0 0, L_000001dfa5ea11f0;  1 drivers
v000001dfa5e977e0_0 .var "c_out", 0 0;
v000001dfa5e98b40_0 .var "sum", 0 0;
E_000001dfa5e2d9f0 .event anyedge, v000001dfa5e980a0_0, v000001dfa5e98d20_0, v000001dfa5e97420_0;
S_000001dfa5e9a600 .scope begin, "adder_gates" "adder_gates" 7 12, 7 12 0, S_000001dfa5e9a2e0;
 .timescale -9 -12;
S_000001dfa5e99e30 .scope generate, "ripple_carry[24]" "ripple_carry[24]" 6 22, 6 22 0, S_000001dfa5dc9b60;
 .timescale -9 -12;
P_000001dfa5e2daf0 .param/l "i" 0 6 22, +C4<011000>;
S_000001dfa5e9a790 .scope module, "ADDER" "adder_1" 6 23, 7 6 0, S_000001dfa5e99e30;
 .timescale -9 -12;
    .port_info 0 /INPUT 1 "a";
    .port_info 1 /INPUT 1 "b";
    .port_info 2 /INPUT 1 "c_in";
    .port_info 3 /OUTPUT 1 "sum";
    .port_info 4 /OUTPUT 1 "c_out";
v000001dfa5e97600_0 .net "a", 0 0, L_000001dfa5ea2d70;  1 drivers
v000001dfa5e98be0_0 .net "b", 0 0, L_000001dfa5ea2190;  1 drivers
v000001dfa5e988c0_0 .net "c_in", 0 0, L_000001dfa5ea3090;  1 drivers
v000001dfa5e971a0_0 .var "c_out", 0 0;
v000001dfa5e98960_0 .var "sum", 0 0;
E_000001dfa5e2d7b0 .event anyedge, v000001dfa5e97600_0, v000001dfa5e98be0_0, v000001dfa5e988c0_0;
S_000001dfa5e9add0 .scope begin, "adder_gates" "adder_gates" 7 12, 7 12 0, S_000001dfa5e9a790;
 .timescale -9 -12;
S_000001dfa5e99340 .scope generate, "ripple_carry[25]" "ripple_carry[25]" 6 22, 6 22 0, S_000001dfa5dc9b60;
 .timescale -9 -12;
P_000001dfa5e2d7f0 .param/l "i" 0 6 22, +C4<011001>;
S_000001dfa5e99660 .scope module, "ADDER" "adder_1" 6 23, 7 6 0, S_000001dfa5e99340;
 .timescale -9 -12;
    .port_info 0 /INPUT 1 "a";
    .port_info 1 /INPUT 1 "b";
    .port_info 2 /INPUT 1 "c_in";
    .port_info 3 /OUTPUT 1 "sum";
    .port_info 4 /OUTPUT 1 "c_out";
v000001dfa5e976a0_0 .net "a", 0 0, L_000001dfa5ea2690;  1 drivers
v000001dfa5e98280_0 .net "b", 0 0, L_000001dfa5ea2cd0;  1 drivers
v000001dfa5e97920_0 .net "c_in", 0 0, L_000001dfa5ea2910;  1 drivers
v000001dfa5e986e0_0 .var "c_out", 0 0;
v000001dfa5e97a60_0 .var "sum", 0 0;
E_000001dfa5e2d830 .event anyedge, v000001dfa5e976a0_0, v000001dfa5e98280_0, v000001dfa5e97920_0;
S_000001dfa5e994d0 .scope begin, "adder_gates" "adder_gates" 7 12, 7 12 0, S_000001dfa5e99660;
 .timescale -9 -12;
S_000001dfa5e997f0 .scope generate, "ripple_carry[26]" "ripple_carry[26]" 6 22, 6 22 0, S_000001dfa5dc9b60;
 .timescale -9 -12;
P_000001dfa5e2d870 .param/l "i" 0 6 22, +C4<011010>;
S_000001dfa5e99ca0 .scope module, "ADDER" "adder_1" 6 23, 7 6 0, S_000001dfa5e997f0;
 .timescale -9 -12;
    .port_info 0 /INPUT 1 "a";
    .port_info 1 /INPUT 1 "b";
    .port_info 2 /INPUT 1 "c_in";
    .port_info 3 /OUTPUT 1 "sum";
    .port_info 4 /OUTPUT 1 "c_out";
v000001dfa5e98e60_0 .net "a", 0 0, L_000001dfa5ea2f50;  1 drivers
v000001dfa5e98dc0_0 .net "b", 0 0, L_000001dfa5ea2730;  1 drivers
v000001dfa5e97240_0 .net "c_in", 0 0, L_000001dfa5ea27d0;  1 drivers
v000001dfa5e98780_0 .var "c_out", 0 0;
v000001dfa5e98320_0 .var "sum", 0 0;
E_000001dfa5e2e970 .event anyedge, v000001dfa5e98e60_0, v000001dfa5e98dc0_0, v000001dfa5e97240_0;
S_000001dfa5e9cf70 .scope begin, "adder_gates" "adder_gates" 7 12, 7 12 0, S_000001dfa5e99ca0;
 .timescale -9 -12;
S_000001dfa5e9c2f0 .scope generate, "ripple_carry[27]" "ripple_carry[27]" 6 22, 6 22 0, S_000001dfa5dc9b60;
 .timescale -9 -12;
P_000001dfa5e2e770 .param/l "i" 0 6 22, +C4<011011>;
S_000001dfa5e9b4e0 .scope module, "ADDER" "adder_1" 6 23, 7 6 0, S_000001dfa5e9c2f0;
 .timescale -9 -12;
    .port_info 0 /INPUT 1 "a";
    .port_info 1 /INPUT 1 "b";
    .port_info 2 /INPUT 1 "c_in";
    .port_info 3 /OUTPUT 1 "sum";
    .port_info 4 /OUTPUT 1 "c_out";
v000001dfa5e974c0_0 .net "a", 0 0, L_000001dfa5ea2230;  1 drivers
v000001dfa5e983c0_0 .net "b", 0 0, L_000001dfa5ea22d0;  1 drivers
v000001dfa5e97ec0_0 .net "c_in", 0 0, L_000001dfa5ea2a50;  1 drivers
v000001dfa5e98500_0 .var "c_out", 0 0;
v000001dfa5e98f00_0 .var "sum", 0 0;
E_000001dfa5e2ee70 .event anyedge, v000001dfa5e974c0_0, v000001dfa5e983c0_0, v000001dfa5e97ec0_0;
S_000001dfa5e9b990 .scope begin, "adder_gates" "adder_gates" 7 12, 7 12 0, S_000001dfa5e9b4e0;
 .timescale -9 -12;
S_000001dfa5e9b670 .scope generate, "ripple_carry[28]" "ripple_carry[28]" 6 22, 6 22 0, S_000001dfa5dc9b60;
 .timescale -9 -12;
P_000001dfa5e2e470 .param/l "i" 0 6 22, +C4<011100>;
S_000001dfa5e9c160 .scope module, "ADDER" "adder_1" 6 23, 7 6 0, S_000001dfa5e9b670;
 .timescale -9 -12;
    .port_info 0 /INPUT 1 "a";
    .port_info 1 /INPUT 1 "b";
    .port_info 2 /INPUT 1 "c_in";
    .port_info 3 /OUTPUT 1 "sum";
    .port_info 4 /OUTPUT 1 "c_out";
v000001dfa5e97b00_0 .net "a", 0 0, L_000001dfa5ea20f0;  1 drivers
v000001dfa5e98460_0 .net "b", 0 0, L_000001dfa5ea1290;  1 drivers
v000001dfa5e972e0_0 .net "c_in", 0 0, L_000001dfa5ea2550;  1 drivers
v000001dfa5e97ce0_0 .var "c_out", 0 0;
v000001dfa5e97e20_0 .var "sum", 0 0;
E_000001dfa5e2eab0 .event anyedge, v000001dfa5e97b00_0, v000001dfa5e98460_0, v000001dfa5e972e0_0;
S_000001dfa5e9b1c0 .scope begin, "adder_gates" "adder_gates" 7 12, 7 12 0, S_000001dfa5e9c160;
 .timescale -9 -12;
S_000001dfa5e9bb20 .scope generate, "ripple_carry[29]" "ripple_carry[29]" 6 22, 6 22 0, S_000001dfa5dc9b60;
 .timescale -9 -12;
P_000001dfa5e2e3b0 .param/l "i" 0 6 22, +C4<011101>;
S_000001dfa5e9c480 .scope module, "ADDER" "adder_1" 6 23, 7 6 0, S_000001dfa5e9bb20;
 .timescale -9 -12;
    .port_info 0 /INPUT 1 "a";
    .port_info 1 /INPUT 1 "b";
    .port_info 2 /INPUT 1 "c_in";
    .port_info 3 /OUTPUT 1 "sum";
    .port_info 4 /OUTPUT 1 "c_out";
v000001dfa5e97f60_0 .net "a", 0 0, L_000001dfa5ea2370;  1 drivers
v000001dfa5e98000_0 .net "b", 0 0, L_000001dfa5ea1790;  1 drivers
v000001dfa5e985a0_0 .net "c_in", 0 0, L_000001dfa5ea1650;  1 drivers
v000001dfa5e98640_0 .var "c_out", 0 0;
v000001dfa5e9ead0_0 .var "sum", 0 0;
E_000001dfa5e2e030 .event anyedge, v000001dfa5e97f60_0, v000001dfa5e98000_0, v000001dfa5e985a0_0;
S_000001dfa5e9b800 .scope begin, "adder_gates" "adder_gates" 7 12, 7 12 0, S_000001dfa5e9c480;
 .timescale -9 -12;
S_000001dfa5e9b350 .scope generate, "ripple_carry[30]" "ripple_carry[30]" 6 22, 6 22 0, S_000001dfa5dc9b60;
 .timescale -9 -12;
P_000001dfa5e2eaf0 .param/l "i" 0 6 22, +C4<011110>;
S_000001dfa5e9bfd0 .scope module, "ADDER" "adder_1" 6 23, 7 6 0, S_000001dfa5e9b350;
 .timescale -9 -12;
    .port_info 0 /INPUT 1 "a";
    .port_info 1 /INPUT 1 "b";
    .port_info 2 /INPUT 1 "c_in";
    .port_info 3 /OUTPUT 1 "sum";
    .port_info 4 /OUTPUT 1 "c_out";
v000001dfa5e9ee90_0 .net "a", 0 0, L_000001dfa5ea2b90;  1 drivers
v000001dfa5e9d6d0_0 .net "b", 0 0, L_000001dfa5ea2050;  1 drivers
v000001dfa5e9d810_0 .net "c_in", 0 0, L_000001dfa5ea2410;  1 drivers
v000001dfa5e9e530_0 .var "c_out", 0 0;
v000001dfa5e9e170_0 .var "sum", 0 0;
E_000001dfa5e2e870 .event anyedge, v000001dfa5e9ee90_0, v000001dfa5e9d6d0_0, v000001dfa5e9d810_0;
S_000001dfa5e9bcb0 .scope begin, "adder_gates" "adder_gates" 7 12, 7 12 0, S_000001dfa5e9bfd0;
 .timescale -9 -12;
S_000001dfa5e9be40 .scope generate, "ripple_carry[31]" "ripple_carry[31]" 6 22, 6 22 0, S_000001dfa5dc9b60;
 .timescale -9 -12;
P_000001dfa5e2ed30 .param/l "i" 0 6 22, +C4<011111>;
S_000001dfa5e9c610 .scope module, "ADDER" "adder_1" 6 23, 7 6 0, S_000001dfa5e9be40;
 .timescale -9 -12;
    .port_info 0 /INPUT 1 "a";
    .port_info 1 /INPUT 1 "b";
    .port_info 2 /INPUT 1 "c_in";
    .port_info 3 /OUTPUT 1 "sum";
    .port_info 4 /OUTPUT 1 "c_out";
v000001dfa5e9da90_0 .net "a", 0 0, L_000001dfa5ea1b50;  1 drivers
v000001dfa5e9e2b0_0 .net "b", 0 0, L_000001dfa5ea24b0;  1 drivers
v000001dfa5e9e8f0_0 .net "c_in", 0 0, L_000001dfa5ea2ff0;  1 drivers
v000001dfa5e9d8b0_0 .var "c_out", 0 0;
v000001dfa5e9ec10_0 .var "sum", 0 0;
E_000001dfa5e2e270 .event anyedge, v000001dfa5e9da90_0, v000001dfa5e9e2b0_0, v000001dfa5e9e8f0_0;
S_000001dfa5e9c7a0 .scope begin, "adder_gates" "adder_gates" 7 12, 7 12 0, S_000001dfa5e9c610;
 .timescale -9 -12;
S_000001dfa5e9c930 .scope begin, "lt_all_cases" "lt_all_cases" 5 52, 5 52 0, S_000001dfa5dc3a20;
 .timescale -9 -12;
S_000001dfa5e9cac0 .scope begin, "behavioural_solution_logic" "behavioural_solution_logic" 3 33, 3 33 0, S_000001dfa5e2ef10;
 .timescale -9 -12;
S_000001dfa5e9cc50 .scope task, "print_io" "print_io" 3 40, 3 40 0, S_000001dfa5e2ef10;
 .timescale -9 -12;
TD_test_comparators.print_io ;
    %vpi_call/w 3 41 "$display", "%8h %8h | == %b (%b) | <  %b (%b)", v000001dfa5e9f070_0, v000001dfa5e9d270_0, v000001dfa5e9e990_0, v000001dfa5e9d950_0, v000001dfa5e9ed50_0, v000001dfa5e9e7b0_0 {0 0 0};
    %end;
    .scope S_000001dfa5e6ed10;
T_1 ;
Ewait_0 .event/or E_000001dfa5e2db70, E_0x0;
    %wait Ewait_0;
    %load/vec4 v000001dfa5e1b070_0;
    %load/vec4 v000001dfa5e1bc50_0;
    %xnor;
    %and/r;
    %store/vec4 v000001dfa5e1c3d0_0, 0, 1;
    %jmp T_1;
    .thread T_1, $push;
    .scope S_000001dfa5dc6b60;
T_2 ;
Ewait_1 .event/or E_000001dfa5e2def0, E_0x0;
    %wait Ewait_1;
    %fork t_1, S_000001dfa5dc6cf0;
    %jmp t_0;
    .scope S_000001dfa5dc6cf0;
t_1 ;
    %load/vec4 v000001dfa5e1b1b0_0;
    %load/vec4 v000001dfa5e1b570_0;
    %and;
    %load/vec4 v000001dfa5e1b1b0_0;
    %load/vec4 v000001dfa5e1b610_0;
    %and;
    %or;
    %load/vec4 v000001dfa5e1b570_0;
    %load/vec4 v000001dfa5e1b610_0;
    %and;
    %or;
    %store/vec4 v000001dfa5e1c150_0, 0, 1;
    %load/vec4 v000001dfa5e1b610_0;
    %load/vec4 v000001dfa5e1b1b0_0;
    %xor;
    %load/vec4 v000001dfa5e1b570_0;
    %xor;
    %store/vec4 v000001dfa5e1c1f0_0, 0, 1;
    %end;
    .scope S_000001dfa5dc6b60;
t_0 %join;
    %jmp T_2;
    .thread T_2, $push;
    .scope S_000001dfa5d82cc0;
T_3 ;
Ewait_2 .event/or E_000001dfa5e2d570, E_0x0;
    %wait Ewait_2;
    %fork t_3, S_000001dfa5d82e50;
    %jmp t_2;
    .scope S_000001dfa5d82e50;
t_3 ;
    %load/vec4 v000001dfa5e1c330_0;
    %load/vec4 v000001dfa5e1be30_0;
    %and;
    %load/vec4 v000001dfa5e1c330_0;
    %load/vec4 v000001dfa5dfcef0_0;
    %and;
    %or;
    %load/vec4 v000001dfa5e1be30_0;
    %load/vec4 v000001dfa5dfcef0_0;
    %and;
    %or;
    %store/vec4 v000001dfa5dfbd70_0, 0, 1;
    %load/vec4 v000001dfa5dfcef0_0;
    %load/vec4 v000001dfa5e1c330_0;
    %xor;
    %load/vec4 v000001dfa5e1be30_0;
    %xor;
    %store/vec4 v000001dfa5dfcf90_0, 0, 1;
    %end;
    .scope S_000001dfa5d82cc0;
t_2 %join;
    %jmp T_3;
    .thread T_3, $push;
    .scope S_000001dfa5e2fb60;
T_4 ;
Ewait_3 .event/or E_000001dfa5e2df30, E_0x0;
    %wait Ewait_3;
    %fork t_5, S_000001dfa5e2fcf0;
    %jmp t_4;
    .scope S_000001dfa5e2fcf0;
t_5 ;
    %load/vec4 v000001dfa5dfd0d0_0;
    %load/vec4 v000001dfa5dfba50_0;
    %and;
    %load/vec4 v000001dfa5dfd0d0_0;
    %load/vec4 v000001dfa5dfbc30_0;
    %and;
    %or;
    %load/vec4 v000001dfa5dfba50_0;
    %load/vec4 v000001dfa5dfbc30_0;
    %and;
    %or;
    %store/vec4 v000001dfa5dfc590_0, 0, 1;
    %load/vec4 v000001dfa5dfbc30_0;
    %load/vec4 v000001dfa5dfd0d0_0;
    %xor;
    %load/vec4 v000001dfa5dfba50_0;
    %xor;
    %store/vec4 v000001dfa5dfbe10_0, 0, 1;
    %end;
    .scope S_000001dfa5e2fb60;
t_4 %join;
    %jmp T_4;
    .thread T_4, $push;
    .scope S_000001dfa5e88ab0;
T_5 ;
Ewait_4 .event/or E_000001dfa5e2d2f0, E_0x0;
    %wait Ewait_4;
    %fork t_7, S_000001dfa5e88600;
    %jmp t_6;
    .scope S_000001dfa5e88600;
t_7 ;
    %load/vec4 v000001dfa5dfb5f0_0;
    %load/vec4 v000001dfa5dfc630_0;
    %and;
    %load/vec4 v000001dfa5dfb5f0_0;
    %load/vec4 v000001dfa5dfb7d0_0;
    %and;
    %or;
    %load/vec4 v000001dfa5dfc630_0;
    %load/vec4 v000001dfa5dfb7d0_0;
    %and;
    %or;
    %store/vec4 v000001dfa5dfb690_0, 0, 1;
    %load/vec4 v000001dfa5dfb7d0_0;
    %load/vec4 v000001dfa5dfb5f0_0;
    %xor;
    %load/vec4 v000001dfa5dfc630_0;
    %xor;
    %store/vec4 v000001dfa5dfc270_0, 0, 1;
    %end;
    .scope S_000001dfa5e88ab0;
t_6 %join;
    %jmp T_5;
    .thread T_5, $push;
    .scope S_000001dfa5e882e0;
T_6 ;
Ewait_5 .event/or E_000001dfa5e2d5b0, E_0x0;
    %wait Ewait_5;
    %fork t_9, S_000001dfa5e88920;
    %jmp t_8;
    .scope S_000001dfa5e88920;
t_9 ;
    %load/vec4 v000001dfa5dfc3b0_0;
    %load/vec4 v000001dfa5dfc770_0;
    %and;
    %load/vec4 v000001dfa5dfc3b0_0;
    %load/vec4 v000001dfa5dfc8b0_0;
    %and;
    %or;
    %load/vec4 v000001dfa5dfc770_0;
    %load/vec4 v000001dfa5dfc8b0_0;
    %and;
    %or;
    %store/vec4 v000001dfa5dfc450_0, 0, 1;
    %load/vec4 v000001dfa5dfc8b0_0;
    %load/vec4 v000001dfa5dfc3b0_0;
    %xor;
    %load/vec4 v000001dfa5dfc770_0;
    %xor;
    %store/vec4 v000001dfa5e100f0_0, 0, 1;
    %end;
    .scope S_000001dfa5e882e0;
t_8 %join;
    %jmp T_6;
    .thread T_6, $push;
    .scope S_000001dfa5e88dd0;
T_7 ;
Ewait_6 .event/or E_000001dfa5e2d330, E_0x0;
    %wait Ewait_6;
    %fork t_11, S_000001dfa5e88f60;
    %jmp t_10;
    .scope S_000001dfa5e88f60;
t_11 ;
    %load/vec4 v000001dfa5e10d70_0;
    %load/vec4 v000001dfa5e10910_0;
    %and;
    %load/vec4 v000001dfa5e10d70_0;
    %load/vec4 v000001dfa5e0fa10_0;
    %and;
    %or;
    %load/vec4 v000001dfa5e10910_0;
    %load/vec4 v000001dfa5e0fa10_0;
    %and;
    %or;
    %store/vec4 v000001dfa5e11130_0, 0, 1;
    %load/vec4 v000001dfa5e0fa10_0;
    %load/vec4 v000001dfa5e10d70_0;
    %xor;
    %load/vec4 v000001dfa5e10910_0;
    %xor;
    %store/vec4 v000001dfa5e11770_0, 0, 1;
    %end;
    .scope S_000001dfa5e88dd0;
t_10 %join;
    %jmp T_7;
    .thread T_7, $push;
    .scope S_000001dfa5e88470;
T_8 ;
Ewait_7 .event/or E_000001dfa5e2d4f0, E_0x0;
    %wait Ewait_7;
    %fork t_13, S_000001dfa5e8ad80;
    %jmp t_12;
    .scope S_000001dfa5e8ad80;
t_13 ;
    %load/vec4 v000001dfa5e10730_0;
    %load/vec4 v000001dfa5e10ff0_0;
    %and;
    %load/vec4 v000001dfa5e10730_0;
    %load/vec4 v000001dfa5e11310_0;
    %and;
    %or;
    %load/vec4 v000001dfa5e10ff0_0;
    %load/vec4 v000001dfa5e11310_0;
    %and;
    %or;
    %store/vec4 v000001dfa5e10050_0, 0, 1;
    %load/vec4 v000001dfa5e11310_0;
    %load/vec4 v000001dfa5e10730_0;
    %xor;
    %load/vec4 v000001dfa5e10ff0_0;
    %xor;
    %store/vec4 v000001dfa5e10410_0, 0, 1;
    %end;
    .scope S_000001dfa5e88470;
t_12 %join;
    %jmp T_8;
    .thread T_8, $push;
    .scope S_000001dfa5e8aa60;
T_9 ;
Ewait_8 .event/or E_000001dfa5e2d530, E_0x0;
    %wait Ewait_8;
    %fork t_15, S_000001dfa5e8a290;
    %jmp t_14;
    .scope S_000001dfa5e8a290;
t_15 ;
    %load/vec4 v000001dfa5e0fbf0_0;
    %load/vec4 v000001dfa5e102d0_0;
    %and;
    %load/vec4 v000001dfa5e0fbf0_0;
    %load/vec4 v000001dfa5e10550_0;
    %and;
    %or;
    %load/vec4 v000001dfa5e102d0_0;
    %load/vec4 v000001dfa5e10550_0;
    %and;
    %or;
    %store/vec4 v000001dfa5e0f8d0_0, 0, 1;
    %load/vec4 v000001dfa5e10550_0;
    %load/vec4 v000001dfa5e0fbf0_0;
    %xor;
    %load/vec4 v000001dfa5e102d0_0;
    %xor;
    %store/vec4 v000001dfa5e11090_0, 0, 1;
    %end;
    .scope S_000001dfa5e8aa60;
t_14 %join;
    %jmp T_9;
    .thread T_9, $push;
    .scope S_000001dfa5e89c50;
T_10 ;
Ewait_9 .event/or E_000001dfa5e2d2b0, E_0x0;
    %wait Ewait_9;
    %fork t_17, S_000001dfa5e89f70;
    %jmp t_16;
    .scope S_000001dfa5e89f70;
t_17 ;
    %load/vec4 v000001dfa5df76f0_0;
    %load/vec4 v000001dfa5df73d0_0;
    %and;
    %load/vec4 v000001dfa5df76f0_0;
    %load/vec4 v000001dfa5df8050_0;
    %and;
    %or;
    %load/vec4 v000001dfa5df73d0_0;
    %load/vec4 v000001dfa5df8050_0;
    %and;
    %or;
    %store/vec4 v000001dfa5df80f0_0, 0, 1;
    %load/vec4 v000001dfa5df8050_0;
    %load/vec4 v000001dfa5df76f0_0;
    %xor;
    %load/vec4 v000001dfa5df73d0_0;
    %xor;
    %store/vec4 v000001dfa5df7970_0, 0, 1;
    %end;
    .scope S_000001dfa5e89c50;
t_16 %join;
    %jmp T_10;
    .thread T_10, $push;
    .scope S_000001dfa5e8af10;
T_11 ;
Ewait_10 .event/or E_000001dfa5e2db30, E_0x0;
    %wait Ewait_10;
    %fork t_19, S_000001dfa5e89de0;
    %jmp t_18;
    .scope S_000001dfa5e89de0;
t_19 ;
    %load/vec4 v000001dfa5df8190_0;
    %load/vec4 v000001dfa5df7a10_0;
    %and;
    %load/vec4 v000001dfa5df8190_0;
    %load/vec4 v000001dfa5df7b50_0;
    %and;
    %or;
    %load/vec4 v000001dfa5df7a10_0;
    %load/vec4 v000001dfa5df7b50_0;
    %and;
    %or;
    %store/vec4 v000001dfa5df7790_0, 0, 1;
    %load/vec4 v000001dfa5df7b50_0;
    %load/vec4 v000001dfa5df8190_0;
    %xor;
    %load/vec4 v000001dfa5df7a10_0;
    %xor;
    %store/vec4 v000001dfa5e8b7b0_0, 0, 1;
    %end;
    .scope S_000001dfa5e8af10;
t_18 %join;
    %jmp T_11;
    .thread T_11, $push;
    .scope S_000001dfa5e89160;
T_12 ;
Ewait_11 .event/or E_000001dfa5e2dc70, E_0x0;
    %wait Ewait_11;
    %fork t_21, S_000001dfa5e89480;
    %jmp t_20;
    .scope S_000001dfa5e89480;
t_21 ;
    %load/vec4 v000001dfa5e8c570_0;
    %load/vec4 v000001dfa5e8c070_0;
    %and;
    %load/vec4 v000001dfa5e8c570_0;
    %load/vec4 v000001dfa5e8b170_0;
    %and;
    %or;
    %load/vec4 v000001dfa5e8c070_0;
    %load/vec4 v000001dfa5e8b170_0;
    %and;
    %or;
    %store/vec4 v000001dfa5e8c110_0, 0, 1;
    %load/vec4 v000001dfa5e8b170_0;
    %load/vec4 v000001dfa5e8c570_0;
    %xor;
    %load/vec4 v000001dfa5e8c070_0;
    %xor;
    %store/vec4 v000001dfa5e8b670_0, 0, 1;
    %end;
    .scope S_000001dfa5e89160;
t_20 %join;
    %jmp T_12;
    .thread T_12, $push;
    .scope S_000001dfa5e892f0;
T_13 ;
Ewait_12 .event/or E_000001dfa5e2d3f0, E_0x0;
    %wait Ewait_12;
    %fork t_23, S_000001dfa5e8a5b0;
    %jmp t_22;
    .scope S_000001dfa5e8a5b0;
t_23 ;
    %load/vec4 v000001dfa5e8bcb0_0;
    %load/vec4 v000001dfa5e8c430_0;
    %and;
    %load/vec4 v000001dfa5e8bcb0_0;
    %load/vec4 v000001dfa5e8b490_0;
    %and;
    %or;
    %load/vec4 v000001dfa5e8c430_0;
    %load/vec4 v000001dfa5e8b490_0;
    %and;
    %or;
    %store/vec4 v000001dfa5e8b530_0, 0, 1;
    %load/vec4 v000001dfa5e8b490_0;
    %load/vec4 v000001dfa5e8bcb0_0;
    %xor;
    %load/vec4 v000001dfa5e8c430_0;
    %xor;
    %store/vec4 v000001dfa5e8b5d0_0, 0, 1;
    %end;
    .scope S_000001dfa5e892f0;
t_22 %join;
    %jmp T_13;
    .thread T_13, $push;
    .scope S_000001dfa5e8a740;
T_14 ;
Ewait_13 .event/or E_000001dfa5e2d4b0, E_0x0;
    %wait Ewait_13;
    %fork t_25, S_000001dfa5e89ac0;
    %jmp t_24;
    .scope S_000001dfa5e89ac0;
t_25 ;
    %load/vec4 v000001dfa5e8c930_0;
    %load/vec4 v000001dfa5e8b8f0_0;
    %and;
    %load/vec4 v000001dfa5e8c930_0;
    %load/vec4 v000001dfa5e8ca70_0;
    %and;
    %or;
    %load/vec4 v000001dfa5e8b8f0_0;
    %load/vec4 v000001dfa5e8ca70_0;
    %and;
    %or;
    %store/vec4 v000001dfa5e8c390_0, 0, 1;
    %load/vec4 v000001dfa5e8ca70_0;
    %load/vec4 v000001dfa5e8c930_0;
    %xor;
    %load/vec4 v000001dfa5e8b8f0_0;
    %xor;
    %store/vec4 v000001dfa5e8cb10_0, 0, 1;
    %end;
    .scope S_000001dfa5e8a740;
t_24 %join;
    %jmp T_14;
    .thread T_14, $push;
    .scope S_000001dfa5e95e10;
T_15 ;
Ewait_14 .event/or E_000001dfa5e2cfb0, E_0x0;
    %wait Ewait_14;
    %fork t_27, S_000001dfa5e96c20;
    %jmp t_26;
    .scope S_000001dfa5e96c20;
t_27 ;
    %load/vec4 v000001dfa5e8c890_0;
    %load/vec4 v000001dfa5e8bdf0_0;
    %and;
    %load/vec4 v000001dfa5e8c890_0;
    %load/vec4 v000001dfa5e8c4d0_0;
    %and;
    %or;
    %load/vec4 v000001dfa5e8bdf0_0;
    %load/vec4 v000001dfa5e8c4d0_0;
    %and;
    %or;
    %store/vec4 v000001dfa5e8b710_0, 0, 1;
    %load/vec4 v000001dfa5e8c4d0_0;
    %load/vec4 v000001dfa5e8c890_0;
    %xor;
    %load/vec4 v000001dfa5e8bdf0_0;
    %xor;
    %store/vec4 v000001dfa5e8c1b0_0, 0, 1;
    %end;
    .scope S_000001dfa5e95e10;
t_26 %join;
    %jmp T_15;
    .thread T_15, $push;
    .scope S_000001dfa5e96db0;
T_16 ;
Ewait_15 .event/or E_000001dfa5e2d6f0, E_0x0;
    %wait Ewait_15;
    %fork t_29, S_000001dfa5e954b0;
    %jmp t_28;
    .scope S_000001dfa5e954b0;
t_29 ;
    %load/vec4 v000001dfa5e8c2f0_0;
    %load/vec4 v000001dfa5e8c610_0;
    %and;
    %load/vec4 v000001dfa5e8c2f0_0;
    %load/vec4 v000001dfa5e8b850_0;
    %and;
    %or;
    %load/vec4 v000001dfa5e8c610_0;
    %load/vec4 v000001dfa5e8b850_0;
    %and;
    %or;
    %store/vec4 v000001dfa5e8cc50_0, 0, 1;
    %load/vec4 v000001dfa5e8b850_0;
    %load/vec4 v000001dfa5e8c2f0_0;
    %xor;
    %load/vec4 v000001dfa5e8c610_0;
    %xor;
    %store/vec4 v000001dfa5e8c7f0_0, 0, 1;
    %end;
    .scope S_000001dfa5e96db0;
t_28 %join;
    %jmp T_16;
    .thread T_16, $push;
    .scope S_000001dfa5e96f40;
T_17 ;
Ewait_16 .event/or E_000001dfa5e2da30, E_0x0;
    %wait Ewait_16;
    %fork t_31, S_000001dfa5e95640;
    %jmp t_30;
    .scope S_000001dfa5e95640;
t_31 ;
    %load/vec4 v000001dfa5e8b990_0;
    %load/vec4 v000001dfa5e8c250_0;
    %and;
    %load/vec4 v000001dfa5e8b990_0;
    %load/vec4 v000001dfa5e8cf70_0;
    %and;
    %or;
    %load/vec4 v000001dfa5e8c250_0;
    %load/vec4 v000001dfa5e8cf70_0;
    %and;
    %or;
    %store/vec4 v000001dfa5e8ce30_0, 0, 1;
    %load/vec4 v000001dfa5e8cf70_0;
    %load/vec4 v000001dfa5e8b990_0;
    %xor;
    %load/vec4 v000001dfa5e8c250_0;
    %xor;
    %store/vec4 v000001dfa5e8c6b0_0, 0, 1;
    %end;
    .scope S_000001dfa5e96f40;
t_30 %join;
    %jmp T_17;
    .thread T_17, $push;
    .scope S_000001dfa5e95af0;
T_18 ;
Ewait_17 .event/or E_000001dfa5e2da70, E_0x0;
    %wait Ewait_17;
    %fork t_33, S_000001dfa5e96130;
    %jmp t_32;
    .scope S_000001dfa5e96130;
t_33 ;
    %load/vec4 v000001dfa5e8b2b0_0;
    %load/vec4 v000001dfa5e8cbb0_0;
    %and;
    %load/vec4 v000001dfa5e8b2b0_0;
    %load/vec4 v000001dfa5e8bd50_0;
    %and;
    %or;
    %load/vec4 v000001dfa5e8cbb0_0;
    %load/vec4 v000001dfa5e8bd50_0;
    %and;
    %or;
    %store/vec4 v000001dfa5e8ba30_0, 0, 1;
    %load/vec4 v000001dfa5e8bd50_0;
    %load/vec4 v000001dfa5e8b2b0_0;
    %xor;
    %load/vec4 v000001dfa5e8cbb0_0;
    %xor;
    %store/vec4 v000001dfa5e8bfd0_0, 0, 1;
    %end;
    .scope S_000001dfa5e95af0;
t_32 %join;
    %jmp T_18;
    .thread T_18, $push;
    .scope S_000001dfa5e95c80;
T_19 ;
Ewait_18 .event/or E_000001dfa5e2dd70, E_0x0;
    %wait Ewait_18;
    %fork t_35, S_000001dfa5e962c0;
    %jmp t_34;
    .scope S_000001dfa5e962c0;
t_35 ;
    %load/vec4 v000001dfa5e8ccf0_0;
    %load/vec4 v000001dfa5e8c750_0;
    %and;
    %load/vec4 v000001dfa5e8ccf0_0;
    %load/vec4 v000001dfa5e8bad0_0;
    %and;
    %or;
    %load/vec4 v000001dfa5e8c750_0;
    %load/vec4 v000001dfa5e8bad0_0;
    %and;
    %or;
    %store/vec4 v000001dfa5e8c9d0_0, 0, 1;
    %load/vec4 v000001dfa5e8bad0_0;
    %load/vec4 v000001dfa5e8ccf0_0;
    %xor;
    %load/vec4 v000001dfa5e8c750_0;
    %xor;
    %store/vec4 v000001dfa5e8cd90_0, 0, 1;
    %end;
    .scope S_000001dfa5e95c80;
t_34 %join;
    %jmp T_19;
    .thread T_19, $push;
    .scope S_000001dfa5e96450;
T_20 ;
Ewait_19 .event/or E_000001dfa5e2d930, E_0x0;
    %wait Ewait_19;
    %fork t_37, S_000001dfa5e965e0;
    %jmp t_36;
    .scope S_000001dfa5e965e0;
t_37 ;
    %load/vec4 v000001dfa5e8d010_0;
    %load/vec4 v000001dfa5e8ced0_0;
    %and;
    %load/vec4 v000001dfa5e8d010_0;
    %load/vec4 v000001dfa5e8b210_0;
    %and;
    %or;
    %load/vec4 v000001dfa5e8ced0_0;
    %load/vec4 v000001dfa5e8b210_0;
    %and;
    %or;
    %store/vec4 v000001dfa5e8bf30_0, 0, 1;
    %load/vec4 v000001dfa5e8b210_0;
    %load/vec4 v000001dfa5e8d010_0;
    %xor;
    %load/vec4 v000001dfa5e8ced0_0;
    %xor;
    %store/vec4 v000001dfa5e8b3f0_0, 0, 1;
    %end;
    .scope S_000001dfa5e96450;
t_36 %join;
    %jmp T_20;
    .thread T_20, $push;
    .scope S_000001dfa5e96900;
T_21 ;
Ewait_20 .event/or E_000001dfa5e2ddf0, E_0x0;
    %wait Ewait_20;
    %fork t_39, S_000001dfa5e95190;
    %jmp t_38;
    .scope S_000001dfa5e95190;
t_39 ;
    %load/vec4 v000001dfa5e8b350_0;
    %load/vec4 v000001dfa5e8be90_0;
    %and;
    %load/vec4 v000001dfa5e8b350_0;
    %load/vec4 v000001dfa5e8bb70_0;
    %and;
    %or;
    %load/vec4 v000001dfa5e8be90_0;
    %load/vec4 v000001dfa5e8bb70_0;
    %and;
    %or;
    %store/vec4 v000001dfa5e8bc10_0, 0, 1;
    %load/vec4 v000001dfa5e8bb70_0;
    %load/vec4 v000001dfa5e8b350_0;
    %xor;
    %load/vec4 v000001dfa5e8be90_0;
    %xor;
    %store/vec4 v000001dfa5e97ba0_0, 0, 1;
    %end;
    .scope S_000001dfa5e96900;
t_38 %join;
    %jmp T_21;
    .thread T_21, $push;
    .scope S_000001dfa5e9a920;
T_22 ;
Ewait_21 .event/or E_000001dfa5e2d9b0, E_0x0;
    %wait Ewait_21;
    %fork t_41, S_000001dfa5e9a150;
    %jmp t_40;
    .scope S_000001dfa5e9a150;
t_41 ;
    %load/vec4 v000001dfa5e98aa0_0;
    %load/vec4 v000001dfa5e98a00_0;
    %and;
    %load/vec4 v000001dfa5e98aa0_0;
    %load/vec4 v000001dfa5e98fa0_0;
    %and;
    %or;
    %load/vec4 v000001dfa5e98a00_0;
    %load/vec4 v000001dfa5e98fa0_0;
    %and;
    %or;
    %store/vec4 v000001dfa5e979c0_0, 0, 1;
    %load/vec4 v000001dfa5e98fa0_0;
    %load/vec4 v000001dfa5e98aa0_0;
    %xor;
    %load/vec4 v000001dfa5e98a00_0;
    %xor;
    %store/vec4 v000001dfa5e98140_0, 0, 1;
    %end;
    .scope S_000001dfa5e9a920;
t_40 %join;
    %jmp T_22;
    .thread T_22, $push;
    .scope S_000001dfa5e9af60;
T_23 ;
Ewait_22 .event/or E_000001dfa5e2d130, E_0x0;
    %wait Ewait_22;
    %fork t_43, S_000001dfa5e99b10;
    %jmp t_42;
    .scope S_000001dfa5e99b10;
t_43 ;
    %load/vec4 v000001dfa5e97880_0;
    %load/vec4 v000001dfa5e98c80_0;
    %and;
    %load/vec4 v000001dfa5e97880_0;
    %load/vec4 v000001dfa5e98820_0;
    %and;
    %or;
    %load/vec4 v000001dfa5e98c80_0;
    %load/vec4 v000001dfa5e98820_0;
    %and;
    %or;
    %store/vec4 v000001dfa5e99040_0, 0, 1;
    %load/vec4 v000001dfa5e98820_0;
    %load/vec4 v000001dfa5e97880_0;
    %xor;
    %load/vec4 v000001dfa5e98c80_0;
    %xor;
    %store/vec4 v000001dfa5e981e0_0, 0, 1;
    %end;
    .scope S_000001dfa5e9af60;
t_42 %join;
    %jmp T_23;
    .thread T_23, $push;
    .scope S_000001dfa5e9ac40;
T_24 ;
Ewait_23 .event/or E_000001dfa5e2d6b0, E_0x0;
    %wait Ewait_23;
    %fork t_45, S_000001dfa5e99980;
    %jmp t_44;
    .scope S_000001dfa5e99980;
t_45 ;
    %load/vec4 v000001dfa5e97c40_0;
    %load/vec4 v000001dfa5e97d80_0;
    %and;
    %load/vec4 v000001dfa5e97c40_0;
    %load/vec4 v000001dfa5e97380_0;
    %and;
    %or;
    %load/vec4 v000001dfa5e97d80_0;
    %load/vec4 v000001dfa5e97380_0;
    %and;
    %or;
    %store/vec4 v000001dfa5e97560_0, 0, 1;
    %load/vec4 v000001dfa5e97380_0;
    %load/vec4 v000001dfa5e97c40_0;
    %xor;
    %load/vec4 v000001dfa5e97d80_0;
    %xor;
    %store/vec4 v000001dfa5e97740_0, 0, 1;
    %end;
    .scope S_000001dfa5e9ac40;
t_44 %join;
    %jmp T_24;
    .thread T_24, $push;
    .scope S_000001dfa5e9a2e0;
T_25 ;
Ewait_24 .event/or E_000001dfa5e2d9f0, E_0x0;
    %wait Ewait_24;
    %fork t_47, S_000001dfa5e9a600;
    %jmp t_46;
    .scope S_000001dfa5e9a600;
t_47 ;
    %load/vec4 v000001dfa5e980a0_0;
    %load/vec4 v000001dfa5e98d20_0;
    %and;
    %load/vec4 v000001dfa5e980a0_0;
    %load/vec4 v000001dfa5e97420_0;
    %and;
    %or;
    %load/vec4 v000001dfa5e98d20_0;
    %load/vec4 v000001dfa5e97420_0;
    %and;
    %or;
    %store/vec4 v000001dfa5e977e0_0, 0, 1;
    %load/vec4 v000001dfa5e97420_0;
    %load/vec4 v000001dfa5e980a0_0;
    %xor;
    %load/vec4 v000001dfa5e98d20_0;
    %xor;
    %store/vec4 v000001dfa5e98b40_0, 0, 1;
    %end;
    .scope S_000001dfa5e9a2e0;
t_46 %join;
    %jmp T_25;
    .thread T_25, $push;
    .scope S_000001dfa5e9a790;
T_26 ;
Ewait_25 .event/or E_000001dfa5e2d7b0, E_0x0;
    %wait Ewait_25;
    %fork t_49, S_000001dfa5e9add0;
    %jmp t_48;
    .scope S_000001dfa5e9add0;
t_49 ;
    %load/vec4 v000001dfa5e97600_0;
    %load/vec4 v000001dfa5e98be0_0;
    %and;
    %load/vec4 v000001dfa5e97600_0;
    %load/vec4 v000001dfa5e988c0_0;
    %and;
    %or;
    %load/vec4 v000001dfa5e98be0_0;
    %load/vec4 v000001dfa5e988c0_0;
    %and;
    %or;
    %store/vec4 v000001dfa5e971a0_0, 0, 1;
    %load/vec4 v000001dfa5e988c0_0;
    %load/vec4 v000001dfa5e97600_0;
    %xor;
    %load/vec4 v000001dfa5e98be0_0;
    %xor;
    %store/vec4 v000001dfa5e98960_0, 0, 1;
    %end;
    .scope S_000001dfa5e9a790;
t_48 %join;
    %jmp T_26;
    .thread T_26, $push;
    .scope S_000001dfa5e99660;
T_27 ;
Ewait_26 .event/or E_000001dfa5e2d830, E_0x0;
    %wait Ewait_26;
    %fork t_51, S_000001dfa5e994d0;
    %jmp t_50;
    .scope S_000001dfa5e994d0;
t_51 ;
    %load/vec4 v000001dfa5e976a0_0;
    %load/vec4 v000001dfa5e98280_0;
    %and;
    %load/vec4 v000001dfa5e976a0_0;
    %load/vec4 v000001dfa5e97920_0;
    %and;
    %or;
    %load/vec4 v000001dfa5e98280_0;
    %load/vec4 v000001dfa5e97920_0;
    %and;
    %or;
    %store/vec4 v000001dfa5e986e0_0, 0, 1;
    %load/vec4 v000001dfa5e97920_0;
    %load/vec4 v000001dfa5e976a0_0;
    %xor;
    %load/vec4 v000001dfa5e98280_0;
    %xor;
    %store/vec4 v000001dfa5e97a60_0, 0, 1;
    %end;
    .scope S_000001dfa5e99660;
t_50 %join;
    %jmp T_27;
    .thread T_27, $push;
    .scope S_000001dfa5e99ca0;
T_28 ;
Ewait_27 .event/or E_000001dfa5e2e970, E_0x0;
    %wait Ewait_27;
    %fork t_53, S_000001dfa5e9cf70;
    %jmp t_52;
    .scope S_000001dfa5e9cf70;
t_53 ;
    %load/vec4 v000001dfa5e98e60_0;
    %load/vec4 v000001dfa5e98dc0_0;
    %and;
    %load/vec4 v000001dfa5e98e60_0;
    %load/vec4 v000001dfa5e97240_0;
    %and;
    %or;
    %load/vec4 v000001dfa5e98dc0_0;
    %load/vec4 v000001dfa5e97240_0;
    %and;
    %or;
    %store/vec4 v000001dfa5e98780_0, 0, 1;
    %load/vec4 v000001dfa5e97240_0;
    %load/vec4 v000001dfa5e98e60_0;
    %xor;
    %load/vec4 v000001dfa5e98dc0_0;
    %xor;
    %store/vec4 v000001dfa5e98320_0, 0, 1;
    %end;
    .scope S_000001dfa5e99ca0;
t_52 %join;
    %jmp T_28;
    .thread T_28, $push;
    .scope S_000001dfa5e9b4e0;
T_29 ;
Ewait_28 .event/or E_000001dfa5e2ee70, E_0x0;
    %wait Ewait_28;
    %fork t_55, S_000001dfa5e9b990;
    %jmp t_54;
    .scope S_000001dfa5e9b990;
t_55 ;
    %load/vec4 v000001dfa5e974c0_0;
    %load/vec4 v000001dfa5e983c0_0;
    %and;
    %load/vec4 v000001dfa5e974c0_0;
    %load/vec4 v000001dfa5e97ec0_0;
    %and;
    %or;
    %load/vec4 v000001dfa5e983c0_0;
    %load/vec4 v000001dfa5e97ec0_0;
    %and;
    %or;
    %store/vec4 v000001dfa5e98500_0, 0, 1;
    %load/vec4 v000001dfa5e97ec0_0;
    %load/vec4 v000001dfa5e974c0_0;
    %xor;
    %load/vec4 v000001dfa5e983c0_0;
    %xor;
    %store/vec4 v000001dfa5e98f00_0, 0, 1;
    %end;
    .scope S_000001dfa5e9b4e0;
t_54 %join;
    %jmp T_29;
    .thread T_29, $push;
    .scope S_000001dfa5e9c160;
T_30 ;
Ewait_29 .event/or E_000001dfa5e2eab0, E_0x0;
    %wait Ewait_29;
    %fork t_57, S_000001dfa5e9b1c0;
    %jmp t_56;
    .scope S_000001dfa5e9b1c0;
t_57 ;
    %load/vec4 v000001dfa5e97b00_0;
    %load/vec4 v000001dfa5e98460_0;
    %and;
    %load/vec4 v000001dfa5e97b00_0;
    %load/vec4 v000001dfa5e972e0_0;
    %and;
    %or;
    %load/vec4 v000001dfa5e98460_0;
    %load/vec4 v000001dfa5e972e0_0;
    %and;
    %or;
    %store/vec4 v000001dfa5e97ce0_0, 0, 1;
    %load/vec4 v000001dfa5e972e0_0;
    %load/vec4 v000001dfa5e97b00_0;
    %xor;
    %load/vec4 v000001dfa5e98460_0;
    %xor;
    %store/vec4 v000001dfa5e97e20_0, 0, 1;
    %end;
    .scope S_000001dfa5e9c160;
t_56 %join;
    %jmp T_30;
    .thread T_30, $push;
    .scope S_000001dfa5e9c480;
T_31 ;
Ewait_30 .event/or E_000001dfa5e2e030, E_0x0;
    %wait Ewait_30;
    %fork t_59, S_000001dfa5e9b800;
    %jmp t_58;
    .scope S_000001dfa5e9b800;
t_59 ;
    %load/vec4 v000001dfa5e97f60_0;
    %load/vec4 v000001dfa5e98000_0;
    %and;
    %load/vec4 v000001dfa5e97f60_0;
    %load/vec4 v000001dfa5e985a0_0;
    %and;
    %or;
    %load/vec4 v000001dfa5e98000_0;
    %load/vec4 v000001dfa5e985a0_0;
    %and;
    %or;
    %store/vec4 v000001dfa5e98640_0, 0, 1;
    %load/vec4 v000001dfa5e985a0_0;
    %load/vec4 v000001dfa5e97f60_0;
    %xor;
    %load/vec4 v000001dfa5e98000_0;
    %xor;
    %store/vec4 v000001dfa5e9ead0_0, 0, 1;
    %end;
    .scope S_000001dfa5e9c480;
t_58 %join;
    %jmp T_31;
    .thread T_31, $push;
    .scope S_000001dfa5e9bfd0;
T_32 ;
Ewait_31 .event/or E_000001dfa5e2e870, E_0x0;
    %wait Ewait_31;
    %fork t_61, S_000001dfa5e9bcb0;
    %jmp t_60;
    .scope S_000001dfa5e9bcb0;
t_61 ;
    %load/vec4 v000001dfa5e9ee90_0;
    %load/vec4 v000001dfa5e9d6d0_0;
    %and;
    %load/vec4 v000001dfa5e9ee90_0;
    %load/vec4 v000001dfa5e9d810_0;
    %and;
    %or;
    %load/vec4 v000001dfa5e9d6d0_0;
    %load/vec4 v000001dfa5e9d810_0;
    %and;
    %or;
    %store/vec4 v000001dfa5e9e530_0, 0, 1;
    %load/vec4 v000001dfa5e9d810_0;
    %load/vec4 v000001dfa5e9ee90_0;
    %xor;
    %load/vec4 v000001dfa5e9d6d0_0;
    %xor;
    %store/vec4 v000001dfa5e9e170_0, 0, 1;
    %end;
    .scope S_000001dfa5e9bfd0;
t_60 %join;
    %jmp T_32;
    .thread T_32, $push;
    .scope S_000001dfa5e9c610;
T_33 ;
Ewait_32 .event/or E_000001dfa5e2e270, E_0x0;
    %wait Ewait_32;
    %fork t_63, S_000001dfa5e9c7a0;
    %jmp t_62;
    .scope S_000001dfa5e9c7a0;
t_63 ;
    %load/vec4 v000001dfa5e9da90_0;
    %load/vec4 v000001dfa5e9e2b0_0;
    %and;
    %load/vec4 v000001dfa5e9da90_0;
    %load/vec4 v000001dfa5e9e8f0_0;
    %and;
    %or;
    %load/vec4 v000001dfa5e9e2b0_0;
    %load/vec4 v000001dfa5e9e8f0_0;
    %and;
    %or;
    %store/vec4 v000001dfa5e9d8b0_0, 0, 1;
    %load/vec4 v000001dfa5e9e8f0_0;
    %load/vec4 v000001dfa5e9da90_0;
    %xor;
    %load/vec4 v000001dfa5e9e2b0_0;
    %xor;
    %store/vec4 v000001dfa5e9ec10_0, 0, 1;
    %end;
    .scope S_000001dfa5e9c610;
t_62 %join;
    %jmp T_33;
    .thread T_33, $push;
    .scope S_000001dfa5dc3a20;
T_34 ;
Ewait_33 .event/or E_000001dfa5e2cf70, E_0x0;
    %wait Ewait_33;
    %load/vec4 v000001dfa5e9ef30_0;
    %inv;
    %store/vec4 v000001dfa5e9dc70_0, 0, 32;
    %jmp T_34;
    .thread T_34, $push;
    .scope S_000001dfa5dc3a20;
T_35 ;
Ewait_34 .event/or E_000001dfa5e2d1b0, E_0x0;
    %wait Ewait_34;
    %fork t_65, S_000001dfa5e9c930;
    %jmp t_64;
    .scope S_000001dfa5e9c930;
t_65 ;
    %load/vec4 v000001dfa5e9d590_0;
    %parti/s 1, 31, 6;
    %load/vec4 v000001dfa5e9ef30_0;
    %parti/s 1, 31, 6;
    %inv;
    %and;
    %store/vec4 v000001dfa5e9e210_0, 0, 1;
    %load/vec4 v000001dfa5e9d590_0;
    %parti/s 1, 31, 6;
    %inv;
    %load/vec4 v000001dfa5e9ef30_0;
    %parti/s 1, 31, 6;
    %and;
    %store/vec4 v000001dfa5e9e3f0_0, 0, 1;
    %load/vec4 v000001dfa5e9d590_0;
    %parti/s 1, 31, 6;
    %load/vec4 v000001dfa5e9ef30_0;
    %parti/s 1, 31, 6;
    %xor;
    %store/vec4 v000001dfa5e9edf0_0, 0, 1;
    %load/vec4 v000001dfa5e9e3f0_0;
    %inv;
    %load/vec4 v000001dfa5e9e210_0;
    %load/vec4 v000001dfa5e9efd0_0;
    %parti/s 1, 31, 6;
    %or;
    %and;
    %store/vec4 v000001dfa5e9df90_0, 0, 1;
    %end;
    .scope S_000001dfa5dc3a20;
t_64 %join;
    %jmp T_35;
    .thread T_35, $push;
    .scope S_000001dfa5e2ef10;
T_36 ;
    %pushi/vec4 0, 0, 32;
    %store/vec4 v000001dfa5e9eb70_0, 0, 32;
    %end;
    .thread T_36, $init;
    .scope S_000001dfa5e2ef10;
T_37 ;
Ewait_35 .event/or E_000001dfa5e2db70, E_0x0;
    %wait Ewait_35;
    %fork t_67, S_000001dfa5e9cac0;
    %jmp t_66;
    .scope S_000001dfa5e9cac0;
t_67 ;
    %load/vec4 v000001dfa5e9f070_0;
    %load/vec4 v000001dfa5e9d270_0;
    %cmp/s;
    %flag_get/vec4 5;
    %store/vec4 v000001dfa5e9e7b0_0, 0, 1;
    %load/vec4 v000001dfa5e9f070_0;
    %load/vec4 v000001dfa5e9d270_0;
    %cmp/e;
    %flag_get/vec4 4;
    %store/vec4 v000001dfa5e9d950_0, 0, 1;
    %end;
    .scope S_000001dfa5e2ef10;
t_66 %join;
    %jmp T_37;
    .thread T_37, $push;
    .scope S_000001dfa5e2ef10;
T_38 ;
    %vpi_call/w 3 47 "$dumpfile", "comparators.fst" {0 0 0};
    %vpi_call/w 3 48 "$dumpvars" {0 0 0};
    %vpi_call/w 3 50 "$display", "Specific interesting tests." {0 0 0};
    %vpi_call/w 3 51 "$display", "a        b        | == uut (correct) | < uut (correct)" {0 0 0};
    %pushi/vec4 0, 0, 32;
    %store/vec4 v000001dfa5e9f070_0, 0, 32;
    %pushi/vec4 0, 0, 32;
    %store/vec4 v000001dfa5e9d270_0, 0, 32;
    %delay 1000, 0;
    %fork TD_test_comparators.print_io, S_000001dfa5e9cc50;
    %join;
    %pushi/vec4 4294967295, 0, 32;
    %store/vec4 v000001dfa5e9f070_0, 0, 32;
    %pushi/vec4 1, 0, 32;
    %store/vec4 v000001dfa5e9d270_0, 0, 32;
    %delay 1000, 0;
    %fork TD_test_comparators.print_io, S_000001dfa5e9cc50;
    %join;
    %pushi/vec4 38273, 0, 32;
    %store/vec4 v000001dfa5e9f070_0, 0, 32;
    %pushi/vec4 38273, 0, 32;
    %store/vec4 v000001dfa5e9d270_0, 0, 32;
    %delay 1000, 0;
    %fork TD_test_comparators.print_io, S_000001dfa5e9cc50;
    %join;
    %pushi/vec4 2147483647, 0, 32;
    %store/vec4 v000001dfa5e9f070_0, 0, 32;
    %pushi/vec4 2147483648, 0, 32;
    %store/vec4 v000001dfa5e9d270_0, 0, 32;
    %delay 1000, 0;
    %fork TD_test_comparators.print_io, S_000001dfa5e9cc50;
    %join;
    %pushi/vec4 2147483648, 0, 32;
    %store/vec4 v000001dfa5e9f070_0, 0, 32;
    %pushi/vec4 1, 0, 32;
    %store/vec4 v000001dfa5e9d270_0, 0, 32;
    %delay 1000, 0;
    %fork TD_test_comparators.print_io, S_000001dfa5e9cc50;
    %join;
    %pushi/vec4 0, 0, 32;
    %store/vec4 v000001dfa5e9f070_0, 0, 32;
    %pushi/vec4 2147483647, 0, 32;
    %store/vec4 v000001dfa5e9d270_0, 0, 32;
    %delay 1000, 0;
    %fork TD_test_comparators.print_io, S_000001dfa5e9cc50;
    %join;
    %pushi/vec4 2147483648, 0, 32;
    %store/vec4 v000001dfa5e9f070_0, 0, 32;
    %pushi/vec4 2147483647, 0, 32;
    %store/vec4 v000001dfa5e9d270_0, 0, 32;
    %delay 1000, 0;
    %fork TD_test_comparators.print_io, S_000001dfa5e9cc50;
    %join;
    %pushi/vec4 2147483647, 0, 32;
    %store/vec4 v000001dfa5e9f070_0, 0, 32;
    %pushi/vec4 2147483648, 0, 32;
    %store/vec4 v000001dfa5e9d270_0, 0, 32;
    %delay 1000, 0;
    %fork TD_test_comparators.print_io, S_000001dfa5e9cc50;
    %join;
    %vpi_call/w 3 91 "$display", "Random testing." {0 0 0};
    %fork t_69, S_000001dfa5e34cf0;
    %jmp t_68;
    .scope S_000001dfa5e34cf0;
t_69 ;
    %pushi/vec4 0, 0, 32;
    %store/vec4 v000001dfa5e1ae90_0, 0, 32;
T_38.0 ;
    %load/vec4 v000001dfa5e1ae90_0;
    %cmpi/s 10, 0, 32;
    %jmp/0xz T_38.1, 5;
    %fork t_71, S_000001dfa5dc3890;
    %jmp t_70;
    .scope S_000001dfa5dc3890;
t_71 ;
    %vpi_func 3 93 "$random" 32 {0 0 0};
    %store/vec4 v000001dfa5e9f070_0, 0, 32;
    %vpi_func 3 94 "$random" 32 {0 0 0};
    %store/vec4 v000001dfa5e9d270_0, 0, 32;
    %delay 1000, 0;
    %fork TD_test_comparators.print_io, S_000001dfa5e9cc50;
    %join;
    %end;
    .scope S_000001dfa5e34cf0;
t_70 %join;
    %load/vec4 v000001dfa5e1ae90_0;
    %addi 1, 0, 32;
    %cast2;
    %store/vec4 v000001dfa5e1ae90_0, 0, 32;
    %jmp T_38.0;
T_38.1 ;
    %end;
    .scope S_000001dfa5e2ef10;
t_68 %join;
    %load/vec4 v000001dfa5e9eb70_0;
    %cmpi/ne 0, 0, 32;
    %jmp/0xz  T_38.2, 6;
    %vpi_call/w 3 98 "$display", "---------------------------------------------------------------" {0 0 0};
    %vpi_call/w 3 99 "$display", "-- FAILURE                                                   --" {0 0 0};
    %vpi_call/w 3 100 "$display", "---------------------------------------------------------------" {0 0 0};
    %vpi_call/w 3 101 "$display", " %d failures found, try again!", v000001dfa5e9eb70_0 {0 0 0};
    %jmp T_38.3;
T_38.2 ;
    %vpi_call/w 3 103 "$display", "---------------------------------------------------------------" {0 0 0};
    %vpi_call/w 3 104 "$display", "-- SUCCESS                                                   --" {0 0 0};
    %vpi_call/w 3 105 "$display", "---------------------------------------------------------------" {0 0 0};
T_38.3 ;
    %vpi_call/w 3 107 "$finish" {0 0 0};
    %end;
    .thread T_38;
    .scope S_000001dfa5e2ef10;
T_39 ;
    %wait E_000001dfa5e2d3b0;
    %delay 1000, 0;
    %load/vec4 v000001dfa5e9e990_0;
    %load/vec4 v000001dfa5e9d950_0;
    %cmp/e;
    %jmp/0xz  T_39.0, 6;
    %jmp T_39.1;
T_39.0 ;
    %vpi_call/w 3 115 "$display", "@%t:: ERROR :: compare_eq should be %b, is %b", $time, v000001dfa5e9d950_0, v000001dfa5e9e990_0 {0 0 0};
    %load/vec4 v000001dfa5e9eb70_0;
    %addi 1, 0, 32;
    %cast2;
    %store/vec4 v000001dfa5e9eb70_0, 0, 32;
T_39.1 ;
    %load/vec4 v000001dfa5e9ed50_0;
    %load/vec4 v000001dfa5e9e7b0_0;
    %cmp/e;
    %jmp/0xz  T_39.2, 6;
    %jmp T_39.3;
T_39.2 ;
    %vpi_call/w 3 119 "$display", "@%t:: ERROR :: compare_lt should be %b, is %b", $time, v000001dfa5e9e7b0_0, v000001dfa5e9ed50_0 {0 0 0};
    %load/vec4 v000001dfa5e9eb70_0;
    %addi 1, 0, 32;
    %cast2;
    %store/vec4 v000001dfa5e9eb70_0, 0, 32;
T_39.3 ;
    %jmp T_39;
    .thread T_39, $push;
# The file index is used to find the file name in the following table.
:file_names 8;
    "N/A";
    "<interactive>";
    "-";
    "tests/test_comparators.sv";
    "comparator_eq.sv";
    "comparator_lt.sv";
    "adder_n.sv";
    "adder_1.sv";
