#! /c/Source/iverilog-install/bin/vvp
:ivl_version "12.0 (devel)" "(s20150603-1539-g2693dd32b)";
:ivl_delay_selection "TYPICAL";
:vpi_time_precision - 12;
:vpi_module "C:\iverilog\lib\ivl\system.vpi";
:vpi_module "C:\iverilog\lib\ivl\vhdl_sys.vpi";
:vpi_module "C:\iverilog\lib\ivl\vhdl_textio.vpi";
:vpi_module "C:\iverilog\lib\ivl\v2005_math.vpi";
:vpi_module "C:\iverilog\lib\ivl\va_math.vpi";
:vpi_module "C:\iverilog\lib\ivl\v2009.vpi";
S_000001d7609f2e40 .scope package, "$unit" "$unit" 2 1;
 .timescale 0 0;
S_000001d760974f10 .scope module, "test_decoders" "test_decoders" 3 6;
 .timescale -9 -12;
v000001d760a87740_0 .var "ena", 0 0;
v000001d760a88000_0 .var "in", 4 0;
v000001d760a872e0_0 .net "out16", 15 0, L_000001d760a931b0;  1 drivers
v000001d760a871a0_0 .net "out2", 1 0, v000001d760a09dc0_0;  1 drivers
v000001d760a87920_0 .net "out32", 31 0, L_000001d760a91e50;  1 drivers
v000001d760a86f20_0 .net "out4", 3 0, L_000001d760a87420;  1 drivers
v000001d760a85940_0 .net "out8", 7 0, L_000001d760a86660;  1 drivers
L_000001d760a85b20 .part v000001d760a88000_0, 0, 1;
L_000001d760a87ba0 .part v000001d760a88000_0, 0, 2;
L_000001d760a86840 .part v000001d760a88000_0, 0, 3;
L_000001d760a92670 .part v000001d760a88000_0, 0, 4;
S_000001d7609750a0 .scope begin, "$ivl_for_loop0" "$ivl_for_loop0" 3 34, 3 34 0, S_000001d760974f10;
 .timescale -9 -12;
v000001d7609cc260_0 .var/2s "i", 31 0;
S_000001d76096e170 .scope begin, "$ivl_for_loop1" "$ivl_for_loop1" 3 44, 3 44 0, S_000001d760974f10;
 .timescale -9 -12;
v000001d760a09be0_0 .var/2s "i", 31 0;
S_000001d76096e300 .scope module, "DECODER_1_2" "decoder_1_to_2" 3 15, 4 4 0, S_000001d760974f10;
 .timescale -9 -12;
    .port_info 0 /INPUT 1 "ena";
    .port_info 1 /INPUT 1 "in";
    .port_info 2 /OUTPUT 2 "out";
v000001d760a0b4e0_0 .net "ena", 0 0, v000001d760a87740_0;  1 drivers
v000001d760a0a400_0 .net "in", 0 0, L_000001d760a85b20;  1 drivers
v000001d760a09dc0_0 .var "out", 1 0;
E_000001d7609e71e0 .event anyedge, v000001d760a0b4e0_0, v000001d760a0a400_0;
S_000001d76096c0d0 .scope module, "DECODER_2_4" "decoder_2_to_4" 3 17, 5 4 0, S_000001d760974f10;
 .timescale -9 -12;
    .port_info 0 /INPUT 1 "ena";
    .port_info 1 /INPUT 2 "in";
    .port_info 2 /OUTPUT 4 "out";
v000001d760a0b580_0 .net "ena", 0 0, v000001d760a87740_0;  alias, 1 drivers
v000001d760a09e60_0 .net "enas", 1 0, v000001d760a0a5e0_0;  1 drivers
v000001d760a0ac20_0 .net "in", 1 0, L_000001d760a87ba0;  1 drivers
v000001d760a0a720_0 .net "out", 3 0, L_000001d760a87420;  alias, 1 drivers
L_000001d760a85da0 .part L_000001d760a87ba0, 1, 1;
L_000001d760a86ac0 .part v000001d760a0a5e0_0, 0, 1;
L_000001d760a85bc0 .part L_000001d760a87ba0, 0, 1;
L_000001d760a87d80 .part v000001d760a0a5e0_0, 1, 1;
L_000001d760a86200 .part L_000001d760a87ba0, 0, 1;
L_000001d760a87420 .concat8 [ 2 2 0 0], v000001d760a0a860_0, v000001d760a0ab80_0;
S_000001d76096c260 .scope module, "DECODER_0" "decoder_1_to_2" 5 15, 4 4 0, S_000001d76096c0d0;
 .timescale -9 -12;
    .port_info 0 /INPUT 1 "ena";
    .port_info 1 /INPUT 1 "in";
    .port_info 2 /OUTPUT 2 "out";
v000001d760a0aae0_0 .net "ena", 0 0, L_000001d760a86ac0;  1 drivers
v000001d760a0aa40_0 .net "in", 0 0, L_000001d760a85bc0;  1 drivers
v000001d760a0a860_0 .var "out", 1 0;
E_000001d7609e7120 .event anyedge, v000001d760a0aae0_0, v000001d760a0aa40_0;
S_000001d76096a650 .scope module, "DECODER_1" "decoder_1_to_2" 5 16, 4 4 0, S_000001d76096c0d0;
 .timescale -9 -12;
    .port_info 0 /INPUT 1 "ena";
    .port_info 1 /INPUT 1 "in";
    .port_info 2 /OUTPUT 2 "out";
v000001d760a0a900_0 .net "ena", 0 0, L_000001d760a87d80;  1 drivers
v000001d760a0a4a0_0 .net "in", 0 0, L_000001d760a86200;  1 drivers
v000001d760a0ab80_0 .var "out", 1 0;
E_000001d7609e6f20 .event anyedge, v000001d760a0a900_0, v000001d760a0a4a0_0;
S_000001d76096a7e0 .scope module, "DECODER_ENA" "decoder_1_to_2" 5 14, 4 4 0, S_000001d76096c0d0;
 .timescale -9 -12;
    .port_info 0 /INPUT 1 "ena";
    .port_info 1 /INPUT 1 "in";
    .port_info 2 /OUTPUT 2 "out";
v000001d760a09d20_0 .net "ena", 0 0, v000001d760a87740_0;  alias, 1 drivers
v000001d760a09f00_0 .net "in", 0 0, L_000001d760a85da0;  1 drivers
v000001d760a0a5e0_0 .var "out", 1 0;
E_000001d7609e6920 .event anyedge, v000001d760a0b4e0_0, v000001d760a09f00_0;
S_000001d760932b30 .scope module, "DECODER_3_8" "decoder_3_to_8" 3 19, 6 4 0, S_000001d760974f10;
 .timescale -9 -12;
    .port_info 0 /INPUT 1 "ena";
    .port_info 1 /INPUT 3 "in";
    .port_info 2 /OUTPUT 8 "out";
v000001d760a0ae00_0 .net "ena", 0 0, v000001d760a87740_0;  alias, 1 drivers
v000001d760a0b080_0 .net "enas", 1 0, v000001d760a0a180_0;  1 drivers
v000001d760a0b120_0 .net "in", 2 0, L_000001d760a86840;  1 drivers
v000001d760a0b260_0 .net "out", 7 0, L_000001d760a86660;  alias, 1 drivers
L_000001d760a86b60 .part L_000001d760a86840, 2, 1;
L_000001d760a87880 .part v000001d760a0a180_0, 0, 1;
L_000001d760a85d00 .part L_000001d760a86840, 0, 2;
L_000001d760a87f60 .part v000001d760a0a180_0, 1, 1;
L_000001d760a863e0 .part L_000001d760a86840, 0, 2;
L_000001d760a86660 .concat8 [ 4 4 0 0], L_000001d760a85e40, L_000001d760a87ec0;
S_000001d760932cc0 .scope module, "DECODER_0" "decoder_2_to_4" 6 12, 5 4 0, S_000001d760932b30;
 .timescale -9 -12;
    .port_info 0 /INPUT 1 "ena";
    .port_info 1 /INPUT 2 "in";
    .port_info 2 /OUTPUT 4 "out";
v000001d760a0ad60_0 .net "ena", 0 0, L_000001d760a87880;  1 drivers
v000001d760a0a2c0_0 .net "enas", 1 0, v000001d760a0acc0_0;  1 drivers
v000001d760a0b1c0_0 .net "in", 1 0, L_000001d760a85d00;  1 drivers
v000001d760a0af40_0 .net "out", 3 0, L_000001d760a85e40;  1 drivers
L_000001d760a87600 .part L_000001d760a85d00, 1, 1;
L_000001d760a876a0 .part v000001d760a0acc0_0, 0, 1;
L_000001d760a86340 .part L_000001d760a85d00, 0, 1;
L_000001d760a87240 .part v000001d760a0acc0_0, 1, 1;
L_000001d760a85c60 .part L_000001d760a85d00, 0, 1;
L_000001d760a85e40 .concat8 [ 2 2 0 0], v000001d760a09c80_0, v000001d760a0a7c0_0;
S_000001d760932e50 .scope module, "DECODER_0" "decoder_1_to_2" 5 15, 4 4 0, S_000001d760932cc0;
 .timescale -9 -12;
    .port_info 0 /INPUT 1 "ena";
    .port_info 1 /INPUT 1 "in";
    .port_info 2 /OUTPUT 2 "out";
v000001d760a0a9a0_0 .net "ena", 0 0, L_000001d760a876a0;  1 drivers
v000001d760a09fa0_0 .net "in", 0 0, L_000001d760a86340;  1 drivers
v000001d760a09c80_0 .var "out", 1 0;
E_000001d7609e6fe0 .event anyedge, v000001d760a0a9a0_0, v000001d760a09fa0_0;
S_000001d7609f3160 .scope module, "DECODER_1" "decoder_1_to_2" 5 16, 4 4 0, S_000001d760932cc0;
 .timescale -9 -12;
    .port_info 0 /INPUT 1 "ena";
    .port_info 1 /INPUT 1 "in";
    .port_info 2 /OUTPUT 2 "out";
v000001d760a0b440_0 .net "ena", 0 0, L_000001d760a87240;  1 drivers
v000001d760a0a540_0 .net "in", 0 0, L_000001d760a85c60;  1 drivers
v000001d760a0a7c0_0 .var "out", 1 0;
E_000001d7609e6c20 .event anyedge, v000001d760a0b440_0, v000001d760a0a540_0;
S_000001d7609f32f0 .scope module, "DECODER_ENA" "decoder_1_to_2" 5 14, 4 4 0, S_000001d760932cc0;
 .timescale -9 -12;
    .port_info 0 /INPUT 1 "ena";
    .port_info 1 /INPUT 1 "in";
    .port_info 2 /OUTPUT 2 "out";
v000001d760a0b620_0 .net "ena", 0 0, L_000001d760a87880;  alias, 1 drivers
v000001d760a0a220_0 .net "in", 0 0, L_000001d760a87600;  1 drivers
v000001d760a0acc0_0 .var "out", 1 0;
E_000001d7609e7fa0 .event anyedge, v000001d760a0b620_0, v000001d760a0a220_0;
S_000001d7609f3480 .scope module, "DECODER_1" "decoder_2_to_4" 6 13, 5 4 0, S_000001d760932b30;
 .timescale -9 -12;
    .port_info 0 /INPUT 1 "ena";
    .port_info 1 /INPUT 2 "in";
    .port_info 2 /OUTPUT 4 "out";
v000001d760a0afe0_0 .net "ena", 0 0, L_000001d760a87f60;  1 drivers
v000001d760a0a0e0_0 .net "enas", 1 0, v000001d760a09960_0;  1 drivers
v000001d760a0a680_0 .net "in", 1 0, L_000001d760a863e0;  1 drivers
v000001d760a0aea0_0 .net "out", 3 0, L_000001d760a87ec0;  1 drivers
L_000001d760a87c40 .part L_000001d760a863e0, 1, 1;
L_000001d760a87ce0 .part v000001d760a09960_0, 0, 1;
L_000001d760a86520 .part L_000001d760a863e0, 0, 1;
L_000001d760a87e20 .part v000001d760a09960_0, 1, 1;
L_000001d760a865c0 .part L_000001d760a863e0, 0, 1;
L_000001d760a87ec0 .concat8 [ 2 2 0 0], v000001d760a09b40_0, v000001d760a0b760_0;
S_000001d7609f3610 .scope module, "DECODER_0" "decoder_1_to_2" 5 15, 4 4 0, S_000001d7609f3480;
 .timescale -9 -12;
    .port_info 0 /INPUT 1 "ena";
    .port_info 1 /INPUT 1 "in";
    .port_info 2 /OUTPUT 2 "out";
v000001d760a0b300_0 .net "ena", 0 0, L_000001d760a87ce0;  1 drivers
v000001d760a09a00_0 .net "in", 0 0, L_000001d760a86520;  1 drivers
v000001d760a09b40_0 .var "out", 1 0;
E_000001d7609e81e0 .event anyedge, v000001d760a0b300_0, v000001d760a09a00_0;
S_000001d760a0bb00 .scope module, "DECODER_1" "decoder_1_to_2" 5 16, 4 4 0, S_000001d7609f3480;
 .timescale -9 -12;
    .port_info 0 /INPUT 1 "ena";
    .port_info 1 /INPUT 1 "in";
    .port_info 2 /OUTPUT 2 "out";
v000001d760a0b3a0_0 .net "ena", 0 0, L_000001d760a87e20;  1 drivers
v000001d760a0b6c0_0 .net "in", 0 0, L_000001d760a865c0;  1 drivers
v000001d760a0b760_0 .var "out", 1 0;
E_000001d7609e7da0 .event anyedge, v000001d760a0b3a0_0, v000001d760a0b6c0_0;
S_000001d760a0c460 .scope module, "DECODER_ENA" "decoder_1_to_2" 5 14, 4 4 0, S_000001d7609f3480;
 .timescale -9 -12;
    .port_info 0 /INPUT 1 "ena";
    .port_info 1 /INPUT 1 "in";
    .port_info 2 /OUTPUT 2 "out";
v000001d760a0a040_0 .net "ena", 0 0, L_000001d760a87f60;  alias, 1 drivers
v000001d760a0b800_0 .net "in", 0 0, L_000001d760a87c40;  1 drivers
v000001d760a09960_0 .var "out", 1 0;
E_000001d7609e7d20 .event anyedge, v000001d760a0a040_0, v000001d760a0b800_0;
S_000001d760a0bfb0 .scope module, "DECODER_ENA" "decoder_1_to_2" 6 11, 4 4 0, S_000001d760932b30;
 .timescale -9 -12;
    .port_info 0 /INPUT 1 "ena";
    .port_info 1 /INPUT 1 "in";
    .port_info 2 /OUTPUT 2 "out";
v000001d760a09aa0_0 .net "ena", 0 0, v000001d760a87740_0;  alias, 1 drivers
v000001d760a0a360_0 .net "in", 0 0, L_000001d760a86b60;  1 drivers
v000001d760a0a180_0 .var "out", 1 0;
E_000001d7609e7a20 .event anyedge, v000001d760a0b4e0_0, v000001d760a0a360_0;
S_000001d760a0c2d0 .scope module, "DECODER_4_16" "decoder_4_to_16" 3 21, 7 4 0, S_000001d760974f10;
 .timescale -9 -12;
    .port_info 0 /INPUT 1 "ena";
    .port_info 1 /INPUT 4 "in";
    .port_info 2 /OUTPUT 16 "out";
v000001d760a122a0_0 .net "ena", 0 0, v000001d760a87740_0;  alias, 1 drivers
v000001d760a11940_0 .net "enas", 1 0, v000001d760a11580_0;  1 drivers
v000001d760a10c20_0 .net "in", 3 0, L_000001d760a92670;  1 drivers
v000001d760a12340_0 .net "out", 15 0, L_000001d760a931b0;  alias, 1 drivers
L_000001d760a86980 .part L_000001d760a92670, 3, 1;
L_000001d760a88960 .part v000001d760a11580_0, 0, 1;
L_000001d760a89680 .part L_000001d760a92670, 0, 3;
L_000001d760a88280 .part v000001d760a11580_0, 1, 1;
L_000001d760a883c0 .part L_000001d760a92670, 0, 3;
L_000001d760a931b0 .concat8 [ 8 8 0 0], L_000001d760a88780, L_000001d760a88140;
S_000001d760a0c140 .scope module, "DECODER_0" "decoder_3_to_8" 7 12, 6 4 0, S_000001d760a0c2d0;
 .timescale -9 -12;
    .port_info 0 /INPUT 1 "ena";
    .port_info 1 /INPUT 3 "in";
    .port_info 2 /OUTPUT 8 "out";
v000001d760a0d600_0 .net "ena", 0 0, L_000001d760a88960;  1 drivers
v000001d760a0e460_0 .net "enas", 1 0, v000001d760a0df60_0;  1 drivers
v000001d760a0d1a0_0 .net "in", 2 0, L_000001d760a89680;  1 drivers
v000001d760a0d6a0_0 .net "out", 7 0, L_000001d760a88780;  1 drivers
L_000001d760a86c00 .part L_000001d760a89680, 2, 1;
L_000001d760a88e60 .part v000001d760a0df60_0, 0, 1;
L_000001d760a88fa0 .part L_000001d760a89680, 0, 2;
L_000001d760a892c0 .part v000001d760a0df60_0, 1, 1;
L_000001d760a89720 .part L_000001d760a89680, 0, 2;
L_000001d760a88780 .concat8 [ 4 4 0 0], L_000001d760a88460, L_000001d760a88320;
S_000001d760a0b970 .scope module, "DECODER_0" "decoder_2_to_4" 6 12, 5 4 0, S_000001d760a0c140;
 .timescale -9 -12;
    .port_info 0 /INPUT 1 "ena";
    .port_info 1 /INPUT 2 "in";
    .port_info 2 /OUTPUT 4 "out";
v000001d760a0dba0_0 .net "ena", 0 0, L_000001d760a88e60;  1 drivers
v000001d760a0e0a0_0 .net "enas", 1 0, v000001d760a0db00_0;  1 drivers
v000001d760a0d240_0 .net "in", 1 0, L_000001d760a88fa0;  1 drivers
v000001d760a0cde0_0 .net "out", 3 0, L_000001d760a88460;  1 drivers
L_000001d760a86ca0 .part L_000001d760a88fa0, 1, 1;
L_000001d760a86e80 .part v000001d760a0db00_0, 0, 1;
L_000001d760a89040 .part L_000001d760a88fa0, 0, 1;
L_000001d760a88a00 .part v000001d760a0db00_0, 1, 1;
L_000001d760a885a0 .part L_000001d760a88fa0, 0, 1;
L_000001d760a88460 .concat8 [ 2 2 0 0], v000001d760a0cac0_0, v000001d760a0cf20_0;
S_000001d760a0bc90 .scope module, "DECODER_0" "decoder_1_to_2" 5 15, 4 4 0, S_000001d760a0b970;
 .timescale -9 -12;
    .port_info 0 /INPUT 1 "ena";
    .port_info 1 /INPUT 1 "in";
    .port_info 2 /OUTPUT 2 "out";
v000001d760a0c980_0 .net "ena", 0 0, L_000001d760a86e80;  1 drivers
v000001d760a0ca20_0 .net "in", 0 0, L_000001d760a89040;  1 drivers
v000001d760a0cac0_0 .var "out", 1 0;
E_000001d7609e7be0 .event anyedge, v000001d760a0c980_0, v000001d760a0ca20_0;
S_000001d760a0be20 .scope module, "DECODER_1" "decoder_1_to_2" 5 16, 4 4 0, S_000001d760a0b970;
 .timescale -9 -12;
    .port_info 0 /INPUT 1 "ena";
    .port_info 1 /INPUT 1 "in";
    .port_info 2 /OUTPUT 2 "out";
v000001d760a0e500_0 .net "ena", 0 0, L_000001d760a88a00;  1 drivers
v000001d760a0d880_0 .net "in", 0 0, L_000001d760a885a0;  1 drivers
v000001d760a0cf20_0 .var "out", 1 0;
E_000001d7609e7aa0 .event anyedge, v000001d760a0e500_0, v000001d760a0d880_0;
S_000001d760a0c5f0 .scope module, "DECODER_ENA" "decoder_1_to_2" 5 14, 4 4 0, S_000001d760a0b970;
 .timescale -9 -12;
    .port_info 0 /INPUT 1 "ena";
    .port_info 1 /INPUT 1 "in";
    .port_info 2 /OUTPUT 2 "out";
v000001d760a0cca0_0 .net "ena", 0 0, L_000001d760a88e60;  alias, 1 drivers
v000001d760a0cfc0_0 .net "in", 0 0, L_000001d760a86ca0;  1 drivers
v000001d760a0db00_0 .var "out", 1 0;
E_000001d7609e85e0 .event anyedge, v000001d760a0cca0_0, v000001d760a0cfc0_0;
S_000001d760a0c780 .scope module, "DECODER_1" "decoder_2_to_4" 6 13, 5 4 0, S_000001d760a0c140;
 .timescale -9 -12;
    .port_info 0 /INPUT 1 "ena";
    .port_info 1 /INPUT 2 "in";
    .port_info 2 /OUTPUT 4 "out";
v000001d760a0d380_0 .net "ena", 0 0, L_000001d760a892c0;  1 drivers
v000001d760a0dd80_0 .net "enas", 1 0, v000001d760a0dce0_0;  1 drivers
v000001d760a0cd40_0 .net "in", 1 0, L_000001d760a89720;  1 drivers
v000001d760a0d060_0 .net "out", 3 0, L_000001d760a88320;  1 drivers
L_000001d760a88aa0 .part L_000001d760a89720, 1, 1;
L_000001d760a881e0 .part v000001d760a0dce0_0, 0, 1;
L_000001d760a89540 .part L_000001d760a89720, 0, 1;
L_000001d760a88c80 .part v000001d760a0dce0_0, 1, 1;
L_000001d760a88500 .part L_000001d760a89720, 0, 1;
L_000001d760a88320 .concat8 [ 2 2 0 0], v000001d760a0d4c0_0, v000001d760a0e820_0;
S_000001d760a0f930 .scope module, "DECODER_0" "decoder_1_to_2" 5 15, 4 4 0, S_000001d760a0c780;
 .timescale -9 -12;
    .port_info 0 /INPUT 1 "ena";
    .port_info 1 /INPUT 1 "in";
    .port_info 2 /OUTPUT 2 "out";
v000001d760a0e640_0 .net "ena", 0 0, L_000001d760a881e0;  1 drivers
v000001d760a0d420_0 .net "in", 0 0, L_000001d760a89540;  1 drivers
v000001d760a0d4c0_0 .var "out", 1 0;
E_000001d7609e76a0 .event anyedge, v000001d760a0e640_0, v000001d760a0d420_0;
S_000001d760a0ecb0 .scope module, "DECODER_1" "decoder_1_to_2" 5 16, 4 4 0, S_000001d760a0c780;
 .timescale -9 -12;
    .port_info 0 /INPUT 1 "ena";
    .port_info 1 /INPUT 1 "in";
    .port_info 2 /OUTPUT 2 "out";
v000001d760a0e320_0 .net "ena", 0 0, L_000001d760a88c80;  1 drivers
v000001d760a0e280_0 .net "in", 0 0, L_000001d760a88500;  1 drivers
v000001d760a0e820_0 .var "out", 1 0;
E_000001d7609e7d60 .event anyedge, v000001d760a0e320_0, v000001d760a0e280_0;
S_000001d760a10420 .scope module, "DECODER_ENA" "decoder_1_to_2" 5 14, 4 4 0, S_000001d760a0c780;
 .timescale -9 -12;
    .port_info 0 /INPUT 1 "ena";
    .port_info 1 /INPUT 1 "in";
    .port_info 2 /OUTPUT 2 "out";
v000001d760a0d100_0 .net "ena", 0 0, L_000001d760a892c0;  alias, 1 drivers
v000001d760a0d2e0_0 .net "in", 0 0, L_000001d760a88aa0;  1 drivers
v000001d760a0dce0_0 .var "out", 1 0;
E_000001d7609e7b20 .event anyedge, v000001d760a0d100_0, v000001d760a0d2e0_0;
S_000001d760a10100 .scope module, "DECODER_ENA" "decoder_1_to_2" 6 11, 4 4 0, S_000001d760a0c140;
 .timescale -9 -12;
    .port_info 0 /INPUT 1 "ena";
    .port_info 1 /INPUT 1 "in";
    .port_info 2 /OUTPUT 2 "out";
v000001d760a0d560_0 .net "ena", 0 0, L_000001d760a88960;  alias, 1 drivers
v000001d760a0ce80_0 .net "in", 0 0, L_000001d760a86c00;  1 drivers
v000001d760a0df60_0 .var "out", 1 0;
E_000001d7609e7c60 .event anyedge, v000001d760a0d560_0, v000001d760a0ce80_0;
S_000001d760a0fac0 .scope module, "DECODER_1" "decoder_3_to_8" 7 13, 6 4 0, S_000001d760a0c2d0;
 .timescale -9 -12;
    .port_info 0 /INPUT 1 "ena";
    .port_info 1 /INPUT 3 "in";
    .port_info 2 /OUTPUT 8 "out";
v000001d760a11c60_0 .net "ena", 0 0, L_000001d760a88280;  1 drivers
v000001d760a10b80_0 .net "enas", 1 0, v000001d760a11800_0;  1 drivers
v000001d760a114e0_0 .net "in", 2 0, L_000001d760a883c0;  1 drivers
v000001d760a11d00_0 .net "out", 7 0, L_000001d760a88140;  1 drivers
L_000001d760a895e0 .part L_000001d760a883c0, 2, 1;
L_000001d760a897c0 .part v000001d760a11800_0, 0, 1;
L_000001d760a894a0 .part L_000001d760a883c0, 0, 2;
L_000001d760a89220 .part v000001d760a11800_0, 1, 1;
L_000001d760a89400 .part L_000001d760a883c0, 0, 2;
L_000001d760a88140 .concat8 [ 4 4 0 0], L_000001d760a88d20, L_000001d760a89180;
S_000001d760a10740 .scope module, "DECODER_0" "decoder_2_to_4" 6 12, 5 4 0, S_000001d760a0fac0;
 .timescale -9 -12;
    .port_info 0 /INPUT 1 "ena";
    .port_info 1 /INPUT 2 "in";
    .port_info 2 /OUTPUT 4 "out";
v000001d760a0e5a0_0 .net "ena", 0 0, L_000001d760a897c0;  1 drivers
v000001d760a0cc00_0 .net "enas", 1 0, v000001d760a0dc40_0;  1 drivers
v000001d760a0da60_0 .net "in", 1 0, L_000001d760a894a0;  1 drivers
v000001d760a0dec0_0 .net "out", 3 0, L_000001d760a88d20;  1 drivers
L_000001d760a886e0 .part L_000001d760a894a0, 1, 1;
L_000001d760a890e0 .part v000001d760a0dc40_0, 0, 1;
L_000001d760a88b40 .part L_000001d760a894a0, 0, 1;
L_000001d760a88f00 .part v000001d760a0dc40_0, 1, 1;
L_000001d760a88820 .part L_000001d760a894a0, 0, 1;
L_000001d760a88d20 .concat8 [ 2 2 0 0], v000001d760a0d740_0, v000001d760a0e6e0_0;
S_000001d760a0efd0 .scope module, "DECODER_0" "decoder_1_to_2" 5 15, 4 4 0, S_000001d760a10740;
 .timescale -9 -12;
    .port_info 0 /INPUT 1 "ena";
    .port_info 1 /INPUT 1 "in";
    .port_info 2 /OUTPUT 2 "out";
v000001d760a0d9c0_0 .net "ena", 0 0, L_000001d760a890e0;  1 drivers
v000001d760a0de20_0 .net "in", 0 0, L_000001d760a88b40;  1 drivers
v000001d760a0d740_0 .var "out", 1 0;
E_000001d7609e7760 .event anyedge, v000001d760a0d9c0_0, v000001d760a0de20_0;
S_000001d760a0ff70 .scope module, "DECODER_1" "decoder_1_to_2" 5 16, 4 4 0, S_000001d760a10740;
 .timescale -9 -12;
    .port_info 0 /INPUT 1 "ena";
    .port_info 1 /INPUT 1 "in";
    .port_info 2 /OUTPUT 2 "out";
v000001d760a0cb60_0 .net "ena", 0 0, L_000001d760a88f00;  1 drivers
v000001d760a0d7e0_0 .net "in", 0 0, L_000001d760a88820;  1 drivers
v000001d760a0e6e0_0 .var "out", 1 0;
E_000001d7609e7920 .event anyedge, v000001d760a0cb60_0, v000001d760a0d7e0_0;
S_000001d760a0fde0 .scope module, "DECODER_ENA" "decoder_1_to_2" 5 14, 4 4 0, S_000001d760a10740;
 .timescale -9 -12;
    .port_info 0 /INPUT 1 "ena";
    .port_info 1 /INPUT 1 "in";
    .port_info 2 /OUTPUT 2 "out";
v000001d760a0e1e0_0 .net "ena", 0 0, L_000001d760a897c0;  alias, 1 drivers
v000001d760a0d920_0 .net "in", 0 0, L_000001d760a886e0;  1 drivers
v000001d760a0dc40_0 .var "out", 1 0;
E_000001d7609e79a0 .event anyedge, v000001d760a0e1e0_0, v000001d760a0d920_0;
S_000001d760a10290 .scope module, "DECODER_1" "decoder_2_to_4" 6 13, 5 4 0, S_000001d760a0fac0;
 .timescale -9 -12;
    .port_info 0 /INPUT 1 "ena";
    .port_info 1 /INPUT 2 "in";
    .port_info 2 /OUTPUT 4 "out";
v000001d760a119e0_0 .net "ena", 0 0, L_000001d760a89220;  1 drivers
v000001d760a12840_0 .net "enas", 1 0, v000001d760a11bc0_0;  1 drivers
v000001d760a10d60_0 .net "in", 1 0, L_000001d760a89400;  1 drivers
v000001d760a116c0_0 .net "out", 3 0, L_000001d760a89180;  1 drivers
L_000001d760a89360 .part L_000001d760a89400, 1, 1;
L_000001d760a88640 .part v000001d760a11bc0_0, 0, 1;
L_000001d760a888c0 .part L_000001d760a89400, 0, 1;
L_000001d760a88be0 .part v000001d760a11bc0_0, 1, 1;
L_000001d760a88dc0 .part L_000001d760a89400, 0, 1;
L_000001d760a89180 .concat8 [ 2 2 0 0], v000001d760a0e140_0, v000001d760a11300_0;
S_000001d760a105b0 .scope module, "DECODER_0" "decoder_1_to_2" 5 15, 4 4 0, S_000001d760a10290;
 .timescale -9 -12;
    .port_info 0 /INPUT 1 "ena";
    .port_info 1 /INPUT 1 "in";
    .port_info 2 /OUTPUT 2 "out";
v000001d760a0e000_0 .net "ena", 0 0, L_000001d760a88640;  1 drivers
v000001d760a0e780_0 .net "in", 0 0, L_000001d760a888c0;  1 drivers
v000001d760a0e140_0 .var "out", 1 0;
E_000001d7609e7b60 .event anyedge, v000001d760a0e000_0, v000001d760a0e780_0;
S_000001d760a0e990 .scope module, "DECODER_1" "decoder_1_to_2" 5 16, 4 4 0, S_000001d760a10290;
 .timescale -9 -12;
    .port_info 0 /INPUT 1 "ena";
    .port_info 1 /INPUT 1 "in";
    .port_info 2 /OUTPUT 2 "out";
v000001d760a0e3c0_0 .net "ena", 0 0, L_000001d760a88be0;  1 drivers
v000001d760a11ee0_0 .net "in", 0 0, L_000001d760a88dc0;  1 drivers
v000001d760a11300_0 .var "out", 1 0;
E_000001d7609e7f20 .event anyedge, v000001d760a0e3c0_0, v000001d760a11ee0_0;
S_000001d760a0fc50 .scope module, "DECODER_ENA" "decoder_1_to_2" 5 14, 4 4 0, S_000001d760a10290;
 .timescale -9 -12;
    .port_info 0 /INPUT 1 "ena";
    .port_info 1 /INPUT 1 "in";
    .port_info 2 /OUTPUT 2 "out";
v000001d760a10ae0_0 .net "ena", 0 0, L_000001d760a89220;  alias, 1 drivers
v000001d760a11440_0 .net "in", 0 0, L_000001d760a89360;  1 drivers
v000001d760a11bc0_0 .var "out", 1 0;
E_000001d7609e83a0 .event anyedge, v000001d760a10ae0_0, v000001d760a11440_0;
S_000001d760a0eb20 .scope module, "DECODER_ENA" "decoder_1_to_2" 6 11, 4 4 0, S_000001d760a0fac0;
 .timescale -9 -12;
    .port_info 0 /INPUT 1 "ena";
    .port_info 1 /INPUT 1 "in";
    .port_info 2 /OUTPUT 2 "out";
v000001d760a123e0_0 .net "ena", 0 0, L_000001d760a88280;  alias, 1 drivers
v000001d760a109a0_0 .net "in", 0 0, L_000001d760a895e0;  1 drivers
v000001d760a11800_0 .var "out", 1 0;
E_000001d7609e7ba0 .event anyedge, v000001d760a123e0_0, v000001d760a109a0_0;
S_000001d760a0f610 .scope module, "DECODER_ENA" "decoder_1_to_2" 7 11, 4 4 0, S_000001d760a0c2d0;
 .timescale -9 -12;
    .port_info 0 /INPUT 1 "ena";
    .port_info 1 /INPUT 1 "in";
    .port_info 2 /OUTPUT 2 "out";
v000001d760a12200_0 .net "ena", 0 0, v000001d760a87740_0;  alias, 1 drivers
v000001d760a118a0_0 .net "in", 0 0, L_000001d760a86980;  1 drivers
v000001d760a11580_0 .var "out", 1 0;
E_000001d7609e8460 .event anyedge, v000001d760a0b4e0_0, v000001d760a118a0_0;
S_000001d760a0ee40 .scope module, "DECODER_5_32" "decoder_5_to_32" 3 23, 8 4 0, S_000001d760974f10;
 .timescale -9 -12;
    .port_info 0 /INPUT 1 "ena";
    .port_info 1 /INPUT 5 "in";
    .port_info 2 /OUTPUT 32 "out";
v000001d760a87a60_0 .net "ena", 0 0, v000001d760a87740_0;  alias, 1 drivers
v000001d760a859e0_0 .net "enas", 1 0, v000001d760a87380_0;  1 drivers
v000001d760a874c0_0 .net "in", 4 0, v000001d760a88000_0;  1 drivers
v000001d760a85a80_0 .net "out", 31 0, L_000001d760a91e50;  alias, 1 drivers
L_000001d760a92e90 .part v000001d760a88000_0, 4, 1;
L_000001d760a90a50 .part v000001d760a87380_0, 0, 1;
L_000001d760a920d0 .part v000001d760a88000_0, 0, 4;
L_000001d760a8fab0 .part v000001d760a87380_0, 1, 1;
L_000001d760a8fb50 .part v000001d760a88000_0, 0, 4;
L_000001d760a91e50 .concat8 [ 16 16 0 0], L_000001d760a907d0, L_000001d760a90c30;
S_000001d760a0f7a0 .scope module, "DECODER_0" "decoder_4_to_16" 8 12, 7 4 0, S_000001d760a0ee40;
 .timescale -9 -12;
    .port_info 0 /INPUT 1 "ena";
    .port_info 1 /INPUT 4 "in";
    .port_info 2 /OUTPUT 16 "out";
v000001d760a1d010_0 .net "ena", 0 0, L_000001d760a90a50;  1 drivers
v000001d760a1d830_0 .net "enas", 1 0, v000001d760a1d790_0;  1 drivers
v000001d760a1d0b0_0 .net "in", 3 0, L_000001d760a920d0;  1 drivers
v000001d760a1e5f0_0 .net "out", 15 0, L_000001d760a907d0;  1 drivers
L_000001d760a932f0 .part L_000001d760a920d0, 3, 1;
L_000001d760a934d0 .part v000001d760a1d790_0, 0, 1;
L_000001d760a92c10 .part L_000001d760a920d0, 0, 3;
L_000001d760a914f0 .part v000001d760a1d790_0, 1, 1;
L_000001d760a91bd0 .part L_000001d760a920d0, 0, 3;
L_000001d760a907d0 .concat8 [ 8 8 0 0], L_000001d760a92350, L_000001d760a91950;
S_000001d760a0f160 .scope module, "DECODER_0" "decoder_3_to_8" 7 12, 6 4 0, S_000001d760a0f7a0;
 .timescale -9 -12;
    .port_info 0 /INPUT 1 "ena";
    .port_info 1 /INPUT 3 "in";
    .port_info 2 /OUTPUT 8 "out";
v000001d760a1d5b0_0 .net "ena", 0 0, L_000001d760a934d0;  1 drivers
v000001d760a1d290_0 .net "enas", 1 0, v000001d760a1ca70_0;  1 drivers
v000001d760a1dab0_0 .net "in", 2 0, L_000001d760a92c10;  1 drivers
v000001d760a1e370_0 .net "out", 7 0, L_000001d760a92350;  1 drivers
L_000001d760a93250 .part L_000001d760a92c10, 2, 1;
L_000001d760a92f30 .part v000001d760a1ca70_0, 0, 1;
L_000001d760a92d50 .part L_000001d760a92c10, 0, 2;
L_000001d760a92cb0 .part v000001d760a1ca70_0, 1, 1;
L_000001d760a92490 .part L_000001d760a92c10, 0, 2;
L_000001d760a92350 .concat8 [ 4 4 0 0], L_000001d760a92710, L_000001d760a927b0;
S_000001d760a0f2f0 .scope module, "DECODER_0" "decoder_2_to_4" 6 12, 5 4 0, S_000001d760a0f160;
 .timescale -9 -12;
    .port_info 0 /INPUT 1 "ena";
    .port_info 1 /INPUT 2 "in";
    .port_info 2 /OUTPUT 4 "out";
v000001d760a11f80_0 .net "ena", 0 0, L_000001d760a92f30;  1 drivers
v000001d760a12020_0 .net "enas", 1 0, v000001d760a11e40_0;  1 drivers
v000001d760a10cc0_0 .net "in", 1 0, L_000001d760a92d50;  1 drivers
v000001d760a12480_0 .net "out", 3 0, L_000001d760a92710;  1 drivers
L_000001d760a93390 .part L_000001d760a92d50, 1, 1;
L_000001d760a928f0 .part v000001d760a11e40_0, 0, 1;
L_000001d760a93430 .part L_000001d760a92d50, 0, 1;
L_000001d760a92b70 .part v000001d760a11e40_0, 1, 1;
L_000001d760a92990 .part L_000001d760a92d50, 0, 1;
L_000001d760a92710 .concat8 [ 2 2 0 0], v000001d760a11080_0, v000001d760a111c0_0;
S_000001d760a0f480 .scope module, "DECODER_0" "decoder_1_to_2" 5 15, 4 4 0, S_000001d760a0f2f0;
 .timescale -9 -12;
    .port_info 0 /INPUT 1 "ena";
    .port_info 1 /INPUT 1 "in";
    .port_info 2 /OUTPUT 2 "out";
v000001d760a11a80_0 .net "ena", 0 0, L_000001d760a928f0;  1 drivers
v000001d760a11620_0 .net "in", 0 0, L_000001d760a93430;  1 drivers
v000001d760a11080_0 .var "out", 1 0;
E_000001d7609e7e20 .event anyedge, v000001d760a11a80_0, v000001d760a11620_0;
S_000001d760a1baf0 .scope module, "DECODER_1" "decoder_1_to_2" 5 16, 4 4 0, S_000001d760a0f2f0;
 .timescale -9 -12;
    .port_info 0 /INPUT 1 "ena";
    .port_info 1 /INPUT 1 "in";
    .port_info 2 /OUTPUT 2 "out";
v000001d760a11760_0 .net "ena", 0 0, L_000001d760a92b70;  1 drivers
v000001d760a11b20_0 .net "in", 0 0, L_000001d760a92990;  1 drivers
v000001d760a111c0_0 .var "out", 1 0;
E_000001d7609e8520 .event anyedge, v000001d760a11760_0, v000001d760a11b20_0;
S_000001d760a1b4b0 .scope module, "DECODER_ENA" "decoder_1_to_2" 5 14, 4 4 0, S_000001d760a0f2f0;
 .timescale -9 -12;
    .port_info 0 /INPUT 1 "ena";
    .port_info 1 /INPUT 1 "in";
    .port_info 2 /OUTPUT 2 "out";
v000001d760a120c0_0 .net "ena", 0 0, L_000001d760a92f30;  alias, 1 drivers
v000001d760a11da0_0 .net "in", 0 0, L_000001d760a93390;  1 drivers
v000001d760a11e40_0 .var "out", 1 0;
E_000001d7609e80a0 .event anyedge, v000001d760a120c0_0, v000001d760a11da0_0;
S_000001d760a1c5e0 .scope module, "DECODER_1" "decoder_2_to_4" 6 13, 5 4 0, S_000001d760a0f160;
 .timescale -9 -12;
    .port_info 0 /INPUT 1 "ena";
    .port_info 1 /INPUT 2 "in";
    .port_info 2 /OUTPUT 4 "out";
v000001d760a10fe0_0 .net "ena", 0 0, L_000001d760a92cb0;  1 drivers
v000001d760a11120_0 .net "enas", 1 0, v000001d760a10f40_0;  1 drivers
v000001d760a127a0_0 .net "in", 1 0, L_000001d760a92490;  1 drivers
v000001d760a11260_0 .net "out", 3 0, L_000001d760a927b0;  1 drivers
L_000001d760a92530 .part L_000001d760a92490, 1, 1;
L_000001d760a92fd0 .part v000001d760a10f40_0, 0, 1;
L_000001d760a93070 .part L_000001d760a92490, 0, 1;
L_000001d760a92a30 .part v000001d760a10f40_0, 1, 1;
L_000001d760a92ad0 .part L_000001d760a92490, 0, 1;
L_000001d760a927b0 .concat8 [ 2 2 0 0], v000001d760a12160_0, v000001d760a12660_0;
S_000001d760a1a9c0 .scope module, "DECODER_0" "decoder_1_to_2" 5 15, 4 4 0, S_000001d760a1c5e0;
 .timescale -9 -12;
    .port_info 0 /INPUT 1 "ena";
    .port_info 1 /INPUT 1 "in";
    .port_info 2 /OUTPUT 2 "out";
v000001d760a12700_0 .net "ena", 0 0, L_000001d760a92fd0;  1 drivers
v000001d760a10ea0_0 .net "in", 0 0, L_000001d760a93070;  1 drivers
v000001d760a12160_0 .var "out", 1 0;
E_000001d7609e7660 .event anyedge, v000001d760a12700_0, v000001d760a10ea0_0;
S_000001d760a1bfa0 .scope module, "DECODER_1" "decoder_1_to_2" 5 16, 4 4 0, S_000001d760a1c5e0;
 .timescale -9 -12;
    .port_info 0 /INPUT 1 "ena";
    .port_info 1 /INPUT 1 "in";
    .port_info 2 /OUTPUT 2 "out";
v000001d760a12520_0 .net "ena", 0 0, L_000001d760a92a30;  1 drivers
v000001d760a125c0_0 .net "in", 0 0, L_000001d760a92ad0;  1 drivers
v000001d760a12660_0 .var "out", 1 0;
E_000001d7609e77a0 .event anyedge, v000001d760a12520_0, v000001d760a125c0_0;
S_000001d760a1ace0 .scope module, "DECODER_ENA" "decoder_1_to_2" 5 14, 4 4 0, S_000001d760a1c5e0;
 .timescale -9 -12;
    .port_info 0 /INPUT 1 "ena";
    .port_info 1 /INPUT 1 "in";
    .port_info 2 /OUTPUT 2 "out";
v000001d760a10a40_0 .net "ena", 0 0, L_000001d760a92cb0;  alias, 1 drivers
v000001d760a10e00_0 .net "in", 0 0, L_000001d760a92530;  1 drivers
v000001d760a10f40_0 .var "out", 1 0;
E_000001d7609e78e0 .event anyedge, v000001d760a10a40_0, v000001d760a10e00_0;
S_000001d760a1c130 .scope module, "DECODER_ENA" "decoder_1_to_2" 6 11, 4 4 0, S_000001d760a0f160;
 .timescale -9 -12;
    .port_info 0 /INPUT 1 "ena";
    .port_info 1 /INPUT 1 "in";
    .port_info 2 /OUTPUT 2 "out";
v000001d760a113a0_0 .net "ena", 0 0, L_000001d760a934d0;  alias, 1 drivers
v000001d760a1dbf0_0 .net "in", 0 0, L_000001d760a93250;  1 drivers
v000001d760a1ca70_0 .var "out", 1 0;
E_000001d7609e8660 .event anyedge, v000001d760a113a0_0, v000001d760a1dbf0_0;
S_000001d760a1b320 .scope module, "DECODER_1" "decoder_3_to_8" 7 13, 6 4 0, S_000001d760a0f7a0;
 .timescale -9 -12;
    .port_info 0 /INPUT 1 "ena";
    .port_info 1 /INPUT 3 "in";
    .port_info 2 /OUTPUT 8 "out";
v000001d760a1e2d0_0 .net "ena", 0 0, L_000001d760a914f0;  1 drivers
v000001d760a1e870_0 .net "enas", 1 0, v000001d760a1cf70_0;  1 drivers
v000001d760a1d650_0 .net "in", 2 0, L_000001d760a91bd0;  1 drivers
v000001d760a1e550_0 .net "out", 7 0, L_000001d760a91950;  1 drivers
L_000001d760a92850 .part L_000001d760a91bd0, 2, 1;
L_000001d760a937f0 .part v000001d760a1cf70_0, 0, 1;
L_000001d760a92170 .part L_000001d760a91bd0, 0, 2;
L_000001d760a91770 .part v000001d760a1cf70_0, 1, 1;
L_000001d760a91090 .part L_000001d760a91bd0, 0, 2;
L_000001d760a91950 .concat8 [ 4 4 0 0], L_000001d760a93750, L_000001d760a90730;
S_000001d760a1c2c0 .scope module, "DECODER_0" "decoder_2_to_4" 6 12, 5 4 0, S_000001d760a1b320;
 .timescale -9 -12;
    .port_info 0 /INPUT 1 "ena";
    .port_info 1 /INPUT 2 "in";
    .port_info 2 /OUTPUT 4 "out";
v000001d760a1cb10_0 .net "ena", 0 0, L_000001d760a937f0;  1 drivers
v000001d760a1cbb0_0 .net "enas", 1 0, v000001d760a1e0f0_0;  1 drivers
v000001d760a1e4b0_0 .net "in", 1 0, L_000001d760a92170;  1 drivers
v000001d760a1e7d0_0 .net "out", 3 0, L_000001d760a93750;  1 drivers
L_000001d760a92df0 .part L_000001d760a92170, 1, 1;
L_000001d760a936b0 .part v000001d760a1e0f0_0, 0, 1;
L_000001d760a93610 .part L_000001d760a92170, 0, 1;
L_000001d760a93110 .part v000001d760a1e0f0_0, 1, 1;
L_000001d760a93570 .part L_000001d760a92170, 0, 1;
L_000001d760a93750 .concat8 [ 2 2 0 0], v000001d760a1d330_0, v000001d760a1ce30_0;
S_000001d760a1ab50 .scope module, "DECODER_0" "decoder_1_to_2" 5 15, 4 4 0, S_000001d760a1c2c0;
 .timescale -9 -12;
    .port_info 0 /INPUT 1 "ena";
    .port_info 1 /INPUT 1 "in";
    .port_info 2 /OUTPUT 2 "out";
v000001d760a1e690_0 .net "ena", 0 0, L_000001d760a936b0;  1 drivers
v000001d760a1ced0_0 .net "in", 0 0, L_000001d760a93610;  1 drivers
v000001d760a1d330_0 .var "out", 1 0;
E_000001d7609e87e0 .event anyedge, v000001d760a1e690_0, v000001d760a1ced0_0;
S_000001d760a1bc80 .scope module, "DECODER_1" "decoder_1_to_2" 5 16, 4 4 0, S_000001d760a1c2c0;
 .timescale -9 -12;
    .port_info 0 /INPUT 1 "ena";
    .port_info 1 /INPUT 1 "in";
    .port_info 2 /OUTPUT 2 "out";
v000001d760a1d970_0 .net "ena", 0 0, L_000001d760a93110;  1 drivers
v000001d760a1e730_0 .net "in", 0 0, L_000001d760a93570;  1 drivers
v000001d760a1ce30_0 .var "out", 1 0;
E_000001d7609e8820 .event anyedge, v000001d760a1d970_0, v000001d760a1e730_0;
S_000001d760a1b7d0 .scope module, "DECODER_ENA" "decoder_1_to_2" 5 14, 4 4 0, S_000001d760a1c2c0;
 .timescale -9 -12;
    .port_info 0 /INPUT 1 "ena";
    .port_info 1 /INPUT 1 "in";
    .port_info 2 /OUTPUT 2 "out";
v000001d760a1d470_0 .net "ena", 0 0, L_000001d760a937f0;  alias, 1 drivers
v000001d760a1de70_0 .net "in", 0 0, L_000001d760a92df0;  1 drivers
v000001d760a1e0f0_0 .var "out", 1 0;
E_000001d7609e95a0 .event anyedge, v000001d760a1d470_0, v000001d760a1de70_0;
S_000001d760a1b640 .scope module, "DECODER_1" "decoder_2_to_4" 6 13, 5 4 0, S_000001d760a1b320;
 .timescale -9 -12;
    .port_info 0 /INPUT 1 "ena";
    .port_info 1 /INPUT 2 "in";
    .port_info 2 /OUTPUT 4 "out";
v000001d760a1e190_0 .net "ena", 0 0, L_000001d760a91770;  1 drivers
v000001d760a1d8d0_0 .net "enas", 1 0, v000001d760a1dd30_0;  1 drivers
v000001d760a1da10_0 .net "in", 1 0, L_000001d760a91090;  1 drivers
v000001d760a1cc50_0 .net "out", 3 0, L_000001d760a90730;  1 drivers
L_000001d760a92210 .part L_000001d760a91090, 1, 1;
L_000001d760a922b0 .part v000001d760a1dd30_0, 0, 1;
L_000001d760a923f0 .part L_000001d760a91090, 0, 1;
L_000001d760a925d0 .part v000001d760a1dd30_0, 1, 1;
L_000001d760a91f90 .part L_000001d760a91090, 0, 1;
L_000001d760a90730 .concat8 [ 2 2 0 0], v000001d760a1e410_0, v000001d760a1dfb0_0;
S_000001d760a1c770 .scope module, "DECODER_0" "decoder_1_to_2" 5 15, 4 4 0, S_000001d760a1b640;
 .timescale -9 -12;
    .port_info 0 /INPUT 1 "ena";
    .port_info 1 /INPUT 1 "in";
    .port_info 2 /OUTPUT 2 "out";
v000001d760a1df10_0 .net "ena", 0 0, L_000001d760a922b0;  1 drivers
v000001d760a1e230_0 .net "in", 0 0, L_000001d760a923f0;  1 drivers
v000001d760a1e410_0 .var "out", 1 0;
E_000001d7609e9360 .event anyedge, v000001d760a1df10_0, v000001d760a1e230_0;
S_000001d760a1ae70 .scope module, "DECODER_1" "decoder_1_to_2" 5 16, 4 4 0, S_000001d760a1b640;
 .timescale -9 -12;
    .port_info 0 /INPUT 1 "ena";
    .port_info 1 /INPUT 1 "in";
    .port_info 2 /OUTPUT 2 "out";
v000001d760a1d3d0_0 .net "ena", 0 0, L_000001d760a925d0;  1 drivers
v000001d760a1d150_0 .net "in", 0 0, L_000001d760a91f90;  1 drivers
v000001d760a1dfb0_0 .var "out", 1 0;
E_000001d7609e9260 .event anyedge, v000001d760a1d3d0_0, v000001d760a1d150_0;
S_000001d760a1c450 .scope module, "DECODER_ENA" "decoder_1_to_2" 5 14, 4 4 0, S_000001d760a1b640;
 .timescale -9 -12;
    .port_info 0 /INPUT 1 "ena";
    .port_info 1 /INPUT 1 "in";
    .port_info 2 /OUTPUT 2 "out";
v000001d760a1e050_0 .net "ena", 0 0, L_000001d760a91770;  alias, 1 drivers
v000001d760a1d1f0_0 .net "in", 0 0, L_000001d760a92210;  1 drivers
v000001d760a1dd30_0 .var "out", 1 0;
E_000001d7609e8ee0 .event anyedge, v000001d760a1e050_0, v000001d760a1d1f0_0;
S_000001d760a1b960 .scope module, "DECODER_ENA" "decoder_1_to_2" 6 11, 4 4 0, S_000001d760a1b320;
 .timescale -9 -12;
    .port_info 0 /INPUT 1 "ena";
    .port_info 1 /INPUT 1 "in";
    .port_info 2 /OUTPUT 2 "out";
v000001d760a1d510_0 .net "ena", 0 0, L_000001d760a914f0;  alias, 1 drivers
v000001d760a1cd90_0 .net "in", 0 0, L_000001d760a92850;  1 drivers
v000001d760a1cf70_0 .var "out", 1 0;
E_000001d7609e93a0 .event anyedge, v000001d760a1d510_0, v000001d760a1cd90_0;
S_000001d760a1b000 .scope module, "DECODER_ENA" "decoder_1_to_2" 7 11, 4 4 0, S_000001d760a0f7a0;
 .timescale -9 -12;
    .port_info 0 /INPUT 1 "ena";
    .port_info 1 /INPUT 1 "in";
    .port_info 2 /OUTPUT 2 "out";
v000001d760a1d6f0_0 .net "ena", 0 0, L_000001d760a90a50;  alias, 1 drivers
v000001d760a1ccf0_0 .net "in", 0 0, L_000001d760a932f0;  1 drivers
v000001d760a1d790_0 .var "out", 1 0;
E_000001d7609e9060 .event anyedge, v000001d760a1d6f0_0, v000001d760a1ccf0_0;
S_000001d760a1b190 .scope module, "DECODER_1" "decoder_4_to_16" 8 13, 7 4 0, S_000001d760a0ee40;
 .timescale -9 -12;
    .port_info 0 /INPUT 1 "ena";
    .port_info 1 /INPUT 4 "in";
    .port_info 2 /OUTPUT 16 "out";
v000001d760a86480_0 .net "ena", 0 0, L_000001d760a8fab0;  1 drivers
v000001d760a87100_0 .net "enas", 1 0, v000001d760a879c0_0;  1 drivers
v000001d760a86d40_0 .net "in", 3 0, L_000001d760a8fb50;  1 drivers
v000001d760a86fc0_0 .net "out", 15 0, L_000001d760a90c30;  1 drivers
L_000001d760a91a90 .part L_000001d760a8fb50, 3, 1;
L_000001d760a900f0 .part v000001d760a879c0_0, 0, 1;
L_000001d760a90550 .part L_000001d760a8fb50, 0, 3;
L_000001d760a905f0 .part v000001d760a879c0_0, 1, 1;
L_000001d760a91310 .part L_000001d760a8fb50, 0, 3;
L_000001d760a90c30 .concat8 [ 8 8 0 0], L_000001d760a91450, L_000001d760a90b90;
S_000001d760a1be10 .scope module, "DECODER_0" "decoder_3_to_8" 7 12, 6 4 0, S_000001d760a1b190;
 .timescale -9 -12;
    .port_info 0 /INPUT 1 "ena";
    .port_info 1 /INPUT 3 "in";
    .port_info 2 /OUTPUT 8 "out";
v000001d760a84aa0_0 .net "ena", 0 0, L_000001d760a900f0;  1 drivers
v000001d760a839c0_0 .net "enas", 1 0, v000001d760a85180_0;  1 drivers
v000001d760a85220_0 .net "in", 2 0, L_000001d760a90550;  1 drivers
v000001d760a85720_0 .net "out", 7 0, L_000001d760a91450;  1 drivers
L_000001d760a90190 .part L_000001d760a90550, 2, 1;
L_000001d760a911d0 .part v000001d760a85180_0, 0, 1;
L_000001d760a919f0 .part L_000001d760a90550, 0, 2;
L_000001d760a90690 .part v000001d760a85180_0, 1, 1;
L_000001d760a90370 .part L_000001d760a90550, 0, 2;
L_000001d760a91450 .concat8 [ 4 4 0 0], L_000001d760a90870, L_000001d760a91810;
S_000001d760a82720 .scope module, "DECODER_0" "decoder_2_to_4" 6 12, 5 4 0, S_000001d760a1be10;
 .timescale -9 -12;
    .port_info 0 /INPUT 1 "ena";
    .port_info 1 /INPUT 2 "in";
    .port_info 2 /OUTPUT 4 "out";
v000001d760a85040_0 .net "ena", 0 0, L_000001d760a911d0;  1 drivers
v000001d760a855e0_0 .net "enas", 1 0, v000001d760a83d80_0;  1 drivers
v000001d760a84500_0 .net "in", 1 0, L_000001d760a919f0;  1 drivers
v000001d760a85360_0 .net "out", 3 0, L_000001d760a90870;  1 drivers
L_000001d760a91590 .part L_000001d760a919f0, 1, 1;
L_000001d760a8fc90 .part v000001d760a83d80_0, 0, 1;
L_000001d760a90af0 .part L_000001d760a919f0, 0, 1;
L_000001d760a91630 .part v000001d760a83d80_0, 1, 1;
L_000001d760a91c70 .part L_000001d760a919f0, 0, 1;
L_000001d760a90870 .concat8 [ 2 2 0 0], v000001d760a1ddd0_0, v000001d760a84b40_0;
S_000001d760a836c0 .scope module, "DECODER_0" "decoder_1_to_2" 5 15, 4 4 0, S_000001d760a82720;
 .timescale -9 -12;
    .port_info 0 /INPUT 1 "ena";
    .port_info 1 /INPUT 1 "in";
    .port_info 2 /OUTPUT 2 "out";
v000001d760a1db50_0 .net "ena", 0 0, L_000001d760a8fc90;  1 drivers
v000001d760a1dc90_0 .net "in", 0 0, L_000001d760a90af0;  1 drivers
v000001d760a1ddd0_0 .var "out", 1 0;
E_000001d7609e90a0 .event anyedge, v000001d760a1db50_0, v000001d760a1dc90_0;
S_000001d760a820e0 .scope module, "DECODER_1" "decoder_1_to_2" 5 16, 4 4 0, S_000001d760a82720;
 .timescale -9 -12;
    .port_info 0 /INPUT 1 "ena";
    .port_info 1 /INPUT 1 "in";
    .port_info 2 /OUTPUT 2 "out";
v000001d760a1c9d0_0 .net "ena", 0 0, L_000001d760a91630;  1 drivers
v000001d760a850e0_0 .net "in", 0 0, L_000001d760a91c70;  1 drivers
v000001d760a84b40_0 .var "out", 1 0;
E_000001d7609e92e0 .event anyedge, v000001d760a1c9d0_0, v000001d760a850e0_0;
S_000001d760a82270 .scope module, "DECODER_ENA" "decoder_1_to_2" 5 14, 4 4 0, S_000001d760a82720;
 .timescale -9 -12;
    .port_info 0 /INPUT 1 "ena";
    .port_info 1 /INPUT 1 "in";
    .port_info 2 /OUTPUT 2 "out";
v000001d760a84320_0 .net "ena", 0 0, L_000001d760a911d0;  alias, 1 drivers
v000001d760a83ce0_0 .net "in", 0 0, L_000001d760a91590;  1 drivers
v000001d760a83d80_0 .var "out", 1 0;
E_000001d7609e93e0 .event anyedge, v000001d760a84320_0, v000001d760a83ce0_0;
S_000001d760a82a40 .scope module, "DECODER_1" "decoder_2_to_4" 6 13, 5 4 0, S_000001d760a1be10;
 .timescale -9 -12;
    .port_info 0 /INPUT 1 "ena";
    .port_info 1 /INPUT 2 "in";
    .port_info 2 /OUTPUT 4 "out";
v000001d760a83ba0_0 .net "ena", 0 0, L_000001d760a90690;  1 drivers
v000001d760a848c0_0 .net "enas", 1 0, v000001d760a85680_0;  1 drivers
v000001d760a857c0_0 .net "in", 1 0, L_000001d760a90370;  1 drivers
v000001d760a84e60_0 .net "out", 3 0, L_000001d760a91810;  1 drivers
L_000001d760a90ff0 .part L_000001d760a90370, 1, 1;
L_000001d760a90230 .part v000001d760a85680_0, 0, 1;
L_000001d760a91d10 .part L_000001d760a90370, 0, 1;
L_000001d760a916d0 .part v000001d760a85680_0, 1, 1;
L_000001d760a90d70 .part L_000001d760a90370, 0, 1;
L_000001d760a91810 .concat8 [ 2 2 0 0], v000001d760a83920_0, v000001d760a841e0_0;
S_000001d760a82bd0 .scope module, "DECODER_0" "decoder_1_to_2" 5 15, 4 4 0, S_000001d760a82a40;
 .timescale -9 -12;
    .port_info 0 /INPUT 1 "ena";
    .port_info 1 /INPUT 1 "in";
    .port_info 2 /OUTPUT 2 "out";
v000001d760a83a60_0 .net "ena", 0 0, L_000001d760a90230;  1 drivers
v000001d760a84c80_0 .net "in", 0 0, L_000001d760a91d10;  1 drivers
v000001d760a83920_0 .var "out", 1 0;
E_000001d7609e8760 .event anyedge, v000001d760a83a60_0, v000001d760a84c80_0;
S_000001d760a81aa0 .scope module, "DECODER_1" "decoder_1_to_2" 5 16, 4 4 0, S_000001d760a82a40;
 .timescale -9 -12;
    .port_info 0 /INPUT 1 "ena";
    .port_info 1 /INPUT 1 "in";
    .port_info 2 /OUTPUT 2 "out";
v000001d760a84820_0 .net "ena", 0 0, L_000001d760a916d0;  1 drivers
v000001d760a845a0_0 .net "in", 0 0, L_000001d760a90d70;  1 drivers
v000001d760a841e0_0 .var "out", 1 0;
E_000001d7609e9460 .event anyedge, v000001d760a84820_0, v000001d760a845a0_0;
S_000001d760a83530 .scope module, "DECODER_ENA" "decoder_1_to_2" 5 14, 4 4 0, S_000001d760a82a40;
 .timescale -9 -12;
    .port_info 0 /INPUT 1 "ena";
    .port_info 1 /INPUT 1 "in";
    .port_info 2 /OUTPUT 2 "out";
v000001d760a84140_0 .net "ena", 0 0, L_000001d760a90690;  alias, 1 drivers
v000001d760a84be0_0 .net "in", 0 0, L_000001d760a90ff0;  1 drivers
v000001d760a85680_0 .var "out", 1 0;
E_000001d7609e91a0 .event anyedge, v000001d760a84140_0, v000001d760a84be0_0;
S_000001d760a82d60 .scope module, "DECODER_ENA" "decoder_1_to_2" 6 11, 4 4 0, S_000001d760a1be10;
 .timescale -9 -12;
    .port_info 0 /INPUT 1 "ena";
    .port_info 1 /INPUT 1 "in";
    .port_info 2 /OUTPUT 2 "out";
v000001d760a83c40_0 .net "ena", 0 0, L_000001d760a900f0;  alias, 1 drivers
v000001d760a84dc0_0 .net "in", 0 0, L_000001d760a90190;  1 drivers
v000001d760a85180_0 .var "out", 1 0;
E_000001d7609e94a0 .event anyedge, v000001d760a83c40_0, v000001d760a84dc0_0;
S_000001d760a81910 .scope module, "DECODER_1" "decoder_3_to_8" 7 13, 6 4 0, S_000001d760a1b190;
 .timescale -9 -12;
    .port_info 0 /INPUT 1 "ena";
    .port_info 1 /INPUT 3 "in";
    .port_info 2 /OUTPUT 8 "out";
v000001d760a85ee0_0 .net "ena", 0 0, L_000001d760a905f0;  1 drivers
v000001d760a86160_0 .net "enas", 1 0, v000001d760a87060_0;  1 drivers
v000001d760a877e0_0 .net "in", 2 0, L_000001d760a91310;  1 drivers
v000001d760a867a0_0 .net "out", 7 0, L_000001d760a90b90;  1 drivers
L_000001d760a90f50 .part L_000001d760a91310, 2, 1;
L_000001d760a8fbf0 .part v000001d760a87060_0, 0, 1;
L_000001d760a8f970 .part L_000001d760a91310, 0, 2;
L_000001d760a90e10 .part v000001d760a87060_0, 1, 1;
L_000001d760a91130 .part L_000001d760a91310, 0, 2;
L_000001d760a90b90 .concat8 [ 4 4 0 0], L_000001d760a909b0, L_000001d760a904b0;
S_000001d760a81c30 .scope module, "DECODER_0" "decoder_2_to_4" 6 12, 5 4 0, S_000001d760a81910;
 .timescale -9 -12;
    .port_info 0 /INPUT 1 "ena";
    .port_info 1 /INPUT 2 "in";
    .port_info 2 /OUTPUT 4 "out";
v000001d760a854a0_0 .net "ena", 0 0, L_000001d760a8fbf0;  1 drivers
v000001d760a83ec0_0 .net "enas", 1 0, v000001d760a84280_0;  1 drivers
v000001d760a83f60_0 .net "in", 1 0, L_000001d760a8f970;  1 drivers
v000001d760a85540_0 .net "out", 3 0, L_000001d760a909b0;  1 drivers
L_000001d760a91b30 .part L_000001d760a8f970, 1, 1;
L_000001d760a91270 .part v000001d760a84280_0, 0, 1;
L_000001d760a92030 .part L_000001d760a8f970, 0, 1;
L_000001d760a91db0 .part v000001d760a84280_0, 1, 1;
L_000001d760a90910 .part L_000001d760a8f970, 0, 1;
L_000001d760a909b0 .concat8 [ 2 2 0 0], v000001d760a84d20_0, v000001d760a83b00_0;
S_000001d760a83210 .scope module, "DECODER_0" "decoder_1_to_2" 5 15, 4 4 0, S_000001d760a81c30;
 .timescale -9 -12;
    .port_info 0 /INPUT 1 "ena";
    .port_info 1 /INPUT 1 "in";
    .port_info 2 /OUTPUT 2 "out";
v000001d760a83e20_0 .net "ena", 0 0, L_000001d760a91270;  1 drivers
v000001d760a852c0_0 .net "in", 0 0, L_000001d760a92030;  1 drivers
v000001d760a84d20_0 .var "out", 1 0;
E_000001d7609e87a0 .event anyedge, v000001d760a83e20_0, v000001d760a852c0_0;
S_000001d760a82400 .scope module, "DECODER_1" "decoder_1_to_2" 5 16, 4 4 0, S_000001d760a81c30;
 .timescale -9 -12;
    .port_info 0 /INPUT 1 "ena";
    .port_info 1 /INPUT 1 "in";
    .port_info 2 /OUTPUT 2 "out";
v000001d760a84960_0 .net "ena", 0 0, L_000001d760a91db0;  1 drivers
v000001d760a84640_0 .net "in", 0 0, L_000001d760a90910;  1 drivers
v000001d760a83b00_0 .var "out", 1 0;
E_000001d7609e8860 .event anyedge, v000001d760a84960_0, v000001d760a84640_0;
S_000001d760a83080 .scope module, "DECODER_ENA" "decoder_1_to_2" 5 14, 4 4 0, S_000001d760a81c30;
 .timescale -9 -12;
    .port_info 0 /INPUT 1 "ena";
    .port_info 1 /INPUT 1 "in";
    .port_info 2 /OUTPUT 2 "out";
v000001d760a85400_0 .net "ena", 0 0, L_000001d760a8fbf0;  alias, 1 drivers
v000001d760a84780_0 .net "in", 0 0, L_000001d760a91b30;  1 drivers
v000001d760a84280_0 .var "out", 1 0;
E_000001d7609e88e0 .event anyedge, v000001d760a85400_0, v000001d760a84780_0;
S_000001d760a82590 .scope module, "DECODER_1" "decoder_2_to_4" 6 13, 5 4 0, S_000001d760a81910;
 .timescale -9 -12;
    .port_info 0 /INPUT 1 "ena";
    .port_info 1 /INPUT 2 "in";
    .port_info 2 /OUTPUT 4 "out";
v000001d760a86de0_0 .net "ena", 0 0, L_000001d760a90e10;  1 drivers
v000001d760a868e0_0 .net "enas", 1 0, v000001d760a87560_0;  1 drivers
v000001d760a87b00_0 .net "in", 1 0, L_000001d760a91130;  1 drivers
v000001d760a86020_0 .net "out", 3 0, L_000001d760a904b0;  1 drivers
L_000001d760a918b0 .part L_000001d760a91130, 1, 1;
L_000001d760a902d0 .part v000001d760a87560_0, 0, 1;
L_000001d760a8fa10 .part L_000001d760a91130, 0, 1;
L_000001d760a8fe70 .part v000001d760a87560_0, 1, 1;
L_000001d760a90410 .part L_000001d760a91130, 0, 1;
L_000001d760a904b0 .concat8 [ 2 2 0 0], v000001d760a840a0_0, v000001d760a846e0_0;
S_000001d760a828b0 .scope module, "DECODER_0" "decoder_1_to_2" 5 15, 4 4 0, S_000001d760a82590;
 .timescale -9 -12;
    .port_info 0 /INPUT 1 "ena";
    .port_info 1 /INPUT 1 "in";
    .port_info 2 /OUTPUT 2 "out";
v000001d760a84f00_0 .net "ena", 0 0, L_000001d760a902d0;  1 drivers
v000001d760a84000_0 .net "in", 0 0, L_000001d760a8fa10;  1 drivers
v000001d760a840a0_0 .var "out", 1 0;
E_000001d7609e8aa0 .event anyedge, v000001d760a84f00_0, v000001d760a84000_0;
S_000001d760a82ef0 .scope module, "DECODER_1" "decoder_1_to_2" 5 16, 4 4 0, S_000001d760a82590;
 .timescale -9 -12;
    .port_info 0 /INPUT 1 "ena";
    .port_info 1 /INPUT 1 "in";
    .port_info 2 /OUTPUT 2 "out";
v000001d760a843c0_0 .net "ena", 0 0, L_000001d760a8fe70;  1 drivers
v000001d760a84460_0 .net "in", 0 0, L_000001d760a90410;  1 drivers
v000001d760a846e0_0 .var "out", 1 0;
E_000001d7609e8ae0 .event anyedge, v000001d760a843c0_0, v000001d760a84460_0;
S_000001d760a833a0 .scope module, "DECODER_ENA" "decoder_1_to_2" 5 14, 4 4 0, S_000001d760a82590;
 .timescale -9 -12;
    .port_info 0 /INPUT 1 "ena";
    .port_info 1 /INPUT 1 "in";
    .port_info 2 /OUTPUT 2 "out";
v000001d760a84fa0_0 .net "ena", 0 0, L_000001d760a90e10;  alias, 1 drivers
v000001d760a84a00_0 .net "in", 0 0, L_000001d760a918b0;  1 drivers
v000001d760a87560_0 .var "out", 1 0;
E_000001d7609e8ba0 .event anyedge, v000001d760a84fa0_0, v000001d760a84a00_0;
S_000001d760a81dc0 .scope module, "DECODER_ENA" "decoder_1_to_2" 6 11, 4 4 0, S_000001d760a81910;
 .timescale -9 -12;
    .port_info 0 /INPUT 1 "ena";
    .port_info 1 /INPUT 1 "in";
    .port_info 2 /OUTPUT 2 "out";
v000001d760a86a20_0 .net "ena", 0 0, L_000001d760a905f0;  alias, 1 drivers
v000001d760a862a0_0 .net "in", 0 0, L_000001d760a90f50;  1 drivers
v000001d760a87060_0 .var "out", 1 0;
E_000001d7609e8ce0 .event anyedge, v000001d760a86a20_0, v000001d760a862a0_0;
S_000001d760a81f50 .scope module, "DECODER_ENA" "decoder_1_to_2" 7 11, 4 4 0, S_000001d760a1b190;
 .timescale -9 -12;
    .port_info 0 /INPUT 1 "ena";
    .port_info 1 /INPUT 1 "in";
    .port_info 2 /OUTPUT 2 "out";
v000001d760a85f80_0 .net "ena", 0 0, L_000001d760a8fab0;  alias, 1 drivers
v000001d760a880a0_0 .net "in", 0 0, L_000001d760a91a90;  1 drivers
v000001d760a879c0_0 .var "out", 1 0;
E_000001d7609e8c20 .event anyedge, v000001d760a85f80_0, v000001d760a880a0_0;
S_000001d760a8b3d0 .scope module, "DECODER_ENA" "decoder_1_to_2" 8 11, 4 4 0, S_000001d760a0ee40;
 .timescale -9 -12;
    .port_info 0 /INPUT 1 "ena";
    .port_info 1 /INPUT 1 "in";
    .port_info 2 /OUTPUT 2 "out";
v000001d760a860c0_0 .net "ena", 0 0, v000001d760a87740_0;  alias, 1 drivers
v000001d760a86700_0 .net "in", 0 0, L_000001d760a92e90;  1 drivers
v000001d760a87380_0 .var "out", 1 0;
E_000001d7609e9120 .event anyedge, v000001d760a0b4e0_0, v000001d760a86700_0;
    .scope S_000001d76096e300;
T_0 ;
Ewait_0 .event/or E_000001d7609e71e0, E_0x0;
    %wait Ewait_0;
    %load/vec4 v000001d760a0b4e0_0;
    %load/vec4 v000001d760a0a400_0;
    %and;
    %ix/load 4, 1, 0;
    %flag_set/imm 4, 0;
    %store/vec4 v000001d760a09dc0_0, 4, 1;
    %load/vec4 v000001d760a0b4e0_0;
    %load/vec4 v000001d760a0a400_0;
    %inv;
    %and;
    %ix/load 4, 0, 0;
    %flag_set/imm 4, 0;
    %store/vec4 v000001d760a09dc0_0, 4, 1;
    %jmp T_0;
    .thread T_0, $push;
    .scope S_000001d76096a7e0;
T_1 ;
Ewait_1 .event/or E_000001d7609e6920, E_0x0;
    %wait Ewait_1;
    %load/vec4 v000001d760a09d20_0;
    %load/vec4 v000001d760a09f00_0;
    %and;
    %ix/load 4, 1, 0;
    %flag_set/imm 4, 0;
    %store/vec4 v000001d760a0a5e0_0, 4, 1;
    %load/vec4 v000001d760a09d20_0;
    %load/vec4 v000001d760a09f00_0;
    %inv;
    %and;
    %ix/load 4, 0, 0;
    %flag_set/imm 4, 0;
    %store/vec4 v000001d760a0a5e0_0, 4, 1;
    %jmp T_1;
    .thread T_1, $push;
    .scope S_000001d76096c260;
T_2 ;
Ewait_2 .event/or E_000001d7609e7120, E_0x0;
    %wait Ewait_2;
    %load/vec4 v000001d760a0aae0_0;
    %load/vec4 v000001d760a0aa40_0;
    %and;
    %ix/load 4, 1, 0;
    %flag_set/imm 4, 0;
    %store/vec4 v000001d760a0a860_0, 4, 1;
    %load/vec4 v000001d760a0aae0_0;
    %load/vec4 v000001d760a0aa40_0;
    %inv;
    %and;
    %ix/load 4, 0, 0;
    %flag_set/imm 4, 0;
    %store/vec4 v000001d760a0a860_0, 4, 1;
    %jmp T_2;
    .thread T_2, $push;
    .scope S_000001d76096a650;
T_3 ;
Ewait_3 .event/or E_000001d7609e6f20, E_0x0;
    %wait Ewait_3;
    %load/vec4 v000001d760a0a900_0;
    %load/vec4 v000001d760a0a4a0_0;
    %and;
    %ix/load 4, 1, 0;
    %flag_set/imm 4, 0;
    %store/vec4 v000001d760a0ab80_0, 4, 1;
    %load/vec4 v000001d760a0a900_0;
    %load/vec4 v000001d760a0a4a0_0;
    %inv;
    %and;
    %ix/load 4, 0, 0;
    %flag_set/imm 4, 0;
    %store/vec4 v000001d760a0ab80_0, 4, 1;
    %jmp T_3;
    .thread T_3, $push;
    .scope S_000001d760a0bfb0;
T_4 ;
Ewait_4 .event/or E_000001d7609e7a20, E_0x0;
    %wait Ewait_4;
    %load/vec4 v000001d760a09aa0_0;
    %load/vec4 v000001d760a0a360_0;
    %and;
    %ix/load 4, 1, 0;
    %flag_set/imm 4, 0;
    %store/vec4 v000001d760a0a180_0, 4, 1;
    %load/vec4 v000001d760a09aa0_0;
    %load/vec4 v000001d760a0a360_0;
    %inv;
    %and;
    %ix/load 4, 0, 0;
    %flag_set/imm 4, 0;
    %store/vec4 v000001d760a0a180_0, 4, 1;
    %jmp T_4;
    .thread T_4, $push;
    .scope S_000001d7609f32f0;
T_5 ;
Ewait_5 .event/or E_000001d7609e7fa0, E_0x0;
    %wait Ewait_5;
    %load/vec4 v000001d760a0b620_0;
    %load/vec4 v000001d760a0a220_0;
    %and;
    %ix/load 4, 1, 0;
    %flag_set/imm 4, 0;
    %store/vec4 v000001d760a0acc0_0, 4, 1;
    %load/vec4 v000001d760a0b620_0;
    %load/vec4 v000001d760a0a220_0;
    %inv;
    %and;
    %ix/load 4, 0, 0;
    %flag_set/imm 4, 0;
    %store/vec4 v000001d760a0acc0_0, 4, 1;
    %jmp T_5;
    .thread T_5, $push;
    .scope S_000001d760932e50;
T_6 ;
Ewait_6 .event/or E_000001d7609e6fe0, E_0x0;
    %wait Ewait_6;
    %load/vec4 v000001d760a0a9a0_0;
    %load/vec4 v000001d760a09fa0_0;
    %and;
    %ix/load 4, 1, 0;
    %flag_set/imm 4, 0;
    %store/vec4 v000001d760a09c80_0, 4, 1;
    %load/vec4 v000001d760a0a9a0_0;
    %load/vec4 v000001d760a09fa0_0;
    %inv;
    %and;
    %ix/load 4, 0, 0;
    %flag_set/imm 4, 0;
    %store/vec4 v000001d760a09c80_0, 4, 1;
    %jmp T_6;
    .thread T_6, $push;
    .scope S_000001d7609f3160;
T_7 ;
Ewait_7 .event/or E_000001d7609e6c20, E_0x0;
    %wait Ewait_7;
    %load/vec4 v000001d760a0b440_0;
    %load/vec4 v000001d760a0a540_0;
    %and;
    %ix/load 4, 1, 0;
    %flag_set/imm 4, 0;
    %store/vec4 v000001d760a0a7c0_0, 4, 1;
    %load/vec4 v000001d760a0b440_0;
    %load/vec4 v000001d760a0a540_0;
    %inv;
    %and;
    %ix/load 4, 0, 0;
    %flag_set/imm 4, 0;
    %store/vec4 v000001d760a0a7c0_0, 4, 1;
    %jmp T_7;
    .thread T_7, $push;
    .scope S_000001d760a0c460;
T_8 ;
Ewait_8 .event/or E_000001d7609e7d20, E_0x0;
    %wait Ewait_8;
    %load/vec4 v000001d760a0a040_0;
    %load/vec4 v000001d760a0b800_0;
    %and;
    %ix/load 4, 1, 0;
    %flag_set/imm 4, 0;
    %store/vec4 v000001d760a09960_0, 4, 1;
    %load/vec4 v000001d760a0a040_0;
    %load/vec4 v000001d760a0b800_0;
    %inv;
    %and;
    %ix/load 4, 0, 0;
    %flag_set/imm 4, 0;
    %store/vec4 v000001d760a09960_0, 4, 1;
    %jmp T_8;
    .thread T_8, $push;
    .scope S_000001d7609f3610;
T_9 ;
Ewait_9 .event/or E_000001d7609e81e0, E_0x0;
    %wait Ewait_9;
    %load/vec4 v000001d760a0b300_0;
    %load/vec4 v000001d760a09a00_0;
    %and;
    %ix/load 4, 1, 0;
    %flag_set/imm 4, 0;
    %store/vec4 v000001d760a09b40_0, 4, 1;
    %load/vec4 v000001d760a0b300_0;
    %load/vec4 v000001d760a09a00_0;
    %inv;
    %and;
    %ix/load 4, 0, 0;
    %flag_set/imm 4, 0;
    %store/vec4 v000001d760a09b40_0, 4, 1;
    %jmp T_9;
    .thread T_9, $push;
    .scope S_000001d760a0bb00;
T_10 ;
Ewait_10 .event/or E_000001d7609e7da0, E_0x0;
    %wait Ewait_10;
    %load/vec4 v000001d760a0b3a0_0;
    %load/vec4 v000001d760a0b6c0_0;
    %and;
    %ix/load 4, 1, 0;
    %flag_set/imm 4, 0;
    %store/vec4 v000001d760a0b760_0, 4, 1;
    %load/vec4 v000001d760a0b3a0_0;
    %load/vec4 v000001d760a0b6c0_0;
    %inv;
    %and;
    %ix/load 4, 0, 0;
    %flag_set/imm 4, 0;
    %store/vec4 v000001d760a0b760_0, 4, 1;
    %jmp T_10;
    .thread T_10, $push;
    .scope S_000001d760a0f610;
T_11 ;
Ewait_11 .event/or E_000001d7609e8460, E_0x0;
    %wait Ewait_11;
    %load/vec4 v000001d760a12200_0;
    %load/vec4 v000001d760a118a0_0;
    %and;
    %ix/load 4, 1, 0;
    %flag_set/imm 4, 0;
    %store/vec4 v000001d760a11580_0, 4, 1;
    %load/vec4 v000001d760a12200_0;
    %load/vec4 v000001d760a118a0_0;
    %inv;
    %and;
    %ix/load 4, 0, 0;
    %flag_set/imm 4, 0;
    %store/vec4 v000001d760a11580_0, 4, 1;
    %jmp T_11;
    .thread T_11, $push;
    .scope S_000001d760a10100;
T_12 ;
Ewait_12 .event/or E_000001d7609e7c60, E_0x0;
    %wait Ewait_12;
    %load/vec4 v000001d760a0d560_0;
    %load/vec4 v000001d760a0ce80_0;
    %and;
    %ix/load 4, 1, 0;
    %flag_set/imm 4, 0;
    %store/vec4 v000001d760a0df60_0, 4, 1;
    %load/vec4 v000001d760a0d560_0;
    %load/vec4 v000001d760a0ce80_0;
    %inv;
    %and;
    %ix/load 4, 0, 0;
    %flag_set/imm 4, 0;
    %store/vec4 v000001d760a0df60_0, 4, 1;
    %jmp T_12;
    .thread T_12, $push;
    .scope S_000001d760a0c5f0;
T_13 ;
Ewait_13 .event/or E_000001d7609e85e0, E_0x0;
    %wait Ewait_13;
    %load/vec4 v000001d760a0cca0_0;
    %load/vec4 v000001d760a0cfc0_0;
    %and;
    %ix/load 4, 1, 0;
    %flag_set/imm 4, 0;
    %store/vec4 v000001d760a0db00_0, 4, 1;
    %load/vec4 v000001d760a0cca0_0;
    %load/vec4 v000001d760a0cfc0_0;
    %inv;
    %and;
    %ix/load 4, 0, 0;
    %flag_set/imm 4, 0;
    %store/vec4 v000001d760a0db00_0, 4, 1;
    %jmp T_13;
    .thread T_13, $push;
    .scope S_000001d760a0bc90;
T_14 ;
Ewait_14 .event/or E_000001d7609e7be0, E_0x0;
    %wait Ewait_14;
    %load/vec4 v000001d760a0c980_0;
    %load/vec4 v000001d760a0ca20_0;
    %and;
    %ix/load 4, 1, 0;
    %flag_set/imm 4, 0;
    %store/vec4 v000001d760a0cac0_0, 4, 1;
    %load/vec4 v000001d760a0c980_0;
    %load/vec4 v000001d760a0ca20_0;
    %inv;
    %and;
    %ix/load 4, 0, 0;
    %flag_set/imm 4, 0;
    %store/vec4 v000001d760a0cac0_0, 4, 1;
    %jmp T_14;
    .thread T_14, $push;
    .scope S_000001d760a0be20;
T_15 ;
Ewait_15 .event/or E_000001d7609e7aa0, E_0x0;
    %wait Ewait_15;
    %load/vec4 v000001d760a0e500_0;
    %load/vec4 v000001d760a0d880_0;
    %and;
    %ix/load 4, 1, 0;
    %flag_set/imm 4, 0;
    %store/vec4 v000001d760a0cf20_0, 4, 1;
    %load/vec4 v000001d760a0e500_0;
    %load/vec4 v000001d760a0d880_0;
    %inv;
    %and;
    %ix/load 4, 0, 0;
    %flag_set/imm 4, 0;
    %store/vec4 v000001d760a0cf20_0, 4, 1;
    %jmp T_15;
    .thread T_15, $push;
    .scope S_000001d760a10420;
T_16 ;
Ewait_16 .event/or E_000001d7609e7b20, E_0x0;
    %wait Ewait_16;
    %load/vec4 v000001d760a0d100_0;
    %load/vec4 v000001d760a0d2e0_0;
    %and;
    %ix/load 4, 1, 0;
    %flag_set/imm 4, 0;
    %store/vec4 v000001d760a0dce0_0, 4, 1;
    %load/vec4 v000001d760a0d100_0;
    %load/vec4 v000001d760a0d2e0_0;
    %inv;
    %and;
    %ix/load 4, 0, 0;
    %flag_set/imm 4, 0;
    %store/vec4 v000001d760a0dce0_0, 4, 1;
    %jmp T_16;
    .thread T_16, $push;
    .scope S_000001d760a0f930;
T_17 ;
Ewait_17 .event/or E_000001d7609e76a0, E_0x0;
    %wait Ewait_17;
    %load/vec4 v000001d760a0e640_0;
    %load/vec4 v000001d760a0d420_0;
    %and;
    %ix/load 4, 1, 0;
    %flag_set/imm 4, 0;
    %store/vec4 v000001d760a0d4c0_0, 4, 1;
    %load/vec4 v000001d760a0e640_0;
    %load/vec4 v000001d760a0d420_0;
    %inv;
    %and;
    %ix/load 4, 0, 0;
    %flag_set/imm 4, 0;
    %store/vec4 v000001d760a0d4c0_0, 4, 1;
    %jmp T_17;
    .thread T_17, $push;
    .scope S_000001d760a0ecb0;
T_18 ;
Ewait_18 .event/or E_000001d7609e7d60, E_0x0;
    %wait Ewait_18;
    %load/vec4 v000001d760a0e320_0;
    %load/vec4 v000001d760a0e280_0;
    %and;
    %ix/load 4, 1, 0;
    %flag_set/imm 4, 0;
    %store/vec4 v000001d760a0e820_0, 4, 1;
    %load/vec4 v000001d760a0e320_0;
    %load/vec4 v000001d760a0e280_0;
    %inv;
    %and;
    %ix/load 4, 0, 0;
    %flag_set/imm 4, 0;
    %store/vec4 v000001d760a0e820_0, 4, 1;
    %jmp T_18;
    .thread T_18, $push;
    .scope S_000001d760a0eb20;
T_19 ;
Ewait_19 .event/or E_000001d7609e7ba0, E_0x0;
    %wait Ewait_19;
    %load/vec4 v000001d760a123e0_0;
    %load/vec4 v000001d760a109a0_0;
    %and;
    %ix/load 4, 1, 0;
    %flag_set/imm 4, 0;
    %store/vec4 v000001d760a11800_0, 4, 1;
    %load/vec4 v000001d760a123e0_0;
    %load/vec4 v000001d760a109a0_0;
    %inv;
    %and;
    %ix/load 4, 0, 0;
    %flag_set/imm 4, 0;
    %store/vec4 v000001d760a11800_0, 4, 1;
    %jmp T_19;
    .thread T_19, $push;
    .scope S_000001d760a0fde0;
T_20 ;
Ewait_20 .event/or E_000001d7609e79a0, E_0x0;
    %wait Ewait_20;
    %load/vec4 v000001d760a0e1e0_0;
    %load/vec4 v000001d760a0d920_0;
    %and;
    %ix/load 4, 1, 0;
    %flag_set/imm 4, 0;
    %store/vec4 v000001d760a0dc40_0, 4, 1;
    %load/vec4 v000001d760a0e1e0_0;
    %load/vec4 v000001d760a0d920_0;
    %inv;
    %and;
    %ix/load 4, 0, 0;
    %flag_set/imm 4, 0;
    %store/vec4 v000001d760a0dc40_0, 4, 1;
    %jmp T_20;
    .thread T_20, $push;
    .scope S_000001d760a0efd0;
T_21 ;
Ewait_21 .event/or E_000001d7609e7760, E_0x0;
    %wait Ewait_21;
    %load/vec4 v000001d760a0d9c0_0;
    %load/vec4 v000001d760a0de20_0;
    %and;
    %ix/load 4, 1, 0;
    %flag_set/imm 4, 0;
    %store/vec4 v000001d760a0d740_0, 4, 1;
    %load/vec4 v000001d760a0d9c0_0;
    %load/vec4 v000001d760a0de20_0;
    %inv;
    %and;
    %ix/load 4, 0, 0;
    %flag_set/imm 4, 0;
    %store/vec4 v000001d760a0d740_0, 4, 1;
    %jmp T_21;
    .thread T_21, $push;
    .scope S_000001d760a0ff70;
T_22 ;
Ewait_22 .event/or E_000001d7609e7920, E_0x0;
    %wait Ewait_22;
    %load/vec4 v000001d760a0cb60_0;
    %load/vec4 v000001d760a0d7e0_0;
    %and;
    %ix/load 4, 1, 0;
    %flag_set/imm 4, 0;
    %store/vec4 v000001d760a0e6e0_0, 4, 1;
    %load/vec4 v000001d760a0cb60_0;
    %load/vec4 v000001d760a0d7e0_0;
    %inv;
    %and;
    %ix/load 4, 0, 0;
    %flag_set/imm 4, 0;
    %store/vec4 v000001d760a0e6e0_0, 4, 1;
    %jmp T_22;
    .thread T_22, $push;
    .scope S_000001d760a0fc50;
T_23 ;
Ewait_23 .event/or E_000001d7609e83a0, E_0x0;
    %wait Ewait_23;
    %load/vec4 v000001d760a10ae0_0;
    %load/vec4 v000001d760a11440_0;
    %and;
    %ix/load 4, 1, 0;
    %flag_set/imm 4, 0;
    %store/vec4 v000001d760a11bc0_0, 4, 1;
    %load/vec4 v000001d760a10ae0_0;
    %load/vec4 v000001d760a11440_0;
    %inv;
    %and;
    %ix/load 4, 0, 0;
    %flag_set/imm 4, 0;
    %store/vec4 v000001d760a11bc0_0, 4, 1;
    %jmp T_23;
    .thread T_23, $push;
    .scope S_000001d760a105b0;
T_24 ;
Ewait_24 .event/or E_000001d7609e7b60, E_0x0;
    %wait Ewait_24;
    %load/vec4 v000001d760a0e000_0;
    %load/vec4 v000001d760a0e780_0;
    %and;
    %ix/load 4, 1, 0;
    %flag_set/imm 4, 0;
    %store/vec4 v000001d760a0e140_0, 4, 1;
    %load/vec4 v000001d760a0e000_0;
    %load/vec4 v000001d760a0e780_0;
    %inv;
    %and;
    %ix/load 4, 0, 0;
    %flag_set/imm 4, 0;
    %store/vec4 v000001d760a0e140_0, 4, 1;
    %jmp T_24;
    .thread T_24, $push;
    .scope S_000001d760a0e990;
T_25 ;
Ewait_25 .event/or E_000001d7609e7f20, E_0x0;
    %wait Ewait_25;
    %load/vec4 v000001d760a0e3c0_0;
    %load/vec4 v000001d760a11ee0_0;
    %and;
    %ix/load 4, 1, 0;
    %flag_set/imm 4, 0;
    %store/vec4 v000001d760a11300_0, 4, 1;
    %load/vec4 v000001d760a0e3c0_0;
    %load/vec4 v000001d760a11ee0_0;
    %inv;
    %and;
    %ix/load 4, 0, 0;
    %flag_set/imm 4, 0;
    %store/vec4 v000001d760a11300_0, 4, 1;
    %jmp T_25;
    .thread T_25, $push;
    .scope S_000001d760a8b3d0;
T_26 ;
Ewait_26 .event/or E_000001d7609e9120, E_0x0;
    %wait Ewait_26;
    %load/vec4 v000001d760a860c0_0;
    %load/vec4 v000001d760a86700_0;
    %and;
    %ix/load 4, 1, 0;
    %flag_set/imm 4, 0;
    %store/vec4 v000001d760a87380_0, 4, 1;
    %load/vec4 v000001d760a860c0_0;
    %load/vec4 v000001d760a86700_0;
    %inv;
    %and;
    %ix/load 4, 0, 0;
    %flag_set/imm 4, 0;
    %store/vec4 v000001d760a87380_0, 4, 1;
    %jmp T_26;
    .thread T_26, $push;
    .scope S_000001d760a1b000;
T_27 ;
Ewait_27 .event/or E_000001d7609e9060, E_0x0;
    %wait Ewait_27;
    %load/vec4 v000001d760a1d6f0_0;
    %load/vec4 v000001d760a1ccf0_0;
    %and;
    %ix/load 4, 1, 0;
    %flag_set/imm 4, 0;
    %store/vec4 v000001d760a1d790_0, 4, 1;
    %load/vec4 v000001d760a1d6f0_0;
    %load/vec4 v000001d760a1ccf0_0;
    %inv;
    %and;
    %ix/load 4, 0, 0;
    %flag_set/imm 4, 0;
    %store/vec4 v000001d760a1d790_0, 4, 1;
    %jmp T_27;
    .thread T_27, $push;
    .scope S_000001d760a1c130;
T_28 ;
Ewait_28 .event/or E_000001d7609e8660, E_0x0;
    %wait Ewait_28;
    %load/vec4 v000001d760a113a0_0;
    %load/vec4 v000001d760a1dbf0_0;
    %and;
    %ix/load 4, 1, 0;
    %flag_set/imm 4, 0;
    %store/vec4 v000001d760a1ca70_0, 4, 1;
    %load/vec4 v000001d760a113a0_0;
    %load/vec4 v000001d760a1dbf0_0;
    %inv;
    %and;
    %ix/load 4, 0, 0;
    %flag_set/imm 4, 0;
    %store/vec4 v000001d760a1ca70_0, 4, 1;
    %jmp T_28;
    .thread T_28, $push;
    .scope S_000001d760a1b4b0;
T_29 ;
Ewait_29 .event/or E_000001d7609e80a0, E_0x0;
    %wait Ewait_29;
    %load/vec4 v000001d760a120c0_0;
    %load/vec4 v000001d760a11da0_0;
    %and;
    %ix/load 4, 1, 0;
    %flag_set/imm 4, 0;
    %store/vec4 v000001d760a11e40_0, 4, 1;
    %load/vec4 v000001d760a120c0_0;
    %load/vec4 v000001d760a11da0_0;
    %inv;
    %and;
    %ix/load 4, 0, 0;
    %flag_set/imm 4, 0;
    %store/vec4 v000001d760a11e40_0, 4, 1;
    %jmp T_29;
    .thread T_29, $push;
    .scope S_000001d760a0f480;
T_30 ;
Ewait_30 .event/or E_000001d7609e7e20, E_0x0;
    %wait Ewait_30;
    %load/vec4 v000001d760a11a80_0;
    %load/vec4 v000001d760a11620_0;
    %and;
    %ix/load 4, 1, 0;
    %flag_set/imm 4, 0;
    %store/vec4 v000001d760a11080_0, 4, 1;
    %load/vec4 v000001d760a11a80_0;
    %load/vec4 v000001d760a11620_0;
    %inv;
    %and;
    %ix/load 4, 0, 0;
    %flag_set/imm 4, 0;
    %store/vec4 v000001d760a11080_0, 4, 1;
    %jmp T_30;
    .thread T_30, $push;
    .scope S_000001d760a1baf0;
T_31 ;
Ewait_31 .event/or E_000001d7609e8520, E_0x0;
    %wait Ewait_31;
    %load/vec4 v000001d760a11760_0;
    %load/vec4 v000001d760a11b20_0;
    %and;
    %ix/load 4, 1, 0;
    %flag_set/imm 4, 0;
    %store/vec4 v000001d760a111c0_0, 4, 1;
    %load/vec4 v000001d760a11760_0;
    %load/vec4 v000001d760a11b20_0;
    %inv;
    %and;
    %ix/load 4, 0, 0;
    %flag_set/imm 4, 0;
    %store/vec4 v000001d760a111c0_0, 4, 1;
    %jmp T_31;
    .thread T_31, $push;
    .scope S_000001d760a1ace0;
T_32 ;
Ewait_32 .event/or E_000001d7609e78e0, E_0x0;
    %wait Ewait_32;
    %load/vec4 v000001d760a10a40_0;
    %load/vec4 v000001d760a10e00_0;
    %and;
    %ix/load 4, 1, 0;
    %flag_set/imm 4, 0;
    %store/vec4 v000001d760a10f40_0, 4, 1;
    %load/vec4 v000001d760a10a40_0;
    %load/vec4 v000001d760a10e00_0;
    %inv;
    %and;
    %ix/load 4, 0, 0;
    %flag_set/imm 4, 0;
    %store/vec4 v000001d760a10f40_0, 4, 1;
    %jmp T_32;
    .thread T_32, $push;
    .scope S_000001d760a1a9c0;
T_33 ;
Ewait_33 .event/or E_000001d7609e7660, E_0x0;
    %wait Ewait_33;
    %load/vec4 v000001d760a12700_0;
    %load/vec4 v000001d760a10ea0_0;
    %and;
    %ix/load 4, 1, 0;
    %flag_set/imm 4, 0;
    %store/vec4 v000001d760a12160_0, 4, 1;
    %load/vec4 v000001d760a12700_0;
    %load/vec4 v000001d760a10ea0_0;
    %inv;
    %and;
    %ix/load 4, 0, 0;
    %flag_set/imm 4, 0;
    %store/vec4 v000001d760a12160_0, 4, 1;
    %jmp T_33;
    .thread T_33, $push;
    .scope S_000001d760a1bfa0;
T_34 ;
Ewait_34 .event/or E_000001d7609e77a0, E_0x0;
    %wait Ewait_34;
    %load/vec4 v000001d760a12520_0;
    %load/vec4 v000001d760a125c0_0;
    %and;
    %ix/load 4, 1, 0;
    %flag_set/imm 4, 0;
    %store/vec4 v000001d760a12660_0, 4, 1;
    %load/vec4 v000001d760a12520_0;
    %load/vec4 v000001d760a125c0_0;
    %inv;
    %and;
    %ix/load 4, 0, 0;
    %flag_set/imm 4, 0;
    %store/vec4 v000001d760a12660_0, 4, 1;
    %jmp T_34;
    .thread T_34, $push;
    .scope S_000001d760a1b960;
T_35 ;
Ewait_35 .event/or E_000001d7609e93a0, E_0x0;
    %wait Ewait_35;
    %load/vec4 v000001d760a1d510_0;
    %load/vec4 v000001d760a1cd90_0;
    %and;
    %ix/load 4, 1, 0;
    %flag_set/imm 4, 0;
    %store/vec4 v000001d760a1cf70_0, 4, 1;
    %load/vec4 v000001d760a1d510_0;
    %load/vec4 v000001d760a1cd90_0;
    %inv;
    %and;
    %ix/load 4, 0, 0;
    %flag_set/imm 4, 0;
    %store/vec4 v000001d760a1cf70_0, 4, 1;
    %jmp T_35;
    .thread T_35, $push;
    .scope S_000001d760a1b7d0;
T_36 ;
Ewait_36 .event/or E_000001d7609e95a0, E_0x0;
    %wait Ewait_36;
    %load/vec4 v000001d760a1d470_0;
    %load/vec4 v000001d760a1de70_0;
    %and;
    %ix/load 4, 1, 0;
    %flag_set/imm 4, 0;
    %store/vec4 v000001d760a1e0f0_0, 4, 1;
    %load/vec4 v000001d760a1d470_0;
    %load/vec4 v000001d760a1de70_0;
    %inv;
    %and;
    %ix/load 4, 0, 0;
    %flag_set/imm 4, 0;
    %store/vec4 v000001d760a1e0f0_0, 4, 1;
    %jmp T_36;
    .thread T_36, $push;
    .scope S_000001d760a1ab50;
T_37 ;
Ewait_37 .event/or E_000001d7609e87e0, E_0x0;
    %wait Ewait_37;
    %load/vec4 v000001d760a1e690_0;
    %load/vec4 v000001d760a1ced0_0;
    %and;
    %ix/load 4, 1, 0;
    %flag_set/imm 4, 0;
    %store/vec4 v000001d760a1d330_0, 4, 1;
    %load/vec4 v000001d760a1e690_0;
    %load/vec4 v000001d760a1ced0_0;
    %inv;
    %and;
    %ix/load 4, 0, 0;
    %flag_set/imm 4, 0;
    %store/vec4 v000001d760a1d330_0, 4, 1;
    %jmp T_37;
    .thread T_37, $push;
    .scope S_000001d760a1bc80;
T_38 ;
Ewait_38 .event/or E_000001d7609e8820, E_0x0;
    %wait Ewait_38;
    %load/vec4 v000001d760a1d970_0;
    %load/vec4 v000001d760a1e730_0;
    %and;
    %ix/load 4, 1, 0;
    %flag_set/imm 4, 0;
    %store/vec4 v000001d760a1ce30_0, 4, 1;
    %load/vec4 v000001d760a1d970_0;
    %load/vec4 v000001d760a1e730_0;
    %inv;
    %and;
    %ix/load 4, 0, 0;
    %flag_set/imm 4, 0;
    %store/vec4 v000001d760a1ce30_0, 4, 1;
    %jmp T_38;
    .thread T_38, $push;
    .scope S_000001d760a1c450;
T_39 ;
Ewait_39 .event/or E_000001d7609e8ee0, E_0x0;
    %wait Ewait_39;
    %load/vec4 v000001d760a1e050_0;
    %load/vec4 v000001d760a1d1f0_0;
    %and;
    %ix/load 4, 1, 0;
    %flag_set/imm 4, 0;
    %store/vec4 v000001d760a1dd30_0, 4, 1;
    %load/vec4 v000001d760a1e050_0;
    %load/vec4 v000001d760a1d1f0_0;
    %inv;
    %and;
    %ix/load 4, 0, 0;
    %flag_set/imm 4, 0;
    %store/vec4 v000001d760a1dd30_0, 4, 1;
    %jmp T_39;
    .thread T_39, $push;
    .scope S_000001d760a1c770;
T_40 ;
Ewait_40 .event/or E_000001d7609e9360, E_0x0;
    %wait Ewait_40;
    %load/vec4 v000001d760a1df10_0;
    %load/vec4 v000001d760a1e230_0;
    %and;
    %ix/load 4, 1, 0;
    %flag_set/imm 4, 0;
    %store/vec4 v000001d760a1e410_0, 4, 1;
    %load/vec4 v000001d760a1df10_0;
    %load/vec4 v000001d760a1e230_0;
    %inv;
    %and;
    %ix/load 4, 0, 0;
    %flag_set/imm 4, 0;
    %store/vec4 v000001d760a1e410_0, 4, 1;
    %jmp T_40;
    .thread T_40, $push;
    .scope S_000001d760a1ae70;
T_41 ;
Ewait_41 .event/or E_000001d7609e9260, E_0x0;
    %wait Ewait_41;
    %load/vec4 v000001d760a1d3d0_0;
    %load/vec4 v000001d760a1d150_0;
    %and;
    %ix/load 4, 1, 0;
    %flag_set/imm 4, 0;
    %store/vec4 v000001d760a1dfb0_0, 4, 1;
    %load/vec4 v000001d760a1d3d0_0;
    %load/vec4 v000001d760a1d150_0;
    %inv;
    %and;
    %ix/load 4, 0, 0;
    %flag_set/imm 4, 0;
    %store/vec4 v000001d760a1dfb0_0, 4, 1;
    %jmp T_41;
    .thread T_41, $push;
    .scope S_000001d760a81f50;
T_42 ;
Ewait_42 .event/or E_000001d7609e8c20, E_0x0;
    %wait Ewait_42;
    %load/vec4 v000001d760a85f80_0;
    %load/vec4 v000001d760a880a0_0;
    %and;
    %ix/load 4, 1, 0;
    %flag_set/imm 4, 0;
    %store/vec4 v000001d760a879c0_0, 4, 1;
    %load/vec4 v000001d760a85f80_0;
    %load/vec4 v000001d760a880a0_0;
    %inv;
    %and;
    %ix/load 4, 0, 0;
    %flag_set/imm 4, 0;
    %store/vec4 v000001d760a879c0_0, 4, 1;
    %jmp T_42;
    .thread T_42, $push;
    .scope S_000001d760a82d60;
T_43 ;
Ewait_43 .event/or E_000001d7609e94a0, E_0x0;
    %wait Ewait_43;
    %load/vec4 v000001d760a83c40_0;
    %load/vec4 v000001d760a84dc0_0;
    %and;
    %ix/load 4, 1, 0;
    %flag_set/imm 4, 0;
    %store/vec4 v000001d760a85180_0, 4, 1;
    %load/vec4 v000001d760a83c40_0;
    %load/vec4 v000001d760a84dc0_0;
    %inv;
    %and;
    %ix/load 4, 0, 0;
    %flag_set/imm 4, 0;
    %store/vec4 v000001d760a85180_0, 4, 1;
    %jmp T_43;
    .thread T_43, $push;
    .scope S_000001d760a82270;
T_44 ;
Ewait_44 .event/or E_000001d7609e93e0, E_0x0;
    %wait Ewait_44;
    %load/vec4 v000001d760a84320_0;
    %load/vec4 v000001d760a83ce0_0;
    %and;
    %ix/load 4, 1, 0;
    %flag_set/imm 4, 0;
    %store/vec4 v000001d760a83d80_0, 4, 1;
    %load/vec4 v000001d760a84320_0;
    %load/vec4 v000001d760a83ce0_0;
    %inv;
    %and;
    %ix/load 4, 0, 0;
    %flag_set/imm 4, 0;
    %store/vec4 v000001d760a83d80_0, 4, 1;
    %jmp T_44;
    .thread T_44, $push;
    .scope S_000001d760a836c0;
T_45 ;
Ewait_45 .event/or E_000001d7609e90a0, E_0x0;
    %wait Ewait_45;
    %load/vec4 v000001d760a1db50_0;
    %load/vec4 v000001d760a1dc90_0;
    %and;
    %ix/load 4, 1, 0;
    %flag_set/imm 4, 0;
    %store/vec4 v000001d760a1ddd0_0, 4, 1;
    %load/vec4 v000001d760a1db50_0;
    %load/vec4 v000001d760a1dc90_0;
    %inv;
    %and;
    %ix/load 4, 0, 0;
    %flag_set/imm 4, 0;
    %store/vec4 v000001d760a1ddd0_0, 4, 1;
    %jmp T_45;
    .thread T_45, $push;
    .scope S_000001d760a820e0;
T_46 ;
Ewait_46 .event/or E_000001d7609e92e0, E_0x0;
    %wait Ewait_46;
    %load/vec4 v000001d760a1c9d0_0;
    %load/vec4 v000001d760a850e0_0;
    %and;
    %ix/load 4, 1, 0;
    %flag_set/imm 4, 0;
    %store/vec4 v000001d760a84b40_0, 4, 1;
    %load/vec4 v000001d760a1c9d0_0;
    %load/vec4 v000001d760a850e0_0;
    %inv;
    %and;
    %ix/load 4, 0, 0;
    %flag_set/imm 4, 0;
    %store/vec4 v000001d760a84b40_0, 4, 1;
    %jmp T_46;
    .thread T_46, $push;
    .scope S_000001d760a83530;
T_47 ;
Ewait_47 .event/or E_000001d7609e91a0, E_0x0;
    %wait Ewait_47;
    %load/vec4 v000001d760a84140_0;
    %load/vec4 v000001d760a84be0_0;
    %and;
    %ix/load 4, 1, 0;
    %flag_set/imm 4, 0;
    %store/vec4 v000001d760a85680_0, 4, 1;
    %load/vec4 v000001d760a84140_0;
    %load/vec4 v000001d760a84be0_0;
    %inv;
    %and;
    %ix/load 4, 0, 0;
    %flag_set/imm 4, 0;
    %store/vec4 v000001d760a85680_0, 4, 1;
    %jmp T_47;
    .thread T_47, $push;
    .scope S_000001d760a82bd0;
T_48 ;
Ewait_48 .event/or E_000001d7609e8760, E_0x0;
    %wait Ewait_48;
    %load/vec4 v000001d760a83a60_0;
    %load/vec4 v000001d760a84c80_0;
    %and;
    %ix/load 4, 1, 0;
    %flag_set/imm 4, 0;
    %store/vec4 v000001d760a83920_0, 4, 1;
    %load/vec4 v000001d760a83a60_0;
    %load/vec4 v000001d760a84c80_0;
    %inv;
    %and;
    %ix/load 4, 0, 0;
    %flag_set/imm 4, 0;
    %store/vec4 v000001d760a83920_0, 4, 1;
    %jmp T_48;
    .thread T_48, $push;
    .scope S_000001d760a81aa0;
T_49 ;
Ewait_49 .event/or E_000001d7609e9460, E_0x0;
    %wait Ewait_49;
    %load/vec4 v000001d760a84820_0;
    %load/vec4 v000001d760a845a0_0;
    %and;
    %ix/load 4, 1, 0;
    %flag_set/imm 4, 0;
    %store/vec4 v000001d760a841e0_0, 4, 1;
    %load/vec4 v000001d760a84820_0;
    %load/vec4 v000001d760a845a0_0;
    %inv;
    %and;
    %ix/load 4, 0, 0;
    %flag_set/imm 4, 0;
    %store/vec4 v000001d760a841e0_0, 4, 1;
    %jmp T_49;
    .thread T_49, $push;
    .scope S_000001d760a81dc0;
T_50 ;
Ewait_50 .event/or E_000001d7609e8ce0, E_0x0;
    %wait Ewait_50;
    %load/vec4 v000001d760a86a20_0;
    %load/vec4 v000001d760a862a0_0;
    %and;
    %ix/load 4, 1, 0;
    %flag_set/imm 4, 0;
    %store/vec4 v000001d760a87060_0, 4, 1;
    %load/vec4 v000001d760a86a20_0;
    %load/vec4 v000001d760a862a0_0;
    %inv;
    %and;
    %ix/load 4, 0, 0;
    %flag_set/imm 4, 0;
    %store/vec4 v000001d760a87060_0, 4, 1;
    %jmp T_50;
    .thread T_50, $push;
    .scope S_000001d760a83080;
T_51 ;
Ewait_51 .event/or E_000001d7609e88e0, E_0x0;
    %wait Ewait_51;
    %load/vec4 v000001d760a85400_0;
    %load/vec4 v000001d760a84780_0;
    %and;
    %ix/load 4, 1, 0;
    %flag_set/imm 4, 0;
    %store/vec4 v000001d760a84280_0, 4, 1;
    %load/vec4 v000001d760a85400_0;
    %load/vec4 v000001d760a84780_0;
    %inv;
    %and;
    %ix/load 4, 0, 0;
    %flag_set/imm 4, 0;
    %store/vec4 v000001d760a84280_0, 4, 1;
    %jmp T_51;
    .thread T_51, $push;
    .scope S_000001d760a83210;
T_52 ;
Ewait_52 .event/or E_000001d7609e87a0, E_0x0;
    %wait Ewait_52;
    %load/vec4 v000001d760a83e20_0;
    %load/vec4 v000001d760a852c0_0;
    %and;
    %ix/load 4, 1, 0;
    %flag_set/imm 4, 0;
    %store/vec4 v000001d760a84d20_0, 4, 1;
    %load/vec4 v000001d760a83e20_0;
    %load/vec4 v000001d760a852c0_0;
    %inv;
    %and;
    %ix/load 4, 0, 0;
    %flag_set/imm 4, 0;
    %store/vec4 v000001d760a84d20_0, 4, 1;
    %jmp T_52;
    .thread T_52, $push;
    .scope S_000001d760a82400;
T_53 ;
Ewait_53 .event/or E_000001d7609e8860, E_0x0;
    %wait Ewait_53;
    %load/vec4 v000001d760a84960_0;
    %load/vec4 v000001d760a84640_0;
    %and;
    %ix/load 4, 1, 0;
    %flag_set/imm 4, 0;
    %store/vec4 v000001d760a83b00_0, 4, 1;
    %load/vec4 v000001d760a84960_0;
    %load/vec4 v000001d760a84640_0;
    %inv;
    %and;
    %ix/load 4, 0, 0;
    %flag_set/imm 4, 0;
    %store/vec4 v000001d760a83b00_0, 4, 1;
    %jmp T_53;
    .thread T_53, $push;
    .scope S_000001d760a833a0;
T_54 ;
Ewait_54 .event/or E_000001d7609e8ba0, E_0x0;
    %wait Ewait_54;
    %load/vec4 v000001d760a84fa0_0;
    %load/vec4 v000001d760a84a00_0;
    %and;
    %ix/load 4, 1, 0;
    %flag_set/imm 4, 0;
    %store/vec4 v000001d760a87560_0, 4, 1;
    %load/vec4 v000001d760a84fa0_0;
    %load/vec4 v000001d760a84a00_0;
    %inv;
    %and;
    %ix/load 4, 0, 0;
    %flag_set/imm 4, 0;
    %store/vec4 v000001d760a87560_0, 4, 1;
    %jmp T_54;
    .thread T_54, $push;
    .scope S_000001d760a828b0;
T_55 ;
Ewait_55 .event/or E_000001d7609e8aa0, E_0x0;
    %wait Ewait_55;
    %load/vec4 v000001d760a84f00_0;
    %load/vec4 v000001d760a84000_0;
    %and;
    %ix/load 4, 1, 0;
    %flag_set/imm 4, 0;
    %store/vec4 v000001d760a840a0_0, 4, 1;
    %load/vec4 v000001d760a84f00_0;
    %load/vec4 v000001d760a84000_0;
    %inv;
    %and;
    %ix/load 4, 0, 0;
    %flag_set/imm 4, 0;
    %store/vec4 v000001d760a840a0_0, 4, 1;
    %jmp T_55;
    .thread T_55, $push;
    .scope S_000001d760a82ef0;
T_56 ;
Ewait_56 .event/or E_000001d7609e8ae0, E_0x0;
    %wait Ewait_56;
    %load/vec4 v000001d760a843c0_0;
    %load/vec4 v000001d760a84460_0;
    %and;
    %ix/load 4, 1, 0;
    %flag_set/imm 4, 0;
    %store/vec4 v000001d760a846e0_0, 4, 1;
    %load/vec4 v000001d760a843c0_0;
    %load/vec4 v000001d760a84460_0;
    %inv;
    %and;
    %ix/load 4, 0, 0;
    %flag_set/imm 4, 0;
    %store/vec4 v000001d760a846e0_0, 4, 1;
    %jmp T_56;
    .thread T_56, $push;
    .scope S_000001d760974f10;
T_57 ;
    %vpi_call/w 3 27 "$dumpfile", "decoders.fst" {0 0 0};
    %vpi_call/w 3 28 "$dumpvars" {0 0 0};
    %pushi/vec4 1, 0, 1;
    %store/vec4 v000001d760a87740_0, 0, 1;
    %vpi_call/w 3 32 "$display", "~~~ only one output should be high per decoder ~~~" {0 0 0};
    %vpi_call/w 3 33 "$display", "%4s %5s | 0x%08h 0x%08h 0x%08h 0x%08h 0x%08h", "ena", "in", "1:2", "2:4", "3:8", "4:16", "5:32" {0 0 0};
    %fork t_1, S_000001d7609750a0;
    %jmp t_0;
    .scope S_000001d7609750a0;
t_1 ;
    %pushi/vec4 0, 0, 32;
    %store/vec4 v000001d7609cc260_0, 0, 32;
T_57.0 ;
    %load/vec4 v000001d7609cc260_0;
    %cmpi/s 32, 0, 32;
    %jmp/0xz T_57.1, 5;
    %load/vec4 v000001d7609cc260_0;
    %parti/s 5, 0, 2;
    %store/vec4 v000001d760a88000_0, 0, 5;
    %delay 10000, 0;
    %vpi_call/w 3 37 "$display", " %8b %8b | 0x%08h 0x%08h 0x%08h 0x%08h 0x%08h", v000001d760a87740_0, v000001d760a88000_0, v000001d760a871a0_0, v000001d760a86f20_0, v000001d760a85940_0, v000001d760a872e0_0, v000001d760a87920_0 {0 0 0};
    %load/vec4 v000001d7609cc260_0;
    %addi 1, 0, 32;
    %cast2;
    %store/vec4 v000001d7609cc260_0, 0, 32;
    %jmp T_57.0;
T_57.1 ;
    %end;
    .scope S_000001d760974f10;
t_0 %join;
    %vpi_call/w 3 41 "$display", "~~~ all outputs should be low ~~~" {0 0 0};
    %vpi_call/w 3 42 "$display", "%4s %5s | 0x%08h 0x%08h 0x%08h 0x%08h 0x%08h", "ena", "in", "1:2", "2:4", "3:8", "4:16", "5:32" {0 0 0};
    %pushi/vec4 0, 0, 1;
    %store/vec4 v000001d760a87740_0, 0, 1;
    %fork t_3, S_000001d76096e170;
    %jmp t_2;
    .scope S_000001d76096e170;
t_3 ;
    %pushi/vec4 0, 0, 32;
    %store/vec4 v000001d760a09be0_0, 0, 32;
T_57.2 ;
    %load/vec4 v000001d760a09be0_0;
    %cmpi/s 32, 0, 32;
    %jmp/0xz T_57.3, 5;
    %load/vec4 v000001d760a09be0_0;
    %parti/s 5, 0, 2;
    %store/vec4 v000001d760a88000_0, 0, 5;
    %delay 10000, 0;
    %vpi_call/w 3 47 "$display", " %8b %8b | 0x%08h 0x%08h 0x%08h 0x%08h 0x%08h", v000001d760a87740_0, v000001d760a88000_0, v000001d760a871a0_0, v000001d760a86f20_0, v000001d760a85940_0, v000001d760a872e0_0, v000001d760a87920_0 {0 0 0};
    %load/vec4 v000001d760a09be0_0;
    %addi 1, 0, 32;
    %cast2;
    %store/vec4 v000001d760a09be0_0, 0, 32;
    %jmp T_57.2;
T_57.3 ;
    %end;
    .scope S_000001d760974f10;
t_2 %join;
    %vpi_call/w 3 50 "$finish" {0 0 0};
    %end;
    .thread T_57;
# The file index is used to find the file name in the following table.
:file_names 9;
    "N/A";
    "<interactive>";
    "-";
    "tests/test_decoders.sv";
    "decoder_1_to_2.sv";
    "decoder_2_to_4.sv";
    "decoder_3_to_8.sv";
    "decoder_4_to_16.sv";
    "decoder_5_to_32.sv";
