#! /c/Source/iverilog-install/bin/vvp
:ivl_version "12.0 (devel)" "(s20150603-1539-g2693dd32b)";
:ivl_delay_selection "TYPICAL";
:vpi_time_precision - 12;
:vpi_module "C:\iverilog\lib\ivl\system.vpi";
:vpi_module "C:\iverilog\lib\ivl\vhdl_sys.vpi";
:vpi_module "C:\iverilog\lib\ivl\vhdl_textio.vpi";
:vpi_module "C:\iverilog\lib\ivl\v2005_math.vpi";
:vpi_module "C:\iverilog\lib\ivl\va_math.vpi";
:vpi_module "C:\iverilog\lib\ivl\v2009.vpi";
S_0000025b4c39ab00 .scope package, "$unit" "$unit" 2 1;
 .timescale 0 0;
S_0000025b4c3ebc70 .scope module, "test_edge_detectors" "test_edge_detectors" 3 2;
 .timescale -9 -12;
v0000025b4c3e49f0_0 .var "clk", 0 0;
v0000025b4c3e4a90_0 .var "delay", 6 0;
v0000025b4c3e4b30_0 .var "in", 0 0;
v0000025b4c3e4bd0_0 .net "negative_edge", 0 0, v0000025b4c3e4810_0;  1 drivers
v0000025b4c3e4c70_0 .net "positive_edge", 0 0, v0000025b4c3e48b0_0;  1 drivers
v0000025b4c437830_0 .var "rst", 0 0;
S_0000025b4c3ebe00 .scope begin, "$ivl_for_loop0" "$ivl_for_loop0" 3 20, 3 20 0, S_0000025b4c3ebc70;
 .timescale -9 -12;
v0000025b4c3b33a0_0 .var/2s "i", 31 0;
E_0000025b4c3d5f60 .event negedge, v0000025b4c3b2f50_0;
S_0000025b4c3e4680 .scope module, "UUT" "edge_detector" 3 6, 4 4 0, S_0000025b4c3ebc70;
 .timescale -9 -12;
    .port_info 0 /INPUT 1 "clk";
    .port_info 1 /INPUT 1 "rst";
    .port_info 2 /INPUT 1 "in";
    .port_info 3 /OUTPUT 1 "positive_edge";
    .port_info 4 /OUTPUT 1 "negative_edge";
P_0000025b4c39d740 .param/l "ACTIVE_LOW" 0 4 10, C4<0>;
P_0000025b4c39d778 .param/l "SYNC_DEPTH" 0 4 9, +C4<00000000000000000000000000000001>;
v0000025b4c3b2f50_0 .net "clk", 0 0, v0000025b4c3e49f0_0;  1 drivers
v0000025b4c3ebf90_0 .net "in", 0 0, v0000025b4c3e4b30_0;  1 drivers
v0000025b4c3ec030_0 .var "in_buffer", 1 0;
v0000025b4c3e4810_0 .var "negative_edge", 0 0;
v0000025b4c3e48b0_0 .var "positive_edge", 0 0;
v0000025b4c3e4950_0 .net "rst", 0 0, v0000025b4c437830_0;  1 drivers
E_0000025b4c3d64a0 .event anyedge, v0000025b4c3ec030_0, v0000025b4c3ec030_0;
E_0000025b4c3d5ce0 .event posedge, v0000025b4c3b2f50_0;
    .scope S_0000025b4c3e4680;
T_0 ;
    %wait E_0000025b4c3d5ce0;
    %load/vec4 v0000025b4c3e4950_0;
    %flag_set/vec4 8;
    %jmp/0xz  T_0.0, 8;
    %pushi/vec4 0, 0, 2;
    %assign/vec4 v0000025b4c3ec030_0, 0;
    %jmp T_0.1;
T_0.0 ;
    %load/vec4 v0000025b4c3ebf90_0;
    %ix/load 4, 0, 0;
    %ix/load 5, 0, 0;
    %flag_set/imm 4, 0;
    %assign/vec4/off/d v0000025b4c3ec030_0, 4, 5;
    %load/vec4 v0000025b4c3ec030_0;
    %parti/s 1, 0, 2;
    %ix/load 4, 1, 0;
    %ix/load 5, 0, 0;
    %flag_set/imm 4, 0;
    %assign/vec4/off/d v0000025b4c3ec030_0, 4, 5;
T_0.1 ;
    %jmp T_0;
    .thread T_0;
    .scope S_0000025b4c3e4680;
T_1 ;
Ewait_0 .event/or E_0000025b4c3d64a0, E_0x0;
    %wait Ewait_0;
    %load/vec4 v0000025b4c3ec030_0;
    %parti/s 1, 1, 2;
    %load/vec4 v0000025b4c3ec030_0;
    %parti/s 1, 0, 2;
    %inv;
    %and;
    %store/vec4 v0000025b4c3e48b0_0, 0, 1;
    %load/vec4 v0000025b4c3ec030_0;
    %parti/s 1, 1, 2;
    %inv;
    %load/vec4 v0000025b4c3ec030_0;
    %parti/s 1, 0, 2;
    %and;
    %store/vec4 v0000025b4c3e4810_0, 0, 1;
    %jmp T_1;
    .thread T_1, $push;
    .scope S_0000025b4c3ebc70;
T_2 ;
    %pushi/vec4 0, 0, 1;
    %store/vec4 v0000025b4c3e49f0_0, 0, 1;
    %pushi/vec4 1, 0, 1;
    %store/vec4 v0000025b4c437830_0, 0, 1;
    %pushi/vec4 0, 0, 1;
    %store/vec4 v0000025b4c3e4b30_0, 0, 1;
    %vpi_call/w 3 14 "$dumpfile", "edge_detector.fst" {0 0 0};
    %vpi_call/w 3 15 "$dumpvars" {0 0 0};
    %pushi/vec4 2, 0, 32;
T_2.0 %dup/vec4;
    %pushi/vec4 0, 0, 32;
    %cmp/s;
    %jmp/1xz T_2.1, 5;
    %jmp/1 T_2.1, 4;
    %pushi/vec4 1, 0, 32;
    %sub;
    %wait E_0000025b4c3d5f60;
    %jmp T_2.0;
T_2.1 ;
    %pop/vec4 1;
    %pushi/vec4 0, 0, 1;
    %store/vec4 v0000025b4c437830_0, 0, 1;
    %fork t_1, S_0000025b4c3ebe00;
    %jmp t_0;
    .scope S_0000025b4c3ebe00;
t_1 ;
    %pushi/vec4 0, 0, 32;
    %store/vec4 v0000025b4c3b33a0_0, 0, 32;
T_2.2 ;
    %load/vec4 v0000025b4c3b33a0_0;
    %cmpi/s 10, 0, 32;
    %jmp/0xz T_2.3, 5;
    %vpi_func 3 21 "$random" 32 {0 0 0};
    %addi 1, 0, 32;
    %pad/s 7;
    %store/vec4 v0000025b4c3e4a90_0, 0, 7;
    %load/vec4 v0000025b4c3e4a90_0;
T_2.4 %dup/vec4;
    %pushi/vec4 0, 0, 7;
    %cmp/u;
    %jmp/1 T_2.5, 4;
    %pushi/vec4 1, 0, 7;
    %sub;
    %wait E_0000025b4c3d5f60;
    %jmp T_2.4;
T_2.5 ;
    %pop/vec4 1;
    %load/vec4 v0000025b4c3e4b30_0;
    %inv;
    %store/vec4 v0000025b4c3e4b30_0, 0, 1;
    %load/vec4 v0000025b4c3b33a0_0;
    %addi 1, 0, 32;
    %cast2;
    %store/vec4 v0000025b4c3b33a0_0, 0, 32;
    %jmp T_2.2;
T_2.3 ;
    %end;
    .scope S_0000025b4c3ebc70;
t_0 %join;
    %pushi/vec4 10, 0, 32;
T_2.6 %dup/vec4;
    %pushi/vec4 0, 0, 32;
    %cmp/s;
    %jmp/1xz T_2.7, 5;
    %jmp/1 T_2.7, 4;
    %pushi/vec4 1, 0, 32;
    %sub;
    %wait E_0000025b4c3d5ce0;
    %jmp T_2.6;
T_2.7 ;
    %pop/vec4 1;
    %vpi_call/w 3 26 "$finish" {0 0 0};
    %end;
    .thread T_2;
    .scope S_0000025b4c3ebc70;
T_3 ;
    %delay 5000, 0;
    %load/vec4 v0000025b4c3e49f0_0;
    %inv;
    %store/vec4 v0000025b4c3e49f0_0, 0, 1;
    %jmp T_3;
    .thread T_3;
# The file index is used to find the file name in the following table.
:file_names 5;
    "N/A";
    "<interactive>";
    "-";
    "tests/test_edge_detector.sv";
    "edge_detector.sv";
