#! /c/Source/iverilog-install/bin/vvp
:ivl_version "12.0 (devel)" "(s20150603-1539-g2693dd32b)";
:ivl_delay_selection "TYPICAL";
:vpi_time_precision - 12;
:vpi_module "C:\iverilog\lib\ivl\system.vpi";
:vpi_module "C:\iverilog\lib\ivl\vhdl_sys.vpi";
:vpi_module "C:\iverilog\lib\ivl\vhdl_textio.vpi";
:vpi_module "C:\iverilog\lib\ivl\v2005_math.vpi";
:vpi_module "C:\iverilog\lib\ivl\va_math.vpi";
:vpi_module "C:\iverilog\lib\ivl\v2009.vpi";
S_0000029297206b90 .scope package, "$unit" "$unit" 2 1;
 .timescale 0 0;
S_00000292972066b0 .scope module, "test_pulse_generator" "test_pulse_generator" 3 3;
 .timescale -9 -12;
P_00000292971caee0 .param/l "CLK_HZ" 0 3 5, +C4<00000000101101110001101100000000>;
P_00000292971caf18 .param/l "CLK_PERIOD_NS" 0 3 6, +C4<00000000000000000000000001010011>;
P_00000292971caf50 .param/l "CLK_TICKS" 1 3 8, +C4<0000000000000000000000000000000000000000000000000000000001111000>;
P_00000292971caf88 .param/l "PERIOD_US" 0 3 7, +C4<00000000000000000000000000001010>;
v00000292971e2f10_0 .var "clk", 0 0;
v0000029297214390_0 .var "ena", 0 0;
v0000029297214430_0 .net "out", 0 0, v00000292971cda90_0;  1 drivers
v00000292972144d0_0 .var "rst", 0 0;
v0000029297214570_0 .var "ticks", 6 0;
E_000002929721a010 .event negedge, v0000029297206f60_0;
S_00000292971cd770 .scope module, "UUT" "pulse_generator" 3 14, 4 7 0, S_00000292972066b0;
 .timescale -9 -12;
    .port_info 0 /INPUT 1 "clk";
    .port_info 1 /INPUT 1 "rst";
    .port_info 2 /INPUT 1 "ena";
    .port_info 3 /INPUT 7 "ticks";
    .port_info 4 /OUTPUT 1 "out";
P_0000029297219b10 .param/l "N" 0 4 9, +C4<00000000000000000000000000000111>;
v0000029297206f60_0 .net "clk", 0 0, v00000292971e2f10_0;  1 drivers
v00000292971e3170_0 .var "count_done", 0 0;
v0000029297206840_0 .var "counter", 6 0;
v00000292972074b0_0 .net "ena", 0 0, v0000029297214390_0;  1 drivers
v00000292971cda90_0 .var "out", 0 0;
v00000292971cdb30_0 .net "rst", 0 0, v00000292972144d0_0;  1 drivers
v00000292971e2e70_0 .net "ticks", 6 0, v0000029297214570_0;  1 drivers
E_0000029297219c90 .event anyedge, v00000292971e3170_0, v00000292972074b0_0;
E_0000029297219610 .event posedge, v0000029297206f60_0;
E_000002929721a050 .event anyedge, v0000029297206840_0, v00000292971e2e70_0;
S_00000292971cd900 .scope begin, "comparator_logic" "comparator_logic" 4 22, 4 22 0, S_00000292971cd770;
 .timescale -9 -12;
S_00000292971e2b50 .scope begin, "counter_logic" "counter_logic" 4 26, 4 26 0, S_00000292971cd770;
 .timescale -9 -12;
S_00000292971e2ce0 .scope begin, "output_logic" "output_logic" 4 39, 4 39 0, S_00000292971cd770;
 .timescale -9 -12;
    .scope S_00000292971cd770;
T_0 ;
Ewait_0 .event/or E_000002929721a050, E_0x0;
    %wait Ewait_0;
    %fork t_1, S_00000292971cd900;
    %jmp t_0;
    .scope S_00000292971cd900;
t_1 ;
    %load/vec4 v00000292971e2e70_0;
    %load/vec4 v0000029297206840_0;
    %cmp/u;
    %flag_get/vec4 4;
    %flag_get/vec4 5;
    %or;
    %store/vec4 v00000292971e3170_0, 0, 1;
    %end;
    .scope S_00000292971cd770;
t_0 %join;
    %jmp T_0;
    .thread T_0, $push;
    .scope S_00000292971cd770;
T_1 ;
    %wait E_0000029297219610;
    %fork t_3, S_00000292971e2b50;
    %jmp t_2;
    .scope S_00000292971e2b50;
t_3 ;
    %load/vec4 v00000292971cdb30_0;
    %flag_set/vec4 8;
    %jmp/0xz  T_1.0, 8;
    %pushi/vec4 0, 0, 7;
    %assign/vec4 v0000029297206840_0, 0;
    %jmp T_1.1;
T_1.0 ;
    %load/vec4 v00000292972074b0_0;
    %flag_set/vec4 8;
    %jmp/0xz  T_1.2, 8;
    %load/vec4 v00000292971e3170_0;
    %flag_set/vec4 8;
    %jmp/0xz  T_1.4, 8;
    %pushi/vec4 0, 0, 7;
    %assign/vec4 v0000029297206840_0, 0;
    %jmp T_1.5;
T_1.4 ;
    %load/vec4 v0000029297206840_0;
    %addi 1, 0, 7;
    %assign/vec4 v0000029297206840_0, 0;
T_1.5 ;
T_1.2 ;
T_1.1 ;
    %end;
    .scope S_00000292971cd770;
t_2 %join;
    %jmp T_1;
    .thread T_1;
    .scope S_00000292971cd770;
T_2 ;
Ewait_1 .event/or E_0000029297219c90, E_0x0;
    %wait Ewait_1;
    %fork t_5, S_00000292971e2ce0;
    %jmp t_4;
    .scope S_00000292971e2ce0;
t_5 ;
    %load/vec4 v00000292971e3170_0;
    %load/vec4 v00000292972074b0_0;
    %and;
    %store/vec4 v00000292971cda90_0, 0, 1;
    %end;
    .scope S_00000292971cd770;
t_4 %join;
    %jmp T_2;
    .thread T_2, $push;
    .scope S_00000292972066b0;
T_3 ;
    %delay 41000, 0;
    %load/vec4 v00000292971e2f10_0;
    %inv;
    %store/vec4 v00000292971e2f10_0, 0, 1;
    %jmp T_3;
    .thread T_3;
    .scope S_00000292972066b0;
T_4 ;
    %vpi_call/w 3 22 "$dumpfile", "pulse_generator.fst" {0 0 0};
    %vpi_call/w 3 23 "$dumpvars", 32'sb00000000000000000000000000000000, S_00000292971cd770 {0 0 0};
    %pushi/vec4 1, 0, 1;
    %store/vec4 v00000292972144d0_0, 0, 1;
    %pushi/vec4 1, 0, 1;
    %store/vec4 v0000029297214390_0, 0, 1;
    %pushi/vec4 0, 0, 1;
    %store/vec4 v00000292971e2f10_0, 0, 1;
    %pushi/vec4 120, 0, 7;
    %store/vec4 v0000029297214570_0, 0, 7;
    %vpi_call/w 3 29 "$display", "Output a pulse ever %d (%d) ticks...", v0000029297214570_0, P_00000292971caf50 {0 0 0};
    %pushi/vec4 2, 0, 32;
T_4.0 %dup/vec4;
    %pushi/vec4 0, 0, 32;
    %cmp/s;
    %jmp/1xz T_4.1, 5;
    %jmp/1 T_4.1, 4;
    %pushi/vec4 1, 0, 32;
    %sub;
    %wait E_000002929721a010;
    %jmp T_4.0;
T_4.1 ;
    %pop/vec4 1;
    %pushi/vec4 0, 0, 1;
    %store/vec4 v00000292972144d0_0, 0, 1;
    %pushi/vec4 1200, 0, 64;
T_4.2 %dup/vec4;
    %pushi/vec4 0, 0, 64;
    %cmp/s;
    %jmp/1xz T_4.3, 5;
    %jmp/1 T_4.3, 4;
    %pushi/vec4 1, 0, 64;
    %sub;
    %wait E_0000029297219610;
    %jmp T_4.2;
T_4.3 ;
    %pop/vec4 1;
    %wait E_000002929721a010;
    %pushi/vec4 0, 0, 1;
    %store/vec4 v0000029297214390_0, 0, 1;
    %pushi/vec4 240, 0, 64;
T_4.4 %dup/vec4;
    %pushi/vec4 0, 0, 64;
    %cmp/s;
    %jmp/1xz T_4.5, 5;
    %jmp/1 T_4.5, 4;
    %pushi/vec4 1, 0, 64;
    %sub;
    %wait E_0000029297219610;
    %jmp T_4.4;
T_4.5 ;
    %pop/vec4 1;
    %vpi_call/w 3 39 "$finish" {0 0 0};
    %end;
    .thread T_4;
# The file index is used to find the file name in the following table.
:file_names 5;
    "N/A";
    "<interactive>";
    "-";
    "tests/test_pulse_generator.sv";
    "pulse_generator.sv";
