#! /c/Source/iverilog-install/bin/vvp
:ivl_version "12.0 (devel)" "(s20150603-1539-g2693dd32b)";
:ivl_delay_selection "TYPICAL";
:vpi_time_precision - 12;
:vpi_module "C:\iverilog\lib\ivl\system.vpi";
:vpi_module "C:\iverilog\lib\ivl\vhdl_sys.vpi";
:vpi_module "C:\iverilog\lib\ivl\vhdl_textio.vpi";
:vpi_module "C:\iverilog\lib\ivl\v2005_math.vpi";
:vpi_module "C:\iverilog\lib\ivl\va_math.vpi";
:vpi_module "C:\iverilog\lib\ivl\v2009.vpi";
S_0000016b2b6de460 .scope package, "$unit" "$unit" 2 1;
 .timescale 0 0;
S_0000016b2b6de5f0 .scope module, "test_pwm" "test_pwm" 3 3;
 .timescale -9 -12;
P_0000016b2b6de780 .param/l "CLK_HZ" 0 3 5, +C4<00000000101101110001101100000000>;
P_0000016b2b6de7b8 .param/l "CLK_PERIOD_NS" 0 3 6, +C4<00000000000000000000000001010011>;
P_0000016b2b6de7f0 .param/l "CLK_TICKS" 0 3 8, +C4<0000000000000000000000000000000000000000000000000000000001111000>;
P_0000016b2b6de828 .param/l "PERIOD_US" 0 3 7, +C4<00000000000000000000000000001010>;
P_0000016b2b6de860 .param/l "PWM_WIDTH" 0 3 9, +C4<00000000000000000000000000000100>;
v0000016b2b72b600_0 .var "clk", 0 0;
v0000016b2b72b6a0_0 .var "duty", 3 0;
v0000016b2b72b740_0 .var "ena", 0 0;
v0000016b2b72b7e0_0 .net "pwm_out", 0 0, v0000016b2b72b420_0;  1 drivers
v0000016b2b72c7d0_0 .var "rst", 0 0;
v0000016b2b72c2d0_0 .var "ticks", 6 0;
E_0000016b2b7c73a0 .event negedge, v0000016b2b6a2f30_0;
S_0000016b2b6d8280 .scope begin, "$ivl_for_loop0" "$ivl_for_loop0" 3 34, 3 34 0, S_0000016b2b6de5f0;
 .timescale -9 -12;
v0000016b2b6a3170_0 .var/2s "i", 31 0;
E_0000016b2b7c7ca0 .event posedge, v0000016b2b6a2f30_0;
S_0000016b2b6d8410 .scope module, "PWM" "pwm" 3 16, 4 4 0, S_0000016b2b6de5f0;
 .timescale -9 -12;
    .port_info 0 /INPUT 1 "clk";
    .port_info 1 /INPUT 1 "rst";
    .port_info 2 /INPUT 1 "ena";
    .port_info 3 /INPUT 1 "step";
    .port_info 4 /INPUT 4 "duty";
    .port_info 5 /OUTPUT 1 "out";
P_0000016b2b7c7d20 .param/l "N" 0 4 6, +C4<00000000000000000000000000000100>;
v0000016b2b6a2f30_0 .net "clk", 0 0, v0000016b2b72b600_0;  1 drivers
v0000016b2b6c7940_0 .var "comparator", 0 0;
v0000016b2b7ca300_0 .var "counter", 3 0;
v0000016b2b6d85a0_0 .net "duty", 3 0, v0000016b2b72b6a0_0;  1 drivers
v0000016b2b6d8640_0 .net "ena", 0 0, v0000016b2b72b740_0;  1 drivers
v0000016b2b72b420_0 .var "out", 0 0;
v0000016b2b72b4c0_0 .net "rst", 0 0, v0000016b2b72c7d0_0;  1 drivers
o0000016b2b6e2108 .functor BUFZ 1, C4<z>; HiZ drive
v0000016b2b72b560_0 .net "step", 0 0, o0000016b2b6e2108;  0 drivers
E_0000016b2b7c7420 .event anyedge, v0000016b2b7ca300_0, v0000016b2b6d85a0_0, v0000016b2b6d8640_0;
    .scope S_0000016b2b6d8410;
T_0 ;
Ewait_0 .event/or E_0000016b2b7c7420, E_0x0;
    %wait Ewait_0;
    %load/vec4 v0000016b2b7ca300_0;
    %load/vec4 v0000016b2b6d85a0_0;
    %cmp/u;
    %flag_get/vec4 5;
    %store/vec4 v0000016b2b6c7940_0, 0, 1;
    %load/vec4 v0000016b2b6d8640_0;
    %load/vec4 v0000016b2b6c7940_0;
    %load/vec4 v0000016b2b7ca300_0;
    %and/r;
    %or;
    %and;
    %store/vec4 v0000016b2b72b420_0, 0, 1;
    %jmp T_0;
    .thread T_0, $push;
    .scope S_0000016b2b6d8410;
T_1 ;
    %wait E_0000016b2b7c7ca0;
    %load/vec4 v0000016b2b72b4c0_0;
    %flag_set/vec4 8;
    %jmp/0xz  T_1.0, 8;
    %pushi/vec4 0, 0, 4;
    %assign/vec4 v0000016b2b7ca300_0, 0;
    %jmp T_1.1;
T_1.0 ;
    %load/vec4 v0000016b2b72b560_0;
    %flag_set/vec4 8;
    %jmp/0xz  T_1.2, 8;
    %load/vec4 v0000016b2b7ca300_0;
    %addi 1, 0, 4;
    %assign/vec4 v0000016b2b7ca300_0, 0;
T_1.2 ;
T_1.1 ;
    %jmp T_1;
    .thread T_1;
    .scope S_0000016b2b6de5f0;
T_2 ;
    %delay 41000, 0;
    %load/vec4 v0000016b2b72b600_0;
    %inv;
    %store/vec4 v0000016b2b72b600_0, 0, 1;
    %jmp T_2;
    .thread T_2;
    .scope S_0000016b2b6de5f0;
T_3 ;
    %vpi_call/w 3 23 "$dumpfile", "pwm.fst" {0 0 0};
    %vpi_call/w 3 24 "$dumpvars", 32'sb00000000000000000000000000000000, S_0000016b2b6d8410 {0 0 0};
    %pushi/vec4 1, 0, 1;
    %store/vec4 v0000016b2b72c7d0_0, 0, 1;
    %pushi/vec4 1, 0, 1;
    %store/vec4 v0000016b2b72b740_0, 0, 1;
    %pushi/vec4 0, 0, 1;
    %store/vec4 v0000016b2b72b600_0, 0, 1;
    %pushi/vec4 120, 0, 7;
    %store/vec4 v0000016b2b72c2d0_0, 0, 7;
    %wait E_0000016b2b7c73a0;
    %pushi/vec4 0, 0, 1;
    %store/vec4 v0000016b2b72c7d0_0, 0, 1;
    %fork t_1, S_0000016b2b6d8280;
    %jmp t_0;
    .scope S_0000016b2b6d8280;
t_1 ;
    %pushi/vec4 0, 0, 32;
    %store/vec4 v0000016b2b6a3170_0, 0, 32;
T_3.0 ;
    %load/vec4 v0000016b2b6a3170_0;
    %cmpi/s 16, 0, 32;
    %jmp/0xz T_3.1, 5;
    %load/vec4 v0000016b2b6a3170_0;
    %parti/s 4, 0, 2;
    %store/vec4 v0000016b2b72b6a0_0, 0, 4;
    %pushi/vec4 7680, 0, 64;
T_3.2 %dup/vec4;
    %pushi/vec4 0, 0, 64;
    %cmp/s;
    %jmp/1xz T_3.3, 5;
    %jmp/1 T_3.3, 4;
    %pushi/vec4 1, 0, 64;
    %sub;
    %wait E_0000016b2b7c7ca0;
    %jmp T_3.2;
T_3.3 ;
    %pop/vec4 1;
    %load/vec4 v0000016b2b6a3170_0;
    %addi 1, 0, 32;
    %cast2;
    %store/vec4 v0000016b2b6a3170_0, 0, 32;
    %jmp T_3.0;
T_3.1 ;
    %end;
    .scope S_0000016b2b6de5f0;
t_0 %join;
    %wait E_0000016b2b7c73a0;
    %pushi/vec4 0, 0, 1;
    %store/vec4 v0000016b2b72b740_0, 0, 1;
    %pushi/vec4 120, 0, 64;
T_3.4 %dup/vec4;
    %pushi/vec4 0, 0, 64;
    %cmp/s;
    %jmp/1xz T_3.5, 5;
    %jmp/1 T_3.5, 4;
    %pushi/vec4 1, 0, 64;
    %sub;
    %wait E_0000016b2b7c7ca0;
    %jmp T_3.4;
T_3.5 ;
    %pop/vec4 1;
    %vpi_call/w 3 42 "$finish" {0 0 0};
    %end;
    .thread T_3;
# The file index is used to find the file name in the following table.
:file_names 5;
    "N/A";
    "<interactive>";
    "-";
    "tests/test_pwm.sv";
    "pwm.sv";
