#! /c/Source/iverilog-install/bin/vvp
:ivl_version "12.0 (devel)" "(s20150603-1539-g2693dd32b)";
:ivl_delay_selection "TYPICAL";
:vpi_time_precision - 12;
:vpi_module "C:\iverilog\lib\ivl\system.vpi";
:vpi_module "C:\iverilog\lib\ivl\vhdl_sys.vpi";
:vpi_module "C:\iverilog\lib\ivl\vhdl_textio.vpi";
:vpi_module "C:\iverilog\lib\ivl\v2005_math.vpi";
:vpi_module "C:\iverilog\lib\ivl\va_math.vpi";
:vpi_module "C:\iverilog\lib\ivl\v2009.vpi";
S_000002015cc1af80 .scope package, "$unit" "$unit" 2 1;
 .timescale 0 0;
S_000002015cc1b110 .scope module, "test_register_file" "test_register_file" 3 4;
 .timescale -9 -12;
v000002015cc96560_0 .var "clk", 0 0;
v000002015cc96380_0 .var "rd_addr0", 4 0;
v000002015cc95c00_0 .var "rd_addr1", 4 0;
v000002015cc95ac0_0 .net "rd_data0", 31 0, v000002015cc416c0_0;  1 drivers
v000002015cc95e80_0 .net "rd_data1", 31 0, v000002015cc41760_0;  1 drivers
v000002015cc95ca0_0 .var "wr_addr", 4 0;
v000002015cc96100_0 .var "wr_data", 31 0;
v000002015cc96420_0 .var "wr_ena", 0 0;
S_000002015cc1e420 .scope begin, "$ivl_for_loop0" "$ivl_for_loop0" 3 40, 3 40 0, S_000002015cc1b110;
 .timescale -9 -12;
v000002015cc38e00_0 .var/2s "i", 31 0;
E_000002015cc05fa0 .event posedge, v000002015cc1e7e0_0;
E_000002015cc065e0 .event negedge, v000002015cc1e7e0_0;
S_000002015cc1e5b0 .scope begin, "$ivl_for_loop1" "$ivl_for_loop1" 3 54, 3 54 0, S_000002015cc1b110;
 .timescale -9 -12;
v000002015cbca5a0_0 .var/2s "i", 31 0;
S_000002015cc2f2d0 .scope module, "UUT" "register_file" 3 17, 4 4 0, S_000002015cc1b110;
 .timescale -9 -12;
    .port_info 0 /INPUT 1 "rst";
    .port_info 1 /INPUT 1 "clk";
    .port_info 2 /INPUT 1 "wr_ena";
    .port_info 3 /INPUT 5 "wr_addr";
    .port_info 4 /INPUT 32 "wr_data";
    .port_info 5 /INPUT 5 "rd_addr0";
    .port_info 6 /OUTPUT 32 "rd_data0";
    .port_info 7 /INPUT 5 "rd_addr1";
    .port_info 8 /OUTPUT 32 "rd_data1";
v000002015cc1e7e0_0 .net "clk", 0 0, v000002015cc96560_0;  1 drivers
v000002015cc1b2a0_0 .net "rd_addr0", 4 0, v000002015cc96380_0;  1 drivers
v000002015cc1b340_0 .net "rd_addr1", 4 0, v000002015cc95c00_0;  1 drivers
v000002015cc416c0_0 .var "rd_data0", 31 0;
v000002015cc41760_0 .var "rd_data1", 31 0;
o000002015cc49098 .functor BUFZ 1, C4<z>; HiZ drive
v000002015cc2f460_0 .net "rst", 0 0, o000002015cc49098;  0 drivers
v000002015cc2f500_0 .net "wr_addr", 4 0, v000002015cc95ca0_0;  1 drivers
v000002015cc2f5a0_0 .net "wr_data", 31 0, v000002015cc96100_0;  1 drivers
v000002015cc2f640_0 .net "wr_ena", 0 0, v000002015cc96420_0;  1 drivers
v000002015cc95fc0_0 .var "x00", 31 0;
    .scope S_000002015cc2f2d0;
T_0 ;
    %wait E_0x0;
    %pushi/vec4 0, 0, 32;
    %store/vec4 v000002015cc95fc0_0, 0, 32;
    %jmp T_0;
    .thread T_0;
    .scope S_000002015cc1b110;
T_1 ;
    %pushi/vec4 0, 0, 1;
    %store/vec4 v000002015cc96560_0, 0, 1;
    %pushi/vec4 0, 0, 1;
    %store/vec4 v000002015cc96420_0, 0, 1;
    %pushi/vec4 0, 0, 5;
    %store/vec4 v000002015cc95ca0_0, 0, 5;
    %pushi/vec4 0, 0, 32;
    %store/vec4 v000002015cc96100_0, 0, 32;
    %pushi/vec4 0, 0, 5;
    %store/vec4 v000002015cc96380_0, 0, 5;
    %pushi/vec4 0, 0, 5;
    %store/vec4 v000002015cc95c00_0, 0, 5;
    %vpi_call/w 3 32 "$dumpfile", "register_file.fst" {0 0 0};
    %vpi_call/w 3 33 "$dumpvars", 32'sb00000000000000000000000000000000, S_000002015cc2f2d0 {0 0 0};
    %fork t_1, S_000002015cc1e420;
    %jmp t_0;
    .scope S_000002015cc1e420;
t_1 ;
    %pushi/vec4 0, 0, 32;
    %store/vec4 v000002015cc38e00_0, 0, 32;
T_1.0 ;
    %load/vec4 v000002015cc38e00_0;
    %cmpi/s 32, 0, 32;
    %jmp/0xz T_1.1, 5;
    %wait E_000002015cc065e0;
    %pushi/vec4 1, 0, 1;
    %store/vec4 v000002015cc96420_0, 0, 1;
    %load/vec4 v000002015cc38e00_0;
    %parti/s 5, 0, 2;
    %store/vec4 v000002015cc95ca0_0, 0, 5;
    %load/vec4 v000002015cc38e00_0;
    %addi 1, 0, 32;
    %muli 4294967295, 0, 32;
    %store/vec4 v000002015cc96100_0, 0, 32;
    %wait E_000002015cc05fa0;
    %load/vec4 v000002015cc38e00_0;
    %addi 1, 0, 32;
    %cast2;
    %store/vec4 v000002015cc38e00_0, 0, 32;
    %jmp T_1.0;
T_1.1 ;
    %end;
    .scope S_000002015cc1b110;
t_0 %join;
    %pushi/vec4 0, 0, 1;
    %store/vec4 v000002015cc96420_0, 0, 1;
    %fork t_3, S_000002015cc1e5b0;
    %jmp t_2;
    .scope S_000002015cc1e5b0;
t_3 ;
    %pushi/vec4 0, 0, 32;
    %store/vec4 v000002015cbca5a0_0, 0, 32;
T_1.2 ;
    %load/vec4 v000002015cbca5a0_0;
    %cmpi/s 32, 0, 32;
    %jmp/0xz T_1.3, 5;
    %wait E_000002015cc065e0;
    %load/vec4 v000002015cbca5a0_0;
    %pad/s 5;
    %store/vec4 v000002015cc96380_0, 0, 5;
    %pushi/vec4 31, 0, 32;
    %load/vec4 v000002015cbca5a0_0;
    %sub;
    %pad/s 5;
    %store/vec4 v000002015cc95c00_0, 0, 5;
    %wait E_000002015cc05fa0;
    %vpi_call/w 3 59 "$display", "@%t: read0[%02d] = %x, read1[%02d] = %x", $time, v000002015cc96380_0, v000002015cc95ac0_0, v000002015cc95c00_0, v000002015cc95e80_0 {0 0 0};
    %load/vec4 v000002015cbca5a0_0;
    %addi 1, 0, 32;
    %cast2;
    %store/vec4 v000002015cbca5a0_0, 0, 32;
    %jmp T_1.2;
T_1.3 ;
    %end;
    .scope S_000002015cc1b110;
t_2 %join;
    %wait E_000002015cc065e0;
    %pushi/vec4 0, 0, 5;
    %store/vec4 v000002015cc96380_0, 0, 5;
    %pushi/vec4 0, 0, 5;
    %store/vec4 v000002015cc95c00_0, 0, 5;
    %wait E_000002015cc05fa0;
    %vpi_call/w 3 67 "$display", "@%t: read0[%02d] = %x, read1[%02d] = %x", $time, v000002015cc96380_0, v000002015cc95ac0_0, v000002015cc95c00_0, v000002015cc95e80_0 {0 0 0};
    %load/vec4 v000002015cc95ac0_0;
    %cmpi/ne 0, 0, 32;
    %jmp/1 T_1.6, 4;
    %flag_mov 8, 4;
    %load/vec4 v000002015cc95e80_0;
    %cmpi/ne 0, 0, 32;
    %flag_or 4, 8;
T_1.6;
    %jmp/0xz  T_1.4, 4;
    %vpi_call/w 3 69 "$display", "Crical error, reading zero didn't result in zero! Quitting" {0 0 0};
    %vpi_call/w 3 70 "$finish" {0 0 0};
T_1.4 ;
    %vpi_call/w 3 73 "$finish" {0 0 0};
    %end;
    .thread T_1;
    .scope S_000002015cc1b110;
T_2 ;
    %delay 5000, 0;
    %load/vec4 v000002015cc96560_0;
    %inv;
    %store/vec4 v000002015cc96560_0, 0, 1;
    %jmp T_2;
    .thread T_2;
# The file index is used to find the file name in the following table.
:file_names 5;
    "N/A";
    "<interactive>";
    "-";
    "tests/test_register_file.sv";
    "register_file.sv";
