#! /c/Source/iverilog-install/bin/vvp
:ivl_version "12.0 (devel)" "(s20150603-1539-g2693dd32b)";
:ivl_delay_selection "TYPICAL";
:vpi_time_precision - 12;
:vpi_module "C:\iverilog\lib\ivl\system.vpi";
:vpi_module "C:\iverilog\lib\ivl\vhdl_sys.vpi";
:vpi_module "C:\iverilog\lib\ivl\vhdl_textio.vpi";
:vpi_module "C:\iverilog\lib\ivl\v2005_math.vpi";
:vpi_module "C:\iverilog\lib\ivl\va_math.vpi";
:vpi_module "C:\iverilog\lib\ivl\v2009.vpi";
S_000002890a3eada0 .scope package, "$unit" "$unit" 2 1;
 .timescale 0 0;
S_000002890a3ec800 .scope module, "test_triangle_generator" "test_triangle_generator" 3 3;
 .timescale -9 -12;
P_000002890a43b9f0 .param/l "N" 0 3 4, +C4<00000000000000000000000000000100>;
v000002890a490d50_0 .var "clk", 0 0;
v000002890a490df0_0 .var "ena", 0 0;
v000002890a490e90_0 .net "out", 3 0, v000002890a3ecbc0_0;  1 drivers
v000002890a490f30_0 .var "rst", 0 0;
E_000002890a43b970 .event negedge, v000002890a3ecb20_0;
S_000002890a3ec990 .scope module, "UUT" "triangle_generator" 3 8, 4 6 0, S_000002890a3ec800;
 .timescale -9 -12;
    .port_info 0 /INPUT 1 "clk";
    .port_info 1 /INPUT 1 "rst";
    .port_info 2 /INPUT 1 "ena";
    .port_info 3 /OUTPUT 4 "out";
P_000002890a3eaf30 .param/l "MAX" 0 4 10, +C4<000000000000000000000000000001111>;
P_000002890a3eaf68 .param/l "MIN" 0 4 9, +C4<00000000000000000000000000000000>;
P_000002890a3eafa0 .param/l "N" 0 4 8, +C4<00000000000000000000000000000100>;
enum000002890a3e7ca0 .enum4 (1)
   "COUNTING_UP" 1'b0,
   "COUNTING_DOWN" 1'b1
 ;
v000002890a3ecb20_0 .net "clk", 0 0, v000002890a490d50_0;  1 drivers
v000002890a402f50_0 .net "ena", 0 0, v000002890a490df0_0;  1 drivers
v000002890a3ecbc0_0 .var "out", 3 0;
v000002890a490c10_0 .net "rst", 0 0, v000002890a490f30_0;  1 drivers
v000002890a490cb0_0 .var "state", 0 0;
E_000002890a43be30 .event posedge, v000002890a3ecb20_0;
    .scope S_000002890a3ec990;
T_0 ;
    %wait E_000002890a43be30;
    %load/vec4 v000002890a490c10_0;
    %flag_set/vec4 8;
    %jmp/0xz  T_0.0, 8;
    %pushi/vec4 0, 0, 4;
    %assign/vec4 v000002890a3ecbc0_0, 0;
    %pushi/vec4 0, 0, 1;
    %assign/vec4 v000002890a490cb0_0, 0;
    %jmp T_0.1;
T_0.0 ;
    %load/vec4 v000002890a402f50_0;
    %flag_set/vec4 8;
    %jmp/0xz  T_0.2, 8;
    %load/vec4 v000002890a490cb0_0;
    %dup/vec4;
    %pushi/vec4 0, 0, 1;
    %cmp/u;
    %jmp/1 T_0.4, 6;
    %dup/vec4;
    %pushi/vec4 1, 0, 1;
    %cmp/u;
    %jmp/1 T_0.5, 6;
    %jmp T_0.6;
T_0.4 ;
    %load/vec4 v000002890a3ecbc0_0;
    %pad/u 33;
    %cmpi/e 15, 0, 33;
    %jmp/0xz  T_0.7, 4;
    %pushi/vec4 1, 0, 1;
    %assign/vec4 v000002890a490cb0_0, 0;
    %load/vec4 v000002890a3ecbc0_0;
    %subi 1, 0, 4;
    %assign/vec4 v000002890a3ecbc0_0, 0;
    %jmp T_0.8;
T_0.7 ;
    %load/vec4 v000002890a3ecbc0_0;
    %addi 1, 0, 4;
    %assign/vec4 v000002890a3ecbc0_0, 0;
T_0.8 ;
    %jmp T_0.6;
T_0.5 ;
    %load/vec4 v000002890a3ecbc0_0;
    %pad/u 32;
    %cmpi/e 0, 0, 32;
    %jmp/0xz  T_0.9, 4;
    %pushi/vec4 0, 0, 1;
    %assign/vec4 v000002890a490cb0_0, 0;
    %load/vec4 v000002890a3ecbc0_0;
    %addi 1, 0, 4;
    %assign/vec4 v000002890a3ecbc0_0, 0;
    %jmp T_0.10;
T_0.9 ;
    %load/vec4 v000002890a3ecbc0_0;
    %subi 1, 0, 4;
    %assign/vec4 v000002890a3ecbc0_0, 0;
T_0.10 ;
    %jmp T_0.6;
T_0.6 ;
    %pop/vec4 1;
T_0.2 ;
T_0.1 ;
    %jmp T_0;
    .thread T_0;
    .scope S_000002890a3ec800;
T_1 ;
    %delay 5000, 0;
    %load/vec4 v000002890a490d50_0;
    %inv;
    %store/vec4 v000002890a490d50_0, 0, 1;
    %jmp T_1;
    .thread T_1;
    .scope S_000002890a3ec800;
T_2 ;
    %vpi_call/w 3 15 "$dumpfile", "triangle_generator.fst" {0 0 0};
    %vpi_call/w 3 16 "$dumpvars", 32'sb00000000000000000000000000000000, S_000002890a3ec990 {0 0 0};
    %pushi/vec4 1, 0, 1;
    %store/vec4 v000002890a490f30_0, 0, 1;
    %pushi/vec4 1, 0, 1;
    %store/vec4 v000002890a490df0_0, 0, 1;
    %pushi/vec4 0, 0, 1;
    %store/vec4 v000002890a490d50_0, 0, 1;
    %wait E_000002890a43b970;
    %pushi/vec4 0, 0, 1;
    %store/vec4 v000002890a490f30_0, 0, 1;
    %pushi/vec4 512, 0, 32;
T_2.0 %dup/vec4;
    %pushi/vec4 0, 0, 32;
    %cmp/s;
    %jmp/1xz T_2.1, 5;
    %jmp/1 T_2.1, 4;
    %pushi/vec4 1, 0, 32;
    %sub;
    %wait E_000002890a43be30;
    %jmp T_2.0;
T_2.1 ;
    %pop/vec4 1;
    %vpi_call/w 3 25 "$finish" {0 0 0};
    %end;
    .thread T_2;
# The file index is used to find the file name in the following table.
:file_names 5;
    "N/A";
    "<interactive>";
    "-";
    "tests/test_triangle_generator.sv";
    "triangle_generator.sv";
