#! /c/Source/iverilog-install/bin/vvp
:ivl_version "12.0 (devel)" "(s20150603-1539-g2693dd32b)";
:ivl_delay_selection "TYPICAL";
:vpi_time_precision - 12;
:vpi_module "C:\iverilog\lib\ivl\system.vpi";
:vpi_module "C:\iverilog\lib\ivl\vhdl_sys.vpi";
:vpi_module "C:\iverilog\lib\ivl\vhdl_textio.vpi";
:vpi_module "C:\iverilog\lib\ivl\v2005_math.vpi";
:vpi_module "C:\iverilog\lib\ivl\va_math.vpi";
:vpi_module "C:\iverilog\lib\ivl\v2009.vpi";
S_000002757803a5a0 .scope package, "$unit" "$unit" 2 1;
 .timescale 0 0;
S_0000027577ff5130 .scope module, "test_uart_driver" "test_uart_driver" 3 4;
 .timescale -9 -12;
P_0000027577ff52c0 .param/l "BAUDRATE" 0 3 8, +C4<00000000000000011100001000000000>;
P_0000027577ff52f8 .param/real "BAUD_PERIOD_NS" 1 3 9, Cr<m43d11c71c71c7000gfcf>; value=8680.56
P_0000027577ff5330 .param/l "CLK_HZ" 0 3 6, +C4<00000000101101110001101100000000>;
P_0000027577ff5368 .param/real "CLK_PERIOD_NS" 1 3 7, Cr<m5355555555555400gfc8>; value=83.3333
P_0000027577ff53a0 .param/l "DATA_BITS" 0 3 11, +C4<00000000000000000000000000001000>;
P_0000027577ff53d8 .param/l "L_BUFFER" 0 3 48, +C4<00000000000000000000001111101000>;
P_0000027577ff5410 .param/l "MAX_ERRORS" 0 3 134, +C4<00000000000000000000000000001010>;
P_0000027577ff5448 .param/l "PARITY" 0 3 12, +C4<00000000000000000000000000000000>;
P_0000027577ff5480 .param/l "STOP_BITS" 0 3 13, +C4<00000000000000000000000000000001>;
P_0000027577ff54b8 .param/l "SYNC_DEPTH" 0 3 10, +C4<00000000000000000000000000000011>;
v0000027578096c50_0 .var "_ivl_4", 0 0;
v00000275780962f0_0 .var "_ivl_5", 0 0;
v0000027578095850_0 .var/i "buffer_rd_ptr", 31 0;
v0000027578096750_0 .var/i "buffer_wr_ptr", 31 0;
v00000275780950d0_0 .var "clk", 0 0;
v0000027578096430_0 .var/i "errors", 31 0;
v00000275780969d0_0 .var/i "offset_delay", 31 0;
v0000027578096a70_0 .var "pending_byte", 7 0;
v0000027578095d50_0 .var "rst", 0 0;
v0000027578096cf0_0 .net "rx_data", 7 0, v0000027578093a30_0;  1 drivers
v0000027578095030_0 .net "rx_valid", 0 0, v0000027578094110_0;  1 drivers
v0000027578096b10_0 .var "send_data", 7 0;
v0000027578095170_0 .var/queue "sent_buffer", 8;
v0000027578095670_0 .var "tb_tx_active", 0 0;
v0000027578094f90_0 .var "tx_data", 7 0;
v0000027578095df0_0 .net "tx_ready", 0 0, v0000027578093d50_0;  1 drivers
v0000027578095210_0 .net "uart_rx", 0 0, v0000027578093df0_0;  1 drivers
v00000275780961b0_0 .net "uart_tx", 0 0, v00000275780957b0_0;  1 drivers
E_000002757803c290 .event posedge, v0000027578094110_0;
E_000002757803bad0 .event negedge, v0000027578093990_0;
S_0000027577fffcb0 .scope begin, "$ivl_for_loop0" "$ivl_for_loop0" 3 99, 3 99 0, S_0000027577ff5130;
 .timescale -9 -12;
v0000027578031de0_0 .var "_ivl_0", 0 0;
v00000275780258a0_0 .var/i "i", 31 0;
S_0000027577fffe40 .scope module, "UART_TESTER" "uart_tester" 3 77, 4 3 0, S_0000027577ff5130;
 .timescale -9 -12;
    .port_info 0 /INPUT 1 "clk";
    .port_info 1 /INPUT 1 "rst";
    .port_info 2 /INPUT 1 "uart_tx";
    .port_info 3 /OUTPUT 1 "uart_rx";
P_000002757803ab80 .param/l "BAUDRATE" 0 4 10, +C4<00000000000000011100001000000000>;
P_000002757803abb8 .param/real "BAUD_PERIOD_NS" 1 4 11, Cr<m43d11c71c71c7000gfcf>; value=8680.56
P_000002757803abf0 .param/l "CLK_HZ" 0 4 8, +C4<00000000101101110001101100000000>;
P_000002757803ac28 .param/real "CLK_PERIOD_NS" 1 4 9, Cr<m5355555555555400gfc8>; value=83.3333
P_000002757803ac60 .param/l "DATA_BITS" 0 4 13, +C4<00000000000000000000000000001000>;
P_000002757803ac98 .param/l "PARITY" 0 4 14, +C4<00000000000000000000000000000000>;
P_000002757803acd0 .param/l "STOP_BITS" 0 4 15, +C4<00000000000000000000000000000001>;
P_000002757803ad08 .param/l "SYNC_DEPTH" 0 4 12, +C4<00000000000000000000000000000011>;
P_000002757803ad40 .param/l "VERBOSE" 0 4 17, +C4<00000000000000000000000000000000>;
v0000027578093990_0 .net "clk", 0 0, v00000275780950d0_0;  1 drivers
v0000027578093ad0_0 .net "rst", 0 0, v0000027578095d50_0;  1 drivers
v0000027578094430_0 .var "sending_byte", 0 0;
v0000027578093670_0 .var "tx_sample_point", 0 0;
v0000027578093df0_0 .var "uart_rx", 0 0;
v00000275780944d0_0 .net "uart_tx", 0 0, v00000275780957b0_0;  alias, 1 drivers
v0000027578094570_0 .var "waiting_for_byte", 0 0;
S_000002757803ad80 .scope task, "await_byte" "await_byte" 4 55, 4 55 0, S_0000027577fffe40;
 .timescale -9 -12;
v0000027577ff5500_0 .var "result", 7 0;
E_000002757803c6d0 .event negedge, v00000275780944d0_0;
TD_test_uart_driver.UART_TESTER.await_byte ;
    %pushi/vec4 0, 0, 8;
    %store/vec4 v0000027577ff5500_0, 0, 8;
    %pushi/vec4 1, 0, 1;
    %store/vec4 v0000027578094570_0, 0, 1;
    %wait E_000002757803c6d0;
    %delay 4340278, 0;
    %fork t_1, S_000002757803af10;
    %jmp t_0;
    .scope S_000002757803af10;
t_1 ;
    %pushi/vec4 0, 0, 32;
    %store/vec4 v0000027578023dd0_0, 0, 32;
T_0.0 ;
    %load/vec4 v0000027578023dd0_0;
    %cmpi/s 8, 0, 32;
    %jmp/0xz T_0.1, 5;
    %fork TD_test_uart_driver.UART_TESTER.baudrate_delay, S_000002757803f770;
    %join;
    %load/vec4 v0000027578093670_0;
    %inv;
    %store/vec4 v0000027578093670_0, 0, 1;
    %load/vec4 v00000275780944d0_0;
    %ix/getv/s 4, v0000027578023dd0_0;
    %store/vec4 v0000027577ff5500_0, 4, 1;
    %load/vec4 v0000027578023dd0_0;
    %addi 1, 0, 32;
    %store/vec4 v0000027578023dd0_0, 0, 32;
    %jmp T_0.0;
T_0.1 ;
    %end;
    .scope S_000002757803ad80;
t_0 %join;
    %fork TD_test_uart_driver.UART_TESTER.baudrate_delay, S_000002757803f770;
    %join;
    %pushi/vec4 0, 0, 1;
    %store/vec4 v0000027578094570_0, 0, 1;
    %end;
S_000002757803af10 .scope begin, "$ivl_for_loop2" "$ivl_for_loop2" 4 60, 4 60 0, S_000002757803ad80;
 .timescale -9 -12;
v0000027578023dd0_0 .var/i "i", 31 0;
S_000002757803f770 .scope task, "baudrate_delay" "baudrate_delay" 4 23, 4 23 0, S_0000027577fffe40;
 .timescale -9 -12;
TD_test_uart_driver.UART_TESTER.baudrate_delay ;
    %delay 8680556, 0;
    %end;
S_000002757803f900 .scope task, "send_byte" "send_byte" 4 29, 4 29 0, S_0000027577fffe40;
 .timescale -9 -12;
v0000027578094390_0 .var/i "offset_delay", 31 0;
v00000275780942f0_0 .var "send_data", 7 0;
TD_test_uart_driver.UART_TESTER.send_byte ;
    %pushi/vec4 1, 0, 1;
    %store/vec4 v0000027578093df0_0, 0, 1;
    %load/vec4 v0000027578094390_0;
    %addi 1, 0, 32;
    %pad/s 64;
    %muli 1000, 0, 64;
    %ix/vec4 4;
    %delayx 4;
    %fork TD_test_uart_driver.UART_TESTER.baudrate_delay, S_000002757803f770;
    %join;
    %pushi/vec4 1, 0, 1;
    %store/vec4 v0000027578094430_0, 0, 1;
    %pushi/vec4 0, 0, 1;
    %store/vec4 v0000027578093df0_0, 0, 1;
    %fork TD_test_uart_driver.UART_TESTER.baudrate_delay, S_000002757803f770;
    %join;
    %fork t_3, S_000002757803fa90;
    %jmp t_2;
    .scope S_000002757803fa90;
t_3 ;
    %pushi/vec4 0, 0, 32;
    %store/vec4 v0000027577fb2f50_0, 0, 32;
T_2.2 ;
    %load/vec4 v0000027577fb2f50_0;
    %cmpi/s 8, 0, 32;
    %jmp/0xz T_2.3, 5;
    %load/vec4 v00000275780942f0_0;
    %load/vec4 v0000027577fb2f50_0;
    %part/s 1;
    %store/vec4 v0000027578093df0_0, 0, 1;
    %fork TD_test_uart_driver.UART_TESTER.baudrate_delay, S_000002757803f770;
    %join;
    %load/vec4 v0000027577fb2f50_0;
    %addi 1, 0, 32;
    %store/vec4 v0000027577fb2f50_0, 0, 32;
    %jmp T_2.2;
T_2.3 ;
    %end;
    .scope S_000002757803f900;
t_2 %join;
    %pushi/vec4 1, 0, 1;
    %store/vec4 v0000027578093df0_0, 0, 1;
    %pushi/vec4 0, 0, 1;
    %store/vec4 v0000027578094430_0, 0, 1;
    %end;
S_000002757803fa90 .scope begin, "$ivl_for_loop1" "$ivl_for_loop1" 4 39, 4 39 0, S_000002757803f900;
 .timescale -9 -12;
v0000027577fb2f50_0 .var/i "i", 31 0;
S_000002757803fc20 .scope module, "UUT" "uart_driver" 3 32, 5 16 0, S_0000027577ff5130;
 .timescale -9 -12;
    .port_info 0 /INPUT 1 "clk";
    .port_info 1 /INPUT 1 "rst";
    .port_info 2 /OUTPUT 8 "rx_data";
    .port_info 3 /OUTPUT 1 "rx_valid";
    .port_info 4 /INPUT 8 "tx_data";
    .port_info 5 /INPUT 1 "tx_valid";
    .port_info 6 /OUTPUT 1 "tx_ready";
    .port_info 7 /OUTPUT 1 "uart_tx";
    .port_info 8 /INPUT 1 "uart_rx";
P_0000027578094630 .param/l "BAUDRATE" 0 5 26, +C4<00000000000000011100001000000000>;
P_0000027578094668 .param/l "CLK_HZ" 0 5 25, +C4<00000000101101110001101100000000>;
P_00000275780946a0 .param/l "DATA_BITS" 0 5 34, +C4<00000000000000000000000000001000>;
P_00000275780946d8 .param/l "OVERSAMPLE" 1 5 30, +C4<00000000000000000000000001101000>;
P_0000027578094710 .param/l "PARITY" 0 5 35, +C4<00000000000000000000000000000000>;
P_0000027578094748 .param/l "STOP_BITS" 0 5 36, +C4<00000000000000000000000000000001>;
P_0000027578094780 .param/l "SYNC_DEPTH" 0 5 28, +C4<00000000000000000000000000000011>;
enum0000027577f987f0 .enum4 (2)
   "S_IDLE" 2'b00,
   "S_START" 2'b01,
   "S_DATA" 2'b10,
   "S_STOP" 2'b11
 ;
v0000027578093fd0_0 .net "clk", 0 0, v00000275780950d0_0;  alias, 1 drivers
v0000027578094070_0 .var "input_buffer", 2 0;
v0000027578093f30_0 .net "rst", 0 0, v0000027578095d50_0;  alias, 1 drivers
v0000027578093850_0 .var "rx_buffer", 7 0;
v0000027578093a30_0 .var "rx_data", 7 0;
v0000027578094250_0 .var "rx_data_counter", 2 0;
v0000027578093710_0 .var "rx_errors", 31 0;
v0000027578093c10_0 .var "rx_mid_cycle", 0 0;
v00000275780937b0_0 .var "rx_sample_counter", 6 0;
v00000275780938f0_0 .var "rx_state", 1 0;
v0000027578094110_0 .var "rx_valid", 0 0;
v0000027578093b70_0 .var "tx_buffer", 7 0;
v00000275780941b0_0 .net "tx_data", 7 0, v0000027578093a30_0;  alias, 1 drivers
v0000027578093cb0_0 .var "tx_data_counter", 2 0;
v0000027578093d50_0 .var "tx_ready", 0 0;
v0000027578095e90_0 .var "tx_sample_counter", 6 0;
v0000027578095cb0_0 .var "tx_sample_counter_rst", 0 0;
v0000027578094e50_0 .var "tx_state", 1 0;
v0000027578096930_0 .net "tx_valid", 0 0, v0000027578094110_0;  alias, 1 drivers
v0000027578095350_0 .net "uart_rx", 0 0, v0000027578093df0_0;  alias, 1 drivers
v0000027578096bb0_0 .var "uart_rx_synced", 0 0;
v00000275780957b0_0 .var "uart_tx", 0 0;
E_000002757803c2d0 .event posedge, v0000027578093990_0;
E_000002757803b910 .event anyedge, v0000027578094e50_0, v0000027578095e90_0, v0000027578093b70_0;
E_000002757803b890 .event anyedge, v00000275780937b0_0;
E_000002757803b850 .event anyedge, v0000027578094070_0;
S_00000275780947c0 .scope begin, "input_synchronizer" "input_synchronizer" 5 50, 5 50 0, S_000002757803fc20;
 .timescale -9 -12;
S_0000027578094950 .scope begin, "rx_fsm" "rx_fsm" 5 77, 5 77 0, S_000002757803fc20;
 .timescale -9 -12;
S_0000027578094ae0 .scope begin, "sample_point" "sample_point" 5 72, 5 72 0, S_000002757803fc20;
 .timescale -9 -12;
S_0000027578094c70 .scope begin, "tx_fsm" "tx_fsm" 5 155, 5 155 0, S_000002757803fc20;
 .timescale -9 -12;
S_0000027578096e10 .scope function.vec4.s8, "pop_buffer" "pop_buffer" 3 60, 3 60 0, S_0000027577ff5130;
 .timescale -9 -12;
; Variable pop_buffer is vec4 return value of scope S_0000027578096e10
TD_test_uart_driver.pop_buffer ;
    %vpi_func 3 61 "$size" 32, v0000027578095170_0 {0 0 0};
    %cmpi/e 0, 0, 32;
    %jmp/0xz  T_3.4, 6;
    %vpi_call/w 3 62 "$display", "!!! Critical Error, UUT thought it received a byte but none have been sent." {0 0 0};
    %vpi_call/w 3 63 "$finish", 32'sb00000000000000000000000000000001 {0 0 0};
T_3.4 ;
    %qpop/b/v v0000027578095170_0, 8;
    %ret/vec4 0, 0, 8;  Assign to pop_buffer (store_vec4_to_lval)
    %end;
S_0000027578096fa0 .scope function.vec4.s1, "push_buffer" "push_buffer" 3 53, 3 53 0, S_0000027577ff5130;
 .timescale -9 -12;
v0000027578095710_0 .var "in", 7 0;
; Variable push_buffer is vec4 return value of scope S_0000027578096fa0
TD_test_uart_driver.push_buffer ;
    %ix/load 4, 1001, 0;
    %load/vec4 v0000027578095710_0;
    %store/qf/v v0000027578095170_0, 4, 8;
    %vpi_func 3 55 "$size" 32, v0000027578095170_0 {0 0 0};
    %cmpi/s 1000, 0, 32;
    %flag_or 5, 4; GT is !LE
    %flag_inv 5;
    %jmp/0xz  T_4.6, 5;
    %vpi_call/w 3 56 "$display", "!!! Critical Error, tester sent %d bytes without ack.", P_0000027577ff53d8 {0 0 0};
T_4.6 ;
    %end;
    .scope S_000002757803fc20;
T_5 ;
Ewait_0 .event/or E_000002757803b850, E_0x0;
    %wait Ewait_0;
    %load/vec4 v0000027578094070_0;
    %parti/s 1, 2, 3;
    %store/vec4 v0000027578096bb0_0, 0, 1;
    %jmp T_5;
    .thread T_5, $push;
    .scope S_000002757803fc20;
T_6 ;
    %wait E_000002757803c2d0;
    %fork t_5, S_00000275780947c0;
    %jmp t_4;
    .scope S_00000275780947c0;
t_5 ;
    %load/vec4 v0000027578093f30_0;
    %flag_set/vec4 8;
    %jmp/0xz  T_6.0, 8;
    %pushi/vec4 7, 0, 3;
    %assign/vec4 v0000027578094070_0, 0;
    %jmp T_6.1;
T_6.0 ;
    %load/vec4 v0000027578095350_0;
    %ix/load 4, 0, 0;
    %ix/load 5, 0, 0;
    %flag_set/imm 4, 0;
    %assign/vec4/off/d v0000027578094070_0, 4, 5;
    %load/vec4 v0000027578094070_0;
    %parti/s 2, 0, 2;
    %ix/load 4, 1, 0;
    %ix/load 5, 0, 0;
    %flag_set/imm 4, 0;
    %assign/vec4/off/d v0000027578094070_0, 4, 5;
T_6.1 ;
    %end;
    .scope S_000002757803fc20;
t_4 %join;
    %jmp T_6;
    .thread T_6;
    .scope S_000002757803fc20;
T_7 ;
Ewait_1 .event/or E_000002757803b890, E_0x0;
    %wait Ewait_1;
    %fork t_7, S_0000027578094ae0;
    %jmp t_6;
    .scope S_0000027578094ae0;
t_7 ;
    %load/vec4 v00000275780937b0_0;
    %pad/u 32;
    %pushi/vec4 52, 0, 32;
    %cmp/e;
    %flag_get/vec4 4;
    %store/vec4 v0000027578093c10_0, 0, 1;
    %end;
    .scope S_000002757803fc20;
t_6 %join;
    %jmp T_7;
    .thread T_7, $push;
    .scope S_000002757803fc20;
T_8 ;
    %wait E_000002757803c2d0;
    %fork t_9, S_0000027578094950;
    %jmp t_8;
    .scope S_0000027578094950;
t_9 ;
    %load/vec4 v0000027578093f30_0;
    %flag_set/vec4 8;
    %jmp/0xz  T_8.0, 8;
    %pushi/vec4 0, 0, 2;
    %assign/vec4 v00000275780938f0_0, 0;
    %pushi/vec4 0, 0, 32;
    %assign/vec4 v0000027578093710_0, 0;
    %pushi/vec4 0, 0, 8;
    %assign/vec4 v0000027578093850_0, 0;
    %pushi/vec4 103, 0, 7;
    %assign/vec4 v00000275780937b0_0, 0;
    %pushi/vec4 0, 0, 3;
    %assign/vec4 v0000027578094250_0, 0;
    %pushi/vec4 0, 0, 8;
    %assign/vec4 v0000027578093a30_0, 0;
    %pushi/vec4 0, 0, 1;
    %assign/vec4 v0000027578094110_0, 0;
    %jmp T_8.1;
T_8.0 ;
    %load/vec4 v00000275780938f0_0;
    %dup/vec4;
    %pushi/vec4 0, 0, 2;
    %cmp/u;
    %jmp/1 T_8.2, 6;
    %load/vec4 v00000275780937b0_0;
    %pad/u 32;
    %cmpi/e 0, 0, 32;
    %jmp/0xz  T_8.5, 4;
    %pushi/vec4 103, 0, 7;
    %assign/vec4 v00000275780937b0_0, 0;
    %jmp T_8.6;
T_8.5 ;
    %load/vec4 v00000275780937b0_0;
    %subi 1, 0, 7;
    %assign/vec4 v00000275780937b0_0, 0;
T_8.6 ;
    %jmp T_8.4;
T_8.2 ;
    %pushi/vec4 103, 0, 7;
    %assign/vec4 v00000275780937b0_0, 0;
    %jmp T_8.4;
T_8.4 ;
    %pop/vec4 1;
    %load/vec4 v00000275780938f0_0;
    %dup/vec4;
    %pushi/vec4 0, 0, 2;
    %cmp/u;
    %jmp/1 T_8.7, 6;
    %dup/vec4;
    %pushi/vec4 1, 0, 2;
    %cmp/u;
    %jmp/1 T_8.8, 6;
    %dup/vec4;
    %pushi/vec4 2, 0, 2;
    %cmp/u;
    %jmp/1 T_8.9, 6;
    %dup/vec4;
    %pushi/vec4 3, 0, 2;
    %cmp/u;
    %jmp/1 T_8.10, 6;
    %pushi/vec4 0, 0, 2;
    %assign/vec4 v00000275780938f0_0, 0;
    %jmp T_8.12;
T_8.7 ;
    %load/vec4 v0000027578096bb0_0;
    %inv;
    %flag_set/vec4 8;
    %jmp/0xz  T_8.13, 8;
    %pushi/vec4 1, 0, 2;
    %assign/vec4 v00000275780938f0_0, 0;
    %pushi/vec4 0, 0, 1;
    %assign/vec4 v0000027578094110_0, 0;
T_8.13 ;
    %jmp T_8.12;
T_8.8 ;
    %load/vec4 v0000027578093c10_0;
    %flag_set/vec4 8;
    %jmp/0xz  T_8.15, 8;
    %load/vec4 v0000027578096bb0_0;
    %flag_set/vec4 8;
    %jmp/0xz  T_8.17, 8;
    %load/vec4 v0000027578093710_0;
    %addi 1, 0, 32;
    %assign/vec4 v0000027578093710_0, 0;
T_8.17 ;
T_8.15 ;
    %load/vec4 v00000275780937b0_0;
    %pad/u 32;
    %cmpi/e 0, 0, 32;
    %jmp/0xz  T_8.19, 4;
    %pushi/vec4 2, 0, 2;
    %assign/vec4 v00000275780938f0_0, 0;
    %pushi/vec4 7, 0, 3;
    %assign/vec4 v0000027578094250_0, 0;
T_8.19 ;
    %jmp T_8.12;
T_8.9 ;
    %load/vec4 v0000027578093c10_0;
    %flag_set/vec4 8;
    %jmp/0xz  T_8.21, 8;
    %load/vec4 v0000027578093850_0;
    %parti/s 7, 1, 2;
    %ix/load 4, 0, 0;
    %ix/load 5, 0, 0;
    %flag_set/imm 4, 0;
    %assign/vec4/off/d v0000027578093850_0, 4, 5;
    %load/vec4 v0000027578096bb0_0;
    %ix/load 4, 7, 0;
    %ix/load 5, 0, 0;
    %flag_set/imm 4, 0;
    %assign/vec4/off/d v0000027578093850_0, 4, 5;
T_8.21 ;
    %load/vec4 v00000275780937b0_0;
    %pad/u 32;
    %cmpi/e 0, 0, 32;
    %jmp/0xz  T_8.23, 4;
    %load/vec4 v0000027578094250_0;
    %pad/u 32;
    %cmpi/e 0, 0, 32;
    %jmp/0xz  T_8.25, 4;
    %pushi/vec4 3, 0, 2;
    %assign/vec4 v00000275780938f0_0, 0;
    %jmp T_8.26;
T_8.25 ;
    %load/vec4 v0000027578094250_0;
    %subi 1, 0, 3;
    %assign/vec4 v0000027578094250_0, 0;
T_8.26 ;
T_8.23 ;
    %jmp T_8.12;
T_8.10 ;
    %load/vec4 v0000027578093850_0;
    %assign/vec4 v0000027578093a30_0, 0;
    %pushi/vec4 1, 0, 1;
    %assign/vec4 v0000027578094110_0, 0;
    %load/vec4 v00000275780937b0_0;
    %pad/u 32;
    %cmpi/e 0, 0, 32;
    %jmp/0xz  T_8.27, 4;
    %pushi/vec4 0, 0, 2;
    %assign/vec4 v00000275780938f0_0, 0;
T_8.27 ;
    %jmp T_8.12;
T_8.12 ;
    %pop/vec4 1;
T_8.1 ;
    %end;
    .scope S_000002757803fc20;
t_8 %join;
    %jmp T_8;
    .thread T_8;
    .scope S_000002757803fc20;
T_9 ;
Ewait_2 .event/or E_000002757803b910, E_0x0;
    %wait Ewait_2;
    %load/vec4 v0000027578094e50_0;
    %pushi/vec4 0, 0, 2;
    %cmp/e;
    %flag_get/vec4 4;
    %store/vec4 v0000027578093d50_0, 0, 1;
    %load/vec4 v0000027578095e90_0;
    %pad/u 32;
    %pushi/vec4 103, 0, 32;
    %cmp/e;
    %flag_get/vec4 4;
    %store/vec4 v0000027578095cb0_0, 0, 1;
    %load/vec4 v0000027578094e50_0;
    %dup/vec4;
    %pushi/vec4 0, 0, 2;
    %cmp/u;
    %jmp/1 T_9.0, 6;
    %dup/vec4;
    %pushi/vec4 1, 0, 2;
    %cmp/u;
    %jmp/1 T_9.1, 6;
    %dup/vec4;
    %pushi/vec4 2, 0, 2;
    %cmp/u;
    %jmp/1 T_9.2, 6;
    %dup/vec4;
    %pushi/vec4 3, 0, 2;
    %cmp/u;
    %jmp/1 T_9.3, 6;
    %jmp T_9.4;
T_9.0 ;
    %pushi/vec4 1, 0, 1;
    %store/vec4 v00000275780957b0_0, 0, 1;
    %jmp T_9.4;
T_9.1 ;
    %pushi/vec4 0, 0, 1;
    %store/vec4 v00000275780957b0_0, 0, 1;
    %jmp T_9.4;
T_9.2 ;
    %load/vec4 v0000027578093b70_0;
    %parti/s 1, 0, 2;
    %store/vec4 v00000275780957b0_0, 0, 1;
    %jmp T_9.4;
T_9.3 ;
    %pushi/vec4 1, 0, 1;
    %store/vec4 v00000275780957b0_0, 0, 1;
    %jmp T_9.4;
T_9.4 ;
    %pop/vec4 1;
    %jmp T_9;
    .thread T_9, $push;
    .scope S_000002757803fc20;
T_10 ;
    %wait E_000002757803c2d0;
    %fork t_11, S_0000027578094c70;
    %jmp t_10;
    .scope S_0000027578094c70;
t_11 ;
    %load/vec4 v0000027578093f30_0;
    %flag_set/vec4 8;
    %jmp/0xz  T_10.0, 8;
    %pushi/vec4 0, 0, 2;
    %assign/vec4 v0000027578094e50_0, 0;
    %pushi/vec4 0, 0, 7;
    %assign/vec4 v0000027578095e90_0, 0;
    %pushi/vec4 0, 0, 3;
    %assign/vec4 v0000027578093cb0_0, 0;
    %pushi/vec4 0, 0, 8;
    %assign/vec4 v0000027578093b70_0, 0;
    %jmp T_10.1;
T_10.0 ;
    %load/vec4 v0000027578094e50_0;
    %dup/vec4;
    %pushi/vec4 0, 0, 2;
    %cmp/u;
    %jmp/1 T_10.2, 6;
    %load/vec4 v0000027578095cb0_0;
    %flag_set/vec4 8;
    %jmp/0xz  T_10.5, 8;
    %pushi/vec4 0, 0, 7;
    %assign/vec4 v0000027578095e90_0, 0;
    %jmp T_10.6;
T_10.5 ;
    %load/vec4 v0000027578095e90_0;
    %addi 1, 0, 7;
    %assign/vec4 v0000027578095e90_0, 0;
T_10.6 ;
    %jmp T_10.4;
T_10.2 ;
    %pushi/vec4 0, 0, 7;
    %assign/vec4 v0000027578095e90_0, 0;
    %jmp T_10.4;
T_10.4 ;
    %pop/vec4 1;
    %load/vec4 v0000027578094e50_0;
    %dup/vec4;
    %pushi/vec4 0, 0, 2;
    %cmp/u;
    %jmp/1 T_10.7, 6;
    %dup/vec4;
    %pushi/vec4 1, 0, 2;
    %cmp/u;
    %jmp/1 T_10.8, 6;
    %dup/vec4;
    %pushi/vec4 2, 0, 2;
    %cmp/u;
    %jmp/1 T_10.9, 6;
    %dup/vec4;
    %pushi/vec4 3, 0, 2;
    %cmp/u;
    %jmp/1 T_10.10, 6;
    %pushi/vec4 0, 0, 2;
    %assign/vec4 v0000027578094e50_0, 0;
    %jmp T_10.12;
T_10.7 ;
    %load/vec4 v0000027578096930_0;
    %flag_set/vec4 8;
    %jmp/0xz  T_10.13, 8;
    %pushi/vec4 1, 0, 2;
    %assign/vec4 v0000027578094e50_0, 0;
    %load/vec4 v00000275780941b0_0;
    %assign/vec4 v0000027578093b70_0, 0;
T_10.13 ;
    %jmp T_10.12;
T_10.8 ;
    %load/vec4 v0000027578095cb0_0;
    %flag_set/vec4 8;
    %jmp/0xz  T_10.15, 8;
    %pushi/vec4 2, 0, 2;
    %assign/vec4 v0000027578094e50_0, 0;
    %pushi/vec4 0, 0, 3;
    %assign/vec4 v0000027578093cb0_0, 0;
T_10.15 ;
    %jmp T_10.12;
T_10.9 ;
    %load/vec4 v0000027578095cb0_0;
    %flag_set/vec4 8;
    %jmp/0xz  T_10.17, 8;
    %load/vec4 v0000027578093cb0_0;
    %pad/u 32;
    %cmpi/e 7, 0, 32;
    %jmp/0xz  T_10.19, 4;
    %pushi/vec4 3, 0, 2;
    %assign/vec4 v0000027578094e50_0, 0;
    %jmp T_10.20;
T_10.19 ;
    %pushi/vec4 0, 0, 1;
    %ix/load 4, 7, 0;
    %ix/load 5, 0, 0;
    %flag_set/imm 4, 0;
    %assign/vec4/off/d v0000027578093b70_0, 4, 5;
    %load/vec4 v0000027578093b70_0;
    %parti/s 7, 1, 2;
    %ix/load 4, 0, 0;
    %ix/load 5, 0, 0;
    %flag_set/imm 4, 0;
    %assign/vec4/off/d v0000027578093b70_0, 4, 5;
    %load/vec4 v0000027578093cb0_0;
    %addi 1, 0, 3;
    %assign/vec4 v0000027578093cb0_0, 0;
T_10.20 ;
T_10.17 ;
    %jmp T_10.12;
T_10.10 ;
    %load/vec4 v0000027578095cb0_0;
    %flag_set/vec4 8;
    %jmp/0xz  T_10.21, 8;
    %pushi/vec4 0, 0, 2;
    %assign/vec4 v0000027578094e50_0, 0;
T_10.21 ;
    %jmp T_10.12;
T_10.12 ;
    %pop/vec4 1;
T_10.1 ;
    %end;
    .scope S_000002757803fc20;
t_10 %join;
    %jmp T_10;
    .thread T_10;
    .scope S_0000027577fffe40;
T_11 ;
    %pushi/vec4 1, 0, 1;
    %store/vec4 v0000027578093df0_0, 0, 1;
    %pushi/vec4 0, 0, 1;
    %store/vec4 v0000027578094430_0, 0, 1;
    %pushi/vec4 0, 0, 1;
    %store/vec4 v0000027578093670_0, 0, 1;
    %pushi/vec4 0, 0, 1;
    %store/vec4 v0000027578094570_0, 0, 1;
    %end;
    .thread T_11, $init;
    .scope S_0000027577fffe40;
T_12 ;
    %pushi/vec4 1, 0, 1;
    %store/vec4 v0000027578093df0_0, 0, 1;
    %end;
    .thread T_12;
    .scope S_0000027577ff5130;
T_13 ;
    %pushi/vec4 0, 0, 1;
    %store/vec4 v0000027578095670_0, 0, 1;
    %pushi/vec4 0, 0, 32;
    %store/vec4 v0000027578096750_0, 0, 32;
    %pushi/vec4 0, 0, 32;
    %store/vec4 v0000027578095850_0, 0, 32;
    %pushi/vec4 0, 0, 32;
    %store/vec4 v0000027578096430_0, 0, 32;
    %end;
    .thread T_13, $init;
    .scope S_0000027577ff5130;
T_14 ;
    %vpi_call/w 3 86 "$dumpfile", "uart_driver.fst" {0 0 0};
    %vpi_call/w 3 87 "$dumpvars" {0 0 0};
    %pushi/vec4 0, 0, 1;
    %store/vec4 v00000275780950d0_0, 0, 1;
    %pushi/vec4 1, 0, 1;
    %store/vec4 v0000027578095d50_0, 0, 1;
    %pushi/vec4 0, 0, 8;
    %store/vec4 v0000027578096b10_0, 0, 8;
    %pushi/vec4 0, 0, 8;
    %store/vec4 v0000027578094f90_0, 0, 8;
    %wait E_000002757803bad0;
    %pushi/vec4 0, 0, 1;
    %store/vec4 v0000027578095d50_0, 0, 1;
    %pushi/vec4 10, 0, 32;
T_14.0 %dup/vec4;
    %pushi/vec4 0, 0, 32;
    %cmp/s;
    %jmp/1xz T_14.1, 5;
    %jmp/1 T_14.1, 4;
    %pushi/vec4 1, 0, 32;
    %sub;
    %wait E_000002757803bad0;
    %jmp T_14.0;
T_14.1 ;
    %pop/vec4 1;
    %fork t_13, S_0000027577fffcb0;
    %jmp t_12;
    .scope S_0000027577fffcb0;
t_13 ;
    %pushi/vec4 0, 0, 32;
    %store/vec4 v00000275780258a0_0, 0, 32;
T_14.2 ;
    %load/vec4 v00000275780258a0_0;
    %cmpi/s 255, 0, 32;
    %jmp/0xz T_14.3, 5;
    %pushi/vec4 255, 0, 8;
    %load/vec4 v00000275780258a0_0;
    %parti/s 8, 0, 2;
    %sub;
    %store/vec4 v0000027578096b10_0, 0, 8;
    %delay 1000, 0;
    %vpi_func 3 102 "$urandom" 32 {0 0 0};
    %pushi/vec4 10000, 0, 32;
    %mod;
    %addi 1000, 0, 32;
    %store/vec4 v00000275780969d0_0, 0, 32;
    %load/vec4 v0000027578096b10_0;
    %store/vec4 v0000027578095710_0, 0, 8;
    %callf/vec4 TD_test_uart_driver.push_buffer, S_0000027578096fa0;
    %store/vec4 v0000027578031de0_0, 0, 1;
    %load/vec4 v0000027578096b10_0;
    %store/vec4 v00000275780942f0_0, 0, 8;
    %load/vec4 v00000275780969d0_0;
    %store/vec4 v0000027578094390_0, 0, 32;
    %fork TD_test_uart_driver.UART_TESTER.send_byte, S_000002757803f900;
    %join;
    %load/vec4 v00000275780258a0_0;
    %addi 1, 0, 32;
    %store/vec4 v00000275780258a0_0, 0, 32;
    %jmp T_14.2;
T_14.3 ;
    %end;
    .scope S_0000027577ff5130;
t_12 %join;
    %vpi_func 3 107 "$urandom" 32 {0 0 0};
    %pushi/vec4 10000, 0, 32;
    %mod;
    %addi 1000, 0, 32;
    %store/vec4 v00000275780969d0_0, 0, 32;
    %pushi/vec4 170, 0, 8;
    %store/vec4 v0000027578095710_0, 0, 8;
    %callf/vec4 TD_test_uart_driver.push_buffer, S_0000027578096fa0;
    %store/vec4 v0000027578096c50_0, 0, 1;
    %pushi/vec4 170, 0, 8;
    %store/vec4 v00000275780942f0_0, 0, 8;
    %pushi/vec4 100, 0, 32;
    %store/vec4 v0000027578094390_0, 0, 32;
    %fork TD_test_uart_driver.UART_TESTER.send_byte, S_000002757803f900;
    %join;
    %vpi_func 3 111 "$urandom" 32 {0 0 0};
    %pushi/vec4 10000, 0, 32;
    %mod;
    %addi 1000, 0, 32;
    %store/vec4 v00000275780969d0_0, 0, 32;
    %pushi/vec4 85, 0, 8;
    %store/vec4 v0000027578095710_0, 0, 8;
    %callf/vec4 TD_test_uart_driver.push_buffer, S_0000027578096fa0;
    %store/vec4 v00000275780962f0_0, 0, 1;
    %pushi/vec4 85, 0, 8;
    %store/vec4 v00000275780942f0_0, 0, 8;
    %pushi/vec4 100, 0, 32;
    %store/vec4 v0000027578094390_0, 0, 32;
    %fork TD_test_uart_driver.UART_TESTER.send_byte, S_000002757803f900;
    %join;
    %pushi/vec4 10000, 0, 32;
T_14.4 %dup/vec4;
    %pushi/vec4 0, 0, 32;
    %cmp/s;
    %jmp/1xz T_14.5, 5;
    %jmp/1 T_14.5, 4;
    %pushi/vec4 1, 0, 32;
    %sub;
    %wait E_000002757803bad0;
    %jmp T_14.4;
T_14.5 ;
    %pop/vec4 1;
    %load/vec4 v0000027578096430_0;
    %cmpi/s 0, 0, 32;
    %flag_or 5, 4; GT is !LE
    %flag_inv 5;
    %jmp/0xz  T_14.6, 5;
    %vpi_call/w 3 119 "$display", "!!!!!!!!!!!!!!!!!!!!!!!!!!!!!!!!!!!!!!!!!!" {0 0 0};
    %vpi_call/w 3 120 "$display", "!!! Tests had %d errors, keep trying!", v0000027578096430_0 {0 0 0};
    %vpi_call/w 3 121 "$display", "!!!!!!!!!!!!!!!!!!!!!!!!!!!!!!!!!!!!!!!!!" {0 0 0};
    %vpi_call/w 3 122 "$finish", 32'sb00000000000000000000000000000001 {0 0 0};
    %jmp T_14.7;
T_14.6 ;
    %vpi_call/w 3 124 "$display", "!!!!!!!!!!!!!!!!!!!!!!!!!!!!!!!!!!!!!!!!" {0 0 0};
    %vpi_call/w 3 125 "$display", "!!! ALL TESTS COMPLETED SUCCESSFULLY !!!" {0 0 0};
    %vpi_call/w 3 126 "$display", "!!!!!!!!!!!!!!!!!!!!!!!!!!!!!!!!!!!!!!!!" {0 0 0};
    %vpi_call/w 3 127 "$finish", 32'sb00000000000000000000000000000000 {0 0 0};
T_14.7 ;
    %end;
    .thread T_14;
    .scope S_0000027577ff5130;
T_15 ;
    %delay 41667, 0;
    %load/vec4 v00000275780950d0_0;
    %inv;
    %store/vec4 v00000275780950d0_0, 0, 1;
    %jmp T_15;
    .thread T_15;
    .scope S_0000027577ff5130;
T_16 ;
    %wait E_000002757803c290;
    %load/vec4 v0000027578095d50_0;
    %inv;
    %flag_set/vec4 8;
    %jmp/0xz  T_16.0, 8;
    %delay 10000, 0;
    %callf/vec4 TD_test_uart_driver.pop_buffer, S_0000027578096e10;
    %store/vec4 v0000027578096a70_0, 0, 8;
    %vpi_call/w 3 143 "$display", "@%10t : UUT rx'd 0x%02x", $time, v0000027578096cf0_0 {0 0 0};
    %load/vec4 v0000027578096a70_0;
    %load/vec4 v0000027578096cf0_0;
    %cmp/ne;
    %jmp/0xz  T_16.2, 6;
    %vpi_call/w 3 145 "$display", "  ERROR: sent 0x%02x (%08b), rx'd 0x%02x (%08b)", v0000027578096a70_0, v0000027578096a70_0, v0000027578096cf0_0, v0000027578096cf0_0 {0 0 0};
    %load/vec4 v0000027578096430_0;
    %addi 1, 0, 32;
    %store/vec4 v0000027578096430_0, 0, 32;
    %load/vec4 v0000027578096430_0;
    %cmpi/s 10, 0, 32;
    %flag_inv 5; GE is !LT
    %jmp/0xz  T_16.4, 5;
    %vpi_call/w 3 148 "$display", " !!! CRITICAL !!! Found more than %d errors, quitting.", P_0000027577ff5410 {0 0 0};
    %vpi_call/w 3 149 "$finish" {0 0 0};
T_16.4 ;
T_16.2 ;
T_16.0 ;
    %jmp T_16;
    .thread T_16;
# The file index is used to find the file name in the following table.
:file_names 6;
    "N/A";
    "<interactive>";
    "-";
    "tests/test_uart_driver.sv";
    "tests/uart_tester.sv";
    "uart_driver.sv";
